APPLICATION	CarMaker 10.2.1 - Car_Generic #1267 (win64-10.2.1)
COMPILED	fh@obelix.ipg 2021-12-14 11:20:55
 
SIM_START	StartAndBrake_SD2231_Lab1	2023-04-13 13:38:22
TIME	0.000
SIMULATE	StartAndBrake_SD2231_Lab1

TIME	9.986
SIM_END		StartAndBrake_SD2231_Lab1	9.985s	151.547m
APPLICATION	CarMaker 10.2.1 - Car_Generic #1267 (win64-10.2.1)
COMPILED	fh@obelix.ipg 2021-12-14 11:20:55
 
SIM_START	StartAndBrake_SD2231_Lab1	2023-04-13 13:39:33
TIME	0.000
SIMULATE	StartAndBrake_SD2231_Lab1

TIME	9.986
SIM_END		StartAndBrake_SD2231_Lab1	9.985s	151.554m
APPLICATION	CarMaker 10.2.1 - Car_Generic #1267 (win64-10.2.1)
COMPILED	fh@obelix.ipg 2021-12-14 11:20:55
 
SIM_START	StartAndBrake_SD2231_Lab1	2023-04-13 13:39:54
TIME	0.000
SIMULATE	StartAndBrake_SD2231_Lab1

TIME	9.741
ERROR		Wheelspeed too high of tire 1: -4328.373
SIM_ABORT	StartAndBrake_SD2231_Lab1	9.743s	151.274m
APPLICATION	CarMaker 10.2.1 - Car_Generic #1267 (win64-10.2.1)
COMPILED	fh@obelix.ipg 2021-12-14 11:20:55
 
SIM_START	StartAndBrake_SD2231_Lab1	2023-04-13 13:40:27
TIME	0.000
SIMULATE	StartAndBrake_SD2231_Lab1

TIME	9.801
ERROR		Wheelspeed too high of tire 0: -7043.428
SIM_ABORT	StartAndBrake_SD2231_Lab1	9.803s	151.593m
APPLICATION	CarMaker 10.2.1 - Car_Generic #1267 (win64-10.2.1)
COMPILED	fh@obelix.ipg 2021-12-14 11:20:55
 
SIM_START	StartAndBrake_SD2231_Lab1	2023-04-13 13:43:08
TIME	0.000
SIMULATE	StartAndBrake_SD2231_Lab1

TIME	9.921
ERROR		Wheelspeed too high of tire 1: -5929.466
SIM_ABORT	StartAndBrake_SD2231_Lab1	9.923s	151.431m
APPLICATION	CarMaker 10.2.1 - Car_Generic #1267 (win64-10.2.1)
COMPILED	fh@obelix.ipg 2021-12-14 11:20:55
 
SIM_START	StartAndBrake_SD2231_Lab1	2023-04-13 13:43:43
TIME	0.000
SIMULATE	StartAndBrake_SD2231_Lab1

TIME	9.921
ERROR		Wheelspeed too high of tire 1: -5929.466
SIM_ABORT	StartAndBrake_SD2231_Lab1	9.923s	151.431m
APPLICATION	CarMaker 10.2.1 - Car_Generic #1267 (win64-10.2.1)
COMPILED	fh@obelix.ipg 2021-12-14 11:20:55
 
SIM_START	StartAndBrake_SD2231_Lab1	2023-04-13 13:44:10
TIME	0.000
SIMULATE	StartAndBrake_SD2231_Lab1

TIME	9.985
ERROR		Wheelspeed too high of tire 0: -15689.901
SIM_ABORT	StartAndBrake_SD2231_Lab1	9.987s	151.6m
APPLICATION	CarMaker 10.2.1 - Car_Generic #1267 (win64-10.2.1)
COMPILED	fh@obelix.ipg 2021-12-14 11:20:55
 
SIM_START	StartAndBrake_SD2231_Lab1	2023-04-13 13:44:36
TIME	0.000
SIMULATE	StartAndBrake_SD2231_Lab1

TIME	10.046
SIM_END		StartAndBrake_SD2231_Lab1	10.045s	152.019m
APPLICATION	CarMaker 10.2.1 - Car_Generic #1267 (win64-10.2.1)
COMPILED	fh@obelix.ipg 2021-12-14 11:20:55
 
SIM_START	StartAndBrake_SD2231_Lab1	2023-04-13 13:45:04
TIME	0.000
SIMULATE	StartAndBrake_SD2231_Lab1

TIME	10.004
SIM_END		StartAndBrake_SD2231_Lab1	10.003s	151.722m
APPLICATION	CarMaker 10.2.1 - Car_Generic #1267 (win64-10.2.1)
COMPILED	fh@obelix.ipg 2021-12-14 11:20:55
 
SIM_START	StartAndBrake_SD2231_Lab1	2023-04-13 13:46:18
TIME	0.000
SIMULATE	StartAndBrake_SD2231_Lab1

TIME	10.004
SIM_END		StartAndBrake_SD2231_Lab1	10.003s	151.722m
APPLICATION	CarMaker 10.2.1 - Car_Generic #1267 (win64-10.2.1)
COMPILED	fh@obelix.ipg 2021-12-14 11:20:55
 
SIM_START	StartAndBrake_SD2231_Lab1	2023-04-13 13:46:55
TIME	0.000
SIMULATE	StartAndBrake_SD2231_Lab1

TIME	10.014
SIM_END		StartAndBrake_SD2231_Lab1	10.013s	151.983m
APPLICATION	CarMaker 10.2.1 - Car_Generic #1267 (win64-10.2.1)
COMPILED	fh@obelix.ipg 2021-12-14 11:20:55
 
SIM_START	StartAndBrake_SD2231_Lab1	2023-04-13 13:48:31
TIME	0.000
SIMULATE	StartAndBrake_SD2231_Lab1

TIME	9.852
ERROR		Wheelspeed too high of tire 1: -10627.021
SIM_ABORT	StartAndBrake_SD2231_Lab1	9.854s	151.282m
APPLICATION	CarMaker 10.2.1 - Car_Generic #1267 (win64-10.2.1)
COMPILED	fh@obelix.ipg 2021-12-14 11:20:55
 
SIM_START	StartAndBrake_SD2231_Lab1	2023-04-13 13:49:41
TIME	0.000
SIMULATE	StartAndBrake_SD2231_Lab1

TIME	9.852
ERROR		Wheelspeed too high of tire 1: -10627.021
SIM_ABORT	StartAndBrake_SD2231_Lab1	9.854s	151.282m
APPLICATION	CarMaker 10.2.1 - Car_Generic #1267 (win64-10.2.1)
COMPILED	fh@obelix.ipg 2021-12-14 11:20:55
 
SIM_START	StartAndBrake_SD2231_Lab1	2023-04-13 13:50:05
TIME	0.000
SIMULATE	StartAndBrake_SD2231_Lab1

TIME	9.852
ERROR		Wheelspeed too high of tire 1: -10627.021
SIM_ABORT	StartAndBrake_SD2231_Lab1	9.854s	151.282m
APPLICATION	CarMaker 10.2.1 - Car_Generic #1267 (win64-10.2.1)
COMPILED	fh@obelix.ipg 2021-12-14 11:20:55
 
SIM_START	StartAndBrake_SD2231_Lab1	2023-04-13 13:50:18
TIME	0.000
SIMULATE	StartAndBrake_SD2231_Lab1

TIME	9.852
ERROR		Wheelspeed too high of tire 1: -10627.021
SIM_ABORT	StartAndBrake_SD2231_Lab1	9.854s	151.282m
APPLICATION	CarMaker 10.2.1 - Car_Generic #1267 (win64-10.2.1)
COMPILED	fh@obelix.ipg 2021-12-14 11:20:55
 
SIM_START	StartAndBrake_SD2231_Lab1	2023-04-13 13:50:37
TIME	0.000
SIMULATE	StartAndBrake_SD2231_Lab1

TIME	9.880
ERROR		Wheelspeed too high of tire 0: -3644.631
SIM_ABORT	StartAndBrake_SD2231_Lab1	9.882s	152.023m
APPLICATION	CarMaker 10.2.1 - Car_Generic #1267 (win64-10.2.1)
COMPILED	fh@obelix.ipg 2021-12-14 11:20:55
 
SIM_START	StartAndBrake_SD2231_Lab1	2023-04-13 13:51:39
TIME	0.000
SIMULATE	StartAndBrake_SD2231_Lab1

TIME	10.135
ERROR		Wheelspeed too high of tire 0: -10101.641
ERROR		Wheelspeed too high of tire 1: -14350.400
SIM_ABORT	StartAndBrake_SD2231_Lab1	10.137s	161.176m
APPLICATION	CarMaker 10.2.1 - Car_Generic #1267 (win64-10.2.1)
COMPILED	fh@obelix.ipg 2021-12-14 11:20:55
 
SIM_START	StartAndBrake_SD2231_Lab1	2023-04-13 13:55:07
TIME	0.000
SIMULATE	StartAndBrake_SD2231_Lab1

TIME	10.135
ERROR		Wheelspeed too high of tire 0: -10101.641
ERROR		Wheelspeed too high of tire 1: -14350.400
SIM_ABORT	StartAndBrake_SD2231_Lab1	10.137s	161.176m
APPLICATION	CarMaker 10.2.1 - Car_Generic #1267 (win64-10.2.1)
COMPILED	fh@obelix.ipg 2021-12-14 11:20:55
 
SIM_START	StartAndBrake_SD2231_Lab1	2023-04-13 13:55:30
TIME	0.000
SIMULATE	StartAndBrake_SD2231_Lab1

TIME	9.835
ERROR		Wheelspeed too high of tire 0: -5107.941
SIM_ABORT	StartAndBrake_SD2231_Lab1	9.837s	151.241m
APPLICATION	CarMaker 10.2.1 - Car_Generic #1267 (win64-10.2.1)
COMPILED	fh@obelix.ipg 2021-12-14 11:20:55
 
SIM_START	StartAndBrake_SD2231_Lab1	2023-04-13 13:56:01
TIME	0.000
SIMULATE	StartAndBrake_SD2231_Lab1

TIME	9.880
ERROR		Wheelspeed too high of tire 0: -3644.631
SIM_ABORT	StartAndBrake_SD2231_Lab1	9.882s	152.023m
APPLICATION	CarMaker 10.2.1 - Car_Generic #1267 (win64-10.2.1)
COMPILED	fh@obelix.ipg 2021-12-14 11:20:55
 
SIM_START	StartAndBrake_SD2231_Lab1	2023-04-13 13:56:30
TIME	0.000
SIMULATE	StartAndBrake_SD2231_Lab1

TIME	9.760
ERROR		Wheelspeed too high of tire 1: -8349.101
SIM_ABORT	StartAndBrake_SD2231_Lab1	9.762s	151.827m
APPLICATION	CarMaker 10.2.1 - Car_Generic #1267 (win64-10.2.1)
COMPILED	fh@obelix.ipg 2021-12-14 11:20:55
 
SIM_START	StartAndBrake_SD2231_Lab1	2023-04-13 13:57:19
TIME	0.000
SIMULATE	StartAndBrake_SD2231_Lab1

TIME	9.802
ERROR		Wheelspeed too high of tire 0: -12758.332
SIM_ABORT	StartAndBrake_SD2231_Lab1	9.804s	152.948m
APPLICATION	CarMaker 10.2.1 - Car_Generic #1267 (win64-10.2.1)
COMPILED	fh@obelix.ipg 2021-12-14 11:20:55
 
SIM_START	StartAndBrake_SD2231_Lab1	2023-04-13 13:58:58
TIME	0.000
SIMULATE	StartAndBrake_SD2231_Lab1

TIME	9.613
ERROR		Wheelspeed too high of tire 0: -5244.227
SIM_ABORT	StartAndBrake_SD2231_Lab1	9.615s	151.231m
APPLICATION	CarMaker 10.2.1 - Car_Generic #1267 (win64-10.2.1)
COMPILED	fh@obelix.ipg 2021-12-14 11:20:55
 
SIM_START	StartAndBrake_SD2231_Lab1	2023-04-13 13:59:55
TIME	0.000
SIMULATE	StartAndBrake_SD2231_Lab1

TIME	11.562
ERROR		Wheelspeed too high of tire 0: -7119.123
ERROR		Wheelspeed too high of tire 1: -7183.367
SIM_ABORT	StartAndBrake_SD2231_Lab1	11.564s	206.077m
APPLICATION	CarMaker 10.2.1 - Car_Generic #1267 (win64-10.2.1)
COMPILED	fh@obelix.ipg 2021-12-14 11:20:55
 
SIM_START	StartAndBrake_SD2231_Lab1	2023-04-13 14:00:19
TIME	0.000
SIMULATE	StartAndBrake_SD2231_Lab1

TIME	10.513
ERROR		Wheelspeed too high of tire 0: -9983.879
SIM_ABORT	StartAndBrake_SD2231_Lab1	10.515s	173.861m
APPLICATION	CarMaker 10.2.1 - Car_Generic #1267 (win64-10.2.1)
COMPILED	fh@obelix.ipg 2021-12-14 11:20:55
 
SIM_START	StartAndBrake_SD2231_Lab1	2023-04-13 14:01:15
TIME	0.000
SIMULATE	StartAndBrake_SD2231_Lab1

TIME	8.931
ERROR		Wheelspeed too high of tire 1: -3709.358
SIM_ABORT	StartAndBrake_SD2231_Lab1	8.933s	145.657m
APPLICATION	CarMaker 10.2.1 - Car_Generic #1267 (win64-10.2.1)
COMPILED	fh@obelix.ipg 2021-12-14 11:20:55
 
SIM_START	StartAndBrake_SD2231_Lab1	2023-04-13 14:02:11
TIME	0.000
SIMULATE	StartAndBrake_SD2231_Lab1

TIME	9.924
ERROR		Wheelspeed too high of tire 0: -3787.232
ERROR		Wheelspeed too high of tire 1: -3786.749
SIM_ABORT	StartAndBrake_SD2231_Lab1	9.926s	152.126m
APPLICATION	CarMaker 10.2.1 - Car_Generic #1267 (win64-10.2.1)
COMPILED	fh@obelix.ipg 2021-12-14 11:20:55
 
SIM_START	StartAndBrake_SD2231_Lab1	2023-04-13 14:03:31
TIME	0.000
SIMULATE	StartAndBrake_SD2231_Lab1

TIME	10.184
SIM_END		StartAndBrake_SD2231_Lab1	10.183s	153.506m
APPLICATION	CarMaker 10.2.1 - Car_Generic #1267 (win64-10.2.1)
COMPILED	fh@obelix.ipg 2021-12-14 11:20:55
 
SIM_START	StartAndBrake_SD2231_Lab1	2023-04-13 14:04:43
TIME	0.000
SIMULATE	StartAndBrake_SD2231_Lab1

TIME	10.180
SIM_END		StartAndBrake_SD2231_Lab1	10.179s	153.433m
APPLICATION	CarMaker 10.2.1 - Car_Generic #1267 (win64-10.2.1)
COMPILED	fh@obelix.ipg 2021-12-14 11:20:55
 
SIM_START	StartAndBrake_SD2231_Lab1	2023-04-13 14:05:41
TIME	0.000
SIMULATE	StartAndBrake_SD2231_Lab1

TIME	10.138
SIM_END		StartAndBrake_SD2231_Lab1	10.137s	152.94m
APPLICATION	CarMaker 10.2.1 - Car_Generic #1267 (win64-10.2.1)
COMPILED	fh@obelix.ipg 2021-12-14 11:20:55
 
SIM_START	StartAndBrake_SD2231_Lab1	2023-04-13 14:06:07
TIME	0.000
SIMULATE	StartAndBrake_SD2231_Lab1

TIME	10.085
SIM_END		StartAndBrake_SD2231_Lab1	10.084s	152.403m
APPLICATION	CarMaker 10.2.1 - Car_Generic #1267 (win64-10.2.1)
COMPILED	fh@obelix.ipg 2021-12-14 11:20:55
 
SIM_START	StartAndBrake_SD2231_Lab1	2023-04-13 14:06:25
TIME	0.000
SIMULATE	StartAndBrake_SD2231_Lab1

TIME	10.034
SIM_END		StartAndBrake_SD2231_Lab1	10.033s	151.9m
APPLICATION	CarMaker 10.2.1 - Car_Generic #1267 (win64-10.2.1)
COMPILED	fh@obelix.ipg 2021-12-14 11:20:55
 
SIM_START	StartAndBrake_SD2231_Lab1	2023-04-13 14:06:49
TIME	0.000
SIMULATE	StartAndBrake_SD2231_Lab1

TIME	9.958
ERROR		Wheelspeed too high of tire 0: -5650.605
SIM_ABORT	StartAndBrake_SD2231_Lab1	9.96s	151.553m
APPLICATION	CarMaker 10.2.1 - Car_Generic #1267 (win64-10.2.1)
COMPILED	fh@obelix.ipg 2021-12-14 11:20:55
 
SIM_START	StartAndBrake_SD2231_Lab1	2023-04-13 14:07:32
TIME	0.000
SIMULATE	StartAndBrake_SD2231_Lab1

TIME	9.911
ERROR		Wheelspeed too high of tire 1: -4959.987
SIM_ABORT	StartAndBrake_SD2231_Lab1	9.913s	151.395m
APPLICATION	CarMaker 10.2.1 - Car_Generic #1267 (win64-10.2.1)
COMPILED	fh@obelix.ipg 2021-12-14 11:20:55
 
SIM_START	StartAndBrake_SD2231_Lab1	2023-04-13 14:08:44
TIME	0.000
SIMULATE	StartAndBrake_SD2231_Lab1

TIME	9.900
ERROR		Wheelspeed too high of tire 1: -4231.667
SIM_ABORT	StartAndBrake_SD2231_Lab1	9.902s	151.376m
APPLICATION	CarMaker 10.2.1 - Car_Generic #1267 (win64-10.2.1)
COMPILED	fh@obelix.ipg 2021-12-14 11:20:55
 
SIM_START	StartAndBrake_SD2231_Lab1	2023-04-13 14:10:07
TIME	0.000
SIMULATE	StartAndBrake_SD2231_Lab1

TIME	9.916
ERROR		Wheelspeed too high of tire 1: -11898.540
SIM_ABORT	StartAndBrake_SD2231_Lab1	9.918s	151.383m
APPLICATION	CarMaker 10.2.1 - Car_Generic #1267 (win64-10.2.1)
COMPILED	fh@obelix.ipg 2021-12-14 11:20:55
 
SIM_START	StartAndBrake_SD2231_Lab1	2023-04-13 14:10:51
TIME	0.000
SIMULATE	StartAndBrake_SD2231_Lab1

TIME	9.841
ERROR		Wheelspeed too high of tire 1: -12681.264
SIM_ABORT	StartAndBrake_SD2231_Lab1	9.843s	151.293m
APPLICATION	CarMaker 10.2.1 - Car_Generic #1267 (win64-10.2.1)
COMPILED	fh@obelix.ipg 2021-12-14 11:20:55
 
SIM_START	StartAndBrake_SD2231_Lab1	2023-04-13 14:11:34
TIME	0.000
SIMULATE	StartAndBrake_SD2231_Lab1

TIME	9.886
ERROR		Wheelspeed too high of tire 0: -8575.366
SIM_ABORT	StartAndBrake_SD2231_Lab1	9.888s	151.359m
APPLICATION	CarMaker 10.2.1 - Car_Generic #1267 (win64-10.2.1)
COMPILED	fh@obelix.ipg 2021-12-14 11:20:55
 
SIM_START	StartAndBrake_SD2231_Lab1	2023-04-13 14:12:05
TIME	0.000
SIMULATE	StartAndBrake_SD2231_Lab1

TIME	9.841
ERROR		Wheelspeed too high of tire 1: -12681.264
SIM_ABORT	StartAndBrake_SD2231_Lab1	9.843s	151.293m
APPLICATION	CarMaker 10.2.1 - Car_Generic #1267 (win64-10.2.1)
COMPILED	fh@obelix.ipg 2021-12-14 11:20:55
 
SIM_START	StartAndBrake_SD2231_Lab1	2023-04-13 14:13:08
TIME	0.000
SIMULATE	StartAndBrake_SD2231_Lab1

TIME	9.865
ERROR		Wheelspeed too high of tire 0: -6180.253
SIM_ABORT	StartAndBrake_SD2231_Lab1	9.867s	151.385m
APPLICATION	CarMaker 10.2.1 - Car_Generic #1267 (win64-10.2.1)
COMPILED	fh@obelix.ipg 2021-12-14 11:20:55
 
SIM_START	StartAndBrake_SD2231_Lab1	2023-04-13 14:13:41
TIME	0.000
SIMULATE	StartAndBrake_SD2231_Lab1

TIME	9.871
ERROR		Wheelspeed too high of tire 0: -6933.825
SIM_ABORT	StartAndBrake_SD2231_Lab1	9.873s	151.389m
APPLICATION	CarMaker 10.2.1 - Car_Generic #1267 (win64-10.2.1)
COMPILED	fh@obelix.ipg 2021-12-14 11:20:55
 
SIM_START	StartAndBrake_SD2231_Lab1	2023-04-13 14:14:10
TIME	0.000
SIMULATE	StartAndBrake_SD2231_Lab1

TIME	9.890
ERROR		Wheelspeed too high of tire 1: -5713.795
SIM_ABORT	StartAndBrake_SD2231_Lab1	9.892s	151.471m
APPLICATION	CarMaker 10.2.1 - Car_Generic #1267 (win64-10.2.1)
COMPILED	fh@obelix.ipg 2021-12-14 11:20:55
 
SIM_START	StartAndBrake_SD2231_Lab1	2023-04-13 14:14:40
TIME	0.000
SIMULATE	StartAndBrake_SD2231_Lab1

TIME	9.845
ERROR		Wheelspeed too high of tire 1: -5281.454
SIM_ABORT	StartAndBrake_SD2231_Lab1	9.847s	151.297m
APPLICATION	CarMaker 10.2.1 - Car_Generic #1267 (win64-10.2.1)
COMPILED	fh@obelix.ipg 2021-12-14 11:20:55
 
SIM_START	StartAndBrake_SD2231_Lab1	2023-04-13 14:15:01
TIME	0.000
SIMULATE	StartAndBrake_SD2231_Lab1

TIME	9.776
ERROR		Wheelspeed too high of tire 0: -5645.699
SIM_ABORT	StartAndBrake_SD2231_Lab1	9.778s	151.16m
APPLICATION	CarMaker 10.2.1 - Car_Generic #1267 (win64-10.2.1)
COMPILED	fh@obelix.ipg 2021-12-14 11:20:55
 
SIM_START	StartAndBrake_SD2231_Lab1	2023-04-13 14:16:22
TIME	0.000
SIMULATE	StartAndBrake_SD2231_Lab1

TIME	9.845
ERROR		Wheelspeed too high of tire 1: -5281.454
SIM_ABORT	StartAndBrake_SD2231_Lab1	9.847s	151.297m
APPLICATION	CarMaker 10.2.1 - Car_Generic #1267 (win64-10.2.1)
COMPILED	fh@obelix.ipg 2021-12-14 11:20:55
 
SIM_START	StartAndBrake_SD2231_Lab1	2023-04-13 14:17:35
TIME	0.000
SIMULATE	StartAndBrake_SD2231_Lab1

TIME	9.830
ERROR		Wheelspeed too high of tire 0: -12621.463
SIM_ABORT	StartAndBrake_SD2231_Lab1	9.832s	151.282m
APPLICATION	CarMaker 10.2.1 - Car_Generic #1267 (win64-10.2.1)
COMPILED	fh@obelix.ipg 2021-12-14 11:20:55
 
SIM_START	StartAndBrake_SD2231_Lab1	2023-04-13 14:18:14
TIME	0.000
SIMULATE	StartAndBrake_SD2231_Lab1

TIME	9.786
ERROR		Wheelspeed too high of tire 1: -6775.919
SIM_ABORT	StartAndBrake_SD2231_Lab1	9.788s	151.167m
APPLICATION	CarMaker 10.2.1 - Car_Generic #1267 (win64-10.2.1)
COMPILED	fh@obelix.ipg 2021-12-14 11:20:55
 
SIM_START	StartAndBrake_SD2231_Lab1	2023-04-13 14:18:45
TIME	0.000
SIMULATE	StartAndBrake_SD2231_Lab1

TIME	9.810
ERROR		Wheelspeed too high of tire 0: -4012.987
SIM_ABORT	StartAndBrake_SD2231_Lab1	9.812s	150.773m
APPLICATION	CarMaker 10.2.1 - Car_Generic #1267 (win64-10.2.1)
COMPILED	fh@obelix.ipg 2021-12-14 11:20:55
 
SIM_START	StartAndBrake_SD2231_Lab1	2023-04-13 14:22:10
TIME	0.000
SIMULATE	StartAndBrake_SD2231_Lab1

TIME	9.833
ERROR		Wheelspeed too high of tire 1: -15731.985
SIM_ABORT	StartAndBrake_SD2231_Lab1	9.835s	151.27m
APPLICATION	CarMaker 10.2.1 - Car_Generic #1267 (win64-10.2.1)
COMPILED	fh@obelix.ipg 2021-12-14 11:20:55
 
SIM_START	StartAndBrake_SD2231_Lab1	2023-04-13 14:22:39
TIME	0.000
SIMULATE	StartAndBrake_SD2231_Lab1

TIME	9.833
ERROR		Wheelspeed too high of tire 1: -15731.985
SIM_ABORT	StartAndBrake_SD2231_Lab1	9.835s	151.27m
APPLICATION	CarMaker 10.2.1 - Car_Generic #1267 (win64-10.2.1)
COMPILED	fh@obelix.ipg 2021-12-14 11:20:55
 
SIM_START	StartAndBrake_SD2231_Lab1	2023-04-13 14:25:26
TIME	0.000
SIMULATE	StartAndBrake_SD2231_Lab1

TIME	9.309
ERROR		Wheelspeed too high of tire 0: -6525.727
ERROR		Wheelspeed too high of tire 1: -5412.275
SIM_ABORT	StartAndBrake_SD2231_Lab1	9.311s	148.827m
APPLICATION	CarMaker 10.2.1 - Car_Generic #1267 (win64-10.2.1)
COMPILED	fh@obelix.ipg 2021-12-14 11:20:55
 
SIM_START	StartAndBrake_SD2231_Lab1	2023-04-13 14:26:05
TIME	0.000
SIMULATE	StartAndBrake_SD2231_Lab1

TIME	9.270
ERROR		Wheelspeed too high of tire 1: -12603.346
SIM_ABORT	StartAndBrake_SD2231_Lab1	9.272s	148.777m
APPLICATION	CarMaker 10.2.1 - Car_Generic #1267 (win64-10.2.1)
COMPILED	fh@obelix.ipg 2021-12-14 11:20:55
 
SIM_START	StartAndBrake_SD2231_Lab1	2023-04-13 14:26:46
TIME	0.000
SIMULATE	StartAndBrake_SD2231_Lab1

TIME	9.354
ERROR		Wheelspeed too high of tire 1: -10314.232
SIM_ABORT	StartAndBrake_SD2231_Lab1	9.356s	149.18m
APPLICATION	CarMaker 10.2.1 - Car_Generic #1267 (win64-10.2.1)
COMPILED	fh@obelix.ipg 2021-12-14 11:20:55
 
SIM_START	StartAndBrake_SD2231_Lab1	2023-04-13 14:27:25
TIME	0.000
SIMULATE	StartAndBrake_SD2231_Lab1

TIME	9.255
ERROR		Wheelspeed too high of tire 0: -9921.592
SIM_ABORT	StartAndBrake_SD2231_Lab1	9.257s	148.362m
APPLICATION	CarMaker 10.2.1 - Car_Generic #1267 (win64-10.2.1)
COMPILED	fh@obelix.ipg 2021-12-14 11:20:55
 
SIM_START	StartAndBrake_SD2231_Lab1	2023-04-13 14:28:25
TIME	0.000
SIMULATE	StartAndBrake_SD2231_Lab1

TIME	9.422
ERROR		Wheelspeed too high of tire 0: -5712.644
SIM_ABORT	StartAndBrake_SD2231_Lab1	9.424s	149.557m
APPLICATION	CarMaker 10.2.1 - Car_Generic #1267 (win64-10.2.1)
COMPILED	fh@obelix.ipg 2021-12-14 11:20:55
 
SIM_START	StartAndBrake_SD2231_Lab1	2023-04-13 14:29:40
TIME	0.000
SIMULATE	StartAndBrake_SD2231_Lab1

TIME	9.554
ERROR		Wheelspeed too high of tire 0: -10738.193
SIM_ABORT	StartAndBrake_SD2231_Lab1	9.556s	150.428m
APPLICATION	CarMaker 10.2.1 - Car_Generic #1267 (win64-10.2.1)
COMPILED	fh@obelix.ipg 2021-12-14 11:20:55
 
SIM_START	StartAndBrake_SD2231_Lab1	2023-04-13 14:30:04
TIME	0.000
SIMULATE	StartAndBrake_SD2231_Lab1

TIME	9.538
ERROR		Wheelspeed too high of tire 0: -5867.760
ERROR		Wheelspeed too high of tire 1: -8763.557
SIM_ABORT	StartAndBrake_SD2231_Lab1	9.54s	150.272m
APPLICATION	CarMaker 10.2.1 - Car_Generic #1267 (win64-10.2.1)
COMPILED	fh@obelix.ipg 2021-12-14 11:20:55
 
SIM_START	StartAndBrake_SD2231_Lab1	2023-04-13 14:30:24
TIME	0.000
SIMULATE	StartAndBrake_SD2231_Lab1

TIME	9.525
ERROR		Wheelspeed too high of tire 1: -4461.649
SIM_ABORT	StartAndBrake_SD2231_Lab1	9.527s	150.158m
APPLICATION	CarMaker 10.2.1 - Car_Generic #1267 (win64-10.2.1)
COMPILED	fh@obelix.ipg 2021-12-14 11:20:55
 
SIM_START	StartAndBrake_SD2231_Lab1	2023-04-13 14:30:54
TIME	0.000
SIMULATE	StartAndBrake_SD2231_Lab1

TIME	9.705
ERROR		Wheelspeed too high of tire 0: -4171.469
ERROR		Wheelspeed too high of tire 1: -4022.812
SIM_ABORT	StartAndBrake_SD2231_Lab1	9.707s	150.974m
APPLICATION	CarMaker 10.2.1 - Car_Generic #1267 (win64-10.2.1)
COMPILED	fh@obelix.ipg 2021-12-14 11:20:55
 
SIM_START	StartAndBrake_SD2231_Lab1	2023-04-13 14:32:09
TIME	0.000
SIMULATE	StartAndBrake_SD2231_Lab1

TIME	9.692
ERROR		Wheelspeed too high of tire 1: -4319.709
SIM_ABORT	StartAndBrake_SD2231_Lab1	9.694s	150.902m
APPLICATION	CarMaker 10.2.1 - Car_Generic #1267 (win64-10.2.1)
COMPILED	fh@obelix.ipg 2021-12-14 11:20:55
 
SIM_START	StartAndBrake_SD2231_Lab1	2023-04-13 14:33:19
TIME	0.000
SIMULATE	StartAndBrake_SD2231_Lab1

TIME	9.982
ERROR		Wheelspeed too high of tire 1: -4383.422
SIM_ABORT	StartAndBrake_SD2231_Lab1	9.984s	152.265m
APPLICATION	CarMaker 10.2.1 - Car_Generic #1267 (win64-10.2.1)
COMPILED	fh@obelix.ipg 2021-12-14 11:20:55
 
SIM_START	StartAndBrake_SD2231_Lab1	2023-04-13 14:33:47
TIME	0.000
SIMULATE	StartAndBrake_SD2231_Lab1

TIME	9.843
ERROR		Wheelspeed too high of tire 0: -4027.454
SIM_ABORT	StartAndBrake_SD2231_Lab1	9.845s	152.164m
APPLICATION	CarMaker 10.2.1 - Car_Generic #1267 (win64-10.2.1)
COMPILED	fh@obelix.ipg 2021-12-14 11:20:55
 
SIM_START	StartAndBrake_SD2231_Lab1	2023-04-13 14:34:36
TIME	0.000
SIMULATE	StartAndBrake_SD2231_Lab1

TIME	9.808
ERROR		Wheelspeed too high of tire 1: -6535.757
SIM_ABORT	StartAndBrake_SD2231_Lab1	9.81s	151.248m
APPLICATION	CarMaker 10.2.1 - Car_Generic #1267 (win64-10.2.1)
COMPILED	fh@obelix.ipg 2021-12-14 11:20:55
 
SIM_START	StartAndBrake_SD2231_Lab1	2023-04-13 14:35:07
TIME	0.000
SIMULATE	StartAndBrake_SD2231_Lab1

TIME	9.819
ERROR		Wheelspeed too high of tire 1: -7323.268
SIM_ABORT	StartAndBrake_SD2231_Lab1	9.821s	151.291m
APPLICATION	CarMaker 10.2.1 - Car_Generic #1267 (win64-10.2.1)
COMPILED	fh@obelix.ipg 2021-12-14 11:20:55
 
SIM_START	StartAndBrake_SD2231_Lab1	2023-04-13 14:35:34
TIME	0.000
SIMULATE	StartAndBrake_SD2231_Lab1

TIME	9.784
ERROR		Wheelspeed too high of tire 1: -13316.613
SIM_ABORT	StartAndBrake_SD2231_Lab1	9.786s	151.239m
APPLICATION	CarMaker 10.2.1 - Car_Generic #1267 (win64-10.2.1)
COMPILED	fh@obelix.ipg 2021-12-14 11:20:55
 
SIM_START	StartAndBrake_SD2231_Lab1	2023-04-13 14:35:58
TIME	0.000
SIMULATE	StartAndBrake_SD2231_Lab1

TIME	9.786
ERROR		Wheelspeed too high of tire 0: -5201.041
ERROR		Wheelspeed too high of tire 1: -5460.744
SIM_ABORT	StartAndBrake_SD2231_Lab1	9.788s	151.225m
APPLICATION	CarMaker 10.2.1 - Car_Generic #1267 (win64-10.2.1)
COMPILED	fh@obelix.ipg 2021-12-14 11:20:55
 
SIM_START	StartAndBrake_SD2231_Lab1	2023-04-13 14:36:55
TIME	0.000
SIMULATE	StartAndBrake_SD2231_Lab1

TIME	9.786
ERROR		Wheelspeed too high of tire 0: -5201.041
ERROR		Wheelspeed too high of tire 1: -5460.744
SIM_ABORT	StartAndBrake_SD2231_Lab1	9.788s	151.225m
APPLICATION	CarMaker 10.2.1 - Car_Generic #1267 (win64-10.2.1)
COMPILED	fh@obelix.ipg 2021-12-14 11:20:55
 
SIM_START	StartAndBrake_SD2231_Lab1	2023-04-13 14:37:39
TIME	0.000
SIMULATE	StartAndBrake_SD2231_Lab1

TIME	9.786
ERROR		Wheelspeed too high of tire 0: -5201.041
ERROR		Wheelspeed too high of tire 1: -5460.744
SIM_ABORT	StartAndBrake_SD2231_Lab1	9.788s	151.225m
APPLICATION	CarMaker 10.2.1 - Car_Generic #1267 (win64-10.2.1)
COMPILED	fh@obelix.ipg 2021-12-14 11:20:55
 
SIM_START	StartAndBrake_SD2231_Lab1	2023-04-13 14:39:10
TIME	0.000
SIMULATE	StartAndBrake_SD2231_Lab1

TIME	9.786
ERROR		Wheelspeed too high of tire 0: -5201.041
ERROR		Wheelspeed too high of tire 1: -5460.744
SIM_ABORT	StartAndBrake_SD2231_Lab1	9.788s	151.225m
APPLICATION	CarMaker 10.2.1 - Car_Generic #1267 (win64-10.2.1)
COMPILED	fh@obelix.ipg 2021-12-14 11:20:55
 
SIM_START	StartAndBrake_SD2231_Lab1	2023-04-13 14:41:05
TIME	0.000
SIMULATE	StartAndBrake_SD2231_Lab1

TIME	9.786
ERROR		Wheelspeed too high of tire 0: -5201.041
ERROR		Wheelspeed too high of tire 1: -5460.744
SIM_ABORT	StartAndBrake_SD2231_Lab1	9.788s	151.225m
APPLICATION	CarMaker 10.2.1 - Car_Generic #1267 (win64-10.2.1)
COMPILED	fh@obelix.ipg 2021-12-14 11:20:55
 
SIM_START	StartAndBrake_SD2231_Lab1	2023-04-13 14:42:40
TIME	0.000
SIMULATE	StartAndBrake_SD2231_Lab1

TIME	9.786
ERROR		Wheelspeed too high of tire 0: -5201.041
ERROR		Wheelspeed too high of tire 1: -5460.744
SIM_ABORT	StartAndBrake_SD2231_Lab1	9.788s	151.225m
APPLICATION	CarMaker 10.2.1 - Car_Generic #1267 (win64-10.2.1)
COMPILED	fh@obelix.ipg 2021-12-14 11:20:55
 
SIM_START	StartAndBrake_SD2231_Lab1	2023-04-13 14:43:39
TIME	0.000
SIMULATE	StartAndBrake_SD2231_Lab1

TIME	9.786
ERROR		Wheelspeed too high of tire 0: -5201.041
ERROR		Wheelspeed too high of tire 1: -5460.744
SIM_ABORT	StartAndBrake_SD2231_Lab1	9.788s	151.225m
APPLICATION	CarMaker 10.2.1 - Car_Generic #1267 (win64-10.2.1)
COMPILED	fh@obelix.ipg 2021-12-14 11:20:55
 
SIM_START	StartAndBrake_SD2231_Lab1	2023-04-13 14:44:07
TIME	0.000
SIMULATE	StartAndBrake_SD2231_Lab1

TIME	9.786
ERROR		Wheelspeed too high of tire 0: -5201.041
ERROR		Wheelspeed too high of tire 1: -5460.744
SIM_ABORT	StartAndBrake_SD2231_Lab1	9.788s	151.225m
APPLICATION	CarMaker 10.2.1 - Car_Generic #1267 (win64-10.2.1)
COMPILED	fh@obelix.ipg 2021-12-14 11:20:55
 
SIM_START	StartAndBrake_SD2231_Lab1	2023-04-13 14:47:44
TIME	0.000
SIMULATE	StartAndBrake_SD2231_Lab1

TIME	9.786
ERROR		Wheelspeed too high of tire 0: -5201.042
ERROR		Wheelspeed too high of tire 1: -5460.739
SIM_ABORT	StartAndBrake_SD2231_Lab1	9.788s	151.225m
APPLICATION	CarMaker 10.2.1 - Car_Generic #1267 (win64-10.2.1)
COMPILED	fh@obelix.ipg 2021-12-14 11:20:55
 
SIM_START	StartAndBrake_SD2231_Lab1	2023-04-13 14:47:59
TIME	0.000
SIMULATE	StartAndBrake_SD2231_Lab1

TIME	9.786
ERROR		Wheelspeed too high of tire 0: -5201.042
ERROR		Wheelspeed too high of tire 1: -5460.739
SIM_ABORT	StartAndBrake_SD2231_Lab1	9.788s	151.225m
APPLICATION	CarMaker 10.2.1 - Car_Generic #1267 (win64-10.2.1)
COMPILED	fh@obelix.ipg 2021-12-14 11:20:55
 
SIM_START	StartAndBrake_SD2231_Lab1	2023-04-13 14:48:18
TIME	0.000
SIMULATE	StartAndBrake_SD2231_Lab1

TIME	9.786
ERROR		Wheelspeed too high of tire 0: -5201.042
ERROR		Wheelspeed too high of tire 1: -5460.739
SIM_ABORT	StartAndBrake_SD2231_Lab1	9.788s	151.225m
APPLICATION	CarMaker 10.2.1 - Car_Generic #1267 (win64-10.2.1)
COMPILED	fh@obelix.ipg 2021-12-14 11:20:55
 
SIM_START	StartAndBrake_SD2231_Lab1	2023-04-13 14:48:26
TIME	0.000
SIMULATE	StartAndBrake_SD2231_Lab1

TIME	9.786
ERROR		Wheelspeed too high of tire 0: -5201.042
ERROR		Wheelspeed too high of tire 1: -5460.739
SIM_ABORT	StartAndBrake_SD2231_Lab1	9.788s	151.225m
APPLICATION	CarMaker 10.2.1 - Car_Generic #1267 (win64-10.2.1)
COMPILED	fh@obelix.ipg 2021-12-14 11:20:55
 
SIM_START	StartAndBrake_SD2231_Lab1	2023-04-13 14:50:28
TIME	0.000
SIMULATE	StartAndBrake_SD2231_Lab1

TIME	9.786
ERROR		Wheelspeed too high of tire 0: -5201.042
ERROR		Wheelspeed too high of tire 1: -5460.739
SIM_ABORT	StartAndBrake_SD2231_Lab1	9.788s	151.225m
APPLICATION	CarMaker 10.2.1 - Car_Generic #1267 (win64-10.2.1)
COMPILED	fh@obelix.ipg 2021-12-14 11:20:55
 
SIM_START	StartAndBrake_SD2231_Lab1	2023-04-13 14:54:03
TIME	0.000
SIMULATE	StartAndBrake_SD2231_Lab1

TIME	17.373
ERROR		Wheelspeed too high of tire 2: -4668.051
SIM_ABORT	StartAndBrake_SD2231_Lab1	17.375s	256.193m
APPLICATION	CarMaker 10.2.1 - Car_Generic #1267 (win64-10.2.1)
COMPILED	fh@obelix.ipg 2021-12-14 11:20:55
 
SIM_START	StartAndBrake_SD2231_Lab1	2023-04-13 14:55:21
TIME	0.000
SIMULATE	StartAndBrake_SD2231_Lab1

TIME	9.799
ERROR		Wheelspeed too high of tire 0: -4803.695
ERROR		Wheelspeed too high of tire 1: -4803.204
SIM_ABORT	StartAndBrake_SD2231_Lab1	9.801s	151.248m
APPLICATION	CarMaker 10.2.1 - Car_Generic #1267 (win64-10.2.1)
COMPILED	fh@obelix.ipg 2021-12-14 11:20:55
 
SIM_START	StartAndBrake_SD2231_Lab1	2023-04-13 14:56:34
TIME	0.000
SIMULATE	StartAndBrake_SD2231_Lab1

TIME	9.794
ERROR		Wheelspeed too high of tire 0: -4459.183
ERROR		Wheelspeed too high of tire 1: -4459.417
SIM_ABORT	StartAndBrake_SD2231_Lab1	9.796s	151.241m
APPLICATION	CarMaker 10.2.1 - Car_Generic #1267 (win64-10.2.1)
COMPILED	fh@obelix.ipg 2021-12-14 11:20:55
 
SIM_START	StartAndBrake_SD2231_Lab1	2023-04-13 14:59:01
TIME	0.000
SIMULATE	StartAndBrake_SD2231_Lab1

TIME	9.794
ERROR		Wheelspeed too high of tire 0: -4459.183
ERROR		Wheelspeed too high of tire 1: -4459.417
SIM_ABORT	StartAndBrake_SD2231_Lab1	9.796s	151.241m
APPLICATION	CarMaker 10.2.1 - Car_Generic #1267 (win64-10.2.1)
COMPILED	fh@obelix.ipg 2021-12-14 11:20:55
 
SIM_START	StartAndBrake_SD2231_Lab1	2023-04-13 15:02:30
TIME	0.000
SIMULATE	StartAndBrake_SD2231_Lab1

TIME	9.704
ERROR		Wheelspeed too high of tire 0: -5010.213
ERROR		Wheelspeed too high of tire 1: -5002.572
SIM_ABORT	StartAndBrake_SD2231_Lab1	9.706s	151.095m
APPLICATION	CarMaker 10.2.1 - Car_Generic #1267 (win64-10.2.1)
COMPILED	fh@obelix.ipg 2021-12-14 11:20:55
 
SIM_START	StartAndBrake_SD2231_Lab1	2023-04-13 15:11:28
TIME	0.000
SIMULATE	StartAndBrake_SD2231_Lab1

TIME	9.704
ERROR		Wheelspeed too high of tire 0: -5010.213
ERROR		Wheelspeed too high of tire 1: -5002.572
SIM_ABORT	StartAndBrake_SD2231_Lab1	9.706s	151.095m
APPLICATION	CarMaker 10.2.1 - Car_Generic #1267 (win64-10.2.1)
COMPILED	fh@obelix.ipg 2021-12-14 11:20:55
 
SIM_START	StartAndBrake_SD2231_Lab1	2023-04-13 15:22:13
TIME	0.000
SIMULATE	StartAndBrake_SD2231_Lab1

TIME	9.736
ERROR		Wheelspeed too high of tire 0: -4761.950
ERROR		Wheelspeed too high of tire 1: -4762.565
SIM_ABORT	StartAndBrake_SD2231_Lab1	9.738s	151.319m
APPLICATION	CarMaker 10.2.1 - Car_Generic #1267 (win64-10.2.1)
COMPILED	fh@obelix.ipg 2021-12-14 11:20:55
 
SIM_START	StartAndBrake_SD2231_Lab1	2023-04-13 15:24:24
TIME	0.000
SIMULATE	StartAndBrake_SD2231_Lab1

TIME	9.736
ERROR		Wheelspeed too high of tire 0: -4761.950
ERROR		Wheelspeed too high of tire 1: -4762.565
SIM_ABORT	StartAndBrake_SD2231_Lab1	9.738s	151.319m
APPLICATION	CarMaker 10.2.1 - Car_Generic #1267 (win64-10.2.1)
COMPILED	fh@obelix.ipg 2021-12-14 11:20:55
 
SIM_START	StartAndBrake_SD2231_Lab1	2023-04-13 15:25:43
TIME	0.000
SIMULATE	StartAndBrake_SD2231_Lab1

TIME	9.736
ERROR		Wheelspeed too high of tire 0: -4761.950
ERROR		Wheelspeed too high of tire 1: -4762.565
SIM_ABORT	StartAndBrake_SD2231_Lab1	9.738s	151.319m
APPLICATION	CarMaker 10.2.1 - Car_Generic #1267 (win64-10.2.1)
COMPILED	fh@obelix.ipg 2021-12-14 11:20:55
 
SIM_START	StartAndBrake_SD2231_Lab1	2023-04-13 15:27:30
TIME	0.000
SIMULATE	StartAndBrake_SD2231_Lab1

TIME	9.736
ERROR		Wheelspeed too high of tire 0: -4761.950
ERROR		Wheelspeed too high of tire 1: -4762.565
SIM_ABORT	StartAndBrake_SD2231_Lab1	9.738s	151.319m
APPLICATION	CarMaker 10.2.1 - Car_Generic #1267 (win64-10.2.1)
COMPILED	fh@obelix.ipg 2021-12-14 11:20:55
 
SIM_START	StartAndBrake_SD2231_Lab1	2023-04-13 16:02:19
TIME	0.000
SIMULATE	StartAndBrake_SD2231_Lab1

TIME	10.005
SIM_END		StartAndBrake_SD2231_Lab1	10.004s	151.683m
APPLICATION	CarMaker 10.2.1 - Car_Generic #1267 (win64-10.2.1)
COMPILED	fh@obelix.ipg 2021-12-14 11:20:55
 
SIM_START	StartAndBrake_SD2231_Lab1	2023-04-13 16:04:33
TIME	0.000
SIMULATE	StartAndBrake_SD2231_Lab1

TIME	10.007
SIM_END		StartAndBrake_SD2231_Lab1	10.006s	151.71m
APPLICATION	CarMaker 10.2.1 - Car_Generic #1267 (win64-10.2.1)
COMPILED	fh@obelix.ipg 2021-12-14 11:20:55
 
SIM_START	StartAndBrake_SD2231_Lab1	2023-04-13 16:15:39
TIME	0.000
SIMULATE	StartAndBrake_SD2231_Lab1

TIME	10.007
SIM_END		StartAndBrake_SD2231_Lab1	10.006s	151.71m
APPLICATION	CarMaker 10.2.1 - Car_Generic #1267 (win64-10.2.1)
COMPILED	fh@obelix.ipg 2021-12-14 11:20:55
 
SIM_START	StartAndBrake_SD2231_Lab1	2023-04-13 16:18:19
TIME	0.000
SIMULATE	StartAndBrake_SD2231_Lab1

TIME	10.020
SIM_END		StartAndBrake_SD2231_Lab1	10.019s	151.714m
APPLICATION	CarMaker 10.2.1 - Car_Generic #1267 (win64-10.2.1)
COMPILED	fh@obelix.ipg 2021-12-14 11:20:55
 
SIM_START	StartAndBrake_SD2231_Lab1	2023-04-13 16:19:01
TIME	0.000
SIMULATE	StartAndBrake_SD2231_Lab1

TIME	10.014
SIM_END		StartAndBrake_SD2231_Lab1	10.013s	151.717m
APPLICATION	CarMaker 10.2.1 - Car_Generic #1267 (win64-10.2.1)
COMPILED	fh@obelix.ipg 2021-12-14 11:20:55
 
SIM_START	StartAndBrake_SD2231_Lab1	2023-04-13 16:22:57
TIME	0.000
SIMULATE	StartAndBrake_SD2231_Lab1

TIME	10.014
SIM_END		StartAndBrake_SD2231_Lab1	10.013s	151.717m
APPLICATION	CarMaker 10.2.1 - Car_Generic #1267 (win64-10.2.1)
COMPILED	fh@obelix.ipg 2021-12-14 11:20:55
 
SIM_START	StartAndBrake_SD2231_Lab1	2023-04-13 16:23:43
TIME	0.000
SIMULATE	StartAndBrake_SD2231_Lab1

TIME	10.007
SIM_END		StartAndBrake_SD2231_Lab1	10.006s	151.71m
APPLICATION	CarMaker 10.2.1 - Car_Generic #1267 (win64-10.2.1)
COMPILED	fh@obelix.ipg 2021-12-14 11:20:55
 
SIM_START	StartAndBrake_SD2231_Lab1	2023-04-13 16:28:17
TIME	0.000
SIMULATE	StartAndBrake_SD2231_Lab1

TIME	10.007
SIM_END		StartAndBrake_SD2231_Lab1	10.006s	151.71m
APPLICATION	CarMaker 10.2.1 - Car_Generic #1267 (win64-10.2.1)
COMPILED	fh@obelix.ipg 2021-12-14 11:20:55
 
SIM_START	StartAndBrake_SD2231_Lab1	2023-04-13 16:28:37
TIME	0.000
SIMULATE	StartAndBrake_SD2231_Lab1

TIME	10.091
SIM_END		StartAndBrake_SD2231_Lab1	10.09s	152.698m
APPLICATION	CarMaker 10.2.1 - Car_Generic #1267 (win64-10.2.1)
COMPILED	fh@obelix.ipg 2021-12-14 11:20:55
 
SIM_START	StartAndBrake_SD2231_Lab1	2023-04-13 16:29:25
TIME	0.000
SIMULATE	StartAndBrake_SD2231_Lab1

TIME	10.151
SIM_END		StartAndBrake_SD2231_Lab1	10.15s	153.106m
APPLICATION	CarMaker 10.2.1 - Car_Generic #1267 (win64-10.2.1)
COMPILED	fh@obelix.ipg 2021-12-14 11:20:55
 
SIM_START	StartAndBrake_SD2231_Lab1	2023-04-13 16:30:50
TIME	0.000
SIMULATE	StartAndBrake_SD2231_Lab1

TIME	10.013
SIM_END		StartAndBrake_SD2231_Lab1	10.012s	151.805m
APPLICATION	CarMaker 10.2.1 - Car_Generic #1267 (win64-10.2.1)
COMPILED	fh@obelix.ipg 2021-12-14 11:20:55
 
SIM_START	StartAndBrake_SD2231_Lab1	2023-04-13 16:37:17
TIME	0.000
SIMULATE	StartAndBrake_SD2231_Lab1

TIME	10.013
SIM_END		StartAndBrake_SD2231_Lab1	10.012s	151.805m
APPLICATION	CarMaker 10.2.1 - Car_Generic #1267 (win64-10.2.1)
COMPILED	fh@obelix.ipg 2021-12-14 11:20:55
 
SIM_START	StartAndBrake_SD2231_Lab1	2023-04-13 16:38:45
TIME	0.000
SIMULATE	StartAndBrake_SD2231_Lab1

TIME	10.014
SIM_END		StartAndBrake_SD2231_Lab1	10.013s	151.806m
APPLICATION	CarMaker 10.2.1 - Car_Generic #1267 (win64-10.2.1)
COMPILED	fh@obelix.ipg 2021-12-14 11:20:55
 
SIM_START	StartAndBrake_SD2231_Lab1	2023-04-13 16:39:12
TIME	0.000
SIMULATE	StartAndBrake_SD2231_Lab1

TIME	10.015
SIM_END		StartAndBrake_SD2231_Lab1	10.014s	151.809m
