APPLICATION	CarMaker 10.2.1 - Car_Generic #1267 (win64-10.2.1)
COMPILED	fh@obelix.ipg 2021-12-14 11:20:55
 
SIM_START	StartAndBrake_SD2231_Lab1	2023-04-19 08:45:03
TIME	0.000
SIMULATE	StartAndBrake_SD2231_Lab1

TIME	10.005
SIM_END		StartAndBrake_SD2231_Lab1	10.004s	151.641m
APPLICATION	CarMaker 10.2.1 - Car_Generic #1267 (win64-10.2.1)
COMPILED	fh@obelix.ipg 2021-12-14 11:20:55
 
SIM_START	StartAndBrake_SD2231_Lab1	2023-04-19 08:49:38
TIME	0.000
SIMULATE	StartAndBrake_SD2231_Lab1

TIME	9.979
SIM_END		StartAndBrake_SD2231_Lab1	9.978s	151.342m
APPLICATION	CarMaker 10.2.1 - Car_Generic #1267 (win64-10.2.1)
COMPILED	fh@obelix.ipg 2021-12-14 11:20:55
 
SIM_START	StartAndBrake_SD2231_Lab1	2023-04-19 08:52:19
TIME	0.000
SIMULATE	StartAndBrake_SD2231_Lab1

TIME	10.005
SIM_END		StartAndBrake_SD2231_Lab1	10.004s	151.641m
APPLICATION	CarMaker 10.2.1 - Car_Generic #1267 (win64-10.2.1)
COMPILED	fh@obelix.ipg 2021-12-14 11:20:55
 
SIM_START	StartAndBrake_SD2231_Lab1	2023-04-19 08:53:58
TIME	0.000
SIMULATE	StartAndBrake_SD2231_Lab1

TIME	9.999
SIM_END		StartAndBrake_SD2231_Lab1	9.998s	151.394m
APPLICATION	CarMaker 10.2.1 - Car_Generic #1267 (win64-10.2.1)
COMPILED	fh@obelix.ipg 2021-12-14 11:20:55
 
SIM_START	StartAndBrake_SD2231_Lab1	2023-04-19 08:54:28
TIME	0.000
SIMULATE	StartAndBrake_SD2231_Lab1

TIME	10.005
SIM_END		StartAndBrake_SD2231_Lab1	10.004s	151.45m
APPLICATION	CarMaker 10.2.1 - Car_Generic #1267 (win64-10.2.1)
COMPILED	fh@obelix.ipg 2021-12-14 11:20:55
 
SIM_START	StartAndBrake_SD2231_Lab1	2023-04-19 08:55:02
TIME	0.000
SIMULATE	StartAndBrake_SD2231_Lab1

TIME	10.008
SIM_END		StartAndBrake_SD2231_Lab1	10.007s	151.419m
APPLICATION	CarMaker 10.2.1 - Car_Generic #1267 (win64-10.2.1)
COMPILED	fh@obelix.ipg 2021-12-14 11:20:55
 
SIM_START	StartAndBrake_SD2231_Lab1	2023-04-19 08:55:30
TIME	0.000
SIMULATE	StartAndBrake_SD2231_Lab1

TIME	9.991
SIM_END		StartAndBrake_SD2231_Lab1	9.99s	151.346m
APPLICATION	CarMaker 10.2.1 - Car_Generic #1267 (win64-10.2.1)
COMPILED	fh@obelix.ipg 2021-12-14 11:20:55
 
SIM_START	StartAndBrake_SD2231_Lab1	2023-04-19 08:56:02
TIME	0.000
SIMULATE	StartAndBrake_SD2231_Lab1

TIME	10.004
SIM_END		StartAndBrake_SD2231_Lab1	10.003s	151.428m
APPLICATION	CarMaker 10.2.1 - Car_Generic #1267 (win64-10.2.1)
COMPILED	fh@obelix.ipg 2021-12-14 11:20:55
 
SIM_START	StartAndBrake_SD2231_Lab1	2023-04-19 08:56:35
TIME	0.000
SIMULATE	StartAndBrake_SD2231_Lab1

TIME	9.989
SIM_END		StartAndBrake_SD2231_Lab1	9.988s	151.393m
APPLICATION	CarMaker 10.2.1 - Car_Generic #1267 (win64-10.2.1)
COMPILED	fh@obelix.ipg 2021-12-14 11:20:55
 
SIM_START	StartAndBrake_SD2231_Lab1	2023-04-19 08:57:40
TIME	0.000
SIMULATE	StartAndBrake_SD2231_Lab1

TIME	10.005
SIM_END		StartAndBrake_SD2231_Lab1	10.004s	151.435m
APPLICATION	CarMaker 10.2.1 - Car_Generic #1267 (win64-10.2.1)
COMPILED	fh@obelix.ipg 2021-12-14 11:20:55
 
SIM_START	StartAndBrake_SD2231_Lab1	2023-04-19 08:58:09
TIME	0.000
SIMULATE	StartAndBrake_SD2231_Lab1

TIME	10.004
SIM_END		StartAndBrake_SD2231_Lab1	10.003s	151.424m
APPLICATION	CarMaker 10.2.1 - Car_Generic #1267 (win64-10.2.1)
COMPILED	fh@obelix.ipg 2021-12-14 11:20:55
 
SIM_START	StartAndBrake_SD2231_Lab1	2023-04-19 09:13:38
TIME	0.000
SIMULATE	StartAndBrake_SD2231_Lab1

TIME	10.004
SIM_END		StartAndBrake_SD2231_Lab1	10.003s	151.424m
APPLICATION	CarMaker 10.2.1 - Car_Generic #1267 (win64-10.2.1)
COMPILED	fh@obelix.ipg 2021-12-14 11:20:55
 
SIM_START	StartAndBrake_SD2231_Lab1	2023-04-19 09:13:53
TIME	0.000
SIMULATE	StartAndBrake_SD2231_Lab1

TIME	9.975
SIM_END		StartAndBrake_SD2231_Lab1	9.974s	151.314m
APPLICATION	CarMaker 10.2.1 - Car_Generic #1267 (win64-10.2.1)
COMPILED	fh@obelix.ipg 2021-12-14 11:20:55
 
SIM_START	StartAndBrake_SD2231_Lab1	2023-04-19 09:14:18
TIME	0.000
SIMULATE	StartAndBrake_SD2231_Lab1

TIME	9.973
SIM_END		StartAndBrake_SD2231_Lab1	9.972s	151.311m
APPLICATION	CarMaker 10.2.1 - Car_Generic #1267 (win64-10.2.1)
COMPILED	fh@obelix.ipg 2021-12-14 11:20:55
 
SIM_START	StartAndBrake_SD2231_Lab1	2023-04-19 09:14:52
TIME	0.000
SIMULATE	StartAndBrake_SD2231_Lab1

TIME	9.973
SIM_END		StartAndBrake_SD2231_Lab1	9.972s	151.311m
APPLICATION	CarMaker 10.2.1 - Car_Generic #1267 (win64-10.2.1)
COMPILED	fh@obelix.ipg 2021-12-14 11:20:55
 
SIM_START	StartAndBrake_SD2231_Lab1	2023-04-19 09:16:29
TIME	0.000
SIMULATE	StartAndBrake_SD2231_Lab1

TIME	9.969
SIM_END		StartAndBrake_SD2231_Lab1	9.968s	151.296m
APPLICATION	CarMaker 10.2.1 - Car_Generic #1267 (win64-10.2.1)
COMPILED	fh@obelix.ipg 2021-12-14 11:20:55
 
SIM_START	StartAndBrake_SD2231_Lab1	2023-04-19 09:58:14
TIME	0.000
SIMULATE	StartAndBrake_SD2231_Lab1

TIME	12.688
SIM_END		StartAndBrake_SD2231_Lab1	12.687s	163.052m
APPLICATION	CarMaker 10.2.1 - Car_Generic #1267 (win64-10.2.1)
COMPILED	fh@obelix.ipg 2021-12-14 11:20:55
 
SIM_START	StartAndBrake_SD2231_Lab1	2023-04-19 09:59:59
TIME	0.000
SIMULATE	StartAndBrake_SD2231_Lab1

TIME	12.787
SIM_END		StartAndBrake_SD2231_Lab1	12.786s	163.404m
APPLICATION	CarMaker 10.2.1 - Car_Generic #1267 (win64-10.2.1)
COMPILED	fh@obelix.ipg 2021-12-14 11:20:55
 
SIM_START	StartAndBrake_SD2231_Lab1	2023-04-19 10:00:35
TIME	0.000
SIMULATE	StartAndBrake_SD2231_Lab1

TIME	12.688
SIM_END		StartAndBrake_SD2231_Lab1	12.687s	163.052m
APPLICATION	CarMaker 10.2.1 - Car_Generic #1267 (win64-10.2.1)
COMPILED	fh@obelix.ipg 2021-12-14 11:20:55
 
SIM_START	StartAndBrake_SD2231_Lab1	2023-04-19 10:01:14
TIME	0.000
SIMULATE	StartAndBrake_SD2231_Lab1

TIME	12.715
SIM_END		StartAndBrake_SD2231_Lab1	12.714s	163.243m
APPLICATION	CarMaker 10.2.1 - Car_Generic #1267 (win64-10.2.1)
COMPILED	fh@obelix.ipg 2021-12-14 11:20:55
 
SIM_START	StartAndBrake_SD2231_Lab1	2023-04-19 10:01:49
TIME	0.000
SIMULATE	StartAndBrake_SD2231_Lab1

TIME	12.761
SIM_END		StartAndBrake_SD2231_Lab1	12.76s	163.475m
APPLICATION	CarMaker 10.2.1 - Car_Generic #1267 (win64-10.2.1)
COMPILED	fh@obelix.ipg 2021-12-14 11:20:55
 
SIM_START	StartAndBrake_SD2231_Lab1	2023-04-19 10:03:03
TIME	0.000
SIMULATE	StartAndBrake_SD2231_Lab1

TIME	12.730
SIM_END		StartAndBrake_SD2231_Lab1	12.729s	163.321m
APPLICATION	CarMaker 10.2.1 - Car_Generic #1267 (win64-10.2.1)
COMPILED	fh@obelix.ipg 2021-12-14 11:20:55
 
SIM_START	StartAndBrake_SD2231_Lab1	2023-04-19 10:03:41
TIME	0.000
SIMULATE	StartAndBrake_SD2231_Lab1

TIME	12.691
SIM_END		StartAndBrake_SD2231_Lab1	12.69s	163.106m
APPLICATION	CarMaker 10.2.1 - Car_Generic #1267 (win64-10.2.1)
COMPILED	fh@obelix.ipg 2021-12-14 11:20:55
 
SIM_START	StartAndBrake_SD2231_Lab1	2023-04-19 10:04:09
TIME	0.000
SIMULATE	StartAndBrake_SD2231_Lab1

TIME	12.688
SIM_END		StartAndBrake_SD2231_Lab1	12.687s	163.086m
APPLICATION	CarMaker 10.2.1 - Car_Generic #1267 (win64-10.2.1)
COMPILED	fh@obelix.ipg 2021-12-14 11:20:55
 
SIM_START	StartAndBrake_SD2231_Lab1	2023-04-19 10:04:58
TIME	0.000
SIMULATE	StartAndBrake_SD2231_Lab1

TIME	12.685
SIM_END		StartAndBrake_SD2231_Lab1	12.684s	163.074m
APPLICATION	CarMaker 10.2.1 - Car_Generic #1267 (win64-10.2.1)
COMPILED	fh@obelix.ipg 2021-12-14 11:20:55
 
SIM_START	StartAndBrake_SD2231_Lab1	2023-04-19 10:06:03
TIME	0.000
SIMULATE	StartAndBrake_SD2231_Lab1

TIME	12.678
SIM_END		StartAndBrake_SD2231_Lab1	12.677s	163.072m
APPLICATION	CarMaker 10.2.1 - Car_Generic #1267 (win64-10.2.1)
COMPILED	fh@obelix.ipg 2021-12-14 11:20:55
 
SIM_START	StartAndBrake_SD2231_Lab1	2023-04-19 10:06:21
TIME	0.000
SIMULATE	StartAndBrake_SD2231_Lab1

TIME	12.674
SIM_END		StartAndBrake_SD2231_Lab1	12.673s	162.987m
APPLICATION	CarMaker 10.2.1 - Car_Generic #1267 (win64-10.2.1)
COMPILED	fh@obelix.ipg 2021-12-14 11:20:55
 
SIM_START	StartAndBrake_SD2231_Lab1	2023-04-19 10:06:44
TIME	0.000
SIMULATE	StartAndBrake_SD2231_Lab1

TIME	12.689
SIM_END		StartAndBrake_SD2231_Lab1	12.688s	163.042m
APPLICATION	CarMaker 10.2.1 - Car_Generic #1267 (win64-10.2.1)
COMPILED	fh@obelix.ipg 2021-12-14 11:20:55
 
SIM_START	StartAndBrake_SD2231_Lab1	2023-04-19 10:11:46
TIME	0.000
SIMULATE	StartAndBrake_SD2231_Lab1

TIME	12.689
SIM_END		StartAndBrake_SD2231_Lab1	12.688s	163.039m
APPLICATION	CarMaker 10.2.1 - Car_Generic #1267 (win64-10.2.1)
COMPILED	fh@obelix.ipg 2021-12-14 11:20:55
 
SIM_START	StartAndBrake_SD2231_Lab1	2023-04-19 10:12:14
TIME	0.000
SIMULATE	StartAndBrake_SD2231_Lab1

TIME	12.689
SIM_END		StartAndBrake_SD2231_Lab1	12.688s	163.039m
APPLICATION	CarMaker 10.2.1 - Car_Generic #1267 (win64-10.2.1)
COMPILED	fh@obelix.ipg 2021-12-14 11:20:55
 
SIM_START	StartAndBrake_SD2231_Lab1	2023-04-19 10:12:30
TIME	0.000
SIMULATE	StartAndBrake_SD2231_Lab1

TIME	13.151
SIM_END		StartAndBrake_SD2231_Lab1	13.15s	164.614m
APPLICATION	CarMaker 10.2.1 - Car_Generic #1267 (win64-10.2.1)
COMPILED	fh@obelix.ipg 2021-12-14 11:20:55
 
SIM_START	StartAndBrake_SD2231_Lab1	2023-04-19 10:12:45
TIME	0.000
SIMULATE	StartAndBrake_SD2231_Lab1

TIME	12.690
SIM_END		StartAndBrake_SD2231_Lab1	12.689s	163.056m
APPLICATION	CarMaker 10.2.1 - Car_Generic #1267 (win64-10.2.1)
COMPILED	fh@obelix.ipg 2021-12-14 11:20:55
 
SIM_START	StartAndBrake_SD2231_Lab1	2023-04-19 10:13:01
TIME	0.000
SIMULATE	StartAndBrake_SD2231_Lab1

TIME	12.689
SIM_END		StartAndBrake_SD2231_Lab1	12.688s	163.03m
APPLICATION	CarMaker 10.2.1 - Car_Generic #1267 (win64-10.2.1)
COMPILED	fh@obelix.ipg 2021-12-14 11:20:55
 
SIM_START	StartAndBrake_SD2231_Lab1	2023-04-19 10:13:37
TIME	0.000
SIMULATE	StartAndBrake_SD2231_Lab1

TIME	12.688
SIM_END		StartAndBrake_SD2231_Lab1	12.687s	163.033m
APPLICATION	CarMaker 10.2.1 - Car_Generic #1267 (win64-10.2.1)
COMPILED	fh@obelix.ipg 2021-12-14 11:20:55
 
SIM_START	StartAndBrake_SD2231_Lab1	2023-04-19 10:13:57
TIME	0.000
SIMULATE	StartAndBrake_SD2231_Lab1

TIME	12.689
SIM_END		StartAndBrake_SD2231_Lab1	12.688s	163.036m
APPLICATION	CarMaker 10.2.1 - Car_Generic #1267 (win64-10.2.1)
COMPILED	fh@obelix.ipg 2021-12-14 11:20:55
 
SIM_START	StartAndBrake_SD2231_Lab1	2023-04-19 10:14:18
TIME	0.000
SIMULATE	StartAndBrake_SD2231_Lab1

TIME	12.688
SIM_END		StartAndBrake_SD2231_Lab1	12.687s	163.041m
APPLICATION	CarMaker 10.2.1 - Car_Generic #1267 (win64-10.2.1)
COMPILED	fh@obelix.ipg 2021-12-14 11:20:55
 
SIM_START	StartAndBrake_SD2231_Lab1	2023-04-19 10:16:58
TIME	0.000
SIMULATE	StartAndBrake_SD2231_Lab1

TIME	12.688
SIM_END		StartAndBrake_SD2231_Lab1	12.687s	163.041m
APPLICATION	CarMaker 10.2.1 - Car_Generic #1267 (win64-10.2.1)
COMPILED	fh@obelix.ipg 2021-12-14 11:20:55
 
SIM_START	StartAndBrake_SD2231_Lab1	2023-04-19 10:25:33
TIME	0.000
SIMULATE	StartAndBrake_SD2231_Lab1

TIME	12.688
SIM_END		StartAndBrake_SD2231_Lab1	12.687s	163.052m
APPLICATION	CarMaker 10.2.1 - Car_Generic #1267 (win64-10.2.1)
COMPILED	fh@obelix.ipg 2021-12-14 11:20:55
 
SIM_START	StartAndBrake_SD2231_Lab1	2023-04-19 10:31:48
TIME	0.000
SIMULATE	StartAndBrake_SD2231_Lab1

TIME	12.688
SIM_END		StartAndBrake_SD2231_Lab1	12.687s	163.052m
APPLICATION	CarMaker 10.2.1 - Car_Generic #1267 (win64-10.2.1)
COMPILED	fh@obelix.ipg 2021-12-14 11:20:55
 
SIM_START	StartAndBrake_SD2231_Lab1	2023-04-19 10:33:26
TIME	0.000
SIMULATE	StartAndBrake_SD2231_Lab1

TIME	12.688
SIM_END		StartAndBrake_SD2231_Lab1	12.687s	163.041m
APPLICATION	CarMaker 10.2.1 - Car_Generic #1267 (win64-10.2.1)
COMPILED	fh@obelix.ipg 2021-12-14 11:20:55
 
SIM_START	StartAndBrake_SD2231_Lab1	2023-04-19 11:53:53
TIME	0.000
SIMULATE	StartAndBrake_SD2231_Lab1

SIM_END		StartAndBrake_SD2231_Lab1	0s	0m
APPLICATION	CarMaker 10.2.1 - Car_Generic #1267 (win64-10.2.1)
COMPILED	fh@obelix.ipg 2021-12-14 11:20:55
 
SIM_START	StartAndBrake_SD2231_Lab1	2023-04-19 11:54:34
TIME	0.000
SIMULATE	StartAndBrake_SD2231_Lab1

SIM_END		StartAndBrake_SD2231_Lab1	0s	0m
APPLICATION	CarMaker 10.2.1 - Car_Generic #1267 (win64-10.2.1)
COMPILED	fh@obelix.ipg 2021-12-14 11:20:55
 
SIM_START	StartAndBrake_SD2231_Lab1	2023-04-19 11:55:28
TIME	0.000
SIMULATE	StartAndBrake_SD2231_Lab1

TIME	11.926
SIM_END		StartAndBrake_SD2231_Lab1	11.925s	133.616m
APPLICATION	CarMaker 10.2.1 - Car_Generic #1267 (win64-10.2.1)
COMPILED	fh@obelix.ipg 2021-12-14 11:20:55
 
SIM_START	StartAndBrake_SD2231_Lab1	2023-04-19 11:56:07
TIME	0.000
SIMULATE	StartAndBrake_SD2231_Lab1

TIME	9.887
SIM_END		StartAndBrake_SD2231_Lab1	9.886s	144.928m
APPLICATION	CarMaker 10.2.1 - Car_Generic #1267 (win64-10.2.1)
COMPILED	fh@obelix.ipg 2021-12-14 11:20:55
 
SIM_START	StartAndBrake_SD2231_Lab1	2023-04-19 11:58:19
TIME	0.000
SIMULATE	StartAndBrake_SD2231_Lab1

TIME	9.887
SIM_END		StartAndBrake_SD2231_Lab1	9.886s	144.928m
APPLICATION	CarMaker 10.2.1 - Car_Generic #1267 (win64-10.2.1)
COMPILED	fh@obelix.ipg 2021-12-14 11:20:55
 
SIM_START	StartAndBrake_SD2231_Lab1	2023-04-19 11:59:09
TIME	0.000
SIMULATE	StartAndBrake_SD2231_Lab1

TIME	9.887
SIM_END		StartAndBrake_SD2231_Lab1	9.886s	144.928m
APPLICATION	CarMaker 10.2.1 - Car_Generic #1267 (win64-10.2.1)
COMPILED	fh@obelix.ipg 2021-12-14 11:20:55
 
SIM_START	StartAndBrake_SD2231_Lab1	2023-04-19 12:00:25
TIME	0.000
SIMULATE	StartAndBrake_SD2231_Lab1

TIME	9.887
SIM_END		StartAndBrake_SD2231_Lab1	9.886s	144.928m
APPLICATION	CarMaker 10.2.1 - Car_Generic #1267 (win64-10.2.1)
COMPILED	fh@obelix.ipg 2021-12-14 11:20:55
 
SIM_START	StartAndBrake_SD2231_Lab1	2023-04-19 12:01:41
TIME	0.000
SIMULATE	StartAndBrake_SD2231_Lab1

TIME	9.887
SIM_END		StartAndBrake_SD2231_Lab1	9.886s	144.928m
APPLICATION	CarMaker 10.2.1 - Car_Generic #1267 (win64-10.2.1)
COMPILED	fh@obelix.ipg 2021-12-14 11:20:55
 
SIM_START	StartAndBrake_SD2231_Lab1	2023-04-19 12:06:30
TIME	0.000
SIMULATE	StartAndBrake_SD2231_Lab1

TIME	9.887
SIM_END		StartAndBrake_SD2231_Lab1	9.886s	144.928m
APPLICATION	CarMaker 10.2.1 - Car_Generic #1267 (win64-10.2.1)
COMPILED	fh@obelix.ipg 2021-12-14 11:20:55
 
SIM_START	StartAndBrake_SD2231_Lab1	2023-04-19 12:07:42
TIME	0.000
SIMULATE	StartAndBrake_SD2231_Lab1

TIME	9.887
SIM_END		StartAndBrake_SD2231_Lab1	9.886s	144.928m
