APPLICATION	CarMaker 10.2.1 - Car_Generic #1267 (win64-10.2.1)
COMPILED	fh@obelix.ipg 2021-12-14 11:20:55
 
SIM_START	StartAndBrake_SD2231_Lab1	2023-03-22 08:36:16
TIME	0.000
SIMULATE	StartAndBrake_SD2231_Lab1

TIME	9.887
SIM_END		StartAndBrake_SD2231_Lab1	9.886s	144.928m
APPLICATION	CarMaker 10.2.1 - Car_Generic #1267 (win64-10.2.1)
COMPILED	fh@obelix.ipg 2021-12-14 11:20:55
 
SIM_START	StartAndBrake_SD2231_Lab1	2023-03-22 08:39:35
TIME	0.000
SIMULATE	StartAndBrake_SD2231_Lab1

TIME	9.887
SIM_END		StartAndBrake_SD2231_Lab1	9.886s	144.928m
APPLICATION	CarMaker 10.2.1 - Car_Generic #1267 (win64-10.2.1)
COMPILED	fh@obelix.ipg 2021-12-14 11:20:55
 
SIM_START	StartAndBrake_SD2231_Lab1	2023-03-22 08:40:17
TIME	0.000
SIMULATE	StartAndBrake_SD2231_Lab1

TIME	9.887
SIM_END		StartAndBrake_SD2231_Lab1	9.886s	144.928m
APPLICATION	CarMaker 10.2.1 - Car_Generic #1267 (win64-10.2.1)
COMPILED	fh@obelix.ipg 2021-12-14 11:20:55
 
SIM_START	StartAndBrake_SD2231_Lab1	2023-03-22 08:45:19
TIME	0.000
SIMULATE	StartAndBrake_SD2231_Lab1

TIME	9.887
SIM_END		StartAndBrake_SD2231_Lab1	9.886s	144.928m
APPLICATION	CarMaker 10.2.1 - Car_Generic #1267 (win64-10.2.1)
COMPILED	fh@obelix.ipg 2021-12-14 11:20:55
 
SIM_START	StartAndBrake_SD2231_Lab1	2023-03-22 08:45:49
TIME	0.000
SIMULATE	StartAndBrake_SD2231_Lab1

TIME	9.887
SIM_END		StartAndBrake_SD2231_Lab1	9.886s	144.928m
APPLICATION	CarMaker 10.2.1 - Car_Generic #1267 (win64-10.2.1)
COMPILED	fh@obelix.ipg 2021-12-14 11:20:55
 
SIM_START	StartAndBrake_SD2231_Lab1	2023-03-22 08:47:59
TIME	0.000
SIMULATE	StartAndBrake_SD2231_Lab1

TIME	9.887
SIM_END		StartAndBrake_SD2231_Lab1	9.886s	144.928m
APPLICATION	CarMaker 10.2.1 - Car_Generic #1267 (win64-10.2.1)
COMPILED	fh@obelix.ipg 2021-12-14 11:20:55
 
SIM_START	StartAndBrake_SD2231_Lab1	2023-03-22 08:56:31
TIME	0.000
SIMULATE	StartAndBrake_SD2231_Lab1

TIME	9.887
SIM_END		StartAndBrake_SD2231_Lab1	9.886s	144.928m
APPLICATION	CarMaker 10.2.1 - Car_Generic #1267 (win64-10.2.1)
COMPILED	fh@obelix.ipg 2021-12-14 11:20:55
 
SIM_START	StartAndBrake_SD2231_Lab1	2023-03-22 08:58:16
TIME	0.000
SIMULATE	StartAndBrake_SD2231_Lab1

TIME	9.887
SIM_END		StartAndBrake_SD2231_Lab1	9.886s	144.928m
APPLICATION	CarMaker 10.2.1 - Car_Generic #1267 (win64-10.2.1)
COMPILED	fh@obelix.ipg 2021-12-14 11:20:55
 
SIM_START	StartAndBrake_SD2231_Lab1	2023-03-22 08:59:42
TIME	0.000
SIMULATE	StartAndBrake_SD2231_Lab1

TIME	9.887
SIM_END		StartAndBrake_SD2231_Lab1	9.886s	144.928m
APPLICATION	CarMaker 10.2.1 - Car_Generic #1267 (win64-10.2.1)
COMPILED	fh@obelix.ipg 2021-12-14 11:20:55
 
SIM_START	StartAndBrake_SD2231_Lab1	2023-03-22 09:00:00
TIME	0.000
SIMULATE	StartAndBrake_SD2231_Lab1

TIME	9.887
SIM_END		StartAndBrake_SD2231_Lab1	9.886s	144.928m
APPLICATION	CarMaker 10.2.1 - Car_Generic #1267 (win64-10.2.1)
COMPILED	fh@obelix.ipg 2021-12-14 11:20:55
 
SIM_START	StartAndBrake_SD2231_Lab1	2023-03-22 09:01:04
TIME	0.000
SIMULATE	StartAndBrake_SD2231_Lab1

TIME	9.887
SIM_END		StartAndBrake_SD2231_Lab1	9.886s	144.928m
APPLICATION	CarMaker 10.2.1 - Car_Generic #1267 (win64-10.2.1)
COMPILED	fh@obelix.ipg 2021-12-14 11:20:55
 
SIM_START	StartAndBrake_SD2231_Lab1	2023-03-22 09:04:13
TIME	0.000
SIMULATE	StartAndBrake_SD2231_Lab1

TIME	9.887
SIM_END		StartAndBrake_SD2231_Lab1	9.886s	144.928m
APPLICATION	CarMaker 10.2.1 - Car_Generic #1267 (win64-10.2.1)
COMPILED	fh@obelix.ipg 2021-12-14 11:20:55
 
SIM_START	StartAndBrake_SD2231_Lab1	2023-03-22 09:05:07
TIME	0.000
SIMULATE	StartAndBrake_SD2231_Lab1

TIME	9.887
SIM_END		StartAndBrake_SD2231_Lab1	9.886s	144.928m
APPLICATION	CarMaker 10.2.1 - Car_Generic #1267 (win64-10.2.1)
COMPILED	fh@obelix.ipg 2021-12-14 11:20:55
 
SIM_START	StartAndBrake_SD2231_Lab1	2023-03-22 09:08:29
TIME	0.000
SIMULATE	StartAndBrake_SD2231_Lab1

TIME	9.887
SIM_END		StartAndBrake_SD2231_Lab1	9.886s	144.928m
APPLICATION	CarMaker 10.2.1 - Car_Generic #1267 (win64-10.2.1)
COMPILED	fh@obelix.ipg 2021-12-14 11:20:55
 
SIM_START	StartAndBrake_SD2231_Lab1	2023-03-22 09:08:40
TIME	0.000
SIMULATE	StartAndBrake_SD2231_Lab1

TIME	9.887
SIM_END		StartAndBrake_SD2231_Lab1	9.886s	144.928m
APPLICATION	CarMaker 10.2.1 - Car_Generic #1267 (win64-10.2.1)
COMPILED	fh@obelix.ipg 2021-12-14 11:20:55
 
SIM_START	StartAndBrake_SD2231_Lab1	2023-03-22 09:10:07
TIME	0.000
SIMULATE	StartAndBrake_SD2231_Lab1

TIME	9.887
SIM_END		StartAndBrake_SD2231_Lab1	9.886s	144.928m
APPLICATION	CarMaker 10.2.1 - Car_Generic #1267 (win64-10.2.1)
COMPILED	fh@obelix.ipg 2021-12-14 11:20:55
 
SIM_START	StartAndBrake_SD2231_Lab1	2023-03-22 09:10:22
TIME	0.000
SIMULATE	StartAndBrake_SD2231_Lab1

TIME	9.887
SIM_END		StartAndBrake_SD2231_Lab1	9.886s	144.928m
APPLICATION	CarMaker 10.2.1 - Car_Generic #1267 (win64-10.2.1)
COMPILED	fh@obelix.ipg 2021-12-14 11:20:55
 
SIM_START	StartAndBrake_SD2231_Lab1	2023-03-22 09:12:10
TIME	0.000
SIMULATE	StartAndBrake_SD2231_Lab1

TIME	9.887
SIM_END		StartAndBrake_SD2231_Lab1	9.886s	144.928m
APPLICATION	CarMaker 10.2.1 - Car_Generic #1267 (win64-10.2.1)
COMPILED	fh@obelix.ipg 2021-12-14 11:20:55
 
SIM_START	StartAndBrake_SD2231_Lab1	2023-03-22 09:16:16
TIME	0.000
SIMULATE	StartAndBrake_SD2231_Lab1

TIME	9.887
SIM_END		StartAndBrake_SD2231_Lab1	9.886s	144.928m
APPLICATION	CarMaker 10.2.1 - Car_Generic #1267 (win64-10.2.1)
COMPILED	fh@obelix.ipg 2021-12-14 11:20:55
 
SIM_START	StartAndBrake_SD2231_Lab1	2023-03-22 09:16:22
TIME	0.000
SIMULATE	StartAndBrake_SD2231_Lab1

TIME	9.887
SIM_END		StartAndBrake_SD2231_Lab1	9.886s	144.928m
APPLICATION	CarMaker 10.2.1 - Car_Generic #1267 (win64-10.2.1)
COMPILED	fh@obelix.ipg 2021-12-14 11:20:55
 
SIM_START	StartAndBrake_SD2231_Lab1	2023-03-22 09:20:28
TIME	0.000
SIMULATE	StartAndBrake_SD2231_Lab1

TIME	9.887
SIM_END		StartAndBrake_SD2231_Lab1	9.886s	144.928m
APPLICATION	CarMaker 10.2.1 - Car_Generic #1267 (win64-10.2.1)
COMPILED	fh@obelix.ipg 2021-12-14 11:20:55
 
SIM_START	StartAndBrake_SD2231_Lab1	2023-03-22 09:22:20
TIME	0.000
SIMULATE	StartAndBrake_SD2231_Lab1

TIME	9.887
SIM_END		StartAndBrake_SD2231_Lab1	9.886s	144.928m
APPLICATION	CarMaker 10.2.1 - Car_Generic #1267 (win64-10.2.1)
COMPILED	fh@obelix.ipg 2021-12-14 11:20:55
 
SIM_START	StartAndBrake_SD2231_Lab1	2023-03-22 09:22:41
TIME	0.000
SIMULATE	StartAndBrake_SD2231_Lab1

TIME	9.887
SIM_END		StartAndBrake_SD2231_Lab1	9.886s	144.928m
APPLICATION	CarMaker 10.2.1 - Car_Generic #1267 (win64-10.2.1)
COMPILED	fh@obelix.ipg 2021-12-14 11:20:55
 
SIM_START	StartAndBrake_SD2231_Lab1	2023-03-22 09:22:59
TIME	0.000
SIMULATE	StartAndBrake_SD2231_Lab1

TIME	9.887
SIM_END		StartAndBrake_SD2231_Lab1	9.886s	144.928m
APPLICATION	CarMaker 10.2.1 - Car_Generic #1267 (win64-10.2.1)
COMPILED	fh@obelix.ipg 2021-12-14 11:20:55
 
SIM_START	StartAndBrake_SD2231_Lab1	2023-03-22 09:23:46
TIME	0.000
SIMULATE	StartAndBrake_SD2231_Lab1

TIME	9.887
SIM_END		StartAndBrake_SD2231_Lab1	9.886s	144.928m
APPLICATION	CarMaker 10.2.1 - Car_Generic #1267 (win64-10.2.1)
COMPILED	fh@obelix.ipg 2021-12-14 11:20:55
 
SIM_START	StartAndBrake_SD2231_Lab1	2023-03-22 09:24:01
TIME	0.000
SIMULATE	StartAndBrake_SD2231_Lab1

TIME	9.887
SIM_END		StartAndBrake_SD2231_Lab1	9.886s	144.928m
APPLICATION	CarMaker 10.2.1 - Car_Generic #1267 (win64-10.2.1)
COMPILED	fh@obelix.ipg 2021-12-14 11:20:55
 
SIM_START	StartAndBrake_SD2231_Lab1	2023-03-22 09:26:23
TIME	0.000
SIMULATE	StartAndBrake_SD2231_Lab1

TIME	9.887
SIM_END		StartAndBrake_SD2231_Lab1	9.886s	144.928m
APPLICATION	CarMaker 10.2.1 - Car_Generic #1267 (win64-10.2.1)
COMPILED	fh@obelix.ipg 2021-12-14 11:20:55
 
SIM_START	StartAndBrake_SD2231_Lab1	2023-03-22 09:29:34
TIME	0.000
SIMULATE	StartAndBrake_SD2231_Lab1

TIME	9.887
SIM_END		StartAndBrake_SD2231_Lab1	9.886s	144.928m
APPLICATION	CarMaker 10.2.1 - Car_Generic #1267 (win64-10.2.1)
COMPILED	fh@obelix.ipg 2021-12-14 11:20:55
 
SIM_START	StartAndBrake_SD2231_Lab1	2023-03-22 09:30:04
TIME	0.000
SIMULATE	StartAndBrake_SD2231_Lab1

TIME	9.887
SIM_END		StartAndBrake_SD2231_Lab1	9.886s	144.928m
APPLICATION	CarMaker 10.2.1 - Car_Generic #1267 (win64-10.2.1)
COMPILED	fh@obelix.ipg 2021-12-14 11:20:55
 
SIM_START	StartAndBrake_SD2231_Lab1	2023-03-22 09:39:40
TIME	0.000
SIMULATE	StartAndBrake_SD2231_Lab1

TIME	9.845
SIM_END		StartAndBrake_SD2231_Lab1	9.844s	144.07m
APPLICATION	CarMaker 10.2.1 - Car_Generic #1267 (win64-10.2.1)
COMPILED	fh@obelix.ipg 2021-12-14 11:20:55
 
SIM_START	StartAndBrake_SD2231_Lab1	2023-03-22 09:50:03
TIME	0.000
SIMULATE	StartAndBrake_SD2231_Lab1

TIME	9.887
SIM_END		StartAndBrake_SD2231_Lab1	9.886s	144.928m
APPLICATION	CarMaker 10.2.1 - Car_Generic #1267 (win64-10.2.1)
COMPILED	fh@obelix.ipg 2021-12-14 11:20:55
 
SIM_START	StartAndBrake_SD2231_Lab1	2023-03-22 09:50:09
TIME	0.000
SIMULATE	StartAndBrake_SD2231_Lab1

TIME	9.887
SIM_END		StartAndBrake_SD2231_Lab1	9.886s	144.928m
APPLICATION	CarMaker 10.2.1 - Car_Generic #1267 (win64-10.2.1)
COMPILED	fh@obelix.ipg 2021-12-14 11:20:55
 
SIM_START	StartAndBrake_SD2231_Lab1	2023-03-22 09:57:35
TIME	0.000
SIMULATE	StartAndBrake_SD2231_Lab1

TIME	9.887
SIM_END		StartAndBrake_SD2231_Lab1	9.886s	144.928m
APPLICATION	CarMaker 10.2.1 - Car_Generic #1267 (win64-10.2.1)
COMPILED	fh@obelix.ipg 2021-12-14 11:20:55
 
SIM_START	StartAndBrake_SD2231_Lab1	2023-03-22 09:58:21
TIME	0.000
SIMULATE	StartAndBrake_SD2231_Lab1

TIME	9.887
SIM_END		StartAndBrake_SD2231_Lab1	9.886s	144.928m
APPLICATION	CarMaker 10.2.1 - Car_Generic #1267 (win64-10.2.1)
COMPILED	fh@obelix.ipg 2021-12-14 11:20:55
 
SIM_START	StartAndBrake_SD2231_Lab1	2023-03-22 09:59:17
TIME	0.000
SIMULATE	StartAndBrake_SD2231_Lab1

TIME	9.887
SIM_END		StartAndBrake_SD2231_Lab1	9.886s	144.928m
