APPLICATION	CarMaker 10.2.1 - Car_Generic #1267 (win64-10.2.1)
COMPILED	fh@obelix.ipg 2021-12-14 11:20:55
 
SIM_START	StartAndBrake_SD2231_Lab1	2023-04-19 13:44:16
TIME	0.000
SIMULATE	StartAndBrake_SD2231_Lab1

SIM_END		StartAndBrake_SD2231_Lab1	0s	0m
APPLICATION	CarMaker 10.2.1 - Car_Generic #1267 (win64-10.2.1)
COMPILED	fh@obelix.ipg 2021-12-14 11:20:55
 
SIM_START	StartAndBrake_SD2231_Lab1	2023-04-19 13:45:09
TIME	0.000
SIMULATE	StartAndBrake_SD2231_Lab1

TIME	9.887
SIM_END		StartAndBrake_SD2231_Lab1	9.886s	144.928m
APPLICATION	CarMaker 10.2.1 - Car_Generic #1267 (win64-10.2.1)
COMPILED	fh@obelix.ipg 2021-12-14 11:20:55
 
SIM_START	StartAndBrake_SD2231_Lab1	2023-04-19 13:45:30
TIME	0.000
SIMULATE	StartAndBrake_SD2231_Lab1

TIME	9.887
SIM_END		StartAndBrake_SD2231_Lab1	9.886s	144.928m
APPLICATION	CarMaker 10.2.1 - Car_Generic #1267 (win64-10.2.1)
COMPILED	fh@obelix.ipg 2021-12-14 11:20:55
 
SIM_START	StartAndBrake_SD2231_Lab1	2023-04-19 14:18:27
TIME	0.000
SIMULATE	StartAndBrake_SD2231_Lab1

TIME	9.887
SIM_END		StartAndBrake_SD2231_Lab1	9.886s	144.928m
APPLICATION	CarMaker 10.2.1 - Car_Generic #1267 (win64-10.2.1)
COMPILED	fh@obelix.ipg 2021-12-14 11:20:55
 
SIM_START	StartAndBrake_SD2231_Lab1	2023-04-19 14:33:03
TIME	0.000
SIMULATE	StartAndBrake_SD2231_Lab1

TIME	9.887
SIM_END		StartAndBrake_SD2231_Lab1	9.886s	144.928m
APPLICATION	CarMaker 10.2.1 - Car_Generic #1267 (win64-10.2.1)
COMPILED	fh@obelix.ipg 2021-12-14 11:20:55
 
SIM_START	StartAndBrake_SD2231_Lab1	2023-04-19 14:33:38
TIME	0.000
SIMULATE	StartAndBrake_SD2231_Lab1

TIME	9.887
SIM_END		StartAndBrake_SD2231_Lab1	9.886s	144.928m
APPLICATION	CarMaker 10.2.1 - Car_Generic #1267 (win64-10.2.1)
COMPILED	fh@obelix.ipg 2021-12-14 11:20:55
 
SIM_START	StartAndBrake_SD2231_Lab1	2023-04-19 14:50:38
TIME	0.000
SIMULATE	StartAndBrake_SD2231_Lab1

TIME	10.024
SIM_END		StartAndBrake_SD2231_Lab1	10.023s	151.53m
APPLICATION	CarMaker 10.2.1 - Car_Generic #1267 (win64-10.2.1)
COMPILED	fh@obelix.ipg 2021-12-14 11:20:55
 
SIM_START	StartAndBrake_SD2231_Lab1	2023-04-19 14:55:56
TIME	0.000
SIMULATE	StartAndBrake_SD2231_Lab1

TIME	9.887
SIM_END		StartAndBrake_SD2231_Lab1	9.886s	144.928m
APPLICATION	CarMaker 10.2.1 - Car_Generic #1267 (win64-10.2.1)
COMPILED	fh@obelix.ipg 2021-12-14 11:20:55
 
SIM_START	StartAndBrake_SD2231_Lab1	2023-04-19 14:57:19
TIME	0.000
SIMULATE	StartAndBrake_SD2231_Lab1

TIME	27.382
SIM_END		StartAndBrake_SD2231_Lab1	27.381s	522.63m
APPLICATION	CarMaker 10.2.1 - Car_Generic #1267 (win64-10.2.1)
COMPILED	fh@obelix.ipg 2021-12-14 11:20:55
 
SIM_START	StartAndBrake_SD2231_Lab1	2023-04-19 14:58:44
TIME	0.000
SIMULATE	StartAndBrake_SD2231_Lab1

TIME	27.382
SIM_END		StartAndBrake_SD2231_Lab1	27.381s	522.63m
APPLICATION	CarMaker 10.2.1 - Car_Generic #1267 (win64-10.2.1)
COMPILED	fh@obelix.ipg 2021-12-14 11:20:55
 
SIM_START	StartAndBrake_SD2231_Lab1	2023-04-19 15:01:31
TIME	0.000
SIMULATE	StartAndBrake_SD2231_Lab1

TIME	19.927
ERROR		Wheelspeed too high of tire 2: +3600.020
SIM_ABORT	StartAndBrake_SD2231_Lab1	19.929s	815.859m
APPLICATION	CarMaker 10.2.1 - Car_Generic #1267 (win64-10.2.1)
COMPILED	fh@obelix.ipg 2021-12-14 11:20:55
 
SIM_START	StartAndBrake_SD2231_Lab1	2023-04-19 15:02:49
TIME	0.000
SIMULATE	StartAndBrake_SD2231_Lab1

TIME	41.003
SIM_END		StartAndBrake_SD2231_Lab1	41.002s	624.12m
APPLICATION	CarMaker 10.2.1 - Car_Generic #1267 (win64-10.2.1)
COMPILED	fh@obelix.ipg 2021-12-14 11:20:55
 
SIM_START	StartAndBrake_SD2231_Lab1	2023-04-19 15:06:15
TIME	0.000
SIMULATE	StartAndBrake_SD2231_Lab1

TIME	41.003
SIM_END		StartAndBrake_SD2231_Lab1	41.002s	624.12m
APPLICATION	CarMaker 10.2.1 - Car_Generic #1267 (win64-10.2.1)
COMPILED	fh@obelix.ipg 2021-12-14 11:20:55
 
SIM_START	StartAndBrake_SD2231_Lab1	2023-04-19 15:08:58
TIME	0.000
SIMULATE	StartAndBrake_SD2231_Lab1

TIME	19.927
ERROR		Wheelspeed too high of tire 2: +3600.020
SIM_ABORT	StartAndBrake_SD2231_Lab1	19.929s	815.859m
APPLICATION	CarMaker 10.2.1 - Car_Generic #1267 (win64-10.2.1)
COMPILED	fh@obelix.ipg 2021-12-14 11:20:55
 
SIM_START	StartAndBrake_SD2231_Lab1	2023-04-19 15:12:33
TIME	0.000
SIMULATE	StartAndBrake_SD2231_Lab1

TIME	10.156
SIM_END		StartAndBrake_SD2231_Lab1	10.155s	150.997m
APPLICATION	CarMaker 10.2.1 - Car_Generic #1267 (win64-10.2.1)
COMPILED	fh@obelix.ipg 2021-12-14 11:20:55
 
SIM_START	StartAndBrake_SD2231_Lab1	2023-04-19 15:13:19
TIME	0.000
SIMULATE	StartAndBrake_SD2231_Lab1

TIME	10.156
SIM_END		StartAndBrake_SD2231_Lab1	10.155s	150.997m
APPLICATION	CarMaker 10.2.1 - Car_Generic #1267 (win64-10.2.1)
COMPILED	fh@obelix.ipg 2021-12-14 11:20:55
 
SIM_START	StartAndBrake_SD2231_Lab1	2023-04-19 15:14:27
TIME	0.000
SIMULATE	StartAndBrake_SD2231_Lab1

TIME	19.927
ERROR		Wheelspeed too high of tire 2: +3600.020
SIM_ABORT	StartAndBrake_SD2231_Lab1	19.929s	815.859m
APPLICATION	CarMaker 10.2.1 - Car_Generic #1267 (win64-10.2.1)
COMPILED	fh@obelix.ipg 2021-12-14 11:20:55
 
SIM_START	StartAndBrake_SD2231_Lab1	2023-04-19 15:24:02
TIME	0.000
SIMULATE	StartAndBrake_SD2231_Lab1

TIME	10.024
SIM_END		StartAndBrake_SD2231_Lab1	10.023s	151.53m
APPLICATION	CarMaker 10.2.1 - Car_Generic #1267 (win64-10.2.1)
COMPILED	fh@obelix.ipg 2021-12-14 11:20:55
 
SIM_START	StartAndBrake_SD2231_Lab1	2023-04-19 15:30:22
TIME	0.000
SIMULATE	StartAndBrake_SD2231_Lab1

TIME	10.027
SIM_END		StartAndBrake_SD2231_Lab1	10.026s	151.476m
