APPLICATION	CarMaker 10.2.1 - Car_Generic #1267 (win64-10.2.1)
COMPILED	fh@obelix.ipg 2021-12-14 11:20:55
 
SIM_START	StartAndBrake_SD2231_Lab1	2023-04-20 09:18:15
TIME	0.000
SIMULATE	StartAndBrake_SD2231_Lab1

TIME	10.149
SIM_END		StartAndBrake_SD2231_Lab1	10.148s	153.154m
APPLICATION	CarMaker 10.2.1 - Car_Generic #1267 (win64-10.2.1)
COMPILED	fh@obelix.ipg 2021-12-14 11:20:55
 
SIM_START	StartAndBrake_SD2231_Lab1	2023-04-20 09:18:39
TIME	0.000
SIMULATE	StartAndBrake_SD2231_Lab1

TIME	10.149
SIM_END		StartAndBrake_SD2231_Lab1	10.148s	153.154m
APPLICATION	CarMaker 10.2.1 - Car_Generic #1267 (win64-10.2.1)
COMPILED	fh@obelix.ipg 2021-12-14 11:20:55
 
SIM_START	StartAndBrake_SD2231_Lab1	2023-04-20 10:29:52
TIME	0.000
SIMULATE	StartAndBrake_SD2231_Lab1

TIME	10.144
SIM_END		StartAndBrake_SD2231_Lab1	10.143s	153.204m
APPLICATION	CarMaker 10.2.1 - Car_Generic #1267 (win64-10.2.1)
COMPILED	fh@obelix.ipg 2021-12-14 11:20:55
 
SIM_START	StartAndBrake_SD2231_Lab1	2023-04-20 10:30:45
TIME	0.000
SIMULATE	StartAndBrake_SD2231_Lab1

TIME	10.139
SIM_END		StartAndBrake_SD2231_Lab1	10.138s	153.233m
APPLICATION	CarMaker 10.2.1 - Car_Generic #1267 (win64-10.2.1)
COMPILED	fh@obelix.ipg 2021-12-14 11:20:55
 
SIM_START	StartAndBrake_SD2231_Lab1	2023-04-20 10:33:25
TIME	0.000
SIMULATE	StartAndBrake_SD2231_Lab1

TIME	10.152
SIM_END		StartAndBrake_SD2231_Lab1	10.151s	153.159m
APPLICATION	CarMaker 10.2.1 - Car_Generic #1267 (win64-10.2.1)
COMPILED	fh@obelix.ipg 2021-12-14 11:20:55
 
SIM_START	StartAndBrake_SD2231_Lab1	2023-04-20 10:37:42
TIME	0.000
SIMULATE	StartAndBrake_SD2231_Lab1

TIME	10.149
SIM_END		StartAndBrake_SD2231_Lab1	10.148s	153.154m
APPLICATION	CarMaker 10.2.1 - Car_Generic #1267 (win64-10.2.1)
COMPILED	fh@obelix.ipg 2021-12-14 11:20:55
 
SIM_START	StartAndBrake_SD2231_Lab1	2023-04-20 10:39:11
TIME	0.000
SIMULATE	StartAndBrake_SD2231_Lab1

TIME	10.139
SIM_END		StartAndBrake_SD2231_Lab1	10.138s	153.233m
APPLICATION	CarMaker 10.2.1 - Car_Generic #1267 (win64-10.2.1)
COMPILED	fh@obelix.ipg 2021-12-14 11:20:55
 
SIM_START	StartAndBrake_SD2231_Lab1	2023-04-20 10:54:37
TIME	0.000
SIMULATE	StartAndBrake_SD2231_Lab1

TIME	9.979
SIM_END		StartAndBrake_SD2231_Lab1	9.978s	151.342m
APPLICATION	CarMaker 10.2.1 - Car_Generic #1267 (win64-10.2.1)
COMPILED	fh@obelix.ipg 2021-12-14 11:20:55
 
SIM_START	StartAndBrake_SD2231_Lab1	2023-04-20 11:08:37
TIME	0.000
SIMULATE	StartAndBrake_SD2231_Lab1

TIME	9.979
SIM_END		StartAndBrake_SD2231_Lab1	9.978s	151.342m
APPLICATION	CarMaker 10.2.1 - Car_Generic #1267 (win64-10.2.1)
COMPILED	fh@obelix.ipg 2021-12-14 11:20:55
 
SIM_START	StartAndBrake_SD2231_Lab1	2023-04-20 11:11:33
TIME	0.000
SIMULATE	StartAndBrake_SD2231_Lab1

TIME	9.979
SIM_END		StartAndBrake_SD2231_Lab1	9.978s	151.342m
APPLICATION	CarMaker 10.2.1 - Car_Generic #1267 (win64-10.2.1)
COMPILED	fh@obelix.ipg 2021-12-14 11:20:55
 
SIM_START	StartAndBrake_SD2231_Lab1	2023-04-20 11:12:57
TIME	0.000
SIMULATE	StartAndBrake_SD2231_Lab1

TIME	9.887
SIM_END		StartAndBrake_SD2231_Lab1	9.886s	144.928m
APPLICATION	CarMaker 10.2.1 - Car_Generic #1267 (win64-10.2.1)
COMPILED	fh@obelix.ipg 2021-12-14 11:20:55
 
SIM_START	StartAndBrake_SD2231_Lab1	2023-04-20 11:13:30
TIME	0.000
SIMULATE	StartAndBrake_SD2231_Lab1

TIME	9.887
SIM_END		StartAndBrake_SD2231_Lab1	9.886s	144.928m
APPLICATION	CarMaker 10.2.1 - Car_Generic #1267 (win64-10.2.1)
COMPILED	fh@obelix.ipg 2021-12-14 11:20:55
 
SIM_START	StartAndBrake_SD2231_Lab1	2023-04-20 11:14:25
TIME	0.000
SIMULATE	StartAndBrake_SD2231_Lab1

TIME	9.887
SIM_END		StartAndBrake_SD2231_Lab1	9.886s	144.928m
APPLICATION	CarMaker 10.2.1 - Car_Generic #1267 (win64-10.2.1)
COMPILED	fh@obelix.ipg 2021-12-14 11:20:55
 
SIM_START	StartAndBrake_SD2231_Lab1	2023-04-20 11:15:40
TIME	0.000
SIMULATE	StartAndBrake_SD2231_Lab1

TIME	9.887
SIM_END		StartAndBrake_SD2231_Lab1	9.886s	144.928m
APPLICATION	CarMaker 10.2.1 - Car_Generic #1267 (win64-10.2.1)
COMPILED	fh@obelix.ipg 2021-12-14 11:20:55
 
SIM_START	StartAndBrake_SD2231_Lab1	2023-04-20 11:17:06
TIME	0.000
SIMULATE	StartAndBrake_SD2231_Lab1

TIME	9.979
SIM_END		StartAndBrake_SD2231_Lab1	9.978s	151.342m
APPLICATION	CarMaker 10.2.1 - Car_Generic #1267 (win64-10.2.1)
COMPILED	fh@obelix.ipg 2021-12-14 11:20:55
 
SIM_START	StartAndBrake_SD2231_Lab1	2023-04-20 11:24:12
TIME	0.000
SIMULATE	StartAndBrake_SD2231_Lab1

TIME	9.979
SIM_END		StartAndBrake_SD2231_Lab1	9.978s	151.342m
APPLICATION	CarMaker 10.2.1 - Car_Generic #1267 (win64-10.2.1)
COMPILED	fh@obelix.ipg 2021-12-14 11:20:55
 
SIM_START	StartAndBrake_SD2231_Lab1	2023-04-20 11:24:47
TIME	0.000
SIMULATE	StartAndBrake_SD2231_Lab1

TIME	9.979
SIM_END		StartAndBrake_SD2231_Lab1	9.978s	151.342m
APPLICATION	CarMaker 10.2.1 - Car_Generic #1267 (win64-10.2.1)
COMPILED	fh@obelix.ipg 2021-12-14 11:20:55
 
SIM_START	StartAndBrake_SD2231_Lab1	2023-04-20 11:25:19
TIME	0.000
SIMULATE	StartAndBrake_SD2231_Lab1

TIME	9.887
SIM_END		StartAndBrake_SD2231_Lab1	9.886s	144.928m
