APPLICATION	CarMaker 10.2.1 - Car_Generic #1267 (win64-10.2.1)
COMPILED	fh@obelix.ipg 2021-12-14 11:20:55
 
SIM_START	StartAndBrake_SD2231_Lab1	2023-04-06 13:31:18
TIME	0.000
SIMULATE	StartAndBrake_SD2231_Lab1

TIME	11.045
SIM_END		StartAndBrake_SD2231_Lab1	11.044s	170.626m
APPLICATION	CarMaker 10.2.1 - Car_Generic #1267 (win64-10.2.1)
COMPILED	fh@obelix.ipg 2021-12-14 11:20:55
 
SIM_START	StartAndBrake_SD2231_Lab1	2023-04-06 13:32:03
TIME	0.000
SIMULATE	StartAndBrake_SD2231_Lab1

TIME	10.785
SIM_END		StartAndBrake_SD2231_Lab1	10.784s	166.622m
APPLICATION	CarMaker 10.2.1 - Car_Generic #1267 (win64-10.2.1)
COMPILED	fh@obelix.ipg 2021-12-14 11:20:55
 
SIM_START	StartAndBrake_SD2231_Lab1	2023-04-06 13:32:11
TIME	0.000
SIMULATE	StartAndBrake_SD2231_Lab1

TIME	10.785
SIM_END		StartAndBrake_SD2231_Lab1	10.784s	166.622m
APPLICATION	CarMaker 10.2.1 - Car_Generic #1267 (win64-10.2.1)
COMPILED	fh@obelix.ipg 2021-12-14 11:20:55
 
SIM_START	StartAndBrake_SD2231_Lab1	2023-04-06 13:32:53
TIME	0.000
SIMULATE	StartAndBrake_SD2231_Lab1

TIME	10.785
SIM_END		StartAndBrake_SD2231_Lab1	10.784s	166.622m
APPLICATION	CarMaker 10.2.1 - Car_Generic #1267 (win64-10.2.1)
COMPILED	fh@obelix.ipg 2021-12-14 11:20:55
 
SIM_START	StartAndBrake_SD2231_Lab1	2023-04-06 13:34:03
TIME	0.000
SIMULATE	StartAndBrake_SD2231_Lab1

TIME	10.785
SIM_END		StartAndBrake_SD2231_Lab1	10.784s	166.622m
APPLICATION	CarMaker 10.2.1 - Car_Generic #1267 (win64-10.2.1)
COMPILED	fh@obelix.ipg 2021-12-14 11:20:55
 
SIM_START	StartAndBrake_SD2231_Lab1	2023-04-06 13:43:04
TIME	0.000
SIMULATE	StartAndBrake_SD2231_Lab1

TIME	11.557
SIM_END		StartAndBrake_SD2231_Lab1	11.556s	170.318m
APPLICATION	CarMaker 10.2.1 - Car_Generic #1267 (win64-10.2.1)
COMPILED	fh@obelix.ipg 2021-12-14 11:20:55
 
SIM_START	StartAndBrake_SD2231_Lab1	2023-04-06 13:45:05
TIME	0.000
SIMULATE	StartAndBrake_SD2231_Lab1

TIME	17.415
SIM_END		StartAndBrake_SD2231_Lab1	17.414s	228.749m
APPLICATION	CarMaker 10.2.1 - Car_Generic #1267 (win64-10.2.1)
COMPILED	fh@obelix.ipg 2021-12-14 11:20:55
 
SIM_START	StartAndBrake_SD2231_Lab1	2023-04-06 13:49:38
TIME	0.000
SIMULATE	StartAndBrake_SD2231_Lab1

TIME	16.349
ERROR		Vehicle leaves road at about x=489.118, y=4.50478 TireNo=0
SIM_ABORT	StartAndBrake_SD2231_Lab1	16.351s	487.361m
APPLICATION	CarMaker 10.2.1 - Car_Generic #1267 (win64-10.2.1)
COMPILED	fh@obelix.ipg 2021-12-14 11:20:55
 
SIM_START	StartAndBrake_SD2231_Lab1	2023-04-06 13:50:45
TIME	0.000
SIMULATE	StartAndBrake_SD2231_Lab1

TIME	16.349
ERROR		Vehicle leaves road at about x=489.118, y=4.50478 TireNo=0
SIM_ABORT	StartAndBrake_SD2231_Lab1	16.351s	487.361m
APPLICATION	CarMaker 10.2.1 - Car_Generic #1267 (win64-10.2.1)
COMPILED	fh@obelix.ipg 2021-12-14 11:20:55
 
SIM_START	StartAndBrake_SD2231_Lab1	2023-04-06 13:53:44
TIME	0.000
SIMULATE	StartAndBrake_SD2231_Lab1

TIME	19.659
SIM_END		StartAndBrake_SD2231_Lab1	19.658s	284.443m
APPLICATION	CarMaker 10.2.1 - Car_Generic #1267 (win64-10.2.1)
COMPILED	fh@obelix.ipg 2021-12-14 11:20:55
 
SIM_START	StartAndBrake_SD2231_Lab1	2023-04-06 13:54:37
TIME	0.000
SIMULATE	StartAndBrake_SD2231_Lab1

TIME	18.128
SIM_END		StartAndBrake_SD2231_Lab1	18.127s	258.238m
APPLICATION	CarMaker 10.2.1 - Car_Generic #1267 (win64-10.2.1)
COMPILED	fh@obelix.ipg 2021-12-14 11:20:55
 
SIM_START	StartAndBrake_SD2231_Lab1	2023-04-06 14:04:20
TIME	0.000
SIMULATE	StartAndBrake_SD2231_Lab1

TIME	9.887
SIM_END		StartAndBrake_SD2231_Lab1	9.886s	144.928m
APPLICATION	CarMaker 10.2.1 - Car_Generic #1267 (win64-10.2.1)
COMPILED	fh@obelix.ipg 2021-12-14 11:20:55
 
SIM_START	StartAndBrake_SD2231_Lab1	2023-04-06 14:08:43
TIME	0.000
SIMULATE	StartAndBrake_SD2231_Lab1

TIME	9.887
SIM_END		StartAndBrake_SD2231_Lab1	9.886s	144.928m
APPLICATION	CarMaker 10.2.1 - Car_Generic #1267 (win64-10.2.1)
COMPILED	fh@obelix.ipg 2021-12-14 11:20:55
 
SIM_START	StartAndBrake_SD2231_Lab1	2023-04-06 14:16:12
TIME	0.000
SIMULATE	StartAndBrake_SD2231_Lab1

TIME	10.793
SIM_END		StartAndBrake_SD2231_Lab1	10.792s	166.59m
APPLICATION	CarMaker 10.2.1 - Car_Generic #1267 (win64-10.2.1)
COMPILED	fh@obelix.ipg 2021-12-14 11:20:55
 
SIM_START	StartAndBrake_SD2231_Lab1	2023-04-06 14:18:09
TIME	0.000
SIMULATE	StartAndBrake_SD2231_Lab1

TIME	10.797
SIM_END		StartAndBrake_SD2231_Lab1	10.796s	166.591m
APPLICATION	CarMaker 10.2.1 - Car_Generic #1267 (win64-10.2.1)
COMPILED	fh@obelix.ipg 2021-12-14 11:20:55
 
SIM_START	StartAndBrake_SD2231_Lab1	2023-04-06 14:20:15
TIME	0.000
SIMULATE	StartAndBrake_SD2231_Lab1

TIME	16.718
SIM_END		StartAndBrake_SD2231_Lab1	16.717s	232.007m
APPLICATION	CarMaker 10.2.1 - Car_Generic #1267 (win64-10.2.1)
COMPILED	fh@obelix.ipg 2021-12-14 11:20:55
 
SIM_START	StartAndBrake_SD2231_Lab1	2023-04-06 14:21:58
TIME	0.000
SIMULATE	StartAndBrake_SD2231_Lab1

TIME	10.858
SIM_END		StartAndBrake_SD2231_Lab1	10.857s	168.311m
APPLICATION	CarMaker 10.2.1 - Car_Generic #1267 (win64-10.2.1)
COMPILED	fh@obelix.ipg 2021-12-14 11:20:55
 
SIM_START	StartAndBrake_SD2231_Lab1	2023-04-06 14:22:36
TIME	0.000
SIMULATE	StartAndBrake_SD2231_Lab1

TIME	11.150
SIM_END		StartAndBrake_SD2231_Lab1	11.149s	169.74m
APPLICATION	CarMaker 10.2.1 - Car_Generic #1267 (win64-10.2.1)
COMPILED	fh@obelix.ipg 2021-12-14 11:20:55
 
SIM_START	StartAndBrake_SD2231_Lab1	2023-04-06 14:23:54
TIME	0.000
SIMULATE	StartAndBrake_SD2231_Lab1

TIME	11.707
SIM_END		StartAndBrake_SD2231_Lab1	11.706s	176.447m
APPLICATION	CarMaker 10.2.1 - Car_Generic #1267 (win64-10.2.1)
COMPILED	fh@obelix.ipg 2021-12-14 11:20:55
 
SIM_START	StartAndBrake_SD2231_Lab1	2023-04-06 14:25:02
TIME	0.000
SIMULATE	StartAndBrake_SD2231_Lab1

TIME	12.537
ERROR		Wheelspeed too high of tire 0: -4226.683
SIM_ABORT	StartAndBrake_SD2231_Lab1	12.539s	179.35m
APPLICATION	CarMaker 10.2.1 - Car_Generic #1267 (win64-10.2.1)
COMPILED	fh@obelix.ipg 2021-12-14 11:20:55
 
SIM_START	StartAndBrake_SD2231_Lab1	2023-04-06 14:25:32
TIME	0.000
SIMULATE	StartAndBrake_SD2231_Lab1

TIME	11.707
SIM_END		StartAndBrake_SD2231_Lab1	11.706s	176.447m
APPLICATION	CarMaker 10.2.1 - Car_Generic #1267 (win64-10.2.1)
COMPILED	fh@obelix.ipg 2021-12-14 11:20:55
 
SIM_START	StartAndBrake_SD2231_Lab1	2023-04-06 14:25:55
TIME	0.000
SIMULATE	StartAndBrake_SD2231_Lab1

TIME	12.537
ERROR		Wheelspeed too high of tire 0: -4226.683
SIM_ABORT	StartAndBrake_SD2231_Lab1	12.539s	179.35m
APPLICATION	CarMaker 10.2.1 - Car_Generic #1267 (win64-10.2.1)
COMPILED	fh@obelix.ipg 2021-12-14 11:20:55
 
SIM_START	StartAndBrake_SD2231_Lab1	2023-04-06 14:29:52
TIME	0.000
SIMULATE	StartAndBrake_SD2231_Lab1

ERROR		Wheelspeed too high of tire 0: -4793.140
SIM_ABORT	StartAndBrake_SD2231_Lab1	0.4s	0.0670745m
APPLICATION	CarMaker 10.2.1 - Car_Generic #1267 (win64-10.2.1)
COMPILED	fh@obelix.ipg 2021-12-14 11:20:55
 
SIM_START	StartAndBrake_SD2231_Lab1	2023-04-06 14:31:36
TIME	0.000
SIMULATE	StartAndBrake_SD2231_Lab1

TIME	9.887
SIM_END		StartAndBrake_SD2231_Lab1	9.886s	144.928m
APPLICATION	CarMaker 10.2.1 - Car_Generic #1267 (win64-10.2.1)
COMPILED	fh@obelix.ipg 2021-12-14 11:20:55
 
SIM_START	StartAndBrake_SD2231_Lab1	2023-04-06 14:32:12
TIME	0.000
SIMULATE	StartAndBrake_SD2231_Lab1

TIME	10.793
SIM_END		StartAndBrake_SD2231_Lab1	10.792s	166.59m
APPLICATION	CarMaker 10.2.1 - Car_Generic #1267 (win64-10.2.1)
COMPILED	fh@obelix.ipg 2021-12-14 11:20:55
 
SIM_START	StartAndBrake_SD2231_Lab1	2023-04-06 14:34:39
TIME	0.000
SIMULATE	StartAndBrake_SD2231_Lab1

TIME	10.793
SIM_END		StartAndBrake_SD2231_Lab1	10.792s	166.59m
APPLICATION	CarMaker 10.2.1 - Car_Generic #1267 (win64-10.2.1)
COMPILED	fh@obelix.ipg 2021-12-14 11:20:55
 
SIM_START	StartAndBrake_SD2231_Lab1	2023-04-06 14:34:53
TIME	0.000
SIMULATE	StartAndBrake_SD2231_Lab1

TIME	10.770
SIM_END		StartAndBrake_SD2231_Lab1	10.769s	166.506m
APPLICATION	CarMaker 10.2.1 - Car_Generic #1267 (win64-10.2.1)
COMPILED	fh@obelix.ipg 2021-12-14 11:20:55
 
SIM_START	StartAndBrake_SD2231_Lab1	2023-04-06 14:36:34
TIME	0.000
SIMULATE	StartAndBrake_SD2231_Lab1

TIME	10.781
SIM_END		StartAndBrake_SD2231_Lab1	10.78s	166.682m
APPLICATION	CarMaker 10.2.1 - Car_Generic #1267 (win64-10.2.1)
COMPILED	fh@obelix.ipg 2021-12-14 11:20:55
 
SIM_START	StartAndBrake_SD2231_Lab1	2023-04-06 14:37:06
TIME	0.000
SIMULATE	StartAndBrake_SD2231_Lab1

TIME	10.781
SIM_END		StartAndBrake_SD2231_Lab1	10.78s	166.682m
APPLICATION	CarMaker 10.2.1 - Car_Generic #1267 (win64-10.2.1)
COMPILED	fh@obelix.ipg 2021-12-14 11:20:55
 
SIM_START	StartAndBrake_SD2231_Lab1	2023-04-06 14:37:35
TIME	0.000
SIMULATE	StartAndBrake_SD2231_Lab1

TIME	11.706
SIM_END		StartAndBrake_SD2231_Lab1	11.705s	176.646m
APPLICATION	CarMaker 10.2.1 - Car_Generic #1267 (win64-10.2.1)
COMPILED	fh@obelix.ipg 2021-12-14 11:20:55
 
SIM_START	StartAndBrake_SD2231_Lab1	2023-04-06 14:38:04
TIME	0.000
SIMULATE	StartAndBrake_SD2231_Lab1

TIME	11.671
SIM_END		StartAndBrake_SD2231_Lab1	11.67s	176.256m
APPLICATION	CarMaker 10.2.1 - Car_Generic #1267 (win64-10.2.1)
COMPILED	fh@obelix.ipg 2021-12-14 11:20:55
 
SIM_START	StartAndBrake_SD2231_Lab1	2023-04-06 14:38:23
TIME	0.000
SIMULATE	StartAndBrake_SD2231_Lab1

TIME	11.543
SIM_END		StartAndBrake_SD2231_Lab1	11.542s	174.82m
APPLICATION	CarMaker 10.2.1 - Car_Generic #1267 (win64-10.2.1)
COMPILED	fh@obelix.ipg 2021-12-14 11:20:55
 
SIM_START	StartAndBrake_SD2231_Lab1	2023-04-06 14:38:52
TIME	0.000
SIMULATE	StartAndBrake_SD2231_Lab1

TIME	11.305
SIM_END		StartAndBrake_SD2231_Lab1	11.304s	172.125m
APPLICATION	CarMaker 10.2.1 - Car_Generic #1267 (win64-10.2.1)
COMPILED	fh@obelix.ipg 2021-12-14 11:20:55
 
SIM_START	StartAndBrake_SD2231_Lab1	2023-04-06 14:39:15
TIME	0.000
SIMULATE	StartAndBrake_SD2231_Lab1

TIME	11.412
SIM_END		StartAndBrake_SD2231_Lab1	11.411s	173.365m
APPLICATION	CarMaker 10.2.1 - Car_Generic #1267 (win64-10.2.1)
COMPILED	fh@obelix.ipg 2021-12-14 11:20:55
 
SIM_START	StartAndBrake_SD2231_Lab1	2023-04-06 14:40:16
TIME	0.000
SIMULATE	StartAndBrake_SD2231_Lab1

TIME	11.473
SIM_END		StartAndBrake_SD2231_Lab1	11.472s	174.031m
APPLICATION	CarMaker 10.2.1 - Car_Generic #1267 (win64-10.2.1)
COMPILED	fh@obelix.ipg 2021-12-14 11:20:55
 
SIM_START	StartAndBrake_SD2231_Lab1	2023-04-06 14:40:57
TIME	0.000
SIMULATE	StartAndBrake_SD2231_Lab1

TIME	10.745
SIM_END		StartAndBrake_SD2231_Lab1	10.744s	166.044m
APPLICATION	CarMaker 10.2.1 - Car_Generic #1267 (win64-10.2.1)
COMPILED	fh@obelix.ipg 2021-12-14 11:20:55
 
SIM_START	StartAndBrake_SD2231_Lab1	2023-04-06 14:41:18
TIME	0.000
SIMULATE	StartAndBrake_SD2231_Lab1

TIME	10.753
SIM_END		StartAndBrake_SD2231_Lab1	10.752s	166.196m
APPLICATION	CarMaker 10.2.1 - Car_Generic #1267 (win64-10.2.1)
COMPILED	fh@obelix.ipg 2021-12-14 11:20:55
 
SIM_START	StartAndBrake_SD2231_Lab1	2023-04-06 14:41:39
TIME	0.000
SIMULATE	StartAndBrake_SD2231_Lab1

TIME	10.759
SIM_END		StartAndBrake_SD2231_Lab1	10.758s	166.281m
APPLICATION	CarMaker 10.2.1 - Car_Generic #1267 (win64-10.2.1)
COMPILED	fh@obelix.ipg 2021-12-14 11:20:55
 
SIM_START	StartAndBrake_SD2231_Lab1	2023-04-06 14:42:11
TIME	0.000
SIMULATE	StartAndBrake_SD2231_Lab1

TIME	10.773
SIM_END		StartAndBrake_SD2231_Lab1	10.772s	166.381m
APPLICATION	CarMaker 10.2.1 - Car_Generic #1267 (win64-10.2.1)
COMPILED	fh@obelix.ipg 2021-12-14 11:20:55
 
SIM_START	StartAndBrake_SD2231_Lab1	2023-04-06 14:42:38
TIME	0.000
SIMULATE	StartAndBrake_SD2231_Lab1

TIME	10.767
SIM_END		StartAndBrake_SD2231_Lab1	10.766s	166.355m
APPLICATION	CarMaker 10.2.1 - Car_Generic #1267 (win64-10.2.1)
COMPILED	fh@obelix.ipg 2021-12-14 11:20:55
 
SIM_START	StartAndBrake_SD2231_Lab1	2023-04-06 14:46:07
TIME	0.000
SIMULATE	StartAndBrake_SD2231_Lab1

TIME	10.767
SIM_END		StartAndBrake_SD2231_Lab1	10.766s	166.355m
APPLICATION	CarMaker 10.2.1 - Car_Generic #1267 (win64-10.2.1)
COMPILED	fh@obelix.ipg 2021-12-14 11:20:55
 
SIM_START	StartAndBrake_SD2231_Lab1	2023-04-06 14:52:04
TIME	0.000
SIMULATE	StartAndBrake_SD2231_Lab1

TIME	11.239
SIM_END		StartAndBrake_SD2231_Lab1	11.238s	172.319m
APPLICATION	CarMaker 10.2.1 - Car_Generic #1267 (win64-10.2.1)
COMPILED	fh@obelix.ipg 2021-12-14 11:20:55
 
SIM_START	StartAndBrake_SD2231_Lab1	2023-04-06 14:53:32
TIME	0.000
SIMULATE	StartAndBrake_SD2231_Lab1

TIME	10.701
SIM_END		StartAndBrake_SD2231_Lab1	10.7s	165.558m
APPLICATION	CarMaker 10.2.1 - Car_Generic #1267 (win64-10.2.1)
COMPILED	fh@obelix.ipg 2021-12-14 11:20:55
 
SIM_START	StartAndBrake_SD2231_Lab1	2023-04-06 14:55:34
TIME	0.000
SIMULATE	StartAndBrake_SD2231_Lab1

TIME	11.305
SIM_END		StartAndBrake_SD2231_Lab1	11.304s	172.125m
APPLICATION	CarMaker 10.2.1 - Car_Generic #1267 (win64-10.2.1)
COMPILED	fh@obelix.ipg 2021-12-14 11:20:55
 
SIM_START	StartAndBrake_SD2231_Lab1	2023-04-06 14:56:32
TIME	0.000
SIMULATE	StartAndBrake_SD2231_Lab1

TIME	11.058
ERROR		Wheelspeed too high of tire 0: -5030.964
SIM_ABORT	StartAndBrake_SD2231_Lab1	11.06s	170.039m
APPLICATION	CarMaker 10.2.1 - Car_Generic #1267 (win64-10.2.1)
COMPILED	fh@obelix.ipg 2021-12-14 11:20:55
 
SIM_START	StartAndBrake_SD2231_Lab1	2023-04-06 14:58:10
TIME	0.000
SIMULATE	StartAndBrake_SD2231_Lab1

TIME	10.893
ERROR		Wheelspeed too high of tire 0: -3884.520
SIM_ABORT	StartAndBrake_SD2231_Lab1	10.895s	167.722m
APPLICATION	CarMaker 10.2.1 - Car_Generic #1267 (win64-10.2.1)
COMPILED	fh@obelix.ipg 2021-12-14 11:20:55
 
SIM_START	StartAndBrake_SD2231_Lab1	2023-04-06 14:59:02
TIME	0.000
SIMULATE	StartAndBrake_SD2231_Lab1

TIME	10.874
ERROR		Wheelspeed too high of tire 0: -4297.440
SIM_ABORT	StartAndBrake_SD2231_Lab1	10.876s	166.37m
APPLICATION	CarMaker 10.2.1 - Car_Generic #1267 (win64-10.2.1)
COMPILED	fh@obelix.ipg 2021-12-14 11:20:55
 
SIM_START	StartAndBrake_SD2231_Lab1	2023-04-06 14:59:49
TIME	0.000
SIMULATE	StartAndBrake_SD2231_Lab1

TIME	10.998
ERROR		Wheelspeed too high of tire 0: -4779.977
SIM_ABORT	StartAndBrake_SD2231_Lab1	11s	166.933m
APPLICATION	CarMaker 10.2.1 - Car_Generic #1267 (win64-10.2.1)
COMPILED	fh@obelix.ipg 2021-12-14 11:20:55
 
SIM_START	StartAndBrake_SD2231_Lab1	2023-04-06 15:00:26
TIME	0.000
SIMULATE	StartAndBrake_SD2231_Lab1

TIME	11.193
ERROR		Wheelspeed too high of tire 0: -5000.118
SIM_ABORT	StartAndBrake_SD2231_Lab1	11.195s	167.106m
APPLICATION	CarMaker 10.2.1 - Car_Generic #1267 (win64-10.2.1)
COMPILED	fh@obelix.ipg 2021-12-14 11:20:55
 
SIM_START	StartAndBrake_SD2231_Lab1	2023-04-06 15:02:45
TIME	0.000
SIMULATE	StartAndBrake_SD2231_Lab1

TIME	10.698
SIM_END		StartAndBrake_SD2231_Lab1	10.697s	165.459m
APPLICATION	CarMaker 10.2.1 - Car_Generic #1267 (win64-10.2.1)
COMPILED	fh@obelix.ipg 2021-12-14 11:20:55
 
SIM_START	StartAndBrake_SD2231_Lab1	2023-04-06 15:02:51
TIME	0.000
SIMULATE	StartAndBrake_SD2231_Lab1

TIME	10.698
SIM_END		StartAndBrake_SD2231_Lab1	10.697s	165.459m
APPLICATION	CarMaker 10.2.1 - Car_Generic #1267 (win64-10.2.1)
COMPILED	fh@obelix.ipg 2021-12-14 11:20:55
 
SIM_START	StartAndBrake_SD2231_Lab1	2023-04-06 15:06:36
TIME	0.000
SIMULATE	StartAndBrake_SD2231_Lab1

TIME	10.700
SIM_END		StartAndBrake_SD2231_Lab1	10.699s	165.469m
APPLICATION	CarMaker 10.2.1 - Car_Generic #1267 (win64-10.2.1)
COMPILED	fh@obelix.ipg 2021-12-14 11:20:55
 
SIM_START	StartAndBrake_SD2231_Lab1	2023-04-06 15:10:03
TIME	0.000
SIMULATE	StartAndBrake_SD2231_Lab1

TIME	10.698
SIM_END		StartAndBrake_SD2231_Lab1	10.697s	165.468m
