APPLICATION	CarMaker 10.2.1 - Car_Generic #1267 (win64-10.2.1)
COMPILED	fh@obelix.ipg 2021-12-14 11:20:55
 
SIM_START	StartAndBrake_SD2231_Lab1	2023-04-18 15:37:58
TIME	0.000
SIMULATE	StartAndBrake_SD2231_Lab1

TIME	12.559
SIM_END		StartAndBrake_SD2231_Lab1	12.558s	162.838m
APPLICATION	CarMaker 10.2.1 - Car_Generic #1267 (win64-10.2.1)
COMPILED	fh@obelix.ipg 2021-12-14 11:20:55
 
SIM_START	StartAndBrake_SD2231_Lab1	2023-04-18 15:45:24
TIME	0.000
SIMULATE	StartAndBrake_SD2231_Lab1

TIME	12.562
SIM_END		StartAndBrake_SD2231_Lab1	12.561s	162.841m
APPLICATION	CarMaker 10.2.1 - Car_Generic #1267 (win64-10.2.1)
COMPILED	fh@obelix.ipg 2021-12-14 11:20:55
 
SIM_START	StartAndBrake_SD2231_Lab1	2023-04-18 15:46:23
TIME	0.000
SIMULATE	StartAndBrake_SD2231_Lab1

TIME	12.759
SIM_END		StartAndBrake_SD2231_Lab1	12.758s	163.792m
APPLICATION	CarMaker 10.2.1 - Car_Generic #1267 (win64-10.2.1)
COMPILED	fh@obelix.ipg 2021-12-14 11:20:55
 
SIM_START	StartAndBrake_SD2231_Lab1	2023-04-18 15:49:31
TIME	0.000
SIMULATE	StartAndBrake_SD2231_Lab1

TIME	12.755
SIM_END		StartAndBrake_SD2231_Lab1	12.754s	163.676m
APPLICATION	CarMaker 10.2.1 - Car_Generic #1267 (win64-10.2.1)
COMPILED	fh@obelix.ipg 2021-12-14 11:20:55
 
SIM_START	StartAndBrake_SD2231_Lab1	2023-04-18 15:50:18
TIME	0.000
SIMULATE	StartAndBrake_SD2231_Lab1

TIME	12.755
SIM_END		StartAndBrake_SD2231_Lab1	12.754s	163.676m
APPLICATION	CarMaker 10.2.1 - Car_Generic #1267 (win64-10.2.1)
COMPILED	fh@obelix.ipg 2021-12-14 11:20:55
 
SIM_START	StartAndBrake_SD2231_Lab1	2023-04-18 15:51:28
TIME	0.000
SIMULATE	StartAndBrake_SD2231_Lab1

TIME	12.755
SIM_END		StartAndBrake_SD2231_Lab1	12.754s	163.676m
APPLICATION	CarMaker 10.2.1 - Car_Generic #1267 (win64-10.2.1)
COMPILED	fh@obelix.ipg 2021-12-14 11:20:55
 
SIM_START	StartAndBrake_SD2231_Lab1	2023-04-18 15:57:32
TIME	0.000
SIMULATE	StartAndBrake_SD2231_Lab1

TIME	12.751
SIM_END		StartAndBrake_SD2231_Lab1	12.75s	163.636m
APPLICATION	CarMaker 10.2.1 - Car_Generic #1267 (win64-10.2.1)
COMPILED	fh@obelix.ipg 2021-12-14 11:20:55
 
SIM_START	StartAndBrake_SD2231_Lab1	2023-04-18 16:11:38
TIME	0.000
SIMULATE	StartAndBrake_SD2231_Lab1

TIME	9.989
SIM_END		StartAndBrake_SD2231_Lab1	9.988s	151.402m
APPLICATION	CarMaker 10.2.1 - Car_Generic #1267 (win64-10.2.1)
COMPILED	fh@obelix.ipg 2021-12-14 11:20:55
 
SIM_START	StartAndBrake_SD2231_Lab1	2023-04-18 16:12:20
TIME	0.000
SIMULATE	StartAndBrake_SD2231_Lab1

TIME	9.986
SIM_END		StartAndBrake_SD2231_Lab1	9.985s	151.38m
APPLICATION	CarMaker 10.2.1 - Car_Generic #1267 (win64-10.2.1)
COMPILED	fh@obelix.ipg 2021-12-14 11:20:55
 
SIM_START	StartAndBrake_SD2231_Lab1	2023-04-18 16:12:45
TIME	0.000
SIMULATE	StartAndBrake_SD2231_Lab1

TIME	9.984
SIM_END		StartAndBrake_SD2231_Lab1	9.983s	151.363m
APPLICATION	CarMaker 10.2.1 - Car_Generic #1267 (win64-10.2.1)
COMPILED	fh@obelix.ipg 2021-12-14 11:20:55
 
SIM_START	StartAndBrake_SD2231_Lab1	2023-04-18 16:13:39
TIME	0.000
SIMULATE	StartAndBrake_SD2231_Lab1

TIME	9.984
SIM_END		StartAndBrake_SD2231_Lab1	9.983s	151.363m
APPLICATION	CarMaker 10.2.1 - Car_Generic #1267 (win64-10.2.1)
COMPILED	fh@obelix.ipg 2021-12-14 11:20:55
 
SIM_START	StartAndBrake_SD2231_Lab1	2023-04-18 16:14:01
TIME	0.000
SIMULATE	StartAndBrake_SD2231_Lab1

TIME	9.984
SIM_END		StartAndBrake_SD2231_Lab1	9.983s	151.363m
APPLICATION	CarMaker 10.2.1 - Car_Generic #1267 (win64-10.2.1)
COMPILED	fh@obelix.ipg 2021-12-14 11:20:55
 
SIM_START	StartAndBrake_SD2231_Lab1	2023-04-18 16:24:44
TIME	0.000
SIMULATE	StartAndBrake_SD2231_Lab1

TIME	9.980
SIM_END		StartAndBrake_SD2231_Lab1	9.979s	151.355m
APPLICATION	CarMaker 10.2.1 - Car_Generic #1267 (win64-10.2.1)
COMPILED	fh@obelix.ipg 2021-12-14 11:20:55
 
SIM_START	StartAndBrake_SD2231_Lab1	2023-04-18 16:26:22
TIME	0.000
SIMULATE	StartAndBrake_SD2231_Lab1

TIME	9.979
SIM_END		StartAndBrake_SD2231_Lab1	9.978s	151.347m
APPLICATION	CarMaker 10.2.1 - Car_Generic #1267 (win64-10.2.1)
COMPILED	fh@obelix.ipg 2021-12-14 11:20:55
 
SIM_START	StartAndBrake_SD2231_Lab1	2023-04-18 16:26:46
TIME	0.000
SIMULATE	StartAndBrake_SD2231_Lab1

TIME	9.979
SIM_END		StartAndBrake_SD2231_Lab1	9.978s	151.341m
APPLICATION	CarMaker 10.2.1 - Car_Generic #1267 (win64-10.2.1)
COMPILED	fh@obelix.ipg 2021-12-14 11:20:55
 
SIM_START	StartAndBrake_SD2231_Lab1	2023-04-18 16:27:10
TIME	0.000
SIMULATE	StartAndBrake_SD2231_Lab1

TIME	9.979
SIM_END		StartAndBrake_SD2231_Lab1	9.978s	151.338m
APPLICATION	CarMaker 10.2.1 - Car_Generic #1267 (win64-10.2.1)
COMPILED	fh@obelix.ipg 2021-12-14 11:20:55
 
SIM_START	StartAndBrake_SD2231_Lab1	2023-04-18 16:28:39
TIME	0.000
SIMULATE	StartAndBrake_SD2231_Lab1

TIME	9.979
SIM_END		StartAndBrake_SD2231_Lab1	9.978s	151.342m
APPLICATION	CarMaker 10.2.1 - Car_Generic #1267 (win64-10.2.1)
COMPILED	fh@obelix.ipg 2021-12-14 11:20:55
 
SIM_START	StartAndBrake_SD2231_Lab1	2023-04-18 16:49:03
TIME	0.000
SIMULATE	StartAndBrake_SD2231_Lab1

TIME	9.979
SIM_END		StartAndBrake_SD2231_Lab1	9.978s	151.342m
APPLICATION	CarMaker 10.2.1 - Car_Generic #1267 (win64-10.2.1)
COMPILED	fh@obelix.ipg 2021-12-14 11:20:55
 
SIM_START	StartAndBrake_SD2231_Lab1	2023-04-18 16:53:11
TIME	0.000
SIMULATE	StartAndBrake_SD2231_Lab1

TIME	10.005
SIM_END		StartAndBrake_SD2231_Lab1	10.004s	151.641m
