APPLICATION	CarMaker 10.2.1 - Car_Generic #1267 (win64-10.2.1)
COMPILED	fh@obelix.ipg 2021-12-14 11:20:55
 
SIM_START	StartAndBrake_SD2231_Lab1	2023-04-13 11:39:51
TIME	0.000
SIMULATE	StartAndBrake_SD2231_Lab1

TIME	10.803
SIM_END		StartAndBrake_SD2231_Lab1	10.802s	163.112m
APPLICATION	CarMaker 10.2.1 - Car_Generic #1267 (win64-10.2.1)
COMPILED	fh@obelix.ipg 2021-12-14 11:20:55
 
SIM_START	StartAndBrake_SD2231_Lab1	2023-04-13 11:41:28
TIME	0.000
SIMULATE	StartAndBrake_SD2231_Lab1

TIME	10.803
SIM_END		StartAndBrake_SD2231_Lab1	10.802s	163.112m
APPLICATION	CarMaker 10.2.1 - Car_Generic #1267 (win64-10.2.1)
COMPILED	fh@obelix.ipg 2021-12-14 11:20:55
 
SIM_START	StartAndBrake_SD2231_Lab1	2023-04-13 11:41:47
TIME	0.000
SIMULATE	StartAndBrake_SD2231_Lab1

TIME	10.582
SIM_END		StartAndBrake_SD2231_Lab1	10.581s	160.626m
APPLICATION	CarMaker 10.2.1 - Car_Generic #1267 (win64-10.2.1)
COMPILED	fh@obelix.ipg 2021-12-14 11:20:55
 
SIM_START	StartAndBrake_SD2231_Lab1	2023-04-13 11:42:08
TIME	0.000
SIMULATE	StartAndBrake_SD2231_Lab1

TIME	10.187
SIM_END		StartAndBrake_SD2231_Lab1	10.186s	151.653m
APPLICATION	CarMaker 10.2.1 - Car_Generic #1267 (win64-10.2.1)
COMPILED	fh@obelix.ipg 2021-12-14 11:20:55
 
SIM_START	StartAndBrake_SD2231_Lab1	2023-04-13 11:45:02
TIME	0.000
SIMULATE	StartAndBrake_SD2231_Lab1

TIME	10.177
SIM_END		StartAndBrake_SD2231_Lab1	10.176s	151.606m
APPLICATION	CarMaker 10.2.1 - Car_Generic #1267 (win64-10.2.1)
COMPILED	fh@obelix.ipg 2021-12-14 11:20:55
 
SIM_START	StartAndBrake_SD2231_Lab1	2023-04-13 11:47:00
TIME	0.000
SIMULATE	StartAndBrake_SD2231_Lab1

TIME	10.177
SIM_END		StartAndBrake_SD2231_Lab1	10.176s	151.606m
APPLICATION	CarMaker 10.2.1 - Car_Generic #1267 (win64-10.2.1)
COMPILED	fh@obelix.ipg 2021-12-14 11:20:55
 
SIM_START	StartAndBrake_SD2231_Lab1	2023-04-13 11:49:24
TIME	0.000
SIMULATE	StartAndBrake_SD2231_Lab1

TIME	10.177
SIM_END		StartAndBrake_SD2231_Lab1	10.176s	151.606m
APPLICATION	CarMaker 10.2.1 - Car_Generic #1267 (win64-10.2.1)
COMPILED	fh@obelix.ipg 2021-12-14 11:20:55
 
SIM_START	StartAndBrake_SD2231_Lab1	2023-04-13 11:50:40
TIME	0.000
SIMULATE	StartAndBrake_SD2231_Lab1

TIME	9.981
SIM_END		StartAndBrake_SD2231_Lab1	9.98s	151.117m
APPLICATION	CarMaker 10.2.1 - Car_Generic #1267 (win64-10.2.1)
COMPILED	fh@obelix.ipg 2021-12-14 11:20:55
 
SIM_START	StartAndBrake_SD2231_Lab1	2023-04-13 11:54:38
TIME	0.000
SIMULATE	StartAndBrake_SD2231_Lab1

TIME	9.965
SIM_END		StartAndBrake_SD2231_Lab1	9.964s	151.068m
APPLICATION	CarMaker 10.2.1 - Car_Generic #1267 (win64-10.2.1)
COMPILED	fh@obelix.ipg 2021-12-14 11:20:55
 
SIM_START	StartAndBrake_SD2231_Lab1	2023-04-13 11:59:42
TIME	0.000
SIMULATE	StartAndBrake_SD2231_Lab1

TIME	9.983
SIM_END		StartAndBrake_SD2231_Lab1	9.982s	151.496m
APPLICATION	CarMaker 10.2.1 - Car_Generic #1267 (win64-10.2.1)
COMPILED	fh@obelix.ipg 2021-12-14 11:20:55
 
SIM_START	StartAndBrake_SD2231_Lab1	2023-04-13 12:01:52
TIME	0.000
SIMULATE	StartAndBrake_SD2231_Lab1

TIME	9.984
SIM_END		StartAndBrake_SD2231_Lab1	9.983s	151.511m
APPLICATION	CarMaker 10.2.1 - Car_Generic #1267 (win64-10.2.1)
COMPILED	fh@obelix.ipg 2021-12-14 11:20:55
 
SIM_START	StartAndBrake_SD2231_Lab1	2023-04-13 12:15:13
TIME	0.000
SIMULATE	StartAndBrake_SD2231_Lab1

TIME	9.887
SIM_END		StartAndBrake_SD2231_Lab1	9.886s	144.928m
APPLICATION	CarMaker 10.2.1 - Car_Generic #1267 (win64-10.2.1)
COMPILED	fh@obelix.ipg 2021-12-14 11:20:55
 
SIM_START	StartAndBrake_SD2231_Lab1	2023-04-13 12:19:25
TIME	0.000
SIMULATE	StartAndBrake_SD2231_Lab1

TIME	9.887
SIM_END		StartAndBrake_SD2231_Lab1	9.886s	144.928m
APPLICATION	CarMaker 10.2.1 - Car_Generic #1267 (win64-10.2.1)
COMPILED	fh@obelix.ipg 2021-12-14 11:20:55
 
SIM_START	StartAndBrake_SD2231_Lab1	2023-04-13 12:19:40
TIME	0.000
SIMULATE	StartAndBrake_SD2231_Lab1

TIME	10.187
SIM_END		StartAndBrake_SD2231_Lab1	10.186s	153.585m
APPLICATION	CarMaker 10.2.1 - Car_Generic #1267 (win64-10.2.1)
COMPILED	fh@obelix.ipg 2021-12-14 11:20:55
 
SIM_START	StartAndBrake_SD2231_Lab1	2023-04-13 12:20:49
TIME	0.000
SIMULATE	StartAndBrake_SD2231_Lab1

TIME	9.986
SIM_END		StartAndBrake_SD2231_Lab1	9.985s	151.547m
