APPLICATION	CarMaker 10.2.1 - Car_Generic #1267 (win64-10.2.1)
COMPILED	fh@obelix.ipg 2021-12-14 11:20:55
 
SIM_START	StartAndBrake_SD2231_Lab1	2023-04-17 21:58:05
TIME	0.000
SIMULATE	StartAndBrake_SD2231_Lab1

TIME	10.019
SIM_END		StartAndBrake_SD2231_Lab1	10.018s	151.547m
APPLICATION	CarMaker 10.2.1 - Car_Generic #1267 (win64-10.2.1)
COMPILED	fh@obelix.ipg 2021-12-14 11:20:55
 
SIM_START	StartAndBrake_SD2231_Lab1	2023-04-17 21:59:55
TIME	0.000
SIMULATE	StartAndBrake_SD2231_Lab1

TIME	10.038
SIM_END		StartAndBrake_SD2231_Lab1	10.037s	151.667m
APPLICATION	CarMaker 10.2.1 - Car_Generic #1267 (win64-10.2.1)
COMPILED	fh@obelix.ipg 2021-12-14 11:20:55
 
SIM_START	StartAndBrake_SD2231_Lab1	2023-04-17 22:00:34
TIME	0.000
SIMULATE	StartAndBrake_SD2231_Lab1

TIME	10.038
SIM_END		StartAndBrake_SD2231_Lab1	10.037s	151.667m
APPLICATION	CarMaker 10.2.1 - Car_Generic #1267 (win64-10.2.1)
COMPILED	fh@obelix.ipg 2021-12-14 11:20:55
 
SIM_START	StartAndBrake_SD2231_Lab1	2023-04-17 22:01:25
TIME	0.000
SIMULATE	StartAndBrake_SD2231_Lab1

TIME	10.066
SIM_END		StartAndBrake_SD2231_Lab1	10.065s	151.943m
APPLICATION	CarMaker 10.2.1 - Car_Generic #1267 (win64-10.2.1)
COMPILED	fh@obelix.ipg 2021-12-14 11:20:55
 
SIM_START	StartAndBrake_SD2231_Lab1	2023-04-17 22:02:14
TIME	0.000
SIMULATE	StartAndBrake_SD2231_Lab1

TIME	10.032
SIM_END		StartAndBrake_SD2231_Lab1	10.031s	151.672m
APPLICATION	CarMaker 10.2.1 - Car_Generic #1267 (win64-10.2.1)
COMPILED	fh@obelix.ipg 2021-12-14 11:20:55
 
SIM_START	StartAndBrake_SD2231_Lab1	2023-04-17 22:02:50
TIME	0.000
SIMULATE	StartAndBrake_SD2231_Lab1

TIME	10.032
SIM_END		StartAndBrake_SD2231_Lab1	10.031s	151.672m
APPLICATION	CarMaker 10.2.1 - Car_Generic #1267 (win64-10.2.1)
COMPILED	fh@obelix.ipg 2021-12-14 11:20:55
 
SIM_START	StartAndBrake_SD2231_Lab1	2023-04-17 22:08:25
TIME	0.000
SIMULATE	StartAndBrake_SD2231_Lab1

TIME	10.038
SIM_END		StartAndBrake_SD2231_Lab1	10.037s	151.758m
APPLICATION	CarMaker 10.2.1 - Car_Generic #1267 (win64-10.2.1)
COMPILED	fh@obelix.ipg 2021-12-14 11:20:55
 
SIM_START	StartAndBrake_SD2231_Lab1	2023-04-17 22:10:17
TIME	0.000
SIMULATE	StartAndBrake_SD2231_Lab1

TIME	9.998
SIM_END		StartAndBrake_SD2231_Lab1	9.997s	151.576m
APPLICATION	CarMaker 10.2.1 - Car_Generic #1267 (win64-10.2.1)
COMPILED	fh@obelix.ipg 2021-12-14 11:20:55
 
SIM_START	StartAndBrake_SD2231_Lab1	2023-04-17 22:10:59
TIME	0.000
SIMULATE	StartAndBrake_SD2231_Lab1

TIME	10.000
SIM_END		StartAndBrake_SD2231_Lab1	9.999s	151.621m
APPLICATION	CarMaker 10.2.1 - Car_Generic #1267 (win64-10.2.1)
COMPILED	fh@obelix.ipg 2021-12-14 11:20:55
 
SIM_START	StartAndBrake_SD2231_Lab1	2023-04-17 22:11:23
TIME	0.000
SIMULATE	StartAndBrake_SD2231_Lab1

TIME	10.006
SIM_END		StartAndBrake_SD2231_Lab1	10.005s	151.591m
APPLICATION	CarMaker 10.2.1 - Car_Generic #1267 (win64-10.2.1)
COMPILED	fh@obelix.ipg 2021-12-14 11:20:55
 
SIM_START	StartAndBrake_SD2231_Lab1	2023-04-17 22:11:54
TIME	0.000
SIMULATE	StartAndBrake_SD2231_Lab1

TIME	9.998
SIM_END		StartAndBrake_SD2231_Lab1	9.997s	151.595m
APPLICATION	CarMaker 10.2.1 - Car_Generic #1267 (win64-10.2.1)
COMPILED	fh@obelix.ipg 2021-12-14 11:20:55
 
SIM_START	StartAndBrake_SD2231_Lab1	2023-04-17 22:13:24
TIME	0.000
SIMULATE	StartAndBrake_SD2231_Lab1

TIME	9.998
SIM_END		StartAndBrake_SD2231_Lab1	9.997s	151.595m
APPLICATION	CarMaker 10.2.1 - Car_Generic #1267 (win64-10.2.1)
COMPILED	fh@obelix.ipg 2021-12-14 11:20:55
 
SIM_START	StartAndBrake_SD2231_Lab1	2023-04-17 22:14:51
TIME	0.000
SIMULATE	StartAndBrake_SD2231_Lab1

TIME	9.998
SIM_END		StartAndBrake_SD2231_Lab1	9.997s	151.595m
APPLICATION	CarMaker 10.2.1 - Car_Generic #1267 (win64-10.2.1)
COMPILED	fh@obelix.ipg 2021-12-14 11:20:55
 
SIM_START	StartAndBrake_SD2231_Lab1	2023-04-17 22:15:38
TIME	0.000
SIMULATE	StartAndBrake_SD2231_Lab1

TIME	10.002
SIM_END		StartAndBrake_SD2231_Lab1	10.001s	151.62m
APPLICATION	CarMaker 10.2.1 - Car_Generic #1267 (win64-10.2.1)
COMPILED	fh@obelix.ipg 2021-12-14 11:20:55
 
SIM_START	StartAndBrake_SD2231_Lab1	2023-04-17 22:16:12
TIME	0.000
SIMULATE	StartAndBrake_SD2231_Lab1

TIME	10.044
SIM_END		StartAndBrake_SD2231_Lab1	10.043s	151.654m
APPLICATION	CarMaker 10.2.1 - Car_Generic #1267 (win64-10.2.1)
COMPILED	fh@obelix.ipg 2021-12-14 11:20:55
 
SIM_START	StartAndBrake_SD2231_Lab1	2023-04-17 22:19:36
TIME	0.000
SIMULATE	StartAndBrake_SD2231_Lab1

TIME	10.002
SIM_END		StartAndBrake_SD2231_Lab1	10.001s	151.622m
APPLICATION	CarMaker 10.2.1 - Car_Generic #1267 (win64-10.2.1)
COMPILED	fh@obelix.ipg 2021-12-14 11:20:55
 
SIM_START	StartAndBrake_SD2231_Lab1	2023-04-17 22:21:14
TIME	0.000
SIMULATE	StartAndBrake_SD2231_Lab1

TIME	9.978
SIM_END		StartAndBrake_SD2231_Lab1	9.977s	151.35m
APPLICATION	CarMaker 10.2.1 - Car_Generic #1267 (win64-10.2.1)
COMPILED	fh@obelix.ipg 2021-12-14 11:20:55
 
SIM_START	StartAndBrake_SD2231_Lab1	2023-04-17 22:21:48
TIME	0.000
SIMULATE	StartAndBrake_SD2231_Lab1

TIME	9.991
SIM_END		StartAndBrake_SD2231_Lab1	9.99s	151.399m
APPLICATION	CarMaker 10.2.1 - Car_Generic #1267 (win64-10.2.1)
COMPILED	fh@obelix.ipg 2021-12-14 11:20:55
 
SIM_START	StartAndBrake_SD2231_Lab1	2023-04-17 22:22:29
TIME	0.000
SIMULATE	StartAndBrake_SD2231_Lab1

TIME	9.986
SIM_END		StartAndBrake_SD2231_Lab1	9.985s	151.372m
