APPLICATION	CarMaker 10.2.1 - Car_Generic #1267 (win64-10.2.1)
COMPILED	fh@obelix.ipg 2021-12-14 11:20:55
 
SIM_START	StartAndBrake_SD2231_Lab1	2023-04-12 10:53:52
TIME	0.000
SIMULATE	StartAndBrake_SD2231_Lab1

TIME	10.698
SIM_END		StartAndBrake_SD2231_Lab1	10.697s	165.468m
APPLICATION	CarMaker 10.2.1 - Car_Generic #1267 (win64-10.2.1)
COMPILED	fh@obelix.ipg 2021-12-14 11:20:55
 
SIM_START	StartAndBrake_SD2231_Lab1	2023-04-12 10:58:28
TIME	0.000
SIMULATE	StartAndBrake_SD2231_Lab1

TIME	10.698
SIM_END		StartAndBrake_SD2231_Lab1	10.697s	165.468m
APPLICATION	CarMaker 10.2.1 - Car_Generic #1267 (win64-10.2.1)
COMPILED	fh@obelix.ipg 2021-12-14 11:20:55
 
SIM_START	StartAndBrake_SD2231_Lab1	2023-04-12 10:59:30
TIME	0.000
SIMULATE	StartAndBrake_SD2231_Lab1

TIME	10.698
SIM_END		StartAndBrake_SD2231_Lab1	10.697s	165.468m
APPLICATION	CarMaker 10.2.1 - Car_Generic #1267 (win64-10.2.1)
COMPILED	fh@obelix.ipg 2021-12-14 11:20:55
 
SIM_START	StartAndBrake_SD2231_Lab1	2023-04-12 11:00:52
TIME	0.000
SIMULATE	StartAndBrake_SD2231_Lab1

TIME	10.698
SIM_END		StartAndBrake_SD2231_Lab1	10.697s	165.468m
APPLICATION	CarMaker 10.2.1 - Car_Generic #1267 (win64-10.2.1)
COMPILED	fh@obelix.ipg 2021-12-14 11:20:55
 
SIM_START	StartAndBrake_SD2231_Lab1	2023-04-12 11:02:03
TIME	0.000
SIMULATE	StartAndBrake_SD2231_Lab1

TIME	10.698
SIM_END		StartAndBrake_SD2231_Lab1	10.697s	165.468m
APPLICATION	CarMaker 10.2.1 - Car_Generic #1267 (win64-10.2.1)
COMPILED	fh@obelix.ipg 2021-12-14 11:20:55
 
SIM_START	StartAndBrake_SD2231_Lab1	2023-04-12 11:06:47
TIME	0.000
SIMULATE	StartAndBrake_SD2231_Lab1

TIME	10.793
SIM_END		StartAndBrake_SD2231_Lab1	10.792s	166.59m
APPLICATION	CarMaker 10.2.1 - Car_Generic #1267 (win64-10.2.1)
COMPILED	fh@obelix.ipg 2021-12-14 11:20:55
 
SIM_START	StartAndBrake_SD2231_Lab1	2023-04-12 11:12:48
TIME	0.000
SIMULATE	StartAndBrake_SD2231_Lab1

TIME	10.698
SIM_END		StartAndBrake_SD2231_Lab1	10.697s	165.468m
APPLICATION	CarMaker 10.2.1 - Car_Generic #1267 (win64-10.2.1)
COMPILED	fh@obelix.ipg 2021-12-14 11:20:55
 
SIM_START	StartAndBrake_SD2231_Lab1	2023-04-12 11:22:13
TIME	0.000
SIMULATE	StartAndBrake_SD2231_Lab1

TIME	10.698
SIM_END		StartAndBrake_SD2231_Lab1	10.697s	165.468m
APPLICATION	CarMaker 10.2.1 - Car_Generic #1267 (win64-10.2.1)
COMPILED	fh@obelix.ipg 2021-12-14 11:20:55
 
SIM_START	StartAndBrake_SD2231_Lab1	2023-04-12 11:23:19
TIME	0.000
SIMULATE	StartAndBrake_SD2231_Lab1

TIME	10.698
SIM_END		StartAndBrake_SD2231_Lab1	10.697s	165.468m
APPLICATION	CarMaker 10.2.1 - Car_Generic #1267 (win64-10.2.1)
COMPILED	fh@obelix.ipg 2021-12-14 11:20:55
 
SIM_START	StartAndBrake_SD2231_Lab1	2023-04-12 11:24:00
TIME	0.000
SIMULATE	StartAndBrake_SD2231_Lab1

TIME	10.698
SIM_END		StartAndBrake_SD2231_Lab1	10.697s	165.468m
APPLICATION	CarMaker 10.2.1 - Car_Generic #1267 (win64-10.2.1)
COMPILED	fh@obelix.ipg 2021-12-14 11:20:55
 
SIM_START	StartAndBrake_SD2231_Lab1	2023-04-12 11:24:21
TIME	0.000
SIMULATE	StartAndBrake_SD2231_Lab1

TIME	10.698
SIM_END		StartAndBrake_SD2231_Lab1	10.697s	165.468m
APPLICATION	CarMaker 10.2.1 - Car_Generic #1267 (win64-10.2.1)
COMPILED	fh@obelix.ipg 2021-12-14 11:20:55
 
SIM_START	StartAndBrake_SD2231_Lab1	2023-04-12 11:24:37
TIME	0.000
SIMULATE	StartAndBrake_SD2231_Lab1

TIME	10.698
SIM_END		StartAndBrake_SD2231_Lab1	10.697s	165.468m
APPLICATION	CarMaker 10.2.1 - Car_Generic #1267 (win64-10.2.1)
COMPILED	fh@obelix.ipg 2021-12-14 11:20:55
 
SIM_START	StartAndBrake_SD2231_Lab1	2023-04-12 11:27:06
TIME	0.000
SIMULATE	StartAndBrake_SD2231_Lab1

TIME	10.705
SIM_END		StartAndBrake_SD2231_Lab1	10.704s	165.475m
APPLICATION	CarMaker 10.2.1 - Car_Generic #1267 (win64-10.2.1)
COMPILED	fh@obelix.ipg 2021-12-14 11:20:55
 
SIM_START	StartAndBrake_SD2231_Lab1	2023-04-12 11:30:37
TIME	0.000
SIMULATE	StartAndBrake_SD2231_Lab1

TIME	10.724
SIM_END		StartAndBrake_SD2231_Lab1	10.723s	165.493m
APPLICATION	CarMaker 10.2.1 - Car_Generic #1267 (win64-10.2.1)
COMPILED	fh@obelix.ipg 2021-12-14 11:20:55
 
SIM_START	StartAndBrake_SD2231_Lab1	2023-04-12 11:32:29
TIME	0.000
SIMULATE	StartAndBrake_SD2231_Lab1

TIME	10.724
SIM_END		StartAndBrake_SD2231_Lab1	10.723s	165.492m
APPLICATION	CarMaker 10.2.1 - Car_Generic #1267 (win64-10.2.1)
COMPILED	fh@obelix.ipg 2021-12-14 11:20:55
 
SIM_START	StartAndBrake_SD2231_Lab1	2023-04-12 11:47:09
TIME	0.000
SIMULATE	StartAndBrake_SD2231_Lab1

TIME	10.705
SIM_END		StartAndBrake_SD2231_Lab1	10.704s	165.613m
APPLICATION	CarMaker 10.2.1 - Car_Generic #1267 (win64-10.2.1)
COMPILED	fh@obelix.ipg 2021-12-14 11:20:55
 
SIM_START	StartAndBrake_SD2231_Lab1	2023-04-12 11:49:13
TIME	0.000
SIMULATE	StartAndBrake_SD2231_Lab1

TIME	10.895
SIM_END		StartAndBrake_SD2231_Lab1	10.894s	169.352m
APPLICATION	CarMaker 10.2.1 - Car_Generic #1267 (win64-10.2.1)
COMPILED	fh@obelix.ipg 2021-12-14 11:20:55
 
SIM_START	StartAndBrake_SD2231_Lab1	2023-04-12 11:49:38
TIME	0.000
SIMULATE	StartAndBrake_SD2231_Lab1

TIME	10.895
SIM_END		StartAndBrake_SD2231_Lab1	10.894s	169.352m
