APPLICATION	CarMaker 10.2.1 - Car_Generic #1267 (win64-10.2.1)
COMPILED	fh@obelix.ipg 2021-12-14 11:20:55
 
SIM_START	StartAndBrake_SD2231_Lab1	2023-04-13 10:10:14
TIME	0.000
SIMULATE	StartAndBrake_SD2231_Lab1

TIME	14.396
SIM_END		StartAndBrake_SD2231_Lab1	14.395s	232.595m
APPLICATION	CarMaker 10.2.1 - Car_Generic #1267 (win64-10.2.1)
COMPILED	fh@obelix.ipg 2021-12-14 11:20:55
 
SIM_START	StartAndBrake_SD2231_Lab1	2023-04-13 10:11:25
TIME	0.000
SIMULATE	StartAndBrake_SD2231_Lab1

TIME	11.273
SIM_END		StartAndBrake_SD2231_Lab1	11.272s	166.959m
APPLICATION	CarMaker 10.2.1 - Car_Generic #1267 (win64-10.2.1)
COMPILED	fh@obelix.ipg 2021-12-14 11:20:55
 
SIM_START	StartAndBrake_SD2231_Lab1	2023-04-13 10:18:23
TIME	0.000
SIMULATE	StartAndBrake_SD2231_Lab1

TIME	12.140
ERROR		Wheelspeed too high of tire 3: -3643.866
SIM_ABORT	StartAndBrake_SD2231_Lab1	12.142s	159.296m
APPLICATION	CarMaker 10.2.1 - Car_Generic #1267 (win64-10.2.1)
COMPILED	fh@obelix.ipg 2021-12-14 11:20:55
 
SIM_START	StartAndBrake_SD2231_Lab1	2023-04-13 10:19:41
TIME	0.000
SIMULATE	StartAndBrake_SD2231_Lab1

TIME	11.946
ERROR		Wheelspeed too high of tire 3: -3689.035
SIM_ABORT	StartAndBrake_SD2231_Lab1	11.948s	184.283m
APPLICATION	CarMaker 10.2.1 - Car_Generic #1267 (win64-10.2.1)
COMPILED	fh@obelix.ipg 2021-12-14 11:20:55
 
SIM_START	StartAndBrake_SD2231_Lab1	2023-04-13 10:21:16
TIME	0.000
SIMULATE	StartAndBrake_SD2231_Lab1

TIME	10.908
ERROR		Wheelspeed too high of tire 3: -3934.218
SIM_ABORT	StartAndBrake_SD2231_Lab1	10.91s	166.965m
APPLICATION	CarMaker 10.2.1 - Car_Generic #1267 (win64-10.2.1)
COMPILED	fh@obelix.ipg 2021-12-14 11:20:55
 
SIM_START	StartAndBrake_SD2231_Lab1	2023-04-13 10:21:41
TIME	0.000
SIMULATE	StartAndBrake_SD2231_Lab1

TIME	11.360
ERROR		Wheelspeed too high of tire 3: -3611.605
SIM_ABORT	StartAndBrake_SD2231_Lab1	11.362s	167.232m
APPLICATION	CarMaker 10.2.1 - Car_Generic #1267 (win64-10.2.1)
COMPILED	fh@obelix.ipg 2021-12-14 11:20:55
 
SIM_START	StartAndBrake_SD2231_Lab1	2023-04-13 10:22:25
TIME	0.000
SIMULATE	StartAndBrake_SD2231_Lab1

TIME	11.360
ERROR		Wheelspeed too high of tire 3: -3611.605
SIM_ABORT	StartAndBrake_SD2231_Lab1	11.362s	167.232m
APPLICATION	CarMaker 10.2.1 - Car_Generic #1267 (win64-10.2.1)
COMPILED	fh@obelix.ipg 2021-12-14 11:20:55
 
SIM_START	StartAndBrake_SD2231_Lab1	2023-04-13 10:23:15
TIME	0.000
SIMULATE	StartAndBrake_SD2231_Lab1

TIME	10.773
SIM_END		StartAndBrake_SD2231_Lab1	10.772s	164.209m
APPLICATION	CarMaker 10.2.1 - Car_Generic #1267 (win64-10.2.1)
COMPILED	fh@obelix.ipg 2021-12-14 11:20:55
 
SIM_START	StartAndBrake_SD2231_Lab1	2023-04-13 10:24:10
TIME	0.000
SIMULATE	StartAndBrake_SD2231_Lab1

TIME	10.191
SIM_END		StartAndBrake_SD2231_Lab1	10.19s	153.551m
APPLICATION	CarMaker 10.2.1 - Car_Generic #1267 (win64-10.2.1)
COMPILED	fh@obelix.ipg 2021-12-14 11:20:55
 
SIM_START	StartAndBrake_SD2231_Lab1	2023-04-13 10:28:30
TIME	0.000
SIMULATE	StartAndBrake_SD2231_Lab1

TIME	10.331
SIM_END		StartAndBrake_SD2231_Lab1	10.33s	153.908m
APPLICATION	CarMaker 10.2.1 - Car_Generic #1267 (win64-10.2.1)
COMPILED	fh@obelix.ipg 2021-12-14 11:20:55
 
SIM_START	StartAndBrake_SD2231_Lab1	2023-04-13 10:29:40
TIME	0.000
SIMULATE	StartAndBrake_SD2231_Lab1

TIME	10.347
SIM_END		StartAndBrake_SD2231_Lab1	10.346s	154.068m
APPLICATION	CarMaker 10.2.1 - Car_Generic #1267 (win64-10.2.1)
COMPILED	fh@obelix.ipg 2021-12-14 11:20:55
 
SIM_START	StartAndBrake_SD2231_Lab1	2023-04-13 10:34:36
TIME	0.000
SIMULATE	StartAndBrake_SD2231_Lab1

TIME	10.191
SIM_END		StartAndBrake_SD2231_Lab1	10.19s	153.551m
APPLICATION	CarMaker 10.2.1 - Car_Generic #1267 (win64-10.2.1)
COMPILED	fh@obelix.ipg 2021-12-14 11:20:55
 
SIM_START	StartAndBrake_SD2231_Lab1	2023-04-13 10:37:36
TIME	0.000
SIMULATE	StartAndBrake_SD2231_Lab1

TIME	9.887
SIM_END		StartAndBrake_SD2231_Lab1	9.886s	144.928m
APPLICATION	CarMaker 10.2.1 - Car_Generic #1267 (win64-10.2.1)
COMPILED	fh@obelix.ipg 2021-12-14 11:20:55
 
SIM_START	StartAndBrake_SD2231_Lab1	2023-04-13 10:40:06
TIME	0.000
SIMULATE	StartAndBrake_SD2231_Lab1

TIME	10.893
SIM_END		StartAndBrake_SD2231_Lab1	10.892s	166.583m
APPLICATION	CarMaker 10.2.1 - Car_Generic #1267 (win64-10.2.1)
COMPILED	fh@obelix.ipg 2021-12-14 11:20:55
 
SIM_START	StartAndBrake_SD2231_Lab1	2023-04-13 10:41:04
TIME	0.000
SIMULATE	StartAndBrake_SD2231_Lab1

TIME	10.807
SIM_END		StartAndBrake_SD2231_Lab1	10.806s	162.379m
APPLICATION	CarMaker 10.2.1 - Car_Generic #1267 (win64-10.2.1)
COMPILED	fh@obelix.ipg 2021-12-14 11:20:55
 
SIM_START	StartAndBrake_SD2231_Lab1	2023-04-13 10:42:39
TIME	0.000
SIMULATE	StartAndBrake_SD2231_Lab1

TIME	10.773
SIM_END		StartAndBrake_SD2231_Lab1	10.772s	164.209m
APPLICATION	CarMaker 10.2.1 - Car_Generic #1267 (win64-10.2.1)
COMPILED	fh@obelix.ipg 2021-12-14 11:20:55
 
SIM_START	StartAndBrake_SD2231_Lab1	2023-04-13 10:56:59
TIME	0.000
SIMULATE	StartAndBrake_SD2231_Lab1

TIME	11.149
SIM_END		StartAndBrake_SD2231_Lab1	11.148s	166.811m
APPLICATION	CarMaker 10.2.1 - Car_Generic #1267 (win64-10.2.1)
COMPILED	fh@obelix.ipg 2021-12-14 11:20:55
 
SIM_START	StartAndBrake_SD2231_Lab1	2023-04-13 10:57:53
TIME	0.000
SIMULATE	StartAndBrake_SD2231_Lab1

TIME	11.149
SIM_END		StartAndBrake_SD2231_Lab1	11.148s	166.811m
APPLICATION	CarMaker 10.2.1 - Car_Generic #1267 (win64-10.2.1)
COMPILED	fh@obelix.ipg 2021-12-14 11:20:55
 
SIM_START	StartAndBrake_SD2231_Lab1	2023-04-13 10:59:33
TIME	0.000
SIMULATE	StartAndBrake_SD2231_Lab1

TIME	10.721
SIM_END		StartAndBrake_SD2231_Lab1	10.72s	163.469m
APPLICATION	CarMaker 10.2.1 - Car_Generic #1267 (win64-10.2.1)
COMPILED	fh@obelix.ipg 2021-12-14 11:20:55
 
SIM_START	StartAndBrake_SD2231_Lab1	2023-04-13 11:02:19
TIME	0.000
SIMULATE	StartAndBrake_SD2231_Lab1

TIME	10.149
SIM_END		StartAndBrake_SD2231_Lab1	10.148s	152.86m
APPLICATION	CarMaker 10.2.1 - Car_Generic #1267 (win64-10.2.1)
COMPILED	fh@obelix.ipg 2021-12-14 11:20:55
 
SIM_START	StartAndBrake_SD2231_Lab1	2023-04-13 11:10:42
TIME	0.000
SIMULATE	StartAndBrake_SD2231_Lab1

TIME	10.133
SIM_END		StartAndBrake_SD2231_Lab1	10.132s	152.812m
APPLICATION	CarMaker 10.2.1 - Car_Generic #1267 (win64-10.2.1)
COMPILED	fh@obelix.ipg 2021-12-14 11:20:55
 
SIM_START	StartAndBrake_SD2231_Lab1	2023-04-13 11:16:00
TIME	0.000
SIMULATE	StartAndBrake_SD2231_Lab1

TIME	10.151
SIM_END		StartAndBrake_SD2231_Lab1	10.15s	153.219m
APPLICATION	CarMaker 10.2.1 - Car_Generic #1267 (win64-10.2.1)
COMPILED	fh@obelix.ipg 2021-12-14 11:20:55
 
SIM_START	StartAndBrake_SD2231_Lab1	2023-04-13 11:17:12
TIME	0.000
SIMULATE	StartAndBrake_SD2231_Lab1

TIME	10.385
SIM_END		StartAndBrake_SD2231_Lab1	10.384s	153.808m
APPLICATION	CarMaker 10.2.1 - Car_Generic #1267 (win64-10.2.1)
COMPILED	fh@obelix.ipg 2021-12-14 11:20:55
 
SIM_START	StartAndBrake_SD2231_Lab1	2023-04-13 11:18:15
TIME	0.000
SIMULATE	StartAndBrake_SD2231_Lab1

TIME	10.385
SIM_END		StartAndBrake_SD2231_Lab1	10.384s	153.808m
APPLICATION	CarMaker 10.2.1 - Car_Generic #1267 (win64-10.2.1)
COMPILED	fh@obelix.ipg 2021-12-14 11:20:55
 
SIM_START	StartAndBrake_SD2231_Lab1	2023-04-13 11:19:02
TIME	0.000
SIMULATE	StartAndBrake_SD2231_Lab1

TIME	10.218
SIM_END		StartAndBrake_SD2231_Lab1	10.217s	152.104m
APPLICATION	CarMaker 10.2.1 - Car_Generic #1267 (win64-10.2.1)
COMPILED	fh@obelix.ipg 2021-12-14 11:20:55
 
SIM_START	StartAndBrake_SD2231_Lab1	2023-04-13 11:20:47
TIME	0.000
SIMULATE	StartAndBrake_SD2231_Lab1

TIME	10.217
SIM_END		StartAndBrake_SD2231_Lab1	10.216s	152.089m
APPLICATION	CarMaker 10.2.1 - Car_Generic #1267 (win64-10.2.1)
COMPILED	fh@obelix.ipg 2021-12-14 11:20:55
 
SIM_START	StartAndBrake_SD2231_Lab1	2023-04-13 11:21:18
TIME	0.000
SIMULATE	StartAndBrake_SD2231_Lab1

TIME	10.385
SIM_END		StartAndBrake_SD2231_Lab1	10.384s	153.81m
APPLICATION	CarMaker 10.2.1 - Car_Generic #1267 (win64-10.2.1)
COMPILED	fh@obelix.ipg 2021-12-14 11:20:55
 
SIM_START	StartAndBrake_SD2231_Lab1	2023-04-13 11:22:24
TIME	0.000
SIMULATE	StartAndBrake_SD2231_Lab1

TIME	10.419
SIM_END		StartAndBrake_SD2231_Lab1	10.418s	154.143m
APPLICATION	CarMaker 10.2.1 - Car_Generic #1267 (win64-10.2.1)
COMPILED	fh@obelix.ipg 2021-12-14 11:20:55
 
SIM_START	StartAndBrake_SD2231_Lab1	2023-04-13 11:25:10
TIME	0.000
SIMULATE	StartAndBrake_SD2231_Lab1

TIME	10.409
SIM_END		StartAndBrake_SD2231_Lab1	10.408s	154.154m
APPLICATION	CarMaker 10.2.1 - Car_Generic #1267 (win64-10.2.1)
COMPILED	fh@obelix.ipg 2021-12-14 11:20:55
 
SIM_START	StartAndBrake_SD2231_Lab1	2023-04-13 11:25:53
TIME	0.000
SIMULATE	StartAndBrake_SD2231_Lab1

TIME	10.409
SIM_END		StartAndBrake_SD2231_Lab1	10.408s	154.154m
APPLICATION	CarMaker 10.2.1 - Car_Generic #1267 (win64-10.2.1)
COMPILED	fh@obelix.ipg 2021-12-14 11:20:55
 
SIM_START	StartAndBrake_SD2231_Lab1	2023-04-13 11:26:46
TIME	0.000
SIMULATE	StartAndBrake_SD2231_Lab1

TIME	10.375
SIM_END		StartAndBrake_SD2231_Lab1	10.374s	153.822m
APPLICATION	CarMaker 10.2.1 - Car_Generic #1267 (win64-10.2.1)
COMPILED	fh@obelix.ipg 2021-12-14 11:20:55
 
SIM_START	StartAndBrake_SD2231_Lab1	2023-04-13 11:27:35
TIME	0.000
SIMULATE	StartAndBrake_SD2231_Lab1

TIME	10.755
SIM_END		StartAndBrake_SD2231_Lab1	10.754s	162.488m
APPLICATION	CarMaker 10.2.1 - Car_Generic #1267 (win64-10.2.1)
COMPILED	fh@obelix.ipg 2021-12-14 11:20:55
 
SIM_START	StartAndBrake_SD2231_Lab1	2023-04-13 11:29:54
TIME	0.000
SIMULATE	StartAndBrake_SD2231_Lab1

TIME	9.887
SIM_END		StartAndBrake_SD2231_Lab1	9.886s	144.928m
APPLICATION	CarMaker 10.2.1 - Car_Generic #1267 (win64-10.2.1)
COMPILED	fh@obelix.ipg 2021-12-14 11:20:55
 
SIM_START	StartAndBrake_SD2231_Lab1	2023-04-13 11:30:18
TIME	0.000
SIMULATE	StartAndBrake_SD2231_Lab1

TIME	10.789
SIM_END		StartAndBrake_SD2231_Lab1	10.788s	162.821m
APPLICATION	CarMaker 10.2.1 - Car_Generic #1267 (win64-10.2.1)
COMPILED	fh@obelix.ipg 2021-12-14 11:20:55
 
SIM_START	StartAndBrake_SD2231_Lab1	2023-04-13 11:31:09
TIME	0.000
SIMULATE	StartAndBrake_SD2231_Lab1

TIME	9.887
SIM_END		StartAndBrake_SD2231_Lab1	9.886s	144.928m
APPLICATION	CarMaker 10.2.1 - Car_Generic #1267 (win64-10.2.1)
COMPILED	fh@obelix.ipg 2021-12-14 11:20:55
 
SIM_START	StartAndBrake_SD2231_Lab1	2023-04-13 11:32:49
TIME	0.000
SIMULATE	StartAndBrake_SD2231_Lab1

TIME	9.887
SIM_END		StartAndBrake_SD2231_Lab1	9.886s	144.928m
APPLICATION	CarMaker 10.2.1 - Car_Generic #1267 (win64-10.2.1)
COMPILED	fh@obelix.ipg 2021-12-14 11:20:55
 
SIM_START	StartAndBrake_SD2231_Lab1	2023-04-13 11:33:18
TIME	0.000
SIMULATE	StartAndBrake_SD2231_Lab1

TIME	9.887
SIM_END		StartAndBrake_SD2231_Lab1	9.886s	144.928m
APPLICATION	CarMaker 10.2.1 - Car_Generic #1267 (win64-10.2.1)
COMPILED	fh@obelix.ipg 2021-12-14 11:20:55
 
SIM_START	StartAndBrake_SD2231_Lab1	2023-04-13 11:33:42
TIME	0.000
SIMULATE	StartAndBrake_SD2231_Lab1

TIME	10.803
SIM_END		StartAndBrake_SD2231_Lab1	10.802s	163.112m
APPLICATION	CarMaker 10.2.1 - Car_Generic #1267 (win64-10.2.1)
COMPILED	fh@obelix.ipg 2021-12-14 11:20:55
 
SIM_START	StartAndBrake_SD2231_Lab1	2023-04-13 11:35:17
TIME	0.000
SIMULATE	StartAndBrake_SD2231_Lab1

TIME	10.803
SIM_END		StartAndBrake_SD2231_Lab1	10.802s	163.112m
