

SYSTEM_START	-	HUAWEI	HUAWEI	2023-03-21 10:08:37


SYSTEM_INFO	CarMaker 10.2.1 - Car_Generic #1267	fh@obelix.ipg 2021-12-14 11:20:55	(10.2.1 fh@obelix.ipg 2021-12-14 11:20:37)
SIM	1679389717	HUAWEI	rivaa	unknown	0	13.366	182.16


SYSTEM_START	-	HUAWEI	HUAWEI	2023-03-21 10:08:50


SYSTEM_INFO	CarMaker 10.2.1 - Car_Generic #1267	fh@obelix.ipg 2021-12-14 11:20:55	(10.2.1 fh@obelix.ipg 2021-12-14 11:20:37)
SIM	1679389730	HUAWEI	rivaa	unknown	0	13.366	182.16


SYSTEM_START	-	HUAWEI	HUAWEI	2023-03-21 10:08:57


SYSTEM_INFO	CarMaker 10.2.1 - Car_Generic #1267	fh@obelix.ipg 2021-12-14 11:20:55	(10.2.1 fh@obelix.ipg 2021-12-14 11:20:37)
SIM	1679389737	HUAWEI	rivaa	unknown	0	13.366	182.16


SYSTEM_START	-	HUAWEI	HUAWEI	2023-03-21 10:11:13


SYSTEM_INFO	CarMaker 10.2.1 - Car_Generic #1267	fh@obelix.ipg 2021-12-14 11:20:55	(10.2.1 fh@obelix.ipg 2021-12-14 11:20:37)
SIM	1679389873	HUAWEI	rivaa	StartAndBrake_SD2231_Lab1	0	9.886	144.928


SYSTEM_START	-	HUAWEI	HUAWEI	2023-03-21 11:33:01


SYSTEM_INFO	CarMaker 10.2.1 - Car_Generic #1267	fh@obelix.ipg 2021-12-14 11:20:55	(10.2.1 fh@obelix.ipg 2021-12-14 11:20:37)
SIM	1679394781	HUAWEI	rivaa	StartAndBrake_SD2231_Lab1	0	9.886	144.928


SYSTEM_START	-	HUAWEI	HUAWEI	2023-03-21 11:36:27


SYSTEM_INFO	CarMaker 10.2.1 - Car_Generic #1267	fh@obelix.ipg 2021-12-14 11:20:55	(10.2.1 fh@obelix.ipg 2021-12-14 11:20:37)
SIM	1679394988	HUAWEI	rivaa	StartAndBrake_SD2231_Lab1	0	9.886	144.928


SYSTEM_START	-	HUAWEI	HUAWEI	2023-03-21 13:49:02


SYSTEM_INFO	CarMaker 10.2.1 - Car_Generic #1267	fh@obelix.ipg 2021-12-14 11:20:55	(10.2.1 fh@obelix.ipg 2021-12-14 11:20:37)
SIM	1679402942	HUAWEI	rivaa	StartAndBrake_SD2231_Lab1	0	9.886	144.928


SYSTEM_START	-	HUAWEI	HUAWEI	2023-03-21 13:49:14


SYSTEM_INFO	CarMaker 10.2.1 - Car_Generic #1267	fh@obelix.ipg 2021-12-14 11:20:55	(10.2.1 fh@obelix.ipg 2021-12-14 11:20:37)
SIM	1679402954	HUAWEI	rivaa	StartAndBrake_SD2231_Lab1	0	9.886	144.928


SYSTEM_START	-	HUAWEI	HUAWEI	2023-03-21 13:49:20


SYSTEM_INFO	CarMaker 10.2.1 - Car_Generic #1267	fh@obelix.ipg 2021-12-14 11:20:55	(10.2.1 fh@obelix.ipg 2021-12-14 11:20:37)
SIM	1679402960	HUAWEI	rivaa	StartAndBrake_SD2231_Lab1	0	9.886	144.928


SYSTEM_START	-	HUAWEI	HUAWEI	2023-03-21 13:49:30


SYSTEM_INFO	CarMaker 10.2.1 - Car_Generic #1267	fh@obelix.ipg 2021-12-14 11:20:55	(10.2.1 fh@obelix.ipg 2021-12-14 11:20:37)
SIM	1679402970	HUAWEI	rivaa	StartAndBrake_SD2231_Lab1	0	9.886	144.928


SYSTEM_START	-	HUAWEI	HUAWEI	2023-03-21 13:49:40


SYSTEM_INFO	CarMaker 10.2.1 - Car_Generic #1267	fh@obelix.ipg 2021-12-14 11:20:55	(10.2.1 fh@obelix.ipg 2021-12-14 11:20:37)
SIM	1679402980	HUAWEI	rivaa	StartAndBrake_SD2231_Lab1	0	9.886	144.928


SYSTEM_START	-	HUAWEI	HUAWEI	2023-03-21 15:41:01


SYSTEM_INFO	CarMaker 10.2.1 - Car_Generic #1267	fh@obelix.ipg 2021-12-14 11:20:55	(10.2.1 fh@obelix.ipg 2021-12-14 11:20:37)
SIM	1679409661	HUAWEI	rivaa	StartAndBrake_SD2231_Lab1	0	9.886	144.928


SYSTEM_START	-	HUAWEI	HUAWEI	2023-03-21 15:58:35


SYSTEM_INFO	CarMaker 10.2.1 - Car_Generic #1267	fh@obelix.ipg 2021-12-14 11:20:55	(10.2.1 fh@obelix.ipg 2021-12-14 11:20:37)
SIM	1679410715	HUAWEI	rivaa	StartAndBrake_SD2231_Lab1	0	9.886	144.928


SYSTEM_START	-	HUAWEI	HUAWEI	2023-03-21 15:58:39


SYSTEM_INFO	CarMaker 10.2.1 - Car_Generic #1267	fh@obelix.ipg 2021-12-14 11:20:55	(10.2.1 fh@obelix.ipg 2021-12-14 11:20:37)
SIM	1679410720	HUAWEI	rivaa	StartAndBrake_SD2231_Lab1	0	9.886	144.928


SYSTEM_START	-	HUAWEI	HUAWEI	2023-03-21 16:01:35


SYSTEM_INFO	CarMaker 10.2.1 - Car_Generic #1267	fh@obelix.ipg 2021-12-14 11:20:55	(10.2.1 fh@obelix.ipg 2021-12-14 11:20:37)
SIM	1679410895	HUAWEI	rivaa	StartAndBrake_SD2231_Lab1	0	9.886	144.928


SYSTEM_START	-	HUAWEI	HUAWEI	2023-03-21 16:03:26


SYSTEM_INFO	CarMaker 10.2.1 - Car_Generic #1267	fh@obelix.ipg 2021-12-14 11:20:55	(10.2.1 fh@obelix.ipg 2021-12-14 11:20:37)
SIM	1679411006	HUAWEI	rivaa	StartAndBrake_SD2231_Lab1	0	9.886	144.928


SYSTEM_START	-	HUAWEI	HUAWEI	2023-03-21 16:09:03


SYSTEM_INFO	CarMaker 10.2.1 - Car_Generic #1267	fh@obelix.ipg 2021-12-14 11:20:55	(10.2.1 fh@obelix.ipg 2021-12-14 11:20:37)
SIM	1679411343	HUAWEI	rivaa	StartAndBrake_SD2231_Lab1	0	9.886	144.928


SYSTEM_START	-	HUAWEI	HUAWEI	2023-03-21 16:11:25


SYSTEM_INFO	CarMaker 10.2.1 - Car_Generic #1267	fh@obelix.ipg 2021-12-14 11:20:55	(10.2.1 fh@obelix.ipg 2021-12-14 11:20:37)
SIM	1679411485	HUAWEI	rivaa	StartAndBrake_SD2231_Lab1	0	9.886	144.928


SYSTEM_START	-	HUAWEI	HUAWEI	2023-03-21 16:12:32


SYSTEM_INFO	CarMaker 10.2.1 - Car_Generic #1267	fh@obelix.ipg 2021-12-14 11:20:55	(10.2.1 fh@obelix.ipg 2021-12-14 11:20:37)
SIM	1679411552	HUAWEI	rivaa	StartAndBrake_SD2231_Lab1	0	9.886	144.928


SYSTEM_START	-	HUAWEI	HUAWEI	2023-03-21 16:14:24


SYSTEM_INFO	CarMaker 10.2.1 - Car_Generic #1267	fh@obelix.ipg 2021-12-14 11:20:55	(10.2.1 fh@obelix.ipg 2021-12-14 11:20:37)
SIM	1679411664	HUAWEI	rivaa	StartAndBrake_SD2231_Lab1	0	9.886	144.928


SYSTEM_START	-	HUAWEI	HUAWEI	2023-03-21 16:14:52


SYSTEM_INFO	CarMaker 10.2.1 - Car_Generic #1267	fh@obelix.ipg 2021-12-14 11:20:55	(10.2.1 fh@obelix.ipg 2021-12-14 11:20:37)
SIM	1679411692	HUAWEI	rivaa	StartAndBrake_SD2231_Lab1	0	9.886	144.928


SYSTEM_START	-	HUAWEI	HUAWEI	2023-03-21 16:15:30


SYSTEM_INFO	CarMaker 10.2.1 - Car_Generic #1267	fh@obelix.ipg 2021-12-14 11:20:55	(10.2.1 fh@obelix.ipg 2021-12-14 11:20:37)
SIM	1679411730	HUAWEI	rivaa	StartAndBrake_SD2231_Lab1	0	9.886	144.928


SYSTEM_START	-	HUAWEI	HUAWEI	2023-03-21 16:17:32


SYSTEM_INFO	CarMaker 10.2.1 - Car_Generic #1267	fh@obelix.ipg 2021-12-14 11:20:55	(10.2.1 fh@obelix.ipg 2021-12-14 11:20:37)
SIM	1679411852	HUAWEI	rivaa	StartAndBrake_SD2231_Lab1	0	9.886	144.928


SYSTEM_START	-	HUAWEI	HUAWEI	2023-03-21 16:20:03


SYSTEM_INFO	CarMaker 10.2.1 - Car_Generic #1267	fh@obelix.ipg 2021-12-14 11:20:55	(10.2.1 fh@obelix.ipg 2021-12-14 11:20:37)
SIM	1679412003	HUAWEI	rivaa	StartAndBrake_SD2231_Lab1	0	9.886	144.928


SYSTEM_START	-	HUAWEI	HUAWEI	2023-03-21 16:21:02


SYSTEM_INFO	CarMaker 10.2.1 - Car_Generic #1267	fh@obelix.ipg 2021-12-14 11:20:55	(10.2.1 fh@obelix.ipg 2021-12-14 11:20:37)
SIM	1679412062	HUAWEI	rivaa	StartAndBrake_SD2231_Lab1	0	9.886	144.928


SYSTEM_START	-	HUAWEI	HUAWEI	2023-03-21 16:21:29


SYSTEM_INFO	CarMaker 10.2.1 - Car_Generic #1267	fh@obelix.ipg 2021-12-14 11:20:55	(10.2.1 fh@obelix.ipg 2021-12-14 11:20:37)
SIM	1679412090	HUAWEI	rivaa	StartAndBrake_SD2231_Lab1	0	9.886	144.928


SYSTEM_START	-	HUAWEI	HUAWEI	2023-03-21 16:22:10


SYSTEM_INFO	CarMaker 10.2.1 - Car_Generic #1267	fh@obelix.ipg 2021-12-14 11:20:55	(10.2.1 fh@obelix.ipg 2021-12-14 11:20:37)
SIM	1679412130	HUAWEI	rivaa	StartAndBrake_SD2231_Lab1	0	9.886	144.928


SYSTEM_START	-	HUAWEI	HUAWEI	2023-03-21 16:22:54


SYSTEM_INFO	CarMaker 10.2.1 - Car_Generic #1267	fh@obelix.ipg 2021-12-14 11:20:55	(10.2.1 fh@obelix.ipg 2021-12-14 11:20:37)
SIM	1679412174	HUAWEI	rivaa	StartAndBrake_SD2231_Lab1	0	9.886	144.928


SYSTEM_START	-	HUAWEI	HUAWEI	2023-03-21 16:23:47


SYSTEM_INFO	CarMaker 10.2.1 - Car_Generic #1267	fh@obelix.ipg 2021-12-14 11:20:55	(10.2.1 fh@obelix.ipg 2021-12-14 11:20:37)
SIM	1679412228	HUAWEI	rivaa	StartAndBrake_SD2231_Lab1	0	9.886	144.928


SYSTEM_START	-	HUAWEI	HUAWEI	2023-03-21 16:44:46


SYSTEM_INFO	CarMaker 10.2.1 - Car_Generic #1267	fh@obelix.ipg 2021-12-14 11:20:55	(10.2.1 fh@obelix.ipg 2021-12-14 11:20:37)
SIM	1679413486	HUAWEI	rivaa	StartAndBrake_SD2231_Lab1	0	9.886	144.928


SYSTEM_START	-	HUAWEI	HUAWEI	2023-03-22 08:36:15


SYSTEM_INFO	CarMaker 10.2.1 - Car_Generic #1267	fh@obelix.ipg 2021-12-14 11:20:55	(10.2.1 fh@obelix.ipg 2021-12-14 11:20:37)
SIM	1679470576	HUAWEI	rivaa	StartAndBrake_SD2231_Lab1	0	9.886	144.928


SYSTEM_START	-	HUAWEI	HUAWEI	2023-03-22 08:39:34


SYSTEM_INFO	CarMaker 10.2.1 - Car_Generic #1267	fh@obelix.ipg 2021-12-14 11:20:55	(10.2.1 fh@obelix.ipg 2021-12-14 11:20:37)
SIM	1679470775	HUAWEI	rivaa	StartAndBrake_SD2231_Lab1	0	9.886	144.928


SYSTEM_START	-	HUAWEI	HUAWEI	2023-03-22 08:40:17


SYSTEM_INFO	CarMaker 10.2.1 - Car_Generic #1267	fh@obelix.ipg 2021-12-14 11:20:55	(10.2.1 fh@obelix.ipg 2021-12-14 11:20:37)
SIM	1679470817	HUAWEI	rivaa	StartAndBrake_SD2231_Lab1	0	9.886	144.928


SYSTEM_START	-	HUAWEI	HUAWEI	2023-03-22 08:45:19


SYSTEM_INFO	CarMaker 10.2.1 - Car_Generic #1267	fh@obelix.ipg 2021-12-14 11:20:55	(10.2.1 fh@obelix.ipg 2021-12-14 11:20:37)
SIM	1679471119	HUAWEI	rivaa	StartAndBrake_SD2231_Lab1	0	9.886	144.928


SYSTEM_START	-	HUAWEI	HUAWEI	2023-03-22 08:45:48


SYSTEM_INFO	CarMaker 10.2.1 - Car_Generic #1267	fh@obelix.ipg 2021-12-14 11:20:55	(10.2.1 fh@obelix.ipg 2021-12-14 11:20:37)
SIM	1679471149	HUAWEI	rivaa	StartAndBrake_SD2231_Lab1	0	9.886	144.928


SYSTEM_START	-	HUAWEI	HUAWEI	2023-03-22 08:47:59


SYSTEM_INFO	CarMaker 10.2.1 - Car_Generic #1267	fh@obelix.ipg 2021-12-14 11:20:55	(10.2.1 fh@obelix.ipg 2021-12-14 11:20:37)
SIM	1679471279	HUAWEI	rivaa	StartAndBrake_SD2231_Lab1	0	9.886	144.928


SYSTEM_START	-	HUAWEI	HUAWEI	2023-03-22 08:56:31


SYSTEM_INFO	CarMaker 10.2.1 - Car_Generic #1267	fh@obelix.ipg 2021-12-14 11:20:55	(10.2.1 fh@obelix.ipg 2021-12-14 11:20:37)
SIM	1679471791	HUAWEI	rivaa	StartAndBrake_SD2231_Lab1	0	9.886	144.928


SYSTEM_START	-	HUAWEI	HUAWEI	2023-03-22 08:58:16


SYSTEM_INFO	CarMaker 10.2.1 - Car_Generic #1267	fh@obelix.ipg 2021-12-14 11:20:55	(10.2.1 fh@obelix.ipg 2021-12-14 11:20:37)
SIM	1679471896	HUAWEI	rivaa	StartAndBrake_SD2231_Lab1	0	9.886	144.928


SYSTEM_START	-	HUAWEI	HUAWEI	2023-03-22 08:59:42


SYSTEM_INFO	CarMaker 10.2.1 - Car_Generic #1267	fh@obelix.ipg 2021-12-14 11:20:55	(10.2.1 fh@obelix.ipg 2021-12-14 11:20:37)
SIM	1679471982	HUAWEI	rivaa	StartAndBrake_SD2231_Lab1	0	9.886	144.928


SYSTEM_START	-	HUAWEI	HUAWEI	2023-03-22 09:00:00


SYSTEM_INFO	CarMaker 10.2.1 - Car_Generic #1267	fh@obelix.ipg 2021-12-14 11:20:55	(10.2.1 fh@obelix.ipg 2021-12-14 11:20:37)
SIM	1679472000	HUAWEI	rivaa	StartAndBrake_SD2231_Lab1	0	9.886	144.928


SYSTEM_START	-	HUAWEI	HUAWEI	2023-03-22 09:01:04


SYSTEM_INFO	CarMaker 10.2.1 - Car_Generic #1267	fh@obelix.ipg 2021-12-14 11:20:55	(10.2.1 fh@obelix.ipg 2021-12-14 11:20:37)
SIM	1679472064	HUAWEI	rivaa	StartAndBrake_SD2231_Lab1	0	9.886	144.928


SYSTEM_START	-	HUAWEI	HUAWEI	2023-03-22 09:04:13


SYSTEM_INFO	CarMaker 10.2.1 - Car_Generic #1267	fh@obelix.ipg 2021-12-14 11:20:55	(10.2.1 fh@obelix.ipg 2021-12-14 11:20:37)
SIM	1679472253	HUAWEI	rivaa	StartAndBrake_SD2231_Lab1	0	9.886	144.928


SYSTEM_START	-	HUAWEI	HUAWEI	2023-03-22 09:05:07


SYSTEM_INFO	CarMaker 10.2.1 - Car_Generic #1267	fh@obelix.ipg 2021-12-14 11:20:55	(10.2.1 fh@obelix.ipg 2021-12-14 11:20:37)
SIM	1679472307	HUAWEI	rivaa	StartAndBrake_SD2231_Lab1	0	9.886	144.928


SYSTEM_START	-	HUAWEI	HUAWEI	2023-03-22 09:08:29


SYSTEM_INFO	CarMaker 10.2.1 - Car_Generic #1267	fh@obelix.ipg 2021-12-14 11:20:55	(10.2.1 fh@obelix.ipg 2021-12-14 11:20:37)
SIM	1679472509	HUAWEI	rivaa	StartAndBrake_SD2231_Lab1	0	9.886	144.928


SYSTEM_START	-	HUAWEI	HUAWEI	2023-03-22 09:08:40


SYSTEM_INFO	CarMaker 10.2.1 - Car_Generic #1267	fh@obelix.ipg 2021-12-14 11:20:55	(10.2.1 fh@obelix.ipg 2021-12-14 11:20:37)
SIM	1679472520	HUAWEI	rivaa	StartAndBrake_SD2231_Lab1	0	9.886	144.928


SYSTEM_START	-	HUAWEI	HUAWEI	2023-03-22 09:10:07


SYSTEM_INFO	CarMaker 10.2.1 - Car_Generic #1267	fh@obelix.ipg 2021-12-14 11:20:55	(10.2.1 fh@obelix.ipg 2021-12-14 11:20:37)
SIM	1679472607	HUAWEI	rivaa	StartAndBrake_SD2231_Lab1	0	9.886	144.928


SYSTEM_START	-	HUAWEI	HUAWEI	2023-03-22 09:10:22


SYSTEM_INFO	CarMaker 10.2.1 - Car_Generic #1267	fh@obelix.ipg 2021-12-14 11:20:55	(10.2.1 fh@obelix.ipg 2021-12-14 11:20:37)
SIM	1679472622	HUAWEI	rivaa	StartAndBrake_SD2231_Lab1	0	9.886	144.928


SYSTEM_START	-	HUAWEI	HUAWEI	2023-03-22 09:12:10


SYSTEM_INFO	CarMaker 10.2.1 - Car_Generic #1267	fh@obelix.ipg 2021-12-14 11:20:55	(10.2.1 fh@obelix.ipg 2021-12-14 11:20:37)
SIM	1679472730	HUAWEI	rivaa	StartAndBrake_SD2231_Lab1	0	9.886	144.928


SYSTEM_START	-	HUAWEI	HUAWEI	2023-03-22 09:16:16


SYSTEM_INFO	CarMaker 10.2.1 - Car_Generic #1267	fh@obelix.ipg 2021-12-14 11:20:55	(10.2.1 fh@obelix.ipg 2021-12-14 11:20:37)
SIM	1679472976	HUAWEI	rivaa	StartAndBrake_SD2231_Lab1	0	9.886	144.928


SYSTEM_START	-	HUAWEI	HUAWEI	2023-03-22 09:16:22


SYSTEM_INFO	CarMaker 10.2.1 - Car_Generic #1267	fh@obelix.ipg 2021-12-14 11:20:55	(10.2.1 fh@obelix.ipg 2021-12-14 11:20:37)
SIM	1679472982	HUAWEI	rivaa	StartAndBrake_SD2231_Lab1	0	9.886	144.928


SYSTEM_START	-	HUAWEI	HUAWEI	2023-03-22 09:20:28


SYSTEM_INFO	CarMaker 10.2.1 - Car_Generic #1267	fh@obelix.ipg 2021-12-14 11:20:55	(10.2.1 fh@obelix.ipg 2021-12-14 11:20:37)
SIM	1679473228	HUAWEI	rivaa	StartAndBrake_SD2231_Lab1	0	9.886	144.928


SYSTEM_START	-	HUAWEI	HUAWEI	2023-03-22 09:22:20


SYSTEM_INFO	CarMaker 10.2.1 - Car_Generic #1267	fh@obelix.ipg 2021-12-14 11:20:55	(10.2.1 fh@obelix.ipg 2021-12-14 11:20:37)
SIM	1679473340	HUAWEI	rivaa	StartAndBrake_SD2231_Lab1	0	9.886	144.928


SYSTEM_START	-	HUAWEI	HUAWEI	2023-03-22 09:22:41


SYSTEM_INFO	CarMaker 10.2.1 - Car_Generic #1267	fh@obelix.ipg 2021-12-14 11:20:55	(10.2.1 fh@obelix.ipg 2021-12-14 11:20:37)
SIM	1679473361	HUAWEI	rivaa	StartAndBrake_SD2231_Lab1	0	9.886	144.928


SYSTEM_START	-	HUAWEI	HUAWEI	2023-03-22 09:22:59


SYSTEM_INFO	CarMaker 10.2.1 - Car_Generic #1267	fh@obelix.ipg 2021-12-14 11:20:55	(10.2.1 fh@obelix.ipg 2021-12-14 11:20:37)
SIM	1679473379	HUAWEI	rivaa	StartAndBrake_SD2231_Lab1	0	9.886	144.928


SYSTEM_START	-	HUAWEI	HUAWEI	2023-03-22 09:23:46


SYSTEM_INFO	CarMaker 10.2.1 - Car_Generic #1267	fh@obelix.ipg 2021-12-14 11:20:55	(10.2.1 fh@obelix.ipg 2021-12-14 11:20:37)
SIM	1679473426	HUAWEI	rivaa	StartAndBrake_SD2231_Lab1	0	9.886	144.928


SYSTEM_START	-	HUAWEI	HUAWEI	2023-03-22 09:24:01


SYSTEM_INFO	CarMaker 10.2.1 - Car_Generic #1267	fh@obelix.ipg 2021-12-14 11:20:55	(10.2.1 fh@obelix.ipg 2021-12-14 11:20:37)
SIM	1679473441	HUAWEI	rivaa	StartAndBrake_SD2231_Lab1	0	9.886	144.928


SYSTEM_START	-	HUAWEI	HUAWEI	2023-03-22 09:26:23


SYSTEM_INFO	CarMaker 10.2.1 - Car_Generic #1267	fh@obelix.ipg 2021-12-14 11:20:55	(10.2.1 fh@obelix.ipg 2021-12-14 11:20:37)
SIM	1679473583	HUAWEI	rivaa	StartAndBrake_SD2231_Lab1	0	9.886	144.928


SYSTEM_START	-	HUAWEI	HUAWEI	2023-03-22 09:29:34


SYSTEM_INFO	CarMaker 10.2.1 - Car_Generic #1267	fh@obelix.ipg 2021-12-14 11:20:55	(10.2.1 fh@obelix.ipg 2021-12-14 11:20:37)
SIM	1679473774	HUAWEI	rivaa	StartAndBrake_SD2231_Lab1	0	9.886	144.928


SYSTEM_START	-	HUAWEI	HUAWEI	2023-03-22 09:30:04


SYSTEM_INFO	CarMaker 10.2.1 - Car_Generic #1267	fh@obelix.ipg 2021-12-14 11:20:55	(10.2.1 fh@obelix.ipg 2021-12-14 11:20:37)
SIM	1679473804	HUAWEI	rivaa	StartAndBrake_SD2231_Lab1	0	9.886	144.928


SYSTEM_START	-	HUAWEI	HUAWEI	2023-03-22 09:39:40


SYSTEM_INFO	CarMaker 10.2.1 - Car_Generic #1267	fh@obelix.ipg 2021-12-14 11:20:55	(10.2.1 fh@obelix.ipg 2021-12-14 11:20:37)
SIM	1679474380	HUAWEI	rivaa	StartAndBrake_SD2231_Lab1	0	9.844	144.07


SYSTEM_START	-	HUAWEI	HUAWEI	2023-03-22 09:50:03


SYSTEM_INFO	CarMaker 10.2.1 - Car_Generic #1267	fh@obelix.ipg 2021-12-14 11:20:55	(10.2.1 fh@obelix.ipg 2021-12-14 11:20:37)
SIM	1679475003	HUAWEI	rivaa	StartAndBrake_SD2231_Lab1	0	9.886	144.928


SYSTEM_START	-	HUAWEI	HUAWEI	2023-03-22 09:50:09


SYSTEM_INFO	CarMaker 10.2.1 - Car_Generic #1267	fh@obelix.ipg 2021-12-14 11:20:55	(10.2.1 fh@obelix.ipg 2021-12-14 11:20:37)
SIM	1679475009	HUAWEI	rivaa	StartAndBrake_SD2231_Lab1	0	9.886	144.928


SYSTEM_START	-	HUAWEI	HUAWEI	2023-03-22 09:57:35


SYSTEM_INFO	CarMaker 10.2.1 - Car_Generic #1267	fh@obelix.ipg 2021-12-14 11:20:55	(10.2.1 fh@obelix.ipg 2021-12-14 11:20:37)
SIM	1679475455	HUAWEI	rivaa	StartAndBrake_SD2231_Lab1	0	9.886	144.928


SYSTEM_START	-	HUAWEI	HUAWEI	2023-03-22 09:58:21


SYSTEM_INFO	CarMaker 10.2.1 - Car_Generic #1267	fh@obelix.ipg 2021-12-14 11:20:55	(10.2.1 fh@obelix.ipg 2021-12-14 11:20:37)
SIM	1679475501	HUAWEI	rivaa	StartAndBrake_SD2231_Lab1	0	9.886	144.928


SYSTEM_START	-	HUAWEI	HUAWEI	2023-03-22 09:59:17


SYSTEM_INFO	CarMaker 10.2.1 - Car_Generic #1267	fh@obelix.ipg 2021-12-14 11:20:55	(10.2.1 fh@obelix.ipg 2021-12-14 11:20:37)
SIM	1679475557	HUAWEI	rivaa	StartAndBrake_SD2231_Lab1	0	9.886	144.928


SYSTEM_START	-	HUAWEI	HUAWEI	2023-03-22 14:11:47


SYSTEM_INFO	CarMaker 10.2.1 - Car_Generic #1267	fh@obelix.ipg 2021-12-14 11:20:55	(10.2.1 fh@obelix.ipg 2021-12-14 11:20:37)
SIM	1679490707	HUAWEI	rivaa	StartAndBrake_SD2231_Lab1	0	9.886	144.928


SYSTEM_START	-	HUAWEI	HUAWEI	2023-03-22 14:12:24


SYSTEM_INFO	CarMaker 10.2.1 - Car_Generic #1267	fh@obelix.ipg 2021-12-14 11:20:55	(10.2.1 fh@obelix.ipg 2021-12-14 11:20:37)
SIM	1679490744	HUAWEI	rivaa	StartAndBrake_SD2231_Lab1	0	9.886	144.928


SYSTEM_START	-	HUAWEI	HUAWEI	2023-03-22 14:24:20


SYSTEM_INFO	CarMaker 10.2.1 - Car_Generic #1267	fh@obelix.ipg 2021-12-14 11:20:55	(10.2.1 fh@obelix.ipg 2021-12-14 11:20:37)
SIM	1679491460	HUAWEI	rivaa	StartAndBrake_SD2231_Lab1	0	9.886	144.928


SYSTEM_START	-	HUAWEI	HUAWEI	2023-03-22 14:29:45


SYSTEM_INFO	CarMaker 10.2.1 - Car_Generic #1267	fh@obelix.ipg 2021-12-14 11:20:55	(10.2.1 fh@obelix.ipg 2021-12-14 11:20:37)
SIM	1679491785	HUAWEI	rivaa	StartAndBrake_SD2231_Lab1	0	9.886	144.928


SYSTEM_START	-	HUAWEI	HUAWEI	2023-03-22 14:30:20


SYSTEM_INFO	CarMaker 10.2.1 - Car_Generic #1267	fh@obelix.ipg 2021-12-14 11:20:55	(10.2.1 fh@obelix.ipg 2021-12-14 11:20:37)
SIM	1679491820	HUAWEI	rivaa	StartAndBrake_SD2231_Lab1	0	9.886	144.928


SYSTEM_START	-	HUAWEI	HUAWEI	2023-03-22 14:31:28


SYSTEM_INFO	CarMaker 10.2.1 - Car_Generic #1267	fh@obelix.ipg 2021-12-14 11:20:55	(10.2.1 fh@obelix.ipg 2021-12-14 11:20:37)
SIM	1679491888	HUAWEI	rivaa	StartAndBrake_SD2231_Lab1	0	9.886	144.928


SYSTEM_START	-	HUAWEI	HUAWEI	2023-03-22 14:34:12


SYSTEM_INFO	CarMaker 10.2.1 - Car_Generic #1267	fh@obelix.ipg 2021-12-14 11:20:55	(10.2.1 fh@obelix.ipg 2021-12-14 11:20:37)
SIM	1679492052	HUAWEI	rivaa	StartAndBrake_SD2231_Lab1	0	9.886	144.928


SYSTEM_START	-	HUAWEI	HUAWEI	2023-03-22 14:51:01


SYSTEM_INFO	CarMaker 10.2.1 - Car_Generic #1267	fh@obelix.ipg 2021-12-14 11:20:55	(10.2.1 fh@obelix.ipg 2021-12-14 11:20:37)
SIM	1679493061	HUAWEI	rivaa	StartAndBrake_SD2231_Lab1	0	9.886	144.928


SYSTEM_START	-	HUAWEI	HUAWEI	2023-03-22 15:12:08


SYSTEM_INFO	CarMaker 10.2.1 - Car_Generic #1267	fh@obelix.ipg 2021-12-14 11:20:55	(10.2.1 fh@obelix.ipg 2021-12-14 11:20:37)
SIM	1679494328	HUAWEI	rivaa	StartAndBrake_SD2231_Lab1	0	9.886	144.928


SYSTEM_START	-	HUAWEI	HUAWEI	2023-03-22 15:30:58


SYSTEM_INFO	CarMaker 10.2.1 - Car_Generic #1267	fh@obelix.ipg 2021-12-14 11:20:55	(10.2.1 fh@obelix.ipg 2021-12-14 11:20:37)
SIM	1679495458	HUAWEI	rivaa	StartAndBrake_SD2231_Lab1	0	9.886	144.928


SYSTEM_START	-	HUAWEI	HUAWEI	2023-03-22 15:44:55


SYSTEM_INFO	CarMaker 10.2.1 - Car_Generic #1267	fh@obelix.ipg 2021-12-14 11:20:55	(10.2.1 fh@obelix.ipg 2021-12-14 11:20:37)
SIM	1679496296	HUAWEI	rivaa	StartAndBrake_SD2231_Lab1	0	9.886	144.928


SYSTEM_START	-	HUAWEI	HUAWEI	2023-03-22 15:49:44


SYSTEM_INFO	CarMaker 10.2.1 - Car_Generic #1267	fh@obelix.ipg 2021-12-14 11:20:55	(10.2.1 fh@obelix.ipg 2021-12-14 11:20:37)
SIM	1679496584	HUAWEI	rivaa	StartAndBrake_SD2231_Lab1	0	9.886	144.928


SYSTEM_START	-	HUAWEI	HUAWEI	2023-03-22 15:51:03


SYSTEM_INFO	CarMaker 10.2.1 - Car_Generic #1267	fh@obelix.ipg 2021-12-14 11:20:55	(10.2.1 fh@obelix.ipg 2021-12-14 11:20:37)
SIM	1679496663	HUAWEI	rivaa	StartAndBrake_SD2231_Lab1	0	9.886	144.928


SYSTEM_START	-	HUAWEI	HUAWEI	2023-03-22 15:54:40


SYSTEM_INFO	CarMaker 10.2.1 - Car_Generic #1267	fh@obelix.ipg 2021-12-14 11:20:55	(10.2.1 fh@obelix.ipg 2021-12-14 11:20:37)
SIM	1679496880	HUAWEI	rivaa	StartAndBrake_SD2231_Lab1	0	9.886	144.928


SYSTEM_START	-	HUAWEI	HUAWEI	2023-03-22 15:55:15


SYSTEM_INFO	CarMaker 10.2.1 - Car_Generic #1267	fh@obelix.ipg 2021-12-14 11:20:55	(10.2.1 fh@obelix.ipg 2021-12-14 11:20:37)
SIM	1679496915	HUAWEI	rivaa	StartAndBrake_SD2231_Lab1	0	9.886	144.928


SYSTEM_START	-	HUAWEI	HUAWEI	2023-03-22 16:32:53


SYSTEM_INFO	CarMaker 10.2.1 - Car_Generic #1267	fh@obelix.ipg 2021-12-14 11:20:55	(10.2.1 fh@obelix.ipg 2021-12-14 11:20:37)
SIM	1679499173	HUAWEI	rivaa	StartAndBrake_SD2231_Lab1	0	9.886	144.928


SYSTEM_START	-	HUAWEI	HUAWEI	2023-03-22 16:33:10


SYSTEM_INFO	CarMaker 10.2.1 - Car_Generic #1267	fh@obelix.ipg 2021-12-14 11:20:55	(10.2.1 fh@obelix.ipg 2021-12-14 11:20:37)
SIM	1679499190	HUAWEI	rivaa	StartAndBrake_SD2231_Lab1	0	9.886	144.928


SYSTEM_START	-	HUAWEI	HUAWEI	2023-03-22 16:38:06


SYSTEM_INFO	CarMaker 10.2.1 - Car_Generic #1267	fh@obelix.ipg 2021-12-14 11:20:55	(10.2.1 fh@obelix.ipg 2021-12-14 11:20:37)
SIM	1679499486	HUAWEI	rivaa	StartAndBrake_SD2231_Lab1	0	9.886	144.928


SYSTEM_START	-	HUAWEI	HUAWEI	2023-03-22 16:50:53


SYSTEM_INFO	CarMaker 10.2.1 - Car_Generic #1267	fh@obelix.ipg 2021-12-14 11:20:55	(10.2.1 fh@obelix.ipg 2021-12-14 11:20:37)
SIM	1679500253	HUAWEI	rivaa	StartAndBrake_SD2231_Lab1	0	9.886	144.928


SYSTEM_START	-	HUAWEI	HUAWEI	2023-03-23 10:04:15


SYSTEM_INFO	CarMaker 10.2.1 - Car_Generic #1267	fh@obelix.ipg 2021-12-14 11:20:55	(10.2.1 fh@obelix.ipg 2021-12-14 11:20:37)
SIM	1679562255	HUAWEI	rivaa	StartAndBrake_SD2231_Lab1	0	9.886	144.928


SYSTEM_START	-	HUAWEI	HUAWEI	2023-03-23 10:04:24


SYSTEM_INFO	CarMaker 10.2.1 - Car_Generic #1267	fh@obelix.ipg 2021-12-14 11:20:55	(10.2.1 fh@obelix.ipg 2021-12-14 11:20:37)
SIM	1679562264	HUAWEI	rivaa	StartAndBrake_SD2231_Lab1	0	9.886	144.928


SYSTEM_START	-	HUAWEI	HUAWEI	2023-03-23 10:05:25


SYSTEM_INFO	CarMaker 10.2.1 - Car_Generic #1267	fh@obelix.ipg 2021-12-14 11:20:55	(10.2.1 fh@obelix.ipg 2021-12-14 11:20:37)
SIM	1679562326	HUAWEI	rivaa	StartAndBrake_SD2231_Lab1	0	9.886	144.928


SYSTEM_START	-	HUAWEI	HUAWEI	2023-03-23 10:05:44


SYSTEM_INFO	CarMaker 10.2.1 - Car_Generic #1267	fh@obelix.ipg 2021-12-14 11:20:55	(10.2.1 fh@obelix.ipg 2021-12-14 11:20:37)
SIM	1679562344	HUAWEI	rivaa	StartAndBrake_SD2231_Lab1	0	9.886	144.928


SYSTEM_START	-	HUAWEI	HUAWEI	2023-03-23 10:06:06


SYSTEM_INFO	CarMaker 10.2.1 - Car_Generic #1267	fh@obelix.ipg 2021-12-14 11:20:55	(10.2.1 fh@obelix.ipg 2021-12-14 11:20:37)
SIM	1679562366	HUAWEI	rivaa	StartAndBrake_SD2231_Lab1	0	9.886	144.928


SYSTEM_START	-	HUAWEI	HUAWEI	2023-03-23 10:40:19


SYSTEM_INFO	CarMaker 10.2.1 - Car_Generic #1267	fh@obelix.ipg 2021-12-14 11:20:55	(10.2.1 fh@obelix.ipg 2021-12-14 11:20:37)
SIM	1679564419	HUAWEI	rivaa	StartAndBrake_SD2231_Lab1	0	9.886	144.928


SYSTEM_START	-	HUAWEI	HUAWEI	2023-03-23 11:14:55


SYSTEM_INFO	CarMaker 10.2.1 - Car_Generic #1267	fh@obelix.ipg 2021-12-14 11:20:55	(10.2.1 fh@obelix.ipg 2021-12-14 11:20:37)
SIM	1679566495	HUAWEI	rivaa	StartAndBrake_SD2231_Lab1	0	9.886	144.928


SYSTEM_START	-	HUAWEI	HUAWEI	2023-03-23 11:16:42


SYSTEM_INFO	CarMaker 10.2.1 - Car_Generic #1267	fh@obelix.ipg 2021-12-14 11:20:55	(10.2.1 fh@obelix.ipg 2021-12-14 11:20:37)
SIM	1679566602	HUAWEI	rivaa	StartAndBrake_SD2231_Lab1	0	9.886	144.928


SYSTEM_START	-	HUAWEI	HUAWEI	2023-03-23 11:17:47


SYSTEM_INFO	CarMaker 10.2.1 - Car_Generic #1267	fh@obelix.ipg 2021-12-14 11:20:55	(10.2.1 fh@obelix.ipg 2021-12-14 11:20:37)
SIM	1679566667	HUAWEI	rivaa	StartAndBrake_SD2231_Lab1	0	9.886	144.928


SYSTEM_START	-	HUAWEI	HUAWEI	2023-03-23 11:18:00


SYSTEM_INFO	CarMaker 10.2.1 - Car_Generic #1267	fh@obelix.ipg 2021-12-14 11:20:55	(10.2.1 fh@obelix.ipg 2021-12-14 11:20:37)
SIM	1679566680	HUAWEI	rivaa	StartAndBrake_SD2231_Lab1	0	9.886	144.928


SYSTEM_START	-	HUAWEI	HUAWEI	2023-03-23 11:18:54


SYSTEM_INFO	CarMaker 10.2.1 - Car_Generic #1267	fh@obelix.ipg 2021-12-14 11:20:55	(10.2.1 fh@obelix.ipg 2021-12-14 11:20:37)
SIM	1679566734	HUAWEI	rivaa	StartAndBrake_SD2231_Lab1	0	9.886	144.928


SYSTEM_START	-	HUAWEI	HUAWEI	2023-03-23 11:19:27


SYSTEM_INFO	CarMaker 10.2.1 - Car_Generic #1267	fh@obelix.ipg 2021-12-14 11:20:55	(10.2.1 fh@obelix.ipg 2021-12-14 11:20:37)
SIM	1679566767	HUAWEI	rivaa	StartAndBrake_SD2231_Lab1	0	9.886	144.928


SYSTEM_START	-	HUAWEI	HUAWEI	2023-03-23 11:23:26


SYSTEM_INFO	CarMaker 10.2.1 - Car_Generic #1267	fh@obelix.ipg 2021-12-14 11:20:55	(10.2.1 fh@obelix.ipg 2021-12-14 11:20:37)
SIM	1679567006	HUAWEI	rivaa	StartAndBrake_SD2231_Lab1	0	9.886	144.928


SYSTEM_START	-	HUAWEI	HUAWEI	2023-03-23 11:23:53


SYSTEM_INFO	CarMaker 10.2.1 - Car_Generic #1267	fh@obelix.ipg 2021-12-14 11:20:55	(10.2.1 fh@obelix.ipg 2021-12-14 11:20:37)
SIM	1679567034	HUAWEI	rivaa	StartAndBrake_SD2231_Lab1	0	9.886	144.928


SYSTEM_START	-	HUAWEI	HUAWEI	2023-03-23 11:44:45


SYSTEM_INFO	CarMaker 10.2.1 - Car_Generic #1267	fh@obelix.ipg 2021-12-14 11:20:55	(10.2.1 fh@obelix.ipg 2021-12-14 11:20:37)
SIM	1679568285	HUAWEI	rivaa	StartAndBrake_SD2231_Lab1	0	9.886	144.928


SYSTEM_START	-	HUAWEI	HUAWEI	2023-03-23 11:45:18


SYSTEM_INFO	CarMaker 10.2.1 - Car_Generic #1267	fh@obelix.ipg 2021-12-14 11:20:55	(10.2.1 fh@obelix.ipg 2021-12-14 11:20:37)
SIM	1679568318	HUAWEI	rivaa	StartAndBrake_SD2231_Lab1	0	9.886	144.928


SYSTEM_START	-	HUAWEI	HUAWEI	2023-03-23 15:58:18


SYSTEM_INFO	CarMaker 10.2.1 - Car_Generic #1267	fh@obelix.ipg 2021-12-14 11:20:55	(10.2.1 fh@obelix.ipg 2021-12-14 11:20:37)
SIM	1679583499	HUAWEI	rivaa	StartAndBrake_SD2231_Lab1	0	9.886	144.928


SYSTEM_START	-	HUAWEI	HUAWEI	2023-03-23 15:58:46


SYSTEM_INFO	CarMaker 10.2.1 - Car_Generic #1267	fh@obelix.ipg 2021-12-14 11:20:55	(10.2.1 fh@obelix.ipg 2021-12-14 11:20:37)
SIM	1679583526	HUAWEI	rivaa	StartAndBrake_SD2231_Lab1	0	9.886	144.928


SYSTEM_START	-	HUAWEI	HUAWEI	2023-03-23 16:14:30


SYSTEM_INFO	CarMaker 10.2.1 - Car_Generic #1267	fh@obelix.ipg 2021-12-14 11:20:55	(10.2.1 fh@obelix.ipg 2021-12-14 11:20:37)
SIM	1679584470	HUAWEI	rivaa	StartAndBrake_SD2231_Lab1	0	9.886	144.928


SYSTEM_START	-	HUAWEI	HUAWEI	2023-03-23 16:17:04


SYSTEM_INFO	CarMaker 10.2.1 - Car_Generic #1267	fh@obelix.ipg 2021-12-14 11:20:55	(10.2.1 fh@obelix.ipg 2021-12-14 11:20:37)
SIM	1679584624	HUAWEI	rivaa	StartAndBrake_SD2231_Lab1	0	9.886	144.928


SYSTEM_START	-	HUAWEI	HUAWEI	2023-03-23 16:17:16


SYSTEM_INFO	CarMaker 10.2.1 - Car_Generic #1267	fh@obelix.ipg 2021-12-14 11:20:55	(10.2.1 fh@obelix.ipg 2021-12-14 11:20:37)
SIM	1679584636	HUAWEI	rivaa	StartAndBrake_SD2231_Lab1	0	9.886	144.928


SYSTEM_START	-	HUAWEI	HUAWEI	2023-03-23 16:18:19


SYSTEM_INFO	CarMaker 10.2.1 - Car_Generic #1267	fh@obelix.ipg 2021-12-14 11:20:55	(10.2.1 fh@obelix.ipg 2021-12-14 11:20:37)
SIM	1679584699	HUAWEI	rivaa	StartAndBrake_SD2231_Lab1	0	9.886	144.928


SYSTEM_START	-	HUAWEI	HUAWEI	2023-03-23 16:19:12


SYSTEM_INFO	CarMaker 10.2.1 - Car_Generic #1267	fh@obelix.ipg 2021-12-14 11:20:55	(10.2.1 fh@obelix.ipg 2021-12-14 11:20:37)
SIM	1679584752	HUAWEI	rivaa	StartAndBrake_SD2231_Lab1	0	9.886	144.928


SYSTEM_START	-	HUAWEI	HUAWEI	2023-03-23 16:20:06


SYSTEM_INFO	CarMaker 10.2.1 - Car_Generic #1267	fh@obelix.ipg 2021-12-14 11:20:55	(10.2.1 fh@obelix.ipg 2021-12-14 11:20:37)
SIM	1679584806	HUAWEI	rivaa	StartAndBrake_SD2231_Lab1	0	9.886	144.928


SYSTEM_START	-	HUAWEI	HUAWEI	2023-03-29 08:52:45


SYSTEM_INFO	CarMaker 10.2.1 - Car_Generic #1267	fh@obelix.ipg 2021-12-14 11:20:55	(10.2.1 fh@obelix.ipg 2021-12-14 11:20:37)
SIM	1680072765	HUAWEI	rivaa	StartAndBrake_SD2231_Lab1	0	10.556	157.617


SYSTEM_START	-	HUAWEI	HUAWEI	2023-03-29 08:56:21


SYSTEM_INFO	CarMaker 10.2.1 - Car_Generic #1267	fh@obelix.ipg 2021-12-14 11:20:55	(10.2.1 fh@obelix.ipg 2021-12-14 11:20:37)
SIM	1680072981	HUAWEI	rivaa	StartAndBrake_SD2231_Lab1	0	9.886	144.928


SYSTEM_START	-	HUAWEI	HUAWEI	2023-03-29 08:57:17


SYSTEM_INFO	CarMaker 10.2.1 - Car_Generic #1267	fh@obelix.ipg 2021-12-14 11:20:55	(10.2.1 fh@obelix.ipg 2021-12-14 11:20:37)
SIM	1680073037	HUAWEI	rivaa	StartAndBrake_SD2231_Lab1	0	9.886	144.928


SYSTEM_START	-	HUAWEI	HUAWEI	2023-03-29 08:58:35


SYSTEM_INFO	CarMaker 10.2.1 - Car_Generic #1267	fh@obelix.ipg 2021-12-14 11:20:55	(10.2.1 fh@obelix.ipg 2021-12-14 11:20:37)
SIM	1680073115	HUAWEI	rivaa	StartAndBrake_SD2231_Lab1	0	9.886	144.928


SYSTEM_START	-	HUAWEI	HUAWEI	2023-03-29 09:05:29


SYSTEM_INFO	CarMaker 10.2.1 - Car_Generic #1267	fh@obelix.ipg 2021-12-14 11:20:55	(10.2.1 fh@obelix.ipg 2021-12-14 11:20:37)
SIM	1680073529	HUAWEI	rivaa	StartAndBrake_SD2231_Lab1	0	9.886	144.928


SYSTEM_START	-	HUAWEI	HUAWEI	2023-03-29 09:06:21


SYSTEM_INFO	CarMaker 10.2.1 - Car_Generic #1267	fh@obelix.ipg 2021-12-14 11:20:55	(10.2.1 fh@obelix.ipg 2021-12-14 11:20:37)
SIM	1680073581	HUAWEI	rivaa	StartAndBrake_SD2231_Lab1	0	9.886	144.928


SYSTEM_START	-	HUAWEI	HUAWEI	2023-03-29 09:06:29


SYSTEM_INFO	CarMaker 10.2.1 - Car_Generic #1267	fh@obelix.ipg 2021-12-14 11:20:55	(10.2.1 fh@obelix.ipg 2021-12-14 11:20:37)
SIM	1680073589	HUAWEI	rivaa	StartAndBrake_SD2231_Lab1	0	9.886	144.928


SYSTEM_START	-	HUAWEI	HUAWEI	2023-03-29 09:06:37


SYSTEM_INFO	CarMaker 10.2.1 - Car_Generic #1267	fh@obelix.ipg 2021-12-14 11:20:55	(10.2.1 fh@obelix.ipg 2021-12-14 11:20:37)
SIM	1680073597	HUAWEI	rivaa	StartAndBrake_SD2231_Lab1	0	9.886	144.928


SYSTEM_START	-	HUAWEI	HUAWEI	2023-03-29 09:09:01


SYSTEM_INFO	CarMaker 10.2.1 - Car_Generic #1267	fh@obelix.ipg 2021-12-14 11:20:55	(10.2.1 fh@obelix.ipg 2021-12-14 11:20:37)
SIM	1680073741	HUAWEI	rivaa	StartAndBrake_SD2231_Lab1	0	9.886	144.928


SYSTEM_START	-	HUAWEI	HUAWEI	2023-03-29 09:09:56


SYSTEM_INFO	CarMaker 10.2.1 - Car_Generic #1267	fh@obelix.ipg 2021-12-14 11:20:55	(10.2.1 fh@obelix.ipg 2021-12-14 11:20:37)
SIM	1680073796	HUAWEI	rivaa	StartAndBrake_SD2231_Lab1	0	0	0


SYSTEM_START	-	HUAWEI	HUAWEI	2023-03-29 09:10:59


SYSTEM_INFO	CarMaker 10.2.1 - Car_Generic #1267	fh@obelix.ipg 2021-12-14 11:20:55	(10.2.1 fh@obelix.ipg 2021-12-14 11:20:37)
SIM	1680073859	HUAWEI	rivaa	StartAndBrake_SD2231_Lab1	0	9.886	144.928


SYSTEM_START	-	HUAWEI	HUAWEI	2023-03-29 09:11:29


SYSTEM_INFO	CarMaker 10.2.1 - Car_Generic #1267	fh@obelix.ipg 2021-12-14 11:20:55	(10.2.1 fh@obelix.ipg 2021-12-14 11:20:37)
SIM	1680073889	HUAWEI	rivaa	StartAndBrake_SD2231_Lab1	0	9.886	144.928


SYSTEM_START	-	HUAWEI	HUAWEI	2023-03-29 09:14:01


SYSTEM_INFO	CarMaker 10.2.1 - Car_Generic #1267	fh@obelix.ipg 2021-12-14 11:20:55	(10.2.1 fh@obelix.ipg 2021-12-14 11:20:37)
SIM	1680074041	HUAWEI	rivaa	StartAndBrake_SD2231_Lab1	0	9.886	144.928


SYSTEM_START	-	HUAWEI	HUAWEI	2023-03-29 09:14:47


SYSTEM_INFO	CarMaker 10.2.1 - Car_Generic #1267	fh@obelix.ipg 2021-12-14 11:20:55	(10.2.1 fh@obelix.ipg 2021-12-14 11:20:37)
SIM	1680074087	HUAWEI	rivaa	StartAndBrake_SD2231_Lab1	0	9.886	144.928


SYSTEM_START	-	HUAWEI	HUAWEI	2023-03-29 09:15:09


SYSTEM_INFO	CarMaker 10.2.1 - Car_Generic #1267	fh@obelix.ipg 2021-12-14 11:20:55	(10.2.1 fh@obelix.ipg 2021-12-14 11:20:37)
SIM	1680074109	HUAWEI	rivaa	StartAndBrake_SD2231_Lab1	0	9.886	144.928


SYSTEM_START	-	HUAWEI	HUAWEI	2023-03-29 09:28:56


SYSTEM_INFO	CarMaker 10.2.1 - Car_Generic #1267	fh@obelix.ipg 2021-12-14 11:20:55	(10.2.1 fh@obelix.ipg 2021-12-14 11:20:37)
SIM	1680074936	HUAWEI	rivaa	StartAndBrake_SD2231_Lab1	0	9.886	144.928


SYSTEM_START	-	HUAWEI	HUAWEI	2023-03-29 09:38:24


SYSTEM_INFO	CarMaker 10.2.1 - Car_Generic #1267	fh@obelix.ipg 2021-12-14 11:20:55	(10.2.1 fh@obelix.ipg 2021-12-14 11:20:37)
SIM	1680075504	HUAWEI	rivaa	StartAndBrake_SD2231_Lab1	0	9.886	144.928


SYSTEM_START	-	HUAWEI	HUAWEI	2023-03-29 09:38:58


SYSTEM_INFO	CarMaker 10.2.1 - Car_Generic #1267	fh@obelix.ipg 2021-12-14 11:20:55	(10.2.1 fh@obelix.ipg 2021-12-14 11:20:37)
SIM	1680075538	HUAWEI	rivaa	StartAndBrake_SD2231_Lab1	0	9.886	144.928


SYSTEM_START	-	HUAWEI	HUAWEI	2023-03-29 09:39:41


SYSTEM_INFO	CarMaker 10.2.1 - Car_Generic #1267	fh@obelix.ipg 2021-12-14 11:20:55	(10.2.1 fh@obelix.ipg 2021-12-14 11:20:37)
SIM	1680075582	HUAWEI	rivaa	StartAndBrake_SD2231_Lab1	0	9.886	144.928


SYSTEM_START	-	HUAWEI	HUAWEI	2023-03-29 09:40:04


SYSTEM_INFO	CarMaker 10.2.1 - Car_Generic #1267	fh@obelix.ipg 2021-12-14 11:20:55	(10.2.1 fh@obelix.ipg 2021-12-14 11:20:37)
SIM	1680075604	HUAWEI	rivaa	StartAndBrake_SD2231_Lab1	0	9.886	144.928


SYSTEM_START	-	HUAWEI	HUAWEI	2023-03-29 09:40:54


SYSTEM_INFO	CarMaker 10.2.1 - Car_Generic #1267	fh@obelix.ipg 2021-12-14 11:20:55	(10.2.1 fh@obelix.ipg 2021-12-14 11:20:37)
SIM	1680075654	HUAWEI	rivaa	StartAndBrake_SD2231_Lab1	0	9.886	144.928


SYSTEM_START	-	HUAWEI	HUAWEI	2023-03-29 09:50:23


SYSTEM_INFO	CarMaker 10.2.1 - Car_Generic #1267	fh@obelix.ipg 2021-12-14 11:20:55	(10.2.1 fh@obelix.ipg 2021-12-14 11:20:37)
SIM	1680076223	HUAWEI	rivaa	StartAndBrake_SD2231_Lab1	0	9.886	144.928


SYSTEM_START	-	HUAWEI	HUAWEI	2023-03-29 09:51:30


SYSTEM_INFO	CarMaker 10.2.1 - Car_Generic #1267	fh@obelix.ipg 2021-12-14 11:20:55	(10.2.1 fh@obelix.ipg 2021-12-14 11:20:37)
SIM	1680076290	HUAWEI	rivaa	StartAndBrake_SD2231_Lab1	0	9.886	144.928


SYSTEM_START	-	HUAWEI	HUAWEI	2023-03-29 09:52:16


SYSTEM_INFO	CarMaker 10.2.1 - Car_Generic #1267	fh@obelix.ipg 2021-12-14 11:20:55	(10.2.1 fh@obelix.ipg 2021-12-14 11:20:37)
SIM	1680076336	HUAWEI	rivaa	StartAndBrake_SD2231_Lab1	0	9.886	144.928


SYSTEM_START	-	HUAWEI	HUAWEI	2023-03-29 09:53:15


SYSTEM_INFO	CarMaker 10.2.1 - Car_Generic #1267	fh@obelix.ipg 2021-12-14 11:20:55	(10.2.1 fh@obelix.ipg 2021-12-14 11:20:37)
SIM	1680076395	HUAWEI	rivaa	StartAndBrake_SD2231_Lab1	0	9.886	144.928


SYSTEM_START	-	HUAWEI	HUAWEI	2023-03-29 09:53:37


SYSTEM_INFO	CarMaker 10.2.1 - Car_Generic #1267	fh@obelix.ipg 2021-12-14 11:20:55	(10.2.1 fh@obelix.ipg 2021-12-14 11:20:37)
SIM	1680076417	HUAWEI	rivaa	StartAndBrake_SD2231_Lab1	0	9.886	144.928


SYSTEM_START	-	HUAWEI	HUAWEI	2023-03-29 09:54:22


SYSTEM_INFO	CarMaker 10.2.1 - Car_Generic #1267	fh@obelix.ipg 2021-12-14 11:20:55	(10.2.1 fh@obelix.ipg 2021-12-14 11:20:37)
SIM	1680076462	HUAWEI	rivaa	StartAndBrake_SD2231_Lab1	0	9.886	144.928


SYSTEM_START	-	HUAWEI	HUAWEI	2023-03-29 09:54:35


SYSTEM_INFO	CarMaker 10.2.1 - Car_Generic #1267	fh@obelix.ipg 2021-12-14 11:20:55	(10.2.1 fh@obelix.ipg 2021-12-14 11:20:37)
SIM	1680076476	HUAWEI	rivaa	StartAndBrake_SD2231_Lab1	0	9.886	144.928


SYSTEM_START	-	HUAWEI	HUAWEI	2023-03-29 10:01:56


SYSTEM_INFO	CarMaker 10.2.1 - Car_Generic #1267	fh@obelix.ipg 2021-12-14 11:20:55	(10.2.1 fh@obelix.ipg 2021-12-14 11:20:37)
SIM	1680076916	HUAWEI	rivaa	StartAndBrake_SD2231_Lab1	0	9.886	144.928


SYSTEM_START	-	HUAWEI	HUAWEI	2023-03-30 10:03:00


SYSTEM_INFO	CarMaker 10.2.1 - Car_Generic #1267	fh@obelix.ipg 2021-12-14 11:20:55	(10.2.1 fh@obelix.ipg 2021-12-14 11:20:37)
SIM	1680163380	HUAWEI	rivaa	StartAndBrake_SD2231_Lab1	0	21.004	1.46921


SYSTEM_START	-	HUAWEI	HUAWEI	2023-03-30 10:04:36


SYSTEM_INFO	CarMaker 10.2.1 - Car_Generic #1267	fh@obelix.ipg 2021-12-14 11:20:55	(10.2.1 fh@obelix.ipg 2021-12-14 11:20:37)
SIM	1680163476	HUAWEI	rivaa	StartAndBrake_SD2231_Lab1	0	21.004	0.014953


SYSTEM_START	-	HUAWEI	HUAWEI	2023-03-30 10:06:53


SYSTEM_INFO	CarMaker 10.2.1 - Car_Generic #1267	fh@obelix.ipg 2021-12-14 11:20:55	(10.2.1 fh@obelix.ipg 2021-12-14 11:20:37)
SIM	1680163613	HUAWEI	rivaa	StartAndBrake_SD2231_Lab1	0	21.004	0.014953


SYSTEM_START	-	HUAWEI	HUAWEI	2023-03-30 10:10:37


SYSTEM_INFO	CarMaker 10.2.1 - Car_Generic #1267	fh@obelix.ipg 2021-12-14 11:20:55	(10.2.1 fh@obelix.ipg 2021-12-14 11:20:37)
SIM	1680163837	HUAWEI	rivaa	StartAndBrake_SD2231_Lab1	0	9.886	144.928


SYSTEM_START	-	HUAWEI	HUAWEI	2023-03-30 10:11:32


SYSTEM_INFO	CarMaker 10.2.1 - Car_Generic #1267	fh@obelix.ipg 2021-12-14 11:20:55	(10.2.1 fh@obelix.ipg 2021-12-14 11:20:37)
SIM	1680163892	HUAWEI	rivaa	StartAndBrake_SD2231_Lab1	0	21.004	0.014953


SYSTEM_START	-	HUAWEI	HUAWEI	2023-03-30 10:11:41


SYSTEM_INFO	CarMaker 10.2.1 - Car_Generic #1267	fh@obelix.ipg 2021-12-14 11:20:55	(10.2.1 fh@obelix.ipg 2021-12-14 11:20:37)
SIM	1680163901	HUAWEI	rivaa	StartAndBrake_SD2231_Lab1	0	21.004	0.014953


SYSTEM_START	-	HUAWEI	HUAWEI	2023-03-30 10:13:26


SYSTEM_INFO	CarMaker 10.2.1 - Car_Generic #1267	fh@obelix.ipg 2021-12-14 11:20:55	(10.2.1 fh@obelix.ipg 2021-12-14 11:20:37)
SIM	1680164006	HUAWEI	rivaa	StartAndBrake_SD2231_Lab1	0	21.004	0.014953


SYSTEM_START	-	HUAWEI	HUAWEI	2023-03-30 10:16:48


SYSTEM_INFO	CarMaker 10.2.1 - Car_Generic #1267	fh@obelix.ipg 2021-12-14 11:20:55	(10.2.1 fh@obelix.ipg 2021-12-14 11:20:37)
SIM	1680164208	HUAWEI	rivaa	StartAndBrake_SD2231_Lab1	0	21.004	0.014953


SYSTEM_START	-	HUAWEI	HUAWEI	2023-03-30 10:17:58


SYSTEM_INFO	CarMaker 10.2.1 - Car_Generic #1267	fh@obelix.ipg 2021-12-14 11:20:55	(10.2.1 fh@obelix.ipg 2021-12-14 11:20:37)
SIM	1680164278	HUAWEI	rivaa	StartAndBrake_SD2231_Lab1	0	14.207	157.619


SYSTEM_START	-	HUAWEI	HUAWEI	2023-03-30 10:19:29


SYSTEM_INFO	CarMaker 10.2.1 - Car_Generic #1267	fh@obelix.ipg 2021-12-14 11:20:55	(10.2.1 fh@obelix.ipg 2021-12-14 11:20:37)
SIM	1680164369	HUAWEI	rivaa	StartAndBrake_SD2231_Lab1	1	19.929	815.859


SYSTEM_START	-	HUAWEI	HUAWEI	2023-03-30 10:23:06


SYSTEM_INFO	CarMaker 10.2.1 - Car_Generic #1267	fh@obelix.ipg 2021-12-14 11:20:55	(10.2.1 fh@obelix.ipg 2021-12-14 11:20:37)
SIM	1680164586	HUAWEI	rivaa	StartAndBrake_SD2231_Lab1	1	18.723	848.54


SYSTEM_START	-	HUAWEI	HUAWEI	2023-03-30 10:23:45


SYSTEM_INFO	CarMaker 10.2.1 - Car_Generic #1267	fh@obelix.ipg 2021-12-14 11:20:55	(10.2.1 fh@obelix.ipg 2021-12-14 11:20:37)
SIM	1680164625	HUAWEI	rivaa	StartAndBrake_SD2231_Lab1	1	19.96	816.491


SYSTEM_START	-	HUAWEI	HUAWEI	2023-03-30 10:24:18


SYSTEM_INFO	CarMaker 10.2.1 - Car_Generic #1267	fh@obelix.ipg 2021-12-14 11:20:55	(10.2.1 fh@obelix.ipg 2021-12-14 11:20:37)
SIM	1680164658	HUAWEI	rivaa	StartAndBrake_SD2231_Lab1	1	21.534	883.93


SYSTEM_START	-	HUAWEI	HUAWEI	2023-03-30 10:27:58


SYSTEM_INFO	CarMaker 10.2.1 - Car_Generic #1267	fh@obelix.ipg 2021-12-14 11:20:55	(10.2.1 fh@obelix.ipg 2021-12-14 11:20:37)
SIM	1680164878	HUAWEI	rivaa	StartAndBrake_SD2231_Lab1	1	21.534	883.93


SYSTEM_START	-	HUAWEI	HUAWEI	2023-03-30 10:28:52


SYSTEM_INFO	CarMaker 10.2.1 - Car_Generic #1267	fh@obelix.ipg 2021-12-14 11:20:55	(10.2.1 fh@obelix.ipg 2021-12-14 11:20:37)
SIM	1680164932	HUAWEI	rivaa	StartAndBrake_SD2231_Lab1	1	21.534	883.93


SYSTEM_START	-	HUAWEI	HUAWEI	2023-03-30 10:29:24


SYSTEM_INFO	CarMaker 10.2.1 - Car_Generic #1267	fh@obelix.ipg 2021-12-14 11:20:55	(10.2.1 fh@obelix.ipg 2021-12-14 11:20:37)
SIM	1680164964	HUAWEI	rivaa	StartAndBrake_SD2231_Lab1	1	21.534	883.93


SYSTEM_START	-	HUAWEI	HUAWEI	2023-03-30 11:10:48


SYSTEM_INFO	CarMaker 10.2.1 - Car_Generic #1267	fh@obelix.ipg 2021-12-14 11:20:55	(10.2.1 fh@obelix.ipg 2021-12-14 11:20:37)
SIM	1680167448	HUAWEI	rivaa	StartAndBrake_SD2231_Lab1	1	22.772	1041.79


SYSTEM_START	-	HUAWEI	HUAWEI	2023-03-30 11:11:03


SYSTEM_INFO	CarMaker 10.2.1 - Car_Generic #1267	fh@obelix.ipg 2021-12-14 11:20:55	(10.2.1 fh@obelix.ipg 2021-12-14 11:20:37)
SIM	1680167463	HUAWEI	rivaa	StartAndBrake_SD2231_Lab1	1	22.771	1041.75


SYSTEM_START	-	HUAWEI	HUAWEI	2023-03-30 11:13:41


SYSTEM_INFO	CarMaker 10.2.1 - Car_Generic #1267	fh@obelix.ipg 2021-12-14 11:20:55	(10.2.1 fh@obelix.ipg 2021-12-14 11:20:37)
SIM	1680167621	HUAWEI	rivaa	StartAndBrake_SD2231_Lab1	1	22.771	1041.77


SYSTEM_START	-	HUAWEI	HUAWEI	2023-03-30 11:14:33


SYSTEM_INFO	CarMaker 10.2.1 - Car_Generic #1267	fh@obelix.ipg 2021-12-14 11:20:55	(10.2.1 fh@obelix.ipg 2021-12-14 11:20:37)
SIM	1680167673	HUAWEI	rivaa	StartAndBrake_SD2231_Lab1	1	22.771	1041.87


SYSTEM_START	-	HUAWEI	HUAWEI	2023-03-30 11:15:07


SYSTEM_INFO	CarMaker 10.2.1 - Car_Generic #1267	fh@obelix.ipg 2021-12-14 11:20:55	(10.2.1 fh@obelix.ipg 2021-12-14 11:20:37)
SIM	1680167707	HUAWEI	rivaa	StartAndBrake_SD2231_Lab1	1	22.77	1041.76


SYSTEM_START	-	HUAWEI	HUAWEI	2023-03-30 11:16:06


SYSTEM_INFO	CarMaker 10.2.1 - Car_Generic #1267	fh@obelix.ipg 2021-12-14 11:20:55	(10.2.1 fh@obelix.ipg 2021-12-14 11:20:37)
SIM	1680167766	HUAWEI	rivaa	StartAndBrake_SD2231_Lab1	1	22.77	1041.74


SYSTEM_START	-	HUAWEI	HUAWEI	2023-03-30 11:18:44


SYSTEM_INFO	CarMaker 10.2.1 - Car_Generic #1267	fh@obelix.ipg 2021-12-14 11:20:55	(10.2.1 fh@obelix.ipg 2021-12-14 11:20:37)
SIM	1680167924	HUAWEI	rivaa	StartAndBrake_SD2231_Lab1	1	22.771	1041.91


SYSTEM_START	-	HUAWEI	HUAWEI	2023-03-30 11:19:53


SYSTEM_INFO	CarMaker 10.2.1 - Car_Generic #1267	fh@obelix.ipg 2021-12-14 11:20:55	(10.2.1 fh@obelix.ipg 2021-12-14 11:20:37)
SIM	1680167993	HUAWEI	rivaa	StartAndBrake_SD2231_Lab1	1	22.771	1041.96


SYSTEM_START	-	HUAWEI	HUAWEI	2023-03-30 11:22:08


SYSTEM_INFO	CarMaker 10.2.1 - Car_Generic #1267	fh@obelix.ipg 2021-12-14 11:20:55	(10.2.1 fh@obelix.ipg 2021-12-14 11:20:37)
SIM	1680168128	HUAWEI	rivaa	StartAndBrake_SD2231_Lab1	1	21.248	451.699


SYSTEM_START	-	HUAWEI	HUAWEI	2023-03-30 11:22:43


SYSTEM_INFO	CarMaker 10.2.1 - Car_Generic #1267	fh@obelix.ipg 2021-12-14 11:20:55	(10.2.1 fh@obelix.ipg 2021-12-14 11:20:37)
SIM	1680168164	HUAWEI	rivaa	StartAndBrake_SD2231_Lab1	1	21.26	454.756


SYSTEM_START	-	HUAWEI	HUAWEI	2023-03-30 11:25:11


SYSTEM_INFO	CarMaker 10.2.1 - Car_Generic #1267	fh@obelix.ipg 2021-12-14 11:20:55	(10.2.1 fh@obelix.ipg 2021-12-14 11:20:37)
SIM	1680168311	HUAWEI	rivaa	StartAndBrake_SD2231_Lab1	1	21.338	426.385


SYSTEM_START	-	HUAWEI	HUAWEI	2023-03-30 11:27:39


SYSTEM_INFO	CarMaker 10.2.1 - Car_Generic #1267	fh@obelix.ipg 2021-12-14 11:20:55	(10.2.1 fh@obelix.ipg 2021-12-14 11:20:37)
SIM	1680168459	HUAWEI	rivaa	StartAndBrake_SD2231_Lab1	1	19.929	815.859


SYSTEM_START	-	HUAWEI	HUAWEI	2023-03-30 11:33:10


SYSTEM_INFO	CarMaker 10.2.1 - Car_Generic #1267	fh@obelix.ipg 2021-12-14 11:20:55	(10.2.1 fh@obelix.ipg 2021-12-14 11:20:37)
SIM	1680168790	HUAWEI	rivaa	StartAndBrake_SD2231_Lab1	1	19.996	817.709


SYSTEM_START	-	HUAWEI	HUAWEI	2023-03-30 11:34:38


SYSTEM_INFO	CarMaker 10.2.1 - Car_Generic #1267	fh@obelix.ipg 2021-12-14 11:20:55	(10.2.1 fh@obelix.ipg 2021-12-14 11:20:37)
SIM	1680168878	HUAWEI	rivaa	StartAndBrake_SD2231_Lab1	1	19.929	815.859


SYSTEM_START	-	HUAWEI	HUAWEI	2023-03-30 11:39:28


SYSTEM_INFO	CarMaker 10.2.1 - Car_Generic #1267	fh@obelix.ipg 2021-12-14 11:20:55	(10.2.1 fh@obelix.ipg 2021-12-14 11:20:37)
SIM	1680169169	HUAWEI	rivaa	StartAndBrake_SD2231_Lab1	1	21.073	965.151


SYSTEM_START	-	HUAWEI	HUAWEI	2023-03-30 11:40:45


SYSTEM_INFO	CarMaker 10.2.1 - Car_Generic #1267	fh@obelix.ipg 2021-12-14 11:20:55	(10.2.1 fh@obelix.ipg 2021-12-14 11:20:37)
SIM	1680169245	HUAWEI	rivaa	StartAndBrake_SD2231_Lab1	1	21.073	965.151


SYSTEM_START	-	HUAWEI	HUAWEI	2023-03-30 11:42:45


SYSTEM_INFO	CarMaker 10.2.1 - Car_Generic #1267	fh@obelix.ipg 2021-12-14 11:20:55	(10.2.1 fh@obelix.ipg 2021-12-14 11:20:37)
SIM	1680169365	HUAWEI	rivaa	StartAndBrake_SD2231_Lab1	1	21.073	965.151


SYSTEM_START	-	HUAWEI	HUAWEI	2023-03-30 11:44:33


SYSTEM_INFO	CarMaker 10.2.1 - Car_Generic #1267	fh@obelix.ipg 2021-12-14 11:20:55	(10.2.1 fh@obelix.ipg 2021-12-14 11:20:37)
SIM	1680169473	HUAWEI	rivaa	StartAndBrake_SD2231_Lab1	1	21.084	952.915


SYSTEM_START	-	HUAWEI	HUAWEI	2023-03-30 11:46:12


SYSTEM_INFO	CarMaker 10.2.1 - Car_Generic #1267	fh@obelix.ipg 2021-12-14 11:20:55	(10.2.1 fh@obelix.ipg 2021-12-14 11:20:37)
SIM	1680169572	HUAWEI	rivaa	StartAndBrake_SD2231_Lab1	1	21.073	965.151


SYSTEM_START	-	HUAWEI	HUAWEI	2023-03-30 11:48:50


SYSTEM_INFO	CarMaker 10.2.1 - Car_Generic #1267	fh@obelix.ipg 2021-12-14 11:20:55	(10.2.1 fh@obelix.ipg 2021-12-14 11:20:37)
SIM	1680169730	HUAWEI	rivaa	StartAndBrake_SD2231_Lab1	1	21.058	973.732


SYSTEM_START	-	HUAWEI	HUAWEI	2023-03-30 11:52:39


SYSTEM_INFO	CarMaker 10.2.1 - Car_Generic #1267	fh@obelix.ipg 2021-12-14 11:20:55	(10.2.1 fh@obelix.ipg 2021-12-14 11:20:37)
SIM	1680169959	HUAWEI	rivaa	StartAndBrake_SD2231_Lab1	1	20.991	1014.17


SYSTEM_START	-	HUAWEI	HUAWEI	2023-03-30 11:54:41


SYSTEM_INFO	CarMaker 10.2.1 - Car_Generic #1267	fh@obelix.ipg 2021-12-14 11:20:55	(10.2.1 fh@obelix.ipg 2021-12-14 11:20:37)
SIM	1680170082	HUAWEI	rivaa	StartAndBrake_SD2231_Lab1	0	25.857	1631.71


SYSTEM_START	-	HUAWEI	HUAWEI	2023-04-05 08:25:38


SYSTEM_INFO	CarMaker 10.2.1 - Car_Generic #1267	fh@obelix.ipg 2021-12-14 11:20:55	(10.2.1 fh@obelix.ipg 2021-12-14 11:20:37)
SIM	1680675938	HUAWEI	rivaa	StartAndBrake_SD2231_Lab1	0	25.857	1631.71


SYSTEM_START	-	HUAWEI	HUAWEI	2023-04-05 08:29:08


SYSTEM_INFO	CarMaker 10.2.1 - Car_Generic #1267	fh@obelix.ipg 2021-12-14 11:20:55	(10.2.1 fh@obelix.ipg 2021-12-14 11:20:37)
SIM	1680676148	HUAWEI	rivaa	StartAndBrake_SD2231_Lab1	1	20.705	915.189


SYSTEM_START	-	HUAWEI	HUAWEI	2023-04-05 08:49:47


SYSTEM_INFO	CarMaker 10.2.1 - Car_Generic #1267	fh@obelix.ipg 2021-12-14 11:20:55	(10.2.1 fh@obelix.ipg 2021-12-14 11:20:37)
SIM	1680677387	HUAWEI	rivaa	StartAndBrake_SD2231_Lab1	1	20.705	915.189


SYSTEM_START	-	HUAWEI	HUAWEI	2023-04-05 08:52:17


SYSTEM_INFO	CarMaker 10.2.1 - Car_Generic #1267	fh@obelix.ipg 2021-12-14 11:20:55	(10.2.1 fh@obelix.ipg 2021-12-14 11:20:37)
SIM	1680677537	HUAWEI	rivaa	StartAndBrake_SD2231_Lab1	0	41.002	133.779


SYSTEM_START	-	HUAWEI	HUAWEI	2023-04-05 08:52:42


SYSTEM_INFO	CarMaker 10.2.1 - Car_Generic #1267	fh@obelix.ipg 2021-12-14 11:20:55	(10.2.1 fh@obelix.ipg 2021-12-14 11:20:37)
SIM	1680677563	HUAWEI	rivaa	StartAndBrake_SD2231_Lab1	0	41.002	133.779


SYSTEM_START	-	HUAWEI	HUAWEI	2023-04-05 08:54:27


SYSTEM_INFO	CarMaker 10.2.1 - Car_Generic #1267	fh@obelix.ipg 2021-12-14 11:20:55	(10.2.1 fh@obelix.ipg 2021-12-14 11:20:37)
SIM	1680677667	HUAWEI	rivaa	StartAndBrake_SD2231_Lab1	0	41.002	133.779


SYSTEM_START	-	HUAWEI	HUAWEI	2023-04-05 08:57:08


SYSTEM_INFO	CarMaker 10.2.1 - Car_Generic #1267	fh@obelix.ipg 2021-12-14 11:20:55	(10.2.1 fh@obelix.ipg 2021-12-14 11:20:37)
SIM	1680677828	HUAWEI	rivaa	StartAndBrake_SD2231_Lab1	0	41.002	133.779


SYSTEM_START	-	HUAWEI	HUAWEI	2023-04-05 08:59:07


SYSTEM_INFO	CarMaker 10.2.1 - Car_Generic #1267	fh@obelix.ipg 2021-12-14 11:20:55	(10.2.1 fh@obelix.ipg 2021-12-14 11:20:37)
SIM	1680677947	HUAWEI	rivaa	StartAndBrake_SD2231_Lab1	0	41.002	133.779


SYSTEM_START	-	HUAWEI	HUAWEI	2023-04-05 09:00:53


SYSTEM_INFO	CarMaker 10.2.1 - Car_Generic #1267	fh@obelix.ipg 2021-12-14 11:20:55	(10.2.1 fh@obelix.ipg 2021-12-14 11:20:37)
SIM	1680678053	HUAWEI	rivaa	StartAndBrake_SD2231_Lab1	0	26.086	1372.64


SYSTEM_START	-	HUAWEI	HUAWEI	2023-04-05 09:02:25


SYSTEM_INFO	CarMaker 10.2.1 - Car_Generic #1267	fh@obelix.ipg 2021-12-14 11:20:55	(10.2.1 fh@obelix.ipg 2021-12-14 11:20:37)
SIM	1680678145	HUAWEI	rivaa	StartAndBrake_SD2231_Lab1	0	25.433	1369.9


SYSTEM_START	-	HUAWEI	HUAWEI	2023-04-05 09:02:52


SYSTEM_INFO	CarMaker 10.2.1 - Car_Generic #1267	fh@obelix.ipg 2021-12-14 11:20:55	(10.2.1 fh@obelix.ipg 2021-12-14 11:20:37)
SIM	1680678172	HUAWEI	rivaa	StartAndBrake_SD2231_Lab1	0	25.433	1369.9


SYSTEM_START	-	HUAWEI	HUAWEI	2023-04-05 09:03:46


SYSTEM_INFO	CarMaker 10.2.1 - Car_Generic #1267	fh@obelix.ipg 2021-12-14 11:20:55	(10.2.1 fh@obelix.ipg 2021-12-14 11:20:37)
SIM	1680678226	HUAWEI	rivaa	StartAndBrake_SD2231_Lab1	1	21.271	814.154


SYSTEM_START	-	HUAWEI	HUAWEI	2023-04-05 09:04:25


SYSTEM_INFO	CarMaker 10.2.1 - Car_Generic #1267	fh@obelix.ipg 2021-12-14 11:20:55	(10.2.1 fh@obelix.ipg 2021-12-14 11:20:37)
SIM	1680678265	HUAWEI	rivaa	StartAndBrake_SD2231_Lab1	1	21.271	814.154


SYSTEM_START	-	HUAWEI	HUAWEI	2023-04-05 09:04:52


SYSTEM_INFO	CarMaker 10.2.1 - Car_Generic #1267	fh@obelix.ipg 2021-12-14 11:20:55	(10.2.1 fh@obelix.ipg 2021-12-14 11:20:37)
SIM	1680678292	HUAWEI	rivaa	StartAndBrake_SD2231_Lab1	0	25.433	1369.9


SYSTEM_START	-	HUAWEI	HUAWEI	2023-04-05 09:14:59


SYSTEM_INFO	CarMaker 10.2.1 - Car_Generic #1267	fh@obelix.ipg 2021-12-14 11:20:55	(10.2.1 fh@obelix.ipg 2021-12-14 11:20:37)
SIM	1680678899	HUAWEI	rivaa	StartAndBrake_SD2231_Lab1	0	25.656	1044.76


SYSTEM_START	-	HUAWEI	HUAWEI	2023-04-05 09:15:52


SYSTEM_INFO	CarMaker 10.2.1 - Car_Generic #1267	fh@obelix.ipg 2021-12-14 11:20:55	(10.2.1 fh@obelix.ipg 2021-12-14 11:20:37)
SIM	1680678952	HUAWEI	rivaa	StartAndBrake_SD2231_Lab1	0	9.886	144.928


SYSTEM_START	-	HUAWEI	HUAWEI	2023-04-05 09:16:36


SYSTEM_INFO	CarMaker 10.2.1 - Car_Generic #1267	fh@obelix.ipg 2021-12-14 11:20:55	(10.2.1 fh@obelix.ipg 2021-12-14 11:20:37)
SIM	1680678996	HUAWEI	rivaa	StartAndBrake_SD2231_Lab1	0	10.708	162.916


SYSTEM_START	-	HUAWEI	HUAWEI	2023-04-05 09:18:11


SYSTEM_INFO	CarMaker 10.2.1 - Car_Generic #1267	fh@obelix.ipg 2021-12-14 11:20:55	(10.2.1 fh@obelix.ipg 2021-12-14 11:20:37)
SIM	1680679091	HUAWEI	rivaa	StartAndBrake_SD2231_Lab1	0	14.152	230.63


SYSTEM_START	-	HUAWEI	HUAWEI	2023-04-05 09:18:49


SYSTEM_INFO	CarMaker 10.2.1 - Car_Generic #1267	fh@obelix.ipg 2021-12-14 11:20:55	(10.2.1 fh@obelix.ipg 2021-12-14 11:20:37)
SIM	1680679129	HUAWEI	rivaa	StartAndBrake_SD2231_Lab1	0	14.152	230.63


SYSTEM_START	-	HUAWEI	HUAWEI	2023-04-05 09:19:29


SYSTEM_INFO	CarMaker 10.2.1 - Car_Generic #1267	fh@obelix.ipg 2021-12-14 11:20:55	(10.2.1 fh@obelix.ipg 2021-12-14 11:20:37)
SIM	1680679169	HUAWEI	rivaa	StartAndBrake_SD2231_Lab1	0	10.708	162.916


SYSTEM_START	-	HUAWEI	HUAWEI	2023-04-05 09:19:55


SYSTEM_INFO	CarMaker 10.2.1 - Car_Generic #1267	fh@obelix.ipg 2021-12-14 11:20:55	(10.2.1 fh@obelix.ipg 2021-12-14 11:20:37)
SIM	1680679195	HUAWEI	rivaa	StartAndBrake_SD2231_Lab1	0	10.708	162.916


SYSTEM_START	-	HUAWEI	HUAWEI	2023-04-05 09:21:48


SYSTEM_INFO	CarMaker 10.2.1 - Car_Generic #1267	fh@obelix.ipg 2021-12-14 11:20:55	(10.2.1 fh@obelix.ipg 2021-12-14 11:20:37)
SIM	1680679308	HUAWEI	rivaa	StartAndBrake_SD2231_Lab1	0	10.71	162.177


SYSTEM_START	-	HUAWEI	HUAWEI	2023-04-05 09:22:14


SYSTEM_INFO	CarMaker 10.2.1 - Car_Generic #1267	fh@obelix.ipg 2021-12-14 11:20:55	(10.2.1 fh@obelix.ipg 2021-12-14 11:20:37)
SIM	1680679334	HUAWEI	rivaa	StartAndBrake_SD2231_Lab1	0	10.702	163.101


SYSTEM_START	-	HUAWEI	HUAWEI	2023-04-05 09:22:50


SYSTEM_INFO	CarMaker 10.2.1 - Car_Generic #1267	fh@obelix.ipg 2021-12-14 11:20:55	(10.2.1 fh@obelix.ipg 2021-12-14 11:20:37)
SIM	1680679370	HUAWEI	rivaa	StartAndBrake_SD2231_Lab1	0	10.702	163.101


SYSTEM_START	-	HUAWEI	HUAWEI	2023-04-05 09:24:49


SYSTEM_INFO	CarMaker 10.2.1 - Car_Generic #1267	fh@obelix.ipg 2021-12-14 11:20:55	(10.2.1 fh@obelix.ipg 2021-12-14 11:20:37)
SIM	1680679489	HUAWEI	rivaa	StartAndBrake_SD2231_Lab1	0	10.706	163.105


SYSTEM_START	-	HUAWEI	HUAWEI	2023-04-05 09:25:38


SYSTEM_INFO	CarMaker 10.2.1 - Car_Generic #1267	fh@obelix.ipg 2021-12-14 11:20:55	(10.2.1 fh@obelix.ipg 2021-12-14 11:20:37)
SIM	1680679538	HUAWEI	rivaa	StartAndBrake_SD2231_Lab1	0	10.706	163.105


SYSTEM_START	-	HUAWEI	HUAWEI	2023-04-05 09:26:25


SYSTEM_INFO	CarMaker 10.2.1 - Car_Generic #1267	fh@obelix.ipg 2021-12-14 11:20:55	(10.2.1 fh@obelix.ipg 2021-12-14 11:20:37)
SIM	1680679585	HUAWEI	rivaa	StartAndBrake_SD2231_Lab1	0	10.706	163.105


SYSTEM_START	-	HUAWEI	HUAWEI	2023-04-05 09:26:49


SYSTEM_INFO	CarMaker 10.2.1 - Car_Generic #1267	fh@obelix.ipg 2021-12-14 11:20:55	(10.2.1 fh@obelix.ipg 2021-12-14 11:20:37)
SIM	1680679610	HUAWEI	rivaa	StartAndBrake_SD2231_Lab1	0	10.704	163.233


SYSTEM_START	-	HUAWEI	HUAWEI	2023-04-05 09:29:44


SYSTEM_INFO	CarMaker 10.2.1 - Car_Generic #1267	fh@obelix.ipg 2021-12-14 11:20:55	(10.2.1 fh@obelix.ipg 2021-12-14 11:20:37)
SIM	1680679784	HUAWEI	rivaa	StartAndBrake_SD2231_Lab1	0	10.702	163.313


SYSTEM_START	-	HUAWEI	HUAWEI	2023-04-05 09:30:14


SYSTEM_INFO	CarMaker 10.2.1 - Car_Generic #1267	fh@obelix.ipg 2021-12-14 11:20:55	(10.2.1 fh@obelix.ipg 2021-12-14 11:20:37)
SIM	1680679814	HUAWEI	rivaa	StartAndBrake_SD2231_Lab1	0	10.706	163.19


SYSTEM_START	-	HUAWEI	HUAWEI	2023-04-05 09:36:20


SYSTEM_INFO	CarMaker 10.2.1 - Car_Generic #1267	fh@obelix.ipg 2021-12-14 11:20:55	(10.2.1 fh@obelix.ipg 2021-12-14 11:20:37)
SIM	1680680180	HUAWEI	rivaa	StartAndBrake_SD2231_Lab1	0	10.706	163.19


SYSTEM_START	-	HUAWEI	HUAWEI	2023-04-05 09:37:43


SYSTEM_INFO	CarMaker 10.2.1 - Car_Generic #1267	fh@obelix.ipg 2021-12-14 11:20:55	(10.2.1 fh@obelix.ipg 2021-12-14 11:20:37)
SIM	1680680263	HUAWEI	rivaa	StartAndBrake_SD2231_Lab1	0	9.742	134.87


SYSTEM_START	-	HUAWEI	HUAWEI	2023-04-05 09:39:02


SYSTEM_INFO	CarMaker 10.2.1 - Car_Generic #1267	fh@obelix.ipg 2021-12-14 11:20:55	(10.2.1 fh@obelix.ipg 2021-12-14 11:20:37)
SIM	1680680342	HUAWEI	rivaa	StartAndBrake_SD2231_Lab1	0	9.782	135.043


SYSTEM_START	-	HUAWEI	HUAWEI	2023-04-05 09:39:40


SYSTEM_INFO	CarMaker 10.2.1 - Car_Generic #1267	fh@obelix.ipg 2021-12-14 11:20:55	(10.2.1 fh@obelix.ipg 2021-12-14 11:20:37)
SIM	1680680380	HUAWEI	rivaa	StartAndBrake_SD2231_Lab1	0	9.762	135.119


SYSTEM_START	-	HUAWEI	HUAWEI	2023-04-05 09:40:12


SYSTEM_INFO	CarMaker 10.2.1 - Car_Generic #1267	fh@obelix.ipg 2021-12-14 11:20:55	(10.2.1 fh@obelix.ipg 2021-12-14 11:20:37)
SIM	1680680412	HUAWEI	rivaa	StartAndBrake_SD2231_Lab1	0	9.748	134.984


SYSTEM_START	-	HUAWEI	HUAWEI	2023-04-05 09:41:58


SYSTEM_INFO	CarMaker 10.2.1 - Car_Generic #1267	fh@obelix.ipg 2021-12-14 11:20:55	(10.2.1 fh@obelix.ipg 2021-12-14 11:20:37)
SIM	1680680518	HUAWEI	rivaa	StartAndBrake_SD2231_Lab1	0	9.74	134.84


SYSTEM_START	-	HUAWEI	HUAWEI	2023-04-05 09:47:02


SYSTEM_INFO	CarMaker 10.2.1 - Car_Generic #1267	fh@obelix.ipg 2021-12-14 11:20:55	(10.2.1 fh@obelix.ipg 2021-12-14 11:20:37)
SIM	1680680822	HUAWEI	rivaa	StartAndBrake_SD2231_Lab1	0	9.976	139.986


SYSTEM_START	-	HUAWEI	HUAWEI	2023-04-05 09:48:00


SYSTEM_INFO	CarMaker 10.2.1 - Car_Generic #1267	fh@obelix.ipg 2021-12-14 11:20:55	(10.2.1 fh@obelix.ipg 2021-12-14 11:20:37)
SIM	1680680880	HUAWEI	rivaa	StartAndBrake_SD2231_Lab1	0	9.976	139.971


SYSTEM_START	-	HUAWEI	HUAWEI	2023-04-05 09:55:00


SYSTEM_INFO	CarMaker 10.2.1 - Car_Generic #1267	fh@obelix.ipg 2021-12-14 11:20:55	(10.2.1 fh@obelix.ipg 2021-12-14 11:20:37)
SIM	1680681300	HUAWEI	rivaa	StartAndBrake_SD2231_Lab1	0	11.07	170.613


SYSTEM_START	-	HUAWEI	HUAWEI	2023-04-05 09:58:56


SYSTEM_INFO	CarMaker 10.2.1 - Car_Generic #1267	fh@obelix.ipg 2021-12-14 11:20:55	(10.2.1 fh@obelix.ipg 2021-12-14 11:20:37)
SIM	1680681536	HUAWEI	rivaa	StartAndBrake_SD2231_Lab1	0	11.044	170.626
