APPLICATION	CarMaker 10.2.1 - Car_Generic #1267 (win64-10.2.1)
COMPILED	fh@obelix.ipg 2021-12-14 11:20:55
 
SIM_START	StartAndBrake_SD2231_Lab1	2023-04-17 08:43:11
TIME	0.000
SIMULATE	StartAndBrake_SD2231_Lab1

TIME	9.887
SIM_END		StartAndBrake_SD2231_Lab1	9.886s	144.928m
APPLICATION	CarMaker 10.2.1 - Car_Generic #1267 (win64-10.2.1)
COMPILED	fh@obelix.ipg 2021-12-14 11:20:55
 
SIM_START	StartAndBrake_SD2231_Lab1	2023-04-17 08:45:36
TIME	0.000
SIMULATE	StartAndBrake_SD2231_Lab1

TIME	9.887
SIM_END		StartAndBrake_SD2231_Lab1	9.886s	144.928m
APPLICATION	CarMaker 10.2.1 - Car_Generic #1267 (win64-10.2.1)
COMPILED	fh@obelix.ipg 2021-12-14 11:20:55
 
SIM_START	StartAndBrake_SD2231_Lab1	2023-04-17 08:46:50
TIME	0.000
SIMULATE	StartAndBrake_SD2231_Lab1

TIME	9.887
SIM_END		StartAndBrake_SD2231_Lab1	9.886s	144.928m
APPLICATION	CarMaker 10.2.1 - Car_Generic #1267 (win64-10.2.1)
COMPILED	fh@obelix.ipg 2021-12-14 11:20:55
 
SIM_START	StartAndBrake_SD2231_Lab1	2023-04-17 08:55:08
TIME	0.000
SIMULATE	StartAndBrake_SD2231_Lab1

TIME	19.927
ERROR		Wheelspeed too high of tire 2: +3600.020
SIM_ABORT	StartAndBrake_SD2231_Lab1	19.929s	815.859m
APPLICATION	CarMaker 10.2.1 - Car_Generic #1267 (win64-10.2.1)
COMPILED	fh@obelix.ipg 2021-12-14 11:20:55
 
SIM_START	StartAndBrake_SD2231_Lab1	2023-04-17 08:58:23
TIME	0.000
SIMULATE	StartAndBrake_SD2231_Lab1

TIME	21.005
SIM_END		StartAndBrake_SD2231_Lab1	21.004s	0.0028317m
APPLICATION	CarMaker 10.2.1 - Car_Generic #1267 (win64-10.2.1)
COMPILED	fh@obelix.ipg 2021-12-14 11:20:55
 
SIM_START	StartAndBrake_SD2231_Lab1	2023-04-17 09:00:10
TIME	0.000
SIMULATE	StartAndBrake_SD2231_Lab1

TIME	21.005
SIM_END		StartAndBrake_SD2231_Lab1	21.004s	0.00924077m
APPLICATION	CarMaker 10.2.1 - Car_Generic #1267 (win64-10.2.1)
COMPILED	fh@obelix.ipg 2021-12-14 11:20:55
 
SIM_START	StartAndBrake_SD2231_Lab1	2023-04-17 09:00:58
TIME	0.000
SIMULATE	StartAndBrake_SD2231_Lab1

TIME	21.005
SIM_END		StartAndBrake_SD2231_Lab1	21.004s	0.00475851m
APPLICATION	CarMaker 10.2.1 - Car_Generic #1267 (win64-10.2.1)
COMPILED	fh@obelix.ipg 2021-12-14 11:20:55
 
SIM_START	StartAndBrake_SD2231_Lab1	2023-04-17 09:01:39
TIME	0.000
SIMULATE	StartAndBrake_SD2231_Lab1

TIME	21.005
SIM_END		StartAndBrake_SD2231_Lab1	21.004s	69.7233m
APPLICATION	CarMaker 10.2.1 - Car_Generic #1267 (win64-10.2.1)
COMPILED	fh@obelix.ipg 2021-12-14 11:20:55
 
SIM_START	StartAndBrake_SD2231_Lab1	2023-04-17 09:04:13
TIME	0.000
SIMULATE	StartAndBrake_SD2231_Lab1

TIME	21.005
SIM_END		StartAndBrake_SD2231_Lab1	21.004s	41.8669m
APPLICATION	CarMaker 10.2.1 - Car_Generic #1267 (win64-10.2.1)
COMPILED	fh@obelix.ipg 2021-12-14 11:20:55
 
SIM_START	StartAndBrake_SD2231_Lab1	2023-04-17 09:07:09
TIME	0.000
SIMULATE	StartAndBrake_SD2231_Lab1

TIME	19.927
ERROR		Wheelspeed too high of tire 2: +3600.020
SIM_ABORT	StartAndBrake_SD2231_Lab1	19.929s	815.859m
APPLICATION	CarMaker 10.2.1 - Car_Generic #1267 (win64-10.2.1)
COMPILED	fh@obelix.ipg 2021-12-14 11:20:55
 
SIM_START	StartAndBrake_SD2231_Lab1	2023-04-17 09:38:39
TIME	0.000
SIMULATE	StartAndBrake_SD2231_Lab1

TIME	10.006
SIM_END		StartAndBrake_SD2231_Lab1	10.005s	151.561m
APPLICATION	CarMaker 10.2.1 - Car_Generic #1267 (win64-10.2.1)
COMPILED	fh@obelix.ipg 2021-12-14 11:20:55
 
SIM_START	StartAndBrake_SD2231_Lab1	2023-04-17 09:38:51
TIME	0.000
SIMULATE	StartAndBrake_SD2231_Lab1

TIME	10.153
SIM_END		StartAndBrake_SD2231_Lab1	10.152s	148.742m
APPLICATION	CarMaker 10.2.1 - Car_Generic #1267 (win64-10.2.1)
COMPILED	fh@obelix.ipg 2021-12-14 11:20:55
 
SIM_START	StartAndBrake_SD2231_Lab1	2023-04-17 09:44:23
TIME	0.000
SIMULATE	StartAndBrake_SD2231_Lab1

TIME	19.927
ERROR		Wheelspeed too high of tire 2: +3600.020
SIM_ABORT	StartAndBrake_SD2231_Lab1	19.929s	815.859m
APPLICATION	CarMaker 10.2.1 - Car_Generic #1267 (win64-10.2.1)
COMPILED	fh@obelix.ipg 2021-12-14 11:20:55
 
SIM_START	StartAndBrake_SD2231_Lab1	2023-04-17 09:45:48
TIME	0.000
SIMULATE	StartAndBrake_SD2231_Lab1

TIME	19.916
ERROR		Wheelspeed too high of tire 2: +3600.121
SIM_ABORT	StartAndBrake_SD2231_Lab1	19.918s	852.618m
APPLICATION	CarMaker 10.2.1 - Car_Generic #1267 (win64-10.2.1)
COMPILED	fh@obelix.ipg 2021-12-14 11:20:55
 
SIM_START	StartAndBrake_SD2231_Lab1	2023-04-17 09:46:09
TIME	0.000
SIMULATE	StartAndBrake_SD2231_Lab1

TIME	10.771
SIM_END		StartAndBrake_SD2231_Lab1	10.77s	164.3m
APPLICATION	CarMaker 10.2.1 - Car_Generic #1267 (win64-10.2.1)
COMPILED	fh@obelix.ipg 2021-12-14 11:20:55
 
SIM_START	StartAndBrake_SD2231_Lab1	2023-04-17 09:47:30
TIME	0.000
SIMULATE	StartAndBrake_SD2231_Lab1

TIME	10.187
SIM_END		StartAndBrake_SD2231_Lab1	10.186s	153.583m
APPLICATION	CarMaker 10.2.1 - Car_Generic #1267 (win64-10.2.1)
COMPILED	fh@obelix.ipg 2021-12-14 11:20:55
 
SIM_START	StartAndBrake_SD2231_Lab1	2023-04-17 09:51:51
TIME	0.000
SIMULATE	StartAndBrake_SD2231_Lab1

TIME	10.187
SIM_END		StartAndBrake_SD2231_Lab1	10.186s	153.583m
APPLICATION	CarMaker 10.2.1 - Car_Generic #1267 (win64-10.2.1)
COMPILED	fh@obelix.ipg 2021-12-14 11:20:55
 
SIM_START	StartAndBrake_SD2231_Lab1	2023-04-17 09:57:36
TIME	0.000
SIMULATE	StartAndBrake_SD2231_Lab1

TIME	10.449
SIM_END		StartAndBrake_SD2231_Lab1	10.448s	155.489m
APPLICATION	CarMaker 10.2.1 - Car_Generic #1267 (win64-10.2.1)
COMPILED	fh@obelix.ipg 2021-12-14 11:20:55
 
SIM_START	StartAndBrake_SD2231_Lab1	2023-04-17 09:59:36
TIME	0.000
SIMULATE	StartAndBrake_SD2231_Lab1

TIME	10.211
SIM_END		StartAndBrake_SD2231_Lab1	10.21s	153.601m
APPLICATION	CarMaker 10.2.1 - Car_Generic #1267 (win64-10.2.1)
COMPILED	fh@obelix.ipg 2021-12-14 11:20:55
 
SIM_START	StartAndBrake_SD2231_Lab1	2023-04-17 10:02:02
TIME	0.000
SIMULATE	StartAndBrake_SD2231_Lab1

TIME	10.187
SIM_END		StartAndBrake_SD2231_Lab1	10.186s	153.583m
APPLICATION	CarMaker 10.2.1 - Car_Generic #1267 (win64-10.2.1)
COMPILED	fh@obelix.ipg 2021-12-14 11:20:55
 
SIM_START	StartAndBrake_SD2231_Lab1	2023-04-17 10:04:24
TIME	0.000
SIMULATE	StartAndBrake_SD2231_Lab1

TIME	10.197
SIM_END		StartAndBrake_SD2231_Lab1	10.196s	153.594m
APPLICATION	CarMaker 10.2.1 - Car_Generic #1267 (win64-10.2.1)
COMPILED	fh@obelix.ipg 2021-12-14 11:20:55
 
SIM_START	StartAndBrake_SD2231_Lab1	2023-04-17 10:06:32
TIME	0.000
SIMULATE	StartAndBrake_SD2231_Lab1

TIME	10.187
SIM_END		StartAndBrake_SD2231_Lab1	10.186s	153.583m
APPLICATION	CarMaker 10.2.1 - Car_Generic #1267 (win64-10.2.1)
COMPILED	fh@obelix.ipg 2021-12-14 11:20:55
 
SIM_START	StartAndBrake_SD2231_Lab1	2023-04-17 10:10:47
TIME	0.000
SIMULATE	StartAndBrake_SD2231_Lab1

TIME	10.026
SIM_END		StartAndBrake_SD2231_Lab1	10.025s	152.138m
APPLICATION	CarMaker 10.2.1 - Car_Generic #1267 (win64-10.2.1)
COMPILED	fh@obelix.ipg 2021-12-14 11:20:55
 
SIM_START	StartAndBrake_SD2231_Lab1	2023-04-17 10:13:30
TIME	0.000
SIMULATE	StartAndBrake_SD2231_Lab1

TIME	10.026
SIM_END		StartAndBrake_SD2231_Lab1	10.025s	151.804m
APPLICATION	CarMaker 10.2.1 - Car_Generic #1267 (win64-10.2.1)
COMPILED	fh@obelix.ipg 2021-12-14 11:20:55
 
SIM_START	StartAndBrake_SD2231_Lab1	2023-04-17 10:15:09
TIME	0.000
SIMULATE	StartAndBrake_SD2231_Lab1

TIME	9.995
SIM_END		StartAndBrake_SD2231_Lab1	9.994s	151.703m
APPLICATION	CarMaker 10.2.1 - Car_Generic #1267 (win64-10.2.1)
COMPILED	fh@obelix.ipg 2021-12-14 11:20:55
 
SIM_START	StartAndBrake_SD2231_Lab1	2023-04-17 10:16:27
TIME	0.000
SIMULATE	StartAndBrake_SD2231_Lab1

TIME	10.180
SIM_END		StartAndBrake_SD2231_Lab1	10.179s	153.428m
APPLICATION	CarMaker 10.2.1 - Car_Generic #1267 (win64-10.2.1)
COMPILED	fh@obelix.ipg 2021-12-14 11:20:55
 
SIM_START	StartAndBrake_SD2231_Lab1	2023-04-17 10:18:16
TIME	0.000
SIMULATE	StartAndBrake_SD2231_Lab1

TIME	10.018
SIM_END		StartAndBrake_SD2231_Lab1	10.017s	151.766m
APPLICATION	CarMaker 10.2.1 - Car_Generic #1267 (win64-10.2.1)
COMPILED	fh@obelix.ipg 2021-12-14 11:20:55
 
SIM_START	StartAndBrake_SD2231_Lab1	2023-04-17 10:31:08
TIME	0.000
SIMULATE	StartAndBrake_SD2231_Lab1

TIME	9.353
SIM_END		StartAndBrake_SD2231_Lab1	9.352s	132.729m
APPLICATION	CarMaker 10.2.1 - Car_Generic #1267 (win64-10.2.1)
COMPILED	fh@obelix.ipg 2021-12-14 11:20:55
 
SIM_START	StartAndBrake_SD2231_Lab1	2023-04-17 10:32:11
TIME	0.000
SIMULATE	StartAndBrake_SD2231_Lab1

TIME	10.156
SIM_END		StartAndBrake_SD2231_Lab1	10.155s	150.997m
