APPLICATION	CarMaker 10.2.1 - Car_Generic #1267 (win64-10.2.1)
COMPILED	fh@obelix.ipg 2021-12-14 11:20:55
 
SIM_START	StartAndBrake_SD2231_Lab1	2023-04-18 09:16:46
TIME	0.000
SIMULATE	StartAndBrake_SD2231_Lab1

TIME	9.986
SIM_END		StartAndBrake_SD2231_Lab1	9.985s	151.372m
APPLICATION	CarMaker 10.2.1 - Car_Generic #1267 (win64-10.2.1)
COMPILED	fh@obelix.ipg 2021-12-14 11:20:55
 
SIM_START	StartAndBrake_SD2231_Lab1	2023-04-18 09:19:39
TIME	0.000
SIMULATE	StartAndBrake_SD2231_Lab1

TIME	9.986
SIM_END		StartAndBrake_SD2231_Lab1	9.985s	151.372m
APPLICATION	CarMaker 10.2.1 - Car_Generic #1267 (win64-10.2.1)
COMPILED	fh@obelix.ipg 2021-12-14 11:20:55
 
SIM_START	StartAndBrake_SD2231_Lab1	2023-04-18 09:20:56
TIME	0.000
SIMULATE	StartAndBrake_SD2231_Lab1

TIME	9.986
SIM_END		StartAndBrake_SD2231_Lab1	9.985s	151.372m
APPLICATION	CarMaker 10.2.1 - Car_Generic #1267 (win64-10.2.1)
COMPILED	fh@obelix.ipg 2021-12-14 11:20:55
 
SIM_START	StartAndBrake_SD2231_Lab1	2023-04-18 09:22:30
TIME	0.000
SIMULATE	StartAndBrake_SD2231_Lab1

TIME	9.997
SIM_END		StartAndBrake_SD2231_Lab1	9.996s	151.373m
APPLICATION	CarMaker 10.2.1 - Car_Generic #1267 (win64-10.2.1)
COMPILED	fh@obelix.ipg 2021-12-14 11:20:55
 
SIM_START	StartAndBrake_SD2231_Lab1	2023-04-18 09:22:51
TIME	0.000
SIMULATE	StartAndBrake_SD2231_Lab1

TIME	9.984
SIM_END		StartAndBrake_SD2231_Lab1	9.983s	151.363m
APPLICATION	CarMaker 10.2.1 - Car_Generic #1267 (win64-10.2.1)
COMPILED	fh@obelix.ipg 2021-12-14 11:20:55
 
SIM_START	StartAndBrake_SD2231_Lab1	2023-04-18 09:23:10
TIME	0.000
SIMULATE	StartAndBrake_SD2231_Lab1

TIME	9.983
SIM_END		StartAndBrake_SD2231_Lab1	9.982s	151.357m
