APPLICATION	CarMaker 10.2.1 - Car_Generic #1267 (win64-10.2.1)
COMPILED	fh@obelix.ipg 2021-12-14 11:20:55
 
SIM_START	StartAndBrake_SD2231_Lab1	2023-04-12 11:59:41
TIME	0.000
SIMULATE	StartAndBrake_SD2231_Lab1

TIME	10.913
SIM_END		StartAndBrake_SD2231_Lab1	10.912s	169.366m
APPLICATION	CarMaker 10.2.1 - Car_Generic #1267 (win64-10.2.1)
COMPILED	fh@obelix.ipg 2021-12-14 11:20:55
 
SIM_START	StartAndBrake_SD2231_Lab1	2023-04-12 12:04:57
TIME	0.000
SIMULATE	StartAndBrake_SD2231_Lab1

TIME	10.913
SIM_END		StartAndBrake_SD2231_Lab1	10.912s	169.358m
APPLICATION	CarMaker 10.2.1 - Car_Generic #1267 (win64-10.2.1)
COMPILED	fh@obelix.ipg 2021-12-14 11:20:55
 
SIM_START	StartAndBrake_SD2231_Lab1	2023-04-12 12:08:32
TIME	0.000
SIMULATE	StartAndBrake_SD2231_Lab1

TIME	10.913
SIM_END		StartAndBrake_SD2231_Lab1	10.912s	169.359m
APPLICATION	CarMaker 10.2.1 - Car_Generic #1267 (win64-10.2.1)
COMPILED	fh@obelix.ipg 2021-12-14 11:20:55
 
SIM_START	StartAndBrake_SD2231_Lab1	2023-04-12 12:20:35
TIME	0.000
SIMULATE	StartAndBrake_SD2231_Lab1

TIME	10.914
SIM_END		StartAndBrake_SD2231_Lab1	10.913s	169.359m
APPLICATION	CarMaker 10.2.1 - Car_Generic #1267 (win64-10.2.1)
COMPILED	fh@obelix.ipg 2021-12-14 11:20:55
 
SIM_START	StartAndBrake_SD2231_Lab1	2023-04-12 12:25:54
TIME	0.000
SIMULATE	StartAndBrake_SD2231_Lab1

TIME	10.914
SIM_END		StartAndBrake_SD2231_Lab1	10.913s	169.359m
APPLICATION	CarMaker 10.2.1 - Car_Generic #1267 (win64-10.2.1)
COMPILED	fh@obelix.ipg 2021-12-14 11:20:55
 
SIM_START	StartAndBrake_SD2231_Lab1	2023-04-12 12:26:24
TIME	0.000
SIMULATE	StartAndBrake_SD2231_Lab1

TIME	10.914
SIM_END		StartAndBrake_SD2231_Lab1	10.913s	169.359m
APPLICATION	CarMaker 10.2.1 - Car_Generic #1267 (win64-10.2.1)
COMPILED	fh@obelix.ipg 2021-12-14 11:20:55
 
SIM_START	StartAndBrake_SD2231_Lab1	2023-04-12 12:27:07
TIME	0.000
SIMULATE	StartAndBrake_SD2231_Lab1

TIME	10.914
SIM_END		StartAndBrake_SD2231_Lab1	10.913s	169.359m
APPLICATION	CarMaker 10.2.1 - Car_Generic #1267 (win64-10.2.1)
COMPILED	fh@obelix.ipg 2021-12-14 11:20:55
 
SIM_START	StartAndBrake_SD2231_Lab1	2023-04-12 12:28:04
TIME	0.000
SIMULATE	StartAndBrake_SD2231_Lab1

TIME	10.914
SIM_END		StartAndBrake_SD2231_Lab1	10.913s	169.359m
APPLICATION	CarMaker 10.2.1 - Car_Generic #1267 (win64-10.2.1)
COMPILED	fh@obelix.ipg 2021-12-14 11:20:55
 
SIM_START	StartAndBrake_SD2231_Lab1	2023-04-12 12:28:56
TIME	0.000
SIMULATE	StartAndBrake_SD2231_Lab1

TIME	10.952
SIM_END		StartAndBrake_SD2231_Lab1	10.951s	169.555m
APPLICATION	CarMaker 10.2.1 - Car_Generic #1267 (win64-10.2.1)
COMPILED	fh@obelix.ipg 2021-12-14 11:20:55
 
SIM_START	StartAndBrake_SD2231_Lab1	2023-04-12 12:30:31
TIME	0.000
SIMULATE	StartAndBrake_SD2231_Lab1

TIME	10.917
SIM_END		StartAndBrake_SD2231_Lab1	10.916s	169.36m
APPLICATION	CarMaker 10.2.1 - Car_Generic #1267 (win64-10.2.1)
COMPILED	fh@obelix.ipg 2021-12-14 11:20:55
 
SIM_START	StartAndBrake_SD2231_Lab1	2023-04-12 12:32:11
TIME	0.000
SIMULATE	StartAndBrake_SD2231_Lab1

TIME	10.914
SIM_END		StartAndBrake_SD2231_Lab1	10.913s	169.359m
APPLICATION	CarMaker 10.2.1 - Car_Generic #1267 (win64-10.2.1)
COMPILED	fh@obelix.ipg 2021-12-14 11:20:55
 
SIM_START	StartAndBrake_SD2231_Lab1	2023-04-12 12:32:49
TIME	0.000
SIMULATE	StartAndBrake_SD2231_Lab1

TIME	10.914
SIM_END		StartAndBrake_SD2231_Lab1	10.913s	169.359m
APPLICATION	CarMaker 10.2.1 - Car_Generic #1267 (win64-10.2.1)
COMPILED	fh@obelix.ipg 2021-12-14 11:20:55
 
SIM_START	StartAndBrake_SD2231_Lab1	2023-04-12 12:33:56
TIME	0.000
SIMULATE	StartAndBrake_SD2231_Lab1

TIME	10.914
SIM_END		StartAndBrake_SD2231_Lab1	10.913s	169.359m
APPLICATION	CarMaker 10.2.1 - Car_Generic #1267 (win64-10.2.1)
COMPILED	fh@obelix.ipg 2021-12-14 11:20:55
 
SIM_START	StartAndBrake_SD2231_Lab1	2023-04-12 12:34:26
TIME	0.000
SIMULATE	StartAndBrake_SD2231_Lab1

TIME	10.914
SIM_END		StartAndBrake_SD2231_Lab1	10.913s	169.359m
APPLICATION	CarMaker 10.2.1 - Car_Generic #1267 (win64-10.2.1)
COMPILED	fh@obelix.ipg 2021-12-14 11:20:55
 
SIM_START	StartAndBrake_SD2231_Lab1	2023-04-12 12:36:38
TIME	0.000
SIMULATE	StartAndBrake_SD2231_Lab1

TIME	12.068
SIM_END		StartAndBrake_SD2231_Lab1	12.067s	182.281m
APPLICATION	CarMaker 10.2.1 - Car_Generic #1267 (win64-10.2.1)
COMPILED	fh@obelix.ipg 2021-12-14 11:20:55
 
SIM_START	StartAndBrake_SD2231_Lab1	2023-04-12 12:38:39
TIME	0.000
SIMULATE	StartAndBrake_SD2231_Lab1

TIME	12.227
SIM_END		StartAndBrake_SD2231_Lab1	12.226s	181.767m
APPLICATION	CarMaker 10.2.1 - Car_Generic #1267 (win64-10.2.1)
COMPILED	fh@obelix.ipg 2021-12-14 11:20:55
 
SIM_START	StartAndBrake_SD2231_Lab1	2023-04-12 12:40:29
TIME	0.000
SIMULATE	StartAndBrake_SD2231_Lab1

TIME	9.473
ERROR		Roll angle too high (80.25 deg)
SIM_ABORT	StartAndBrake_SD2231_Lab1	9.475s	159.877m
