APPLICATION	CarMaker 10.2.1 - Car_Generic #1267 (win64-10.2.1)
COMPILED	fh@obelix.ipg 2021-12-14 11:20:55
 
SIM_START	unknown	2023-03-21 10:08:37
TIME	0.000
SIMULATE	unknown

TIME	13.367
SIM_END		unknown	13.366s	182.16m
APPLICATION	CarMaker 10.2.1 - Car_Generic #1267 (win64-10.2.1)
COMPILED	fh@obelix.ipg 2021-12-14 11:20:55
 
SIM_START	unknown	2023-03-21 10:08:50
TIME	0.000
SIMULATE	unknown

TIME	13.367
SIM_END		unknown	13.366s	182.16m
APPLICATION	CarMaker 10.2.1 - Car_Generic #1267 (win64-10.2.1)
COMPILED	fh@obelix.ipg 2021-12-14 11:20:55
 
SIM_START	unknown	2023-03-21 10:08:57
TIME	0.000
SIMULATE	unknown

TIME	13.367
SIM_END		unknown	13.366s	182.16m
APPLICATION	CarMaker 10.2.1 - Car_Generic #1267 (win64-10.2.1)
COMPILED	fh@obelix.ipg 2021-12-14 11:20:55
 
SIM_START	StartAndBrake_SD2231_Lab1	2023-03-21 10:11:13
TIME	0.000
SIMULATE	StartAndBrake_SD2231_Lab1

TIME	9.887
SIM_END		StartAndBrake_SD2231_Lab1	9.886s	144.928m
