APPLICATION	CarMaker 10.2.1 - Car_Generic #1267 (win64-10.2.1)
COMPILED	fh@obelix.ipg 2021-12-14 11:20:55
 
SIM_START	StartAndBrake_SD2231_Lab1	2023-04-18 10:34:26
TIME	0.000
SIMULATE	StartAndBrake_SD2231_Lab1

TIME	9.983
SIM_END		StartAndBrake_SD2231_Lab1	9.982s	151.357m
APPLICATION	CarMaker 10.2.1 - Car_Generic #1267 (win64-10.2.1)
COMPILED	fh@obelix.ipg 2021-12-14 11:20:55
 
SIM_START	StartAndBrake_SD2231_Lab1	2023-04-18 10:44:17
TIME	0.000
SIMULATE	StartAndBrake_SD2231_Lab1

TIME	9.983
SIM_END		StartAndBrake_SD2231_Lab1	9.982s	151.357m
APPLICATION	CarMaker 10.2.1 - Car_Generic #1267 (win64-10.2.1)
COMPILED	fh@obelix.ipg 2021-12-14 11:20:55
 
SIM_START	StartAndBrake_SD2231_Lab1	2023-04-18 10:45:28
TIME	0.000
SIMULATE	StartAndBrake_SD2231_Lab1

TIME	9.983
SIM_END		StartAndBrake_SD2231_Lab1	9.982s	151.357m
APPLICATION	CarMaker 10.2.1 - Car_Generic #1267 (win64-10.2.1)
COMPILED	fh@obelix.ipg 2021-12-14 11:20:55
 
SIM_START	StartAndBrake_SD2231_Lab1	2023-04-18 10:46:56
TIME	0.000
SIMULATE	StartAndBrake_SD2231_Lab1

TIME	9.983
SIM_END		StartAndBrake_SD2231_Lab1	9.982s	151.357m
APPLICATION	CarMaker 10.2.1 - Car_Generic #1267 (win64-10.2.1)
COMPILED	fh@obelix.ipg 2021-12-14 11:20:55
 
SIM_START	StartAndBrake_SD2231_Lab1	2023-04-18 10:47:32
TIME	0.000
SIMULATE	StartAndBrake_SD2231_Lab1

TIME	11.703
SIM_END		StartAndBrake_SD2231_Lab1	11.702s	161.664m
APPLICATION	CarMaker 10.2.1 - Car_Generic #1267 (win64-10.2.1)
COMPILED	fh@obelix.ipg 2021-12-14 11:20:55
 
SIM_START	StartAndBrake_SD2231_Lab1	2023-04-18 10:52:42
TIME	0.000
SIMULATE	StartAndBrake_SD2231_Lab1

TIME	10.589
SIM_END		StartAndBrake_SD2231_Lab1	10.588s	151.436m
APPLICATION	CarMaker 10.2.1 - Car_Generic #1267 (win64-10.2.1)
COMPILED	fh@obelix.ipg 2021-12-14 11:20:55
 
SIM_START	StartAndBrake_SD2231_Lab1	2023-04-18 10:53:14
TIME	0.000
SIMULATE	StartAndBrake_SD2231_Lab1

TIME	10.589
SIM_END		StartAndBrake_SD2231_Lab1	10.588s	151.436m
APPLICATION	CarMaker 10.2.1 - Car_Generic #1267 (win64-10.2.1)
COMPILED	fh@obelix.ipg 2021-12-14 11:20:55
 
SIM_START	StartAndBrake_SD2231_Lab1	2023-04-18 10:53:43
TIME	0.000
SIMULATE	StartAndBrake_SD2231_Lab1

TIME	10.589
SIM_END		StartAndBrake_SD2231_Lab1	10.588s	151.436m
APPLICATION	CarMaker 10.2.1 - Car_Generic #1267 (win64-10.2.1)
COMPILED	fh@obelix.ipg 2021-12-14 11:20:55
 
SIM_START	StartAndBrake_SD2231_Lab1	2023-04-18 10:54:17
TIME	0.000
SIMULATE	StartAndBrake_SD2231_Lab1

TIME	11.703
SIM_END		StartAndBrake_SD2231_Lab1	11.702s	161.664m
