APPLICATION	CarMaker 10.2.1 - Car_Generic #1267 (win64-10.2.1)
COMPILED	fh@obelix.ipg 2021-12-14 11:20:55
 
SIM_START	StartAndBrake_SD2231_Lab1	2023-04-18 11:24:28
TIME	0.000
SIMULATE	StartAndBrake_SD2231_Lab1

TIME	9.986
SIM_END		StartAndBrake_SD2231_Lab1	9.985s	151.372m
APPLICATION	CarMaker 10.2.1 - Car_Generic #1267 (win64-10.2.1)
COMPILED	fh@obelix.ipg 2021-12-14 11:20:55
 
SIM_START	StartAndBrake_SD2231_Lab1	2023-04-18 11:27:49
TIME	0.000
SIMULATE	StartAndBrake_SD2231_Lab1

TIME	9.986
SIM_END		StartAndBrake_SD2231_Lab1	9.985s	151.372m
APPLICATION	CarMaker 10.2.1 - Car_Generic #1267 (win64-10.2.1)
COMPILED	fh@obelix.ipg 2021-12-14 11:20:55
 
SIM_START	StartAndBrake_SD2231_Lab1	2023-04-18 11:28:43
TIME	0.000
SIMULATE	StartAndBrake_SD2231_Lab1

TIME	9.986
SIM_END		StartAndBrake_SD2231_Lab1	9.985s	151.372m
APPLICATION	CarMaker 10.2.1 - Car_Generic #1267 (win64-10.2.1)
COMPILED	fh@obelix.ipg 2021-12-14 11:20:55
 
SIM_START	StartAndBrake_SD2231_Lab1	2023-04-18 11:30:15
TIME	0.000
SIMULATE	StartAndBrake_SD2231_Lab1

TIME	9.986
SIM_END		StartAndBrake_SD2231_Lab1	9.985s	151.372m
APPLICATION	CarMaker 10.2.1 - Car_Generic #1267 (win64-10.2.1)
COMPILED	fh@obelix.ipg 2021-12-14 11:20:55
 
SIM_START	StartAndBrake_SD2231_Lab1	2023-04-18 11:30:43
TIME	0.000
SIMULATE	StartAndBrake_SD2231_Lab1

TIME	9.986
SIM_END		StartAndBrake_SD2231_Lab1	9.985s	151.372m
APPLICATION	CarMaker 10.2.1 - Car_Generic #1267 (win64-10.2.1)
COMPILED	fh@obelix.ipg 2021-12-14 11:20:55
 
SIM_START	StartAndBrake_SD2231_Lab1	2023-04-18 11:31:31
TIME	0.000
SIMULATE	StartAndBrake_SD2231_Lab1

TIME	12.766
SIM_END		StartAndBrake_SD2231_Lab1	12.765s	163.788m
APPLICATION	CarMaker 10.2.1 - Car_Generic #1267 (win64-10.2.1)
COMPILED	fh@obelix.ipg 2021-12-14 11:20:55
 
SIM_START	StartAndBrake_SD2231_Lab1	2023-04-18 11:33:56
TIME	0.000
SIMULATE	StartAndBrake_SD2231_Lab1

TIME	12.766
SIM_END		StartAndBrake_SD2231_Lab1	12.765s	163.788m
APPLICATION	CarMaker 10.2.1 - Car_Generic #1267 (win64-10.2.1)
COMPILED	fh@obelix.ipg 2021-12-14 11:20:55
 
SIM_START	StartAndBrake_SD2231_Lab1	2023-04-18 11:34:34
TIME	0.000
SIMULATE	StartAndBrake_SD2231_Lab1

TIME	12.747
SIM_END		StartAndBrake_SD2231_Lab1	12.746s	163.755m
APPLICATION	CarMaker 10.2.1 - Car_Generic #1267 (win64-10.2.1)
COMPILED	fh@obelix.ipg 2021-12-14 11:20:55
 
SIM_START	StartAndBrake_SD2231_Lab1	2023-04-18 11:35:32
TIME	0.000
SIMULATE	StartAndBrake_SD2231_Lab1

TIME	12.751
SIM_END		StartAndBrake_SD2231_Lab1	12.75s	163.822m
APPLICATION	CarMaker 10.2.1 - Car_Generic #1267 (win64-10.2.1)
COMPILED	fh@obelix.ipg 2021-12-14 11:20:55
 
SIM_START	StartAndBrake_SD2231_Lab1	2023-04-18 11:36:20
TIME	0.000
SIMULATE	StartAndBrake_SD2231_Lab1

TIME	12.752
SIM_END		StartAndBrake_SD2231_Lab1	12.751s	163.797m
APPLICATION	CarMaker 10.2.1 - Car_Generic #1267 (win64-10.2.1)
COMPILED	fh@obelix.ipg 2021-12-14 11:20:55
 
SIM_START	StartAndBrake_SD2231_Lab1	2023-04-18 11:36:43
TIME	0.000
SIMULATE	StartAndBrake_SD2231_Lab1

TIME	12.755
SIM_END		StartAndBrake_SD2231_Lab1	12.754s	163.836m
APPLICATION	CarMaker 10.2.1 - Car_Generic #1267 (win64-10.2.1)
COMPILED	fh@obelix.ipg 2021-12-14 11:20:55
 
SIM_START	StartAndBrake_SD2231_Lab1	2023-04-18 11:37:20
TIME	0.000
SIMULATE	StartAndBrake_SD2231_Lab1

TIME	12.784
SIM_END		StartAndBrake_SD2231_Lab1	12.783s	163.996m
APPLICATION	CarMaker 10.2.1 - Car_Generic #1267 (win64-10.2.1)
COMPILED	fh@obelix.ipg 2021-12-14 11:20:55
 
SIM_START	StartAndBrake_SD2231_Lab1	2023-04-18 11:37:40
TIME	0.000
SIMULATE	StartAndBrake_SD2231_Lab1

TIME	12.784
SIM_END		StartAndBrake_SD2231_Lab1	12.783s	163.996m
APPLICATION	CarMaker 10.2.1 - Car_Generic #1267 (win64-10.2.1)
COMPILED	fh@obelix.ipg 2021-12-14 11:20:55
 
SIM_START	StartAndBrake_SD2231_Lab1	2023-04-18 11:38:10
TIME	0.000
SIMULATE	StartAndBrake_SD2231_Lab1

TIME	12.755
SIM_END		StartAndBrake_SD2231_Lab1	12.754s	163.836m
APPLICATION	CarMaker 10.2.1 - Car_Generic #1267 (win64-10.2.1)
COMPILED	fh@obelix.ipg 2021-12-14 11:20:55
 
SIM_START	StartAndBrake_SD2231_Lab1	2023-04-18 11:38:46
TIME	0.000
SIMULATE	StartAndBrake_SD2231_Lab1

TIME	12.714
SIM_END		StartAndBrake_SD2231_Lab1	12.713s	163.301m
APPLICATION	CarMaker 10.2.1 - Car_Generic #1267 (win64-10.2.1)
COMPILED	fh@obelix.ipg 2021-12-14 11:20:55
 
SIM_START	StartAndBrake_SD2231_Lab1	2023-04-18 11:41:03
TIME	0.000
SIMULATE	StartAndBrake_SD2231_Lab1

TIME	12.714
SIM_END		StartAndBrake_SD2231_Lab1	12.713s	163.301m
APPLICATION	CarMaker 10.2.1 - Car_Generic #1267 (win64-10.2.1)
COMPILED	fh@obelix.ipg 2021-12-14 11:20:55
 
SIM_START	StartAndBrake_SD2231_Lab1	2023-04-18 11:42:08
TIME	0.000
SIMULATE	StartAndBrake_SD2231_Lab1

TIME	12.714
SIM_END		StartAndBrake_SD2231_Lab1	12.713s	163.301m
APPLICATION	CarMaker 10.2.1 - Car_Generic #1267 (win64-10.2.1)
COMPILED	fh@obelix.ipg 2021-12-14 11:20:55
 
SIM_START	StartAndBrake_SD2231_Lab1	2023-04-18 11:44:03
TIME	0.000
SIMULATE	StartAndBrake_SD2231_Lab1

TIME	12.963
SIM_END		StartAndBrake_SD2231_Lab1	12.962s	165.783m
APPLICATION	CarMaker 10.2.1 - Car_Generic #1267 (win64-10.2.1)
COMPILED	fh@obelix.ipg 2021-12-14 11:20:55
 
SIM_START	StartAndBrake_SD2231_Lab1	2023-04-18 11:44:42
TIME	0.000
SIMULATE	StartAndBrake_SD2231_Lab1

TIME	12.880
SIM_END		StartAndBrake_SD2231_Lab1	12.879s	164.062m
APPLICATION	CarMaker 10.2.1 - Car_Generic #1267 (win64-10.2.1)
COMPILED	fh@obelix.ipg 2021-12-14 11:20:55
 
SIM_START	StartAndBrake_SD2231_Lab1	2023-04-18 11:45:03
TIME	0.000
SIMULATE	StartAndBrake_SD2231_Lab1

TIME	12.880
SIM_END		StartAndBrake_SD2231_Lab1	12.879s	164.062m
APPLICATION	CarMaker 10.2.1 - Car_Generic #1267 (win64-10.2.1)
COMPILED	fh@obelix.ipg 2021-12-14 11:20:55
 
SIM_START	StartAndBrake_SD2231_Lab1	2023-04-18 11:45:18
TIME	0.000
SIMULATE	StartAndBrake_SD2231_Lab1

TIME	12.751
SIM_END		StartAndBrake_SD2231_Lab1	12.75s	163.822m
APPLICATION	CarMaker 10.2.1 - Car_Generic #1267 (win64-10.2.1)
COMPILED	fh@obelix.ipg 2021-12-14 11:20:55
 
SIM_START	StartAndBrake_SD2231_Lab1	2023-04-18 11:46:48
TIME	0.000
SIMULATE	StartAndBrake_SD2231_Lab1

TIME	12.646
SIM_END		StartAndBrake_SD2231_Lab1	12.645s	163.23m
APPLICATION	CarMaker 10.2.1 - Car_Generic #1267 (win64-10.2.1)
COMPILED	fh@obelix.ipg 2021-12-14 11:20:55
 
SIM_START	StartAndBrake_SD2231_Lab1	2023-04-18 11:47:43
TIME	0.000
SIMULATE	StartAndBrake_SD2231_Lab1

TIME	12.678
SIM_END		StartAndBrake_SD2231_Lab1	12.677s	163.411m
APPLICATION	CarMaker 10.2.1 - Car_Generic #1267 (win64-10.2.1)
COMPILED	fh@obelix.ipg 2021-12-14 11:20:55
 
SIM_START	StartAndBrake_SD2231_Lab1	2023-04-18 11:50:52
TIME	0.000
SIMULATE	StartAndBrake_SD2231_Lab1

TIME	12.743
SIM_END		StartAndBrake_SD2231_Lab1	12.742s	163.797m
APPLICATION	CarMaker 10.2.1 - Car_Generic #1267 (win64-10.2.1)
COMPILED	fh@obelix.ipg 2021-12-14 11:20:55
 
SIM_START	StartAndBrake_SD2231_Lab1	2023-04-18 11:53:06
TIME	0.000
SIMULATE	StartAndBrake_SD2231_Lab1

TIME	12.738
SIM_END		StartAndBrake_SD2231_Lab1	12.737s	163.791m
APPLICATION	CarMaker 10.2.1 - Car_Generic #1267 (win64-10.2.1)
COMPILED	fh@obelix.ipg 2021-12-14 11:20:55
 
SIM_START	StartAndBrake_SD2231_Lab1	2023-04-18 11:53:50
TIME	0.000
SIMULATE	StartAndBrake_SD2231_Lab1

TIME	12.847
SIM_END		StartAndBrake_SD2231_Lab1	12.846s	164.131m
APPLICATION	CarMaker 10.2.1 - Car_Generic #1267 (win64-10.2.1)
COMPILED	fh@obelix.ipg 2021-12-14 11:20:55
 
SIM_START	StartAndBrake_SD2231_Lab1	2023-04-18 11:54:23
TIME	0.000
SIMULATE	StartAndBrake_SD2231_Lab1

TIME	12.847
SIM_END		StartAndBrake_SD2231_Lab1	12.846s	164.131m
APPLICATION	CarMaker 10.2.1 - Car_Generic #1267 (win64-10.2.1)
COMPILED	fh@obelix.ipg 2021-12-14 11:20:55
 
SIM_START	StartAndBrake_SD2231_Lab1	2023-04-18 11:55:49
TIME	0.000
SIMULATE	StartAndBrake_SD2231_Lab1

TIME	12.794
SIM_END		StartAndBrake_SD2231_Lab1	12.793s	163.912m
APPLICATION	CarMaker 10.2.1 - Car_Generic #1267 (win64-10.2.1)
COMPILED	fh@obelix.ipg 2021-12-14 11:20:55
 
SIM_START	StartAndBrake_SD2231_Lab1	2023-04-18 11:57:07
TIME	0.000
SIMULATE	StartAndBrake_SD2231_Lab1

TIME	12.788
SIM_END		StartAndBrake_SD2231_Lab1	12.787s	163.835m
APPLICATION	CarMaker 10.2.1 - Car_Generic #1267 (win64-10.2.1)
COMPILED	fh@obelix.ipg 2021-12-14 11:20:55
 
SIM_START	StartAndBrake_SD2231_Lab1	2023-04-18 11:57:56
TIME	0.000
SIMULATE	StartAndBrake_SD2231_Lab1

TIME	12.758
SIM_END		StartAndBrake_SD2231_Lab1	12.757s	163.791m
APPLICATION	CarMaker 10.2.1 - Car_Generic #1267 (win64-10.2.1)
COMPILED	fh@obelix.ipg 2021-12-14 11:20:55
 
SIM_START	StartAndBrake_SD2231_Lab1	2023-04-18 12:00:26
TIME	0.000
SIMULATE	StartAndBrake_SD2231_Lab1

TIME	12.666
SIM_END		StartAndBrake_SD2231_Lab1	12.665s	163.279m
APPLICATION	CarMaker 10.2.1 - Car_Generic #1267 (win64-10.2.1)
COMPILED	fh@obelix.ipg 2021-12-14 11:20:55
 
SIM_START	StartAndBrake_SD2231_Lab1	2023-04-18 12:00:57
TIME	0.000
SIMULATE	StartAndBrake_SD2231_Lab1

TIME	12.666
SIM_END		StartAndBrake_SD2231_Lab1	12.665s	163.279m
