APPLICATION	CarMaker 10.2.1 - Car_Generic #1267 (win64-10.2.1)
COMPILED	fh@obelix.ipg 2021-12-14 11:20:55
 
SIM_START	StartAndBrake_SD2231_Lab1	2023-03-30 10:03:00
TIME	0.000
SIMULATE	StartAndBrake_SD2231_Lab1

TIME	21.005
SIM_END		StartAndBrake_SD2231_Lab1	21.004s	1.46921m
APPLICATION	CarMaker 10.2.1 - Car_Generic #1267 (win64-10.2.1)
COMPILED	fh@obelix.ipg 2021-12-14 11:20:55
 
SIM_START	StartAndBrake_SD2231_Lab1	2023-03-30 10:04:36
TIME	0.000
SIMULATE	StartAndBrake_SD2231_Lab1

TIME	21.005
SIM_END		StartAndBrake_SD2231_Lab1	21.004s	0.014953m
APPLICATION	CarMaker 10.2.1 - Car_Generic #1267 (win64-10.2.1)
COMPILED	fh@obelix.ipg 2021-12-14 11:20:55
 
SIM_START	StartAndBrake_SD2231_Lab1	2023-03-30 10:06:53
TIME	0.000
SIMULATE	StartAndBrake_SD2231_Lab1

TIME	21.005
SIM_END		StartAndBrake_SD2231_Lab1	21.004s	0.014953m
APPLICATION	CarMaker 10.2.1 - Car_Generic #1267 (win64-10.2.1)
COMPILED	fh@obelix.ipg 2021-12-14 11:20:55
 
SIM_START	StartAndBrake_SD2231_Lab1	2023-03-30 10:10:37
TIME	0.000
SIMULATE	StartAndBrake_SD2231_Lab1

TIME	9.887
SIM_END		StartAndBrake_SD2231_Lab1	9.886s	144.928m
APPLICATION	CarMaker 10.2.1 - Car_Generic #1267 (win64-10.2.1)
COMPILED	fh@obelix.ipg 2021-12-14 11:20:55
 
SIM_START	StartAndBrake_SD2231_Lab1	2023-03-30 10:11:32
TIME	0.000
SIMULATE	StartAndBrake_SD2231_Lab1

TIME	21.005
SIM_END		StartAndBrake_SD2231_Lab1	21.004s	0.014953m
APPLICATION	CarMaker 10.2.1 - Car_Generic #1267 (win64-10.2.1)
COMPILED	fh@obelix.ipg 2021-12-14 11:20:55
 
SIM_START	StartAndBrake_SD2231_Lab1	2023-03-30 10:11:41
TIME	0.000
SIMULATE	StartAndBrake_SD2231_Lab1

TIME	21.005
SIM_END		StartAndBrake_SD2231_Lab1	21.004s	0.014953m
APPLICATION	CarMaker 10.2.1 - Car_Generic #1267 (win64-10.2.1)
COMPILED	fh@obelix.ipg 2021-12-14 11:20:55
 
SIM_START	StartAndBrake_SD2231_Lab1	2023-03-30 10:13:26
TIME	0.000
SIMULATE	StartAndBrake_SD2231_Lab1

TIME	21.005
SIM_END		StartAndBrake_SD2231_Lab1	21.004s	0.014953m
APPLICATION	CarMaker 10.2.1 - Car_Generic #1267 (win64-10.2.1)
COMPILED	fh@obelix.ipg 2021-12-14 11:20:55
 
SIM_START	StartAndBrake_SD2231_Lab1	2023-03-30 10:16:48
TIME	0.000
SIMULATE	StartAndBrake_SD2231_Lab1

TIME	21.005
SIM_END		StartAndBrake_SD2231_Lab1	21.004s	0.014953m
APPLICATION	CarMaker 10.2.1 - Car_Generic #1267 (win64-10.2.1)
COMPILED	fh@obelix.ipg 2021-12-14 11:20:55
 
SIM_START	StartAndBrake_SD2231_Lab1	2023-03-30 10:17:58
TIME	0.000
SIMULATE	StartAndBrake_SD2231_Lab1

TIME	14.208
SIM_END		StartAndBrake_SD2231_Lab1	14.207s	157.619m
APPLICATION	CarMaker 10.2.1 - Car_Generic #1267 (win64-10.2.1)
COMPILED	fh@obelix.ipg 2021-12-14 11:20:55
 
SIM_START	StartAndBrake_SD2231_Lab1	2023-03-30 10:19:29
TIME	0.000
SIMULATE	StartAndBrake_SD2231_Lab1

TIME	19.927
ERROR		Wheelspeed too high of tire 2: +3600.020
SIM_ABORT	StartAndBrake_SD2231_Lab1	19.929s	815.859m
APPLICATION	CarMaker 10.2.1 - Car_Generic #1267 (win64-10.2.1)
COMPILED	fh@obelix.ipg 2021-12-14 11:20:55
 
SIM_START	StartAndBrake_SD2231_Lab1	2023-03-30 10:23:06
TIME	0.000
SIMULATE	StartAndBrake_SD2231_Lab1

TIME	18.721
ERROR		Wheelspeed too high of tire 2: +3600.091
SIM_ABORT	StartAndBrake_SD2231_Lab1	18.723s	848.54m
APPLICATION	CarMaker 10.2.1 - Car_Generic #1267 (win64-10.2.1)
COMPILED	fh@obelix.ipg 2021-12-14 11:20:55
 
SIM_START	StartAndBrake_SD2231_Lab1	2023-03-30 10:23:45
TIME	0.000
SIMULATE	StartAndBrake_SD2231_Lab1

TIME	19.958
ERROR		Wheelspeed too high of tire 2: +3600.157
SIM_ABORT	StartAndBrake_SD2231_Lab1	19.96s	816.491m
APPLICATION	CarMaker 10.2.1 - Car_Generic #1267 (win64-10.2.1)
COMPILED	fh@obelix.ipg 2021-12-14 11:20:55
 
SIM_START	StartAndBrake_SD2231_Lab1	2023-03-30 10:24:18
TIME	0.000
SIMULATE	StartAndBrake_SD2231_Lab1

TIME	21.532
ERROR		Wheelspeed too high of tire 2: +3600.079
SIM_ABORT	StartAndBrake_SD2231_Lab1	21.534s	883.93m
APPLICATION	CarMaker 10.2.1 - Car_Generic #1267 (win64-10.2.1)
COMPILED	fh@obelix.ipg 2021-12-14 11:20:55
 
SIM_START	StartAndBrake_SD2231_Lab1	2023-03-30 10:27:58
TIME	0.000
SIMULATE	StartAndBrake_SD2231_Lab1

TIME	21.532
ERROR		Wheelspeed too high of tire 2: +3600.079
SIM_ABORT	StartAndBrake_SD2231_Lab1	21.534s	883.93m
APPLICATION	CarMaker 10.2.1 - Car_Generic #1267 (win64-10.2.1)
COMPILED	fh@obelix.ipg 2021-12-14 11:20:55
 
SIM_START	StartAndBrake_SD2231_Lab1	2023-03-30 10:28:52
TIME	0.000
SIMULATE	StartAndBrake_SD2231_Lab1

TIME	21.532
ERROR		Wheelspeed too high of tire 2: +3600.079
SIM_ABORT	StartAndBrake_SD2231_Lab1	21.534s	883.93m
APPLICATION	CarMaker 10.2.1 - Car_Generic #1267 (win64-10.2.1)
COMPILED	fh@obelix.ipg 2021-12-14 11:20:55
 
SIM_START	StartAndBrake_SD2231_Lab1	2023-03-30 10:29:24
TIME	0.000
SIMULATE	StartAndBrake_SD2231_Lab1

TIME	21.532
ERROR		Wheelspeed too high of tire 2: +3600.079
SIM_ABORT	StartAndBrake_SD2231_Lab1	21.534s	883.93m
APPLICATION	CarMaker 10.2.1 - Car_Generic #1267 (win64-10.2.1)
COMPILED	fh@obelix.ipg 2021-12-14 11:20:55
 
SIM_START	StartAndBrake_SD2231_Lab1	2023-03-30 11:10:48
TIME	0.000
SIMULATE	StartAndBrake_SD2231_Lab1

TIME	22.770
ERROR		Wheelspeed too high of tire 3: +3600.045
SIM_ABORT	StartAndBrake_SD2231_Lab1	22.772s	1041.79m
APPLICATION	CarMaker 10.2.1 - Car_Generic #1267 (win64-10.2.1)
COMPILED	fh@obelix.ipg 2021-12-14 11:20:55
 
SIM_START	StartAndBrake_SD2231_Lab1	2023-03-30 11:11:03
TIME	0.000
SIMULATE	StartAndBrake_SD2231_Lab1

TIME	22.769
ERROR		Wheelspeed too high of tire 3: +3600.041
SIM_ABORT	StartAndBrake_SD2231_Lab1	22.771s	1041.75m
APPLICATION	CarMaker 10.2.1 - Car_Generic #1267 (win64-10.2.1)
COMPILED	fh@obelix.ipg 2021-12-14 11:20:55
 
SIM_START	StartAndBrake_SD2231_Lab1	2023-03-30 11:13:41
TIME	0.000
SIMULATE	StartAndBrake_SD2231_Lab1

TIME	22.769
ERROR		Wheelspeed too high of tire 3: +3600.144
SIM_ABORT	StartAndBrake_SD2231_Lab1	22.771s	1041.77m
APPLICATION	CarMaker 10.2.1 - Car_Generic #1267 (win64-10.2.1)
COMPILED	fh@obelix.ipg 2021-12-14 11:20:55
 
SIM_START	StartAndBrake_SD2231_Lab1	2023-03-30 11:14:33
TIME	0.000
SIMULATE	StartAndBrake_SD2231_Lab1

TIME	22.769
ERROR		Wheelspeed too high of tire 3: +3600.114
SIM_ABORT	StartAndBrake_SD2231_Lab1	22.771s	1041.87m
APPLICATION	CarMaker 10.2.1 - Car_Generic #1267 (win64-10.2.1)
COMPILED	fh@obelix.ipg 2021-12-14 11:20:55
 
SIM_START	StartAndBrake_SD2231_Lab1	2023-03-30 11:15:07
TIME	0.000
SIMULATE	StartAndBrake_SD2231_Lab1

TIME	22.768
ERROR		Wheelspeed too high of tire 3: +3600.138
SIM_ABORT	StartAndBrake_SD2231_Lab1	22.77s	1041.76m
APPLICATION	CarMaker 10.2.1 - Car_Generic #1267 (win64-10.2.1)
COMPILED	fh@obelix.ipg 2021-12-14 11:20:55
 
SIM_START	StartAndBrake_SD2231_Lab1	2023-03-30 11:16:06
TIME	0.000
SIMULATE	StartAndBrake_SD2231_Lab1

TIME	22.768
ERROR		Wheelspeed too high of tire 3: +3600.029
SIM_ABORT	StartAndBrake_SD2231_Lab1	22.77s	1041.74m
APPLICATION	CarMaker 10.2.1 - Car_Generic #1267 (win64-10.2.1)
COMPILED	fh@obelix.ipg 2021-12-14 11:20:55
 
SIM_START	StartAndBrake_SD2231_Lab1	2023-03-30 11:18:44
TIME	0.000
SIMULATE	StartAndBrake_SD2231_Lab1

TIME	22.769
ERROR		Wheelspeed too high of tire 3: +3600.185
SIM_ABORT	StartAndBrake_SD2231_Lab1	22.771s	1041.91m
APPLICATION	CarMaker 10.2.1 - Car_Generic #1267 (win64-10.2.1)
COMPILED	fh@obelix.ipg 2021-12-14 11:20:55
 
SIM_START	StartAndBrake_SD2231_Lab1	2023-03-30 11:19:53
TIME	0.000
SIMULATE	StartAndBrake_SD2231_Lab1

TIME	22.769
ERROR		Wheelspeed too high of tire 3: +3600.051
SIM_ABORT	StartAndBrake_SD2231_Lab1	22.771s	1041.96m
APPLICATION	CarMaker 10.2.1 - Car_Generic #1267 (win64-10.2.1)
COMPILED	fh@obelix.ipg 2021-12-14 11:20:55
 
SIM_START	StartAndBrake_SD2231_Lab1	2023-03-30 11:22:08
TIME	0.000
SIMULATE	StartAndBrake_SD2231_Lab1

TIME	21.246
ERROR		Wheelspeed too high of tire 3: +3600.051
SIM_ABORT	StartAndBrake_SD2231_Lab1	21.248s	451.699m
APPLICATION	CarMaker 10.2.1 - Car_Generic #1267 (win64-10.2.1)
COMPILED	fh@obelix.ipg 2021-12-14 11:20:55
 
SIM_START	StartAndBrake_SD2231_Lab1	2023-03-30 11:22:44
TIME	0.000
SIMULATE	StartAndBrake_SD2231_Lab1

TIME	21.258
ERROR		Wheelspeed too high of tire 3: +3600.048
SIM_ABORT	StartAndBrake_SD2231_Lab1	21.26s	454.756m
APPLICATION	CarMaker 10.2.1 - Car_Generic #1267 (win64-10.2.1)
COMPILED	fh@obelix.ipg 2021-12-14 11:20:55
 
SIM_START	StartAndBrake_SD2231_Lab1	2023-03-30 11:25:11
TIME	0.000
SIMULATE	StartAndBrake_SD2231_Lab1

TIME	21.336
ERROR		Wheelspeed too high of tire 3: +3600.169
SIM_ABORT	StartAndBrake_SD2231_Lab1	21.338s	426.385m
APPLICATION	CarMaker 10.2.1 - Car_Generic #1267 (win64-10.2.1)
COMPILED	fh@obelix.ipg 2021-12-14 11:20:55
 
SIM_START	StartAndBrake_SD2231_Lab1	2023-03-30 11:27:39
TIME	0.000
SIMULATE	StartAndBrake_SD2231_Lab1

TIME	19.927
ERROR		Wheelspeed too high of tire 2: +3600.020
SIM_ABORT	StartAndBrake_SD2231_Lab1	19.929s	815.859m
APPLICATION	CarMaker 10.2.1 - Car_Generic #1267 (win64-10.2.1)
COMPILED	fh@obelix.ipg 2021-12-14 11:20:55
 
SIM_START	StartAndBrake_SD2231_Lab1	2023-03-30 11:33:10
TIME	0.000
SIMULATE	StartAndBrake_SD2231_Lab1

TIME	19.994
ERROR		Wheelspeed too high of tire 2: +3600.091
SIM_ABORT	StartAndBrake_SD2231_Lab1	19.996s	817.709m
APPLICATION	CarMaker 10.2.1 - Car_Generic #1267 (win64-10.2.1)
COMPILED	fh@obelix.ipg 2021-12-14 11:20:55
 
SIM_START	StartAndBrake_SD2231_Lab1	2023-03-30 11:34:38
TIME	0.000
SIMULATE	StartAndBrake_SD2231_Lab1

TIME	19.927
ERROR		Wheelspeed too high of tire 2: +3600.020
SIM_ABORT	StartAndBrake_SD2231_Lab1	19.929s	815.859m
APPLICATION	CarMaker 10.2.1 - Car_Generic #1267 (win64-10.2.1)
COMPILED	fh@obelix.ipg 2021-12-14 11:20:55
 
SIM_START	StartAndBrake_SD2231_Lab1	2023-03-30 11:39:29
TIME	0.000
SIMULATE	StartAndBrake_SD2231_Lab1

TIME	21.071
ERROR		Wheelspeed too high of tire 3: +3600.104
SIM_ABORT	StartAndBrake_SD2231_Lab1	21.073s	965.151m
APPLICATION	CarMaker 10.2.1 - Car_Generic #1267 (win64-10.2.1)
COMPILED	fh@obelix.ipg 2021-12-14 11:20:55
 
SIM_START	StartAndBrake_SD2231_Lab1	2023-03-30 11:40:45
TIME	0.000
SIMULATE	StartAndBrake_SD2231_Lab1

TIME	21.071
ERROR		Wheelspeed too high of tire 3: +3600.104
SIM_ABORT	StartAndBrake_SD2231_Lab1	21.073s	965.151m
APPLICATION	CarMaker 10.2.1 - Car_Generic #1267 (win64-10.2.1)
COMPILED	fh@obelix.ipg 2021-12-14 11:20:55
 
SIM_START	StartAndBrake_SD2231_Lab1	2023-03-30 11:42:45
TIME	0.000
SIMULATE	StartAndBrake_SD2231_Lab1

TIME	21.071
ERROR		Wheelspeed too high of tire 3: +3600.104
SIM_ABORT	StartAndBrake_SD2231_Lab1	21.073s	965.151m
APPLICATION	CarMaker 10.2.1 - Car_Generic #1267 (win64-10.2.1)
COMPILED	fh@obelix.ipg 2021-12-14 11:20:55
 
SIM_START	StartAndBrake_SD2231_Lab1	2023-03-30 11:44:33
TIME	0.000
SIMULATE	StartAndBrake_SD2231_Lab1

TIME	21.082
ERROR		Wheelspeed too high of tire 3: +3600.104
SIM_ABORT	StartAndBrake_SD2231_Lab1	21.084s	952.915m
APPLICATION	CarMaker 10.2.1 - Car_Generic #1267 (win64-10.2.1)
COMPILED	fh@obelix.ipg 2021-12-14 11:20:55
 
SIM_START	StartAndBrake_SD2231_Lab1	2023-03-30 11:46:12
TIME	0.000
SIMULATE	StartAndBrake_SD2231_Lab1

TIME	21.071
ERROR		Wheelspeed too high of tire 3: +3600.104
SIM_ABORT	StartAndBrake_SD2231_Lab1	21.073s	965.151m
APPLICATION	CarMaker 10.2.1 - Car_Generic #1267 (win64-10.2.1)
COMPILED	fh@obelix.ipg 2021-12-14 11:20:55
 
SIM_START	StartAndBrake_SD2231_Lab1	2023-03-30 11:48:50
TIME	0.000
SIMULATE	StartAndBrake_SD2231_Lab1

TIME	21.056
ERROR		Wheelspeed too high of tire 3: +3600.140
SIM_ABORT	StartAndBrake_SD2231_Lab1	21.058s	973.732m
APPLICATION	CarMaker 10.2.1 - Car_Generic #1267 (win64-10.2.1)
COMPILED	fh@obelix.ipg 2021-12-14 11:20:55
 
SIM_START	StartAndBrake_SD2231_Lab1	2023-03-30 11:52:39
TIME	0.000
SIMULATE	StartAndBrake_SD2231_Lab1

TIME	20.989
ERROR		Wheelspeed too high of tire 3: +3600.184
SIM_ABORT	StartAndBrake_SD2231_Lab1	20.991s	1014.17m
APPLICATION	CarMaker 10.2.1 - Car_Generic #1267 (win64-10.2.1)
COMPILED	fh@obelix.ipg 2021-12-14 11:20:55
 
SIM_START	StartAndBrake_SD2231_Lab1	2023-03-30 11:54:42
TIME	0.000
SIMULATE	StartAndBrake_SD2231_Lab1

TIME	25.858
SIM_END		StartAndBrake_SD2231_Lab1	25.857s	1631.71m
