APPLICATION	CarMaker 10.2.1 - Car_Generic #1267 (win64-10.2.1)
COMPILED	fh@obelix.ipg 2021-12-14 11:20:55
 
SIM_START	StartAndBrake_SD2231_Lab1	2023-03-22 14:11:47
TIME	0.000
SIMULATE	StartAndBrake_SD2231_Lab1

TIME	9.887
SIM_END		StartAndBrake_SD2231_Lab1	9.886s	144.928m
APPLICATION	CarMaker 10.2.1 - Car_Generic #1267 (win64-10.2.1)
COMPILED	fh@obelix.ipg 2021-12-14 11:20:55
 
SIM_START	StartAndBrake_SD2231_Lab1	2023-03-22 14:12:24
TIME	0.000
SIMULATE	StartAndBrake_SD2231_Lab1

TIME	9.887
SIM_END		StartAndBrake_SD2231_Lab1	9.886s	144.928m
APPLICATION	CarMaker 10.2.1 - Car_Generic #1267 (win64-10.2.1)
COMPILED	fh@obelix.ipg 2021-12-14 11:20:55
 
SIM_START	StartAndBrake_SD2231_Lab1	2023-03-22 14:24:20
TIME	0.000
SIMULATE	StartAndBrake_SD2231_Lab1

TIME	9.887
SIM_END		StartAndBrake_SD2231_Lab1	9.886s	144.928m
APPLICATION	CarMaker 10.2.1 - Car_Generic #1267 (win64-10.2.1)
COMPILED	fh@obelix.ipg 2021-12-14 11:20:55
 
SIM_START	StartAndBrake_SD2231_Lab1	2023-03-22 14:29:45
TIME	0.000
SIMULATE	StartAndBrake_SD2231_Lab1

TIME	9.887
SIM_END		StartAndBrake_SD2231_Lab1	9.886s	144.928m
APPLICATION	CarMaker 10.2.1 - Car_Generic #1267 (win64-10.2.1)
COMPILED	fh@obelix.ipg 2021-12-14 11:20:55
 
SIM_START	StartAndBrake_SD2231_Lab1	2023-03-22 14:30:20
TIME	0.000
SIMULATE	StartAndBrake_SD2231_Lab1

TIME	9.887
SIM_END		StartAndBrake_SD2231_Lab1	9.886s	144.928m
APPLICATION	CarMaker 10.2.1 - Car_Generic #1267 (win64-10.2.1)
COMPILED	fh@obelix.ipg 2021-12-14 11:20:55
 
SIM_START	StartAndBrake_SD2231_Lab1	2023-03-22 14:31:28
TIME	0.000
SIMULATE	StartAndBrake_SD2231_Lab1

TIME	9.887
SIM_END		StartAndBrake_SD2231_Lab1	9.886s	144.928m
APPLICATION	CarMaker 10.2.1 - Car_Generic #1267 (win64-10.2.1)
COMPILED	fh@obelix.ipg 2021-12-14 11:20:55
 
SIM_START	StartAndBrake_SD2231_Lab1	2023-03-22 14:34:12
TIME	0.000
SIMULATE	StartAndBrake_SD2231_Lab1

TIME	9.887
SIM_END		StartAndBrake_SD2231_Lab1	9.886s	144.928m
