APPLICATION	CarMaker 10.2.1 - Car_Generic #1267 (win64-10.2.1)
COMPILED	fh@obelix.ipg 2021-12-14 11:20:55
 
SIM_START	StartAndBrake_SD2231_Lab1	2023-04-13 08:41:19
TIME	0.000
SIMULATE	StartAndBrake_SD2231_Lab1

TIME	14.788
SIM_END		StartAndBrake_SD2231_Lab1	14.787s	144.493m
APPLICATION	CarMaker 10.2.1 - Car_Generic #1267 (win64-10.2.1)
COMPILED	fh@obelix.ipg 2021-12-14 11:20:55
 
SIM_START	StartAndBrake_SD2231_Lab1	2023-04-13 08:44:24
TIME	0.000
SIMULATE	StartAndBrake_SD2231_Lab1

TIME	14.788
SIM_END		StartAndBrake_SD2231_Lab1	14.787s	144.493m
APPLICATION	CarMaker 10.2.1 - Car_Generic #1267 (win64-10.2.1)
COMPILED	fh@obelix.ipg 2021-12-14 11:20:55
 
SIM_START	StartAndBrake_SD2231_Lab1	2023-04-13 08:45:37
TIME	0.000
SIMULATE	StartAndBrake_SD2231_Lab1

TIME	10.670
SIM_END		StartAndBrake_SD2231_Lab1	10.669s	128.927m
APPLICATION	CarMaker 10.2.1 - Car_Generic #1267 (win64-10.2.1)
COMPILED	fh@obelix.ipg 2021-12-14 11:20:55
 
SIM_START	StartAndBrake_SD2231_Lab1	2023-04-13 08:47:51
TIME	0.000
SIMULATE	StartAndBrake_SD2231_Lab1

TIME	10.070
SIM_END		StartAndBrake_SD2231_Lab1	10.069s	136.717m
APPLICATION	CarMaker 10.2.1 - Car_Generic #1267 (win64-10.2.1)
COMPILED	fh@obelix.ipg 2021-12-14 11:20:55
 
SIM_START	StartAndBrake_SD2231_Lab1	2023-04-13 08:49:23
TIME	0.000
SIMULATE	StartAndBrake_SD2231_Lab1

TIME	10.070
SIM_END		StartAndBrake_SD2231_Lab1	10.069s	136.717m
APPLICATION	CarMaker 10.2.1 - Car_Generic #1267 (win64-10.2.1)
COMPILED	fh@obelix.ipg 2021-12-14 11:20:55
 
SIM_START	StartAndBrake_SD2231_Lab1	2023-04-13 08:52:13
TIME	0.000
SIMULATE	StartAndBrake_SD2231_Lab1

TIME	12.733
SIM_END		StartAndBrake_SD2231_Lab1	12.732s	155.611m
APPLICATION	CarMaker 10.2.1 - Car_Generic #1267 (win64-10.2.1)
COMPILED	fh@obelix.ipg 2021-12-14 11:20:55
 
SIM_START	StartAndBrake_SD2231_Lab1	2023-04-13 08:52:56
TIME	0.000
SIMULATE	StartAndBrake_SD2231_Lab1

TIME	10.773
SIM_END		StartAndBrake_SD2231_Lab1	10.772s	164.214m
APPLICATION	CarMaker 10.2.1 - Car_Generic #1267 (win64-10.2.1)
COMPILED	fh@obelix.ipg 2021-12-14 11:20:55
 
SIM_START	StartAndBrake_SD2231_Lab1	2023-04-13 08:53:30
TIME	0.000
SIMULATE	StartAndBrake_SD2231_Lab1

TIME	8.592
SIM_END		StartAndBrake_SD2231_Lab1	8.591s	107.02m
APPLICATION	CarMaker 10.2.1 - Car_Generic #1267 (win64-10.2.1)
COMPILED	fh@obelix.ipg 2021-12-14 11:20:55
 
SIM_START	StartAndBrake_SD2231_Lab1	2023-04-13 09:02:35
TIME	0.000
SIMULATE	StartAndBrake_SD2231_Lab1

TIME	9.887
SIM_END		StartAndBrake_SD2231_Lab1	9.886s	144.928m
APPLICATION	CarMaker 10.2.1 - Car_Generic #1267 (win64-10.2.1)
COMPILED	fh@obelix.ipg 2021-12-14 11:20:55
 
SIM_START	StartAndBrake_SD2231_Lab1	2023-04-13 09:03:25
TIME	0.000
SIMULATE	StartAndBrake_SD2231_Lab1

TIME	9.887
SIM_END		StartAndBrake_SD2231_Lab1	9.886s	144.928m
APPLICATION	CarMaker 10.2.1 - Car_Generic #1267 (win64-10.2.1)
COMPILED	fh@obelix.ipg 2021-12-14 11:20:55
 
SIM_START	StartAndBrake_SD2231_Lab1	2023-04-13 09:04:35
TIME	0.000
SIMULATE	StartAndBrake_SD2231_Lab1

TIME	9.887
SIM_END		StartAndBrake_SD2231_Lab1	9.886s	144.928m
APPLICATION	CarMaker 10.2.1 - Car_Generic #1267 (win64-10.2.1)
COMPILED	fh@obelix.ipg 2021-12-14 11:20:55
 
SIM_START	StartAndBrake_SD2231_Lab1	2023-04-13 09:07:16
TIME	0.000
SIMULATE	StartAndBrake_SD2231_Lab1

TIME	10.943
SIM_END		StartAndBrake_SD2231_Lab1	10.942s	164.236m
APPLICATION	CarMaker 10.2.1 - Car_Generic #1267 (win64-10.2.1)
COMPILED	fh@obelix.ipg 2021-12-14 11:20:55
 
SIM_START	StartAndBrake_SD2231_Lab1	2023-04-13 09:35:48
TIME	0.000
SIMULATE	StartAndBrake_SD2231_Lab1

TIME	10.771
SIM_END		StartAndBrake_SD2231_Lab1	10.77s	164.318m
APPLICATION	CarMaker 10.2.1 - Car_Generic #1267 (win64-10.2.1)
COMPILED	fh@obelix.ipg 2021-12-14 11:20:55
 
SIM_START	StartAndBrake_SD2231_Lab1	2023-04-13 09:36:43
TIME	0.000
SIMULATE	StartAndBrake_SD2231_Lab1

TIME	10.781
SIM_END		StartAndBrake_SD2231_Lab1	10.78s	164.375m
APPLICATION	CarMaker 10.2.1 - Car_Generic #1267 (win64-10.2.1)
COMPILED	fh@obelix.ipg 2021-12-14 11:20:55
 
SIM_START	StartAndBrake_SD2231_Lab1	2023-04-13 09:37:11
TIME	0.000
SIMULATE	StartAndBrake_SD2231_Lab1

TIME	10.773
SIM_END		StartAndBrake_SD2231_Lab1	10.772s	164.305m
APPLICATION	CarMaker 10.2.1 - Car_Generic #1267 (win64-10.2.1)
COMPILED	fh@obelix.ipg 2021-12-14 11:20:55
 
SIM_START	StartAndBrake_SD2231_Lab1	2023-04-13 09:37:52
TIME	0.000
SIMULATE	StartAndBrake_SD2231_Lab1

TIME	10.767
SIM_END		StartAndBrake_SD2231_Lab1	10.766s	164.266m
APPLICATION	CarMaker 10.2.1 - Car_Generic #1267 (win64-10.2.1)
COMPILED	fh@obelix.ipg 2021-12-14 11:20:55
 
SIM_START	StartAndBrake_SD2231_Lab1	2023-04-13 09:38:17
TIME	0.000
SIMULATE	StartAndBrake_SD2231_Lab1

TIME	10.781
SIM_END		StartAndBrake_SD2231_Lab1	10.78s	163.586m
APPLICATION	CarMaker 10.2.1 - Car_Generic #1267 (win64-10.2.1)
COMPILED	fh@obelix.ipg 2021-12-14 11:20:55
 
SIM_START	StartAndBrake_SD2231_Lab1	2023-04-13 09:38:30
TIME	0.000
SIMULATE	StartAndBrake_SD2231_Lab1

TIME	10.769
SIM_END		StartAndBrake_SD2231_Lab1	10.768s	164.38m
APPLICATION	CarMaker 10.2.1 - Car_Generic #1267 (win64-10.2.1)
COMPILED	fh@obelix.ipg 2021-12-14 11:20:55
 
SIM_START	StartAndBrake_SD2231_Lab1	2023-04-13 09:38:52
TIME	0.000
SIMULATE	StartAndBrake_SD2231_Lab1

TIME	10.767
SIM_END		StartAndBrake_SD2231_Lab1	10.766s	164.266m
APPLICATION	CarMaker 10.2.1 - Car_Generic #1267 (win64-10.2.1)
COMPILED	fh@obelix.ipg 2021-12-14 11:20:55
 
SIM_START	StartAndBrake_SD2231_Lab1	2023-04-13 09:39:20
TIME	0.000
SIMULATE	StartAndBrake_SD2231_Lab1

TIME	10.769
SIM_END		StartAndBrake_SD2231_Lab1	10.768s	164.317m
APPLICATION	CarMaker 10.2.1 - Car_Generic #1267 (win64-10.2.1)
COMPILED	fh@obelix.ipg 2021-12-14 11:20:55
 
SIM_START	StartAndBrake_SD2231_Lab1	2023-04-13 09:40:19
TIME	0.000
SIMULATE	StartAndBrake_SD2231_Lab1

TIME	10.769
SIM_END		StartAndBrake_SD2231_Lab1	10.768s	164.206m
APPLICATION	CarMaker 10.2.1 - Car_Generic #1267 (win64-10.2.1)
COMPILED	fh@obelix.ipg 2021-12-14 11:20:55
 
SIM_START	StartAndBrake_SD2231_Lab1	2023-04-13 09:40:47
TIME	0.000
SIMULATE	StartAndBrake_SD2231_Lab1

TIME	10.769
SIM_END		StartAndBrake_SD2231_Lab1	10.768s	164.206m
APPLICATION	CarMaker 10.2.1 - Car_Generic #1267 (win64-10.2.1)
COMPILED	fh@obelix.ipg 2021-12-14 11:20:55
 
SIM_START	StartAndBrake_SD2231_Lab1	2023-04-13 09:42:32
TIME	0.000
SIMULATE	StartAndBrake_SD2231_Lab1

TIME	9.887
SIM_END		StartAndBrake_SD2231_Lab1	9.886s	144.928m
APPLICATION	CarMaker 10.2.1 - Car_Generic #1267 (win64-10.2.1)
COMPILED	fh@obelix.ipg 2021-12-14 11:20:55
 
SIM_START	StartAndBrake_SD2231_Lab1	2023-04-13 09:43:04
TIME	0.000
SIMULATE	StartAndBrake_SD2231_Lab1

TIME	9.887
SIM_END		StartAndBrake_SD2231_Lab1	9.886s	144.928m
APPLICATION	CarMaker 10.2.1 - Car_Generic #1267 (win64-10.2.1)
COMPILED	fh@obelix.ipg 2021-12-14 11:20:55
 
SIM_START	StartAndBrake_SD2231_Lab1	2023-04-13 09:43:32
TIME	0.000
SIMULATE	StartAndBrake_SD2231_Lab1

TIME	10.791
SIM_END		StartAndBrake_SD2231_Lab1	10.79s	163.007m
APPLICATION	CarMaker 10.2.1 - Car_Generic #1267 (win64-10.2.1)
COMPILED	fh@obelix.ipg 2021-12-14 11:20:55
 
SIM_START	StartAndBrake_SD2231_Lab1	2023-04-13 09:45:54
TIME	0.000
SIMULATE	StartAndBrake_SD2231_Lab1

TIME	9.887
SIM_END		StartAndBrake_SD2231_Lab1	9.886s	144.928m
APPLICATION	CarMaker 10.2.1 - Car_Generic #1267 (win64-10.2.1)
COMPILED	fh@obelix.ipg 2021-12-14 11:20:55
 
SIM_START	StartAndBrake_SD2231_Lab1	2023-04-13 09:46:06
TIME	0.000
SIMULATE	StartAndBrake_SD2231_Lab1

TIME	10.895
SIM_END		StartAndBrake_SD2231_Lab1	10.894s	166.647m
APPLICATION	CarMaker 10.2.1 - Car_Generic #1267 (win64-10.2.1)
COMPILED	fh@obelix.ipg 2021-12-14 11:20:55
 
SIM_START	StartAndBrake_SD2231_Lab1	2023-04-13 09:48:05
TIME	0.000
SIMULATE	StartAndBrake_SD2231_Lab1

TIME	10.769
SIM_END		StartAndBrake_SD2231_Lab1	10.768s	164.206m
APPLICATION	CarMaker 10.2.1 - Car_Generic #1267 (win64-10.2.1)
COMPILED	fh@obelix.ipg 2021-12-14 11:20:55
 
SIM_START	StartAndBrake_SD2231_Lab1	2023-04-13 09:51:23
TIME	0.000
SIMULATE	StartAndBrake_SD2231_Lab1

TIME	11.057
SIM_END		StartAndBrake_SD2231_Lab1	11.056s	166.354m
APPLICATION	CarMaker 10.2.1 - Car_Generic #1267 (win64-10.2.1)
COMPILED	fh@obelix.ipg 2021-12-14 11:20:55
 
SIM_START	StartAndBrake_SD2231_Lab1	2023-04-13 09:53:05
TIME	0.000
SIMULATE	StartAndBrake_SD2231_Lab1

TIME	14.396
SIM_END		StartAndBrake_SD2231_Lab1	14.395s	232.595m
