APPLICATION	CarMaker 10.2.1 - Car_Generic #1267 (win64-10.2.1)
COMPILED	fh@obelix.ipg 2021-12-14 11:20:55
 
SIM_START	StartAndBrake_SD2231_Lab1	2023-04-17 15:02:27
TIME	0.000
SIMULATE	StartAndBrake_SD2231_Lab1

TIME	10.008
SIM_END		StartAndBrake_SD2231_Lab1	10.007s	151.811m
APPLICATION	CarMaker 10.2.1 - Car_Generic #1267 (win64-10.2.1)
COMPILED	fh@obelix.ipg 2021-12-14 11:20:55
 
SIM_START	StartAndBrake_SD2231_Lab1	2023-04-17 15:04:08
TIME	0.000
SIMULATE	StartAndBrake_SD2231_Lab1

TIME	10.009
SIM_END		StartAndBrake_SD2231_Lab1	10.008s	151.824m
APPLICATION	CarMaker 10.2.1 - Car_Generic #1267 (win64-10.2.1)
COMPILED	fh@obelix.ipg 2021-12-14 11:20:55
 
SIM_START	StartAndBrake_SD2231_Lab1	2023-04-17 15:05:03
TIME	0.000
SIMULATE	StartAndBrake_SD2231_Lab1

TIME	9.999
SIM_END		StartAndBrake_SD2231_Lab1	9.998s	151.725m
APPLICATION	CarMaker 10.2.1 - Car_Generic #1267 (win64-10.2.1)
COMPILED	fh@obelix.ipg 2021-12-14 11:20:55
 
SIM_START	StartAndBrake_SD2231_Lab1	2023-04-17 15:10:43
TIME	0.000
SIMULATE	StartAndBrake_SD2231_Lab1

TIME	10.009
SIM_END		StartAndBrake_SD2231_Lab1	10.008s	151.822m
APPLICATION	CarMaker 10.2.1 - Car_Generic #1267 (win64-10.2.1)
COMPILED	fh@obelix.ipg 2021-12-14 11:20:55
 
SIM_START	StartAndBrake_SD2231_Lab1	2023-04-17 15:27:48
TIME	0.000
SIMULATE	StartAndBrake_SD2231_Lab1

TIME	10.009
SIM_END		StartAndBrake_SD2231_Lab1	10.008s	151.822m
APPLICATION	CarMaker 10.2.1 - Car_Generic #1267 (win64-10.2.1)
COMPILED	fh@obelix.ipg 2021-12-14 11:20:55
 
SIM_START	StartAndBrake_SD2231_Lab1	2023-04-17 15:29:40
TIME	0.000
SIMULATE	StartAndBrake_SD2231_Lab1

TIME	10.009
SIM_END		StartAndBrake_SD2231_Lab1	10.008s	151.822m
APPLICATION	CarMaker 10.2.1 - Car_Generic #1267 (win64-10.2.1)
COMPILED	fh@obelix.ipg 2021-12-14 11:20:55
 
SIM_START	StartAndBrake_SD2231_Lab1	2023-04-17 15:30:22
TIME	0.000
SIMULATE	StartAndBrake_SD2231_Lab1

TIME	10.009
SIM_END		StartAndBrake_SD2231_Lab1	10.008s	151.822m
APPLICATION	CarMaker 10.2.1 - Car_Generic #1267 (win64-10.2.1)
COMPILED	fh@obelix.ipg 2021-12-14 11:20:55
 
SIM_START	StartAndBrake_SD2231_Lab1	2023-04-17 15:48:16
TIME	0.000
SIMULATE	StartAndBrake_SD2231_Lab1

TIME	10.009
SIM_END		StartAndBrake_SD2231_Lab1	10.008s	151.822m
APPLICATION	CarMaker 10.2.1 - Car_Generic #1267 (win64-10.2.1)
COMPILED	fh@obelix.ipg 2021-12-14 11:20:55
 
SIM_START	StartAndBrake_SD2231_Lab1	2023-04-17 15:54:50
TIME	0.000
SIMULATE	StartAndBrake_SD2231_Lab1

TIME	10.009
SIM_END		StartAndBrake_SD2231_Lab1	10.008s	151.822m
APPLICATION	CarMaker 10.2.1 - Car_Generic #1267 (win64-10.2.1)
COMPILED	fh@obelix.ipg 2021-12-14 11:20:55
 
SIM_START	StartAndBrake_SD2231_Lab1	2023-04-17 15:56:55
TIME	0.000
SIMULATE	StartAndBrake_SD2231_Lab1

TIME	9.999
SIM_END		StartAndBrake_SD2231_Lab1	9.998s	151.725m
APPLICATION	CarMaker 10.2.1 - Car_Generic #1267 (win64-10.2.1)
COMPILED	fh@obelix.ipg 2021-12-14 11:20:55
 
SIM_START	StartAndBrake_SD2231_Lab1	2023-04-17 15:58:04
TIME	0.000
SIMULATE	StartAndBrake_SD2231_Lab1

TIME	9.999
SIM_END		StartAndBrake_SD2231_Lab1	9.998s	151.725m
APPLICATION	CarMaker 10.2.1 - Car_Generic #1267 (win64-10.2.1)
COMPILED	fh@obelix.ipg 2021-12-14 11:20:55
 
SIM_START	StartAndBrake_SD2231_Lab1	2023-04-17 16:00:12
TIME	0.000
SIMULATE	StartAndBrake_SD2231_Lab1

TIME	10.156
SIM_END		StartAndBrake_SD2231_Lab1	10.155s	150.997m
APPLICATION	CarMaker 10.2.1 - Car_Generic #1267 (win64-10.2.1)
COMPILED	fh@obelix.ipg 2021-12-14 11:20:55
 
SIM_START	StartAndBrake_SD2231_Lab1	2023-04-17 16:05:58
TIME	0.000
SIMULATE	StartAndBrake_SD2231_Lab1

TIME	10.156
SIM_END		StartAndBrake_SD2231_Lab1	10.155s	150.997m
APPLICATION	CarMaker 10.2.1 - Car_Generic #1267 (win64-10.2.1)
COMPILED	fh@obelix.ipg 2021-12-14 11:20:55
 
SIM_START	StartAndBrake_SD2231_Lab1	2023-04-17 16:06:20
TIME	0.000
SIMULATE	StartAndBrake_SD2231_Lab1

TIME	9.887
SIM_END		StartAndBrake_SD2231_Lab1	9.886s	144.928m
APPLICATION	CarMaker 10.2.1 - Car_Generic #1267 (win64-10.2.1)
COMPILED	fh@obelix.ipg 2021-12-14 11:20:55
 
SIM_START	StartAndBrake_SD2231_Lab1	2023-04-17 16:07:00
TIME	0.000
SIMULATE	StartAndBrake_SD2231_Lab1

TIME	9.990
SIM_END		StartAndBrake_SD2231_Lab1	9.989s	151.421m
APPLICATION	CarMaker 10.2.1 - Car_Generic #1267 (win64-10.2.1)
COMPILED	fh@obelix.ipg 2021-12-14 11:20:55
 
SIM_START	StartAndBrake_SD2231_Lab1	2023-04-17 16:09:16
TIME	0.000
SIMULATE	StartAndBrake_SD2231_Lab1

TIME	10.000
SIM_END		StartAndBrake_SD2231_Lab1	9.999s	151.432m
APPLICATION	CarMaker 10.2.1 - Car_Generic #1267 (win64-10.2.1)
COMPILED	fh@obelix.ipg 2021-12-14 11:20:55
 
SIM_START	StartAndBrake_SD2231_Lab1	2023-04-17 16:09:50
TIME	0.000
SIMULATE	StartAndBrake_SD2231_Lab1

TIME	9.994
SIM_END		StartAndBrake_SD2231_Lab1	9.993s	151.408m
APPLICATION	CarMaker 10.2.1 - Car_Generic #1267 (win64-10.2.1)
COMPILED	fh@obelix.ipg 2021-12-14 11:20:55
 
SIM_START	StartAndBrake_SD2231_Lab1	2023-04-17 16:10:23
TIME	0.000
SIMULATE	StartAndBrake_SD2231_Lab1

TIME	10.000
SIM_END		StartAndBrake_SD2231_Lab1	9.999s	151.432m
APPLICATION	CarMaker 10.2.1 - Car_Generic #1267 (win64-10.2.1)
COMPILED	fh@obelix.ipg 2021-12-14 11:20:55
 
SIM_START	StartAndBrake_SD2231_Lab1	2023-04-17 16:11:05
TIME	0.000
SIMULATE	StartAndBrake_SD2231_Lab1

TIME	9.996
SIM_END		StartAndBrake_SD2231_Lab1	9.995s	151.456m
APPLICATION	CarMaker 10.2.1 - Car_Generic #1267 (win64-10.2.1)
COMPILED	fh@obelix.ipg 2021-12-14 11:20:55
 
SIM_START	StartAndBrake_SD2231_Lab1	2023-04-17 16:11:33
TIME	0.000
SIMULATE	StartAndBrake_SD2231_Lab1

TIME	10.000
SIM_END		StartAndBrake_SD2231_Lab1	9.999s	151.41m
APPLICATION	CarMaker 10.2.1 - Car_Generic #1267 (win64-10.2.1)
COMPILED	fh@obelix.ipg 2021-12-14 11:20:55
 
SIM_START	StartAndBrake_SD2231_Lab1	2023-04-17 16:12:08
TIME	0.000
SIMULATE	StartAndBrake_SD2231_Lab1

TIME	10.000
SIM_END		StartAndBrake_SD2231_Lab1	9.999s	151.39m
APPLICATION	CarMaker 10.2.1 - Car_Generic #1267 (win64-10.2.1)
COMPILED	fh@obelix.ipg 2021-12-14 11:20:55
 
SIM_START	StartAndBrake_SD2231_Lab1	2023-04-17 16:12:42
TIME	0.000
SIMULATE	StartAndBrake_SD2231_Lab1

TIME	10.000
SIM_END		StartAndBrake_SD2231_Lab1	9.999s	151.39m
APPLICATION	CarMaker 10.2.1 - Car_Generic #1267 (win64-10.2.1)
COMPILED	fh@obelix.ipg 2021-12-14 11:20:55
 
SIM_START	StartAndBrake_SD2231_Lab1	2023-04-17 16:13:18
TIME	0.000
SIMULATE	StartAndBrake_SD2231_Lab1

TIME	9.999
SIM_END		StartAndBrake_SD2231_Lab1	9.998s	151.389m
APPLICATION	CarMaker 10.2.1 - Car_Generic #1267 (win64-10.2.1)
COMPILED	fh@obelix.ipg 2021-12-14 11:20:55
 
SIM_START	StartAndBrake_SD2231_Lab1	2023-04-17 16:13:52
TIME	0.000
SIMULATE	StartAndBrake_SD2231_Lab1

TIME	10.000
SIM_END		StartAndBrake_SD2231_Lab1	9.999s	151.381m
APPLICATION	CarMaker 10.2.1 - Car_Generic #1267 (win64-10.2.1)
COMPILED	fh@obelix.ipg 2021-12-14 11:20:55
 
SIM_START	StartAndBrake_SD2231_Lab1	2023-04-17 16:14:25
TIME	0.000
SIMULATE	StartAndBrake_SD2231_Lab1

TIME	9.999
SIM_END		StartAndBrake_SD2231_Lab1	9.998s	151.405m
APPLICATION	CarMaker 10.2.1 - Car_Generic #1267 (win64-10.2.1)
COMPILED	fh@obelix.ipg 2021-12-14 11:20:55
 
SIM_START	StartAndBrake_SD2231_Lab1	2023-04-17 16:15:36
TIME	0.000
SIMULATE	StartAndBrake_SD2231_Lab1

TIME	9.999
SIM_END		StartAndBrake_SD2231_Lab1	9.998s	151.405m
APPLICATION	CarMaker 10.2.1 - Car_Generic #1267 (win64-10.2.1)
COMPILED	fh@obelix.ipg 2021-12-14 11:20:55
 
SIM_START	StartAndBrake_SD2231_Lab1	2023-04-17 16:21:22
TIME	0.000
SIMULATE	StartAndBrake_SD2231_Lab1

TIME	10.012
SIM_END		StartAndBrake_SD2231_Lab1	10.011s	151.417m
APPLICATION	CarMaker 10.2.1 - Car_Generic #1267 (win64-10.2.1)
COMPILED	fh@obelix.ipg 2021-12-14 11:20:55
 
SIM_START	StartAndBrake_SD2231_Lab1	2023-04-17 16:22:36
TIME	0.000
SIMULATE	StartAndBrake_SD2231_Lab1

TIME	10.011
SIM_END		StartAndBrake_SD2231_Lab1	10.01s	151.418m
APPLICATION	CarMaker 10.2.1 - Car_Generic #1267 (win64-10.2.1)
COMPILED	fh@obelix.ipg 2021-12-14 11:20:55
 
SIM_START	StartAndBrake_SD2231_Lab1	2023-04-17 16:25:44
TIME	0.000
SIMULATE	StartAndBrake_SD2231_Lab1

TIME	10.009
SIM_END		StartAndBrake_SD2231_Lab1	10.008s	151.42m
APPLICATION	CarMaker 10.2.1 - Car_Generic #1267 (win64-10.2.1)
COMPILED	fh@obelix.ipg 2021-12-14 11:20:55
 
SIM_START	StartAndBrake_SD2231_Lab1	2023-04-17 16:29:11
TIME	0.000
SIMULATE	StartAndBrake_SD2231_Lab1

TIME	10.009
SIM_END		StartAndBrake_SD2231_Lab1	10.008s	151.417m
APPLICATION	CarMaker 10.2.1 - Car_Generic #1267 (win64-10.2.1)
COMPILED	fh@obelix.ipg 2021-12-14 11:20:55
 
SIM_START	StartAndBrake_SD2231_Lab1	2023-04-17 16:30:53
TIME	0.000
SIMULATE	StartAndBrake_SD2231_Lab1

TIME	10.011
SIM_END		StartAndBrake_SD2231_Lab1	10.01s	151.42m
APPLICATION	CarMaker 10.2.1 - Car_Generic #1267 (win64-10.2.1)
COMPILED	fh@obelix.ipg 2021-12-14 11:20:55
 
SIM_START	StartAndBrake_SD2231_Lab1	2023-04-17 16:34:50
TIME	0.000
SIMULATE	StartAndBrake_SD2231_Lab1

TIME	10.015
SIM_END		StartAndBrake_SD2231_Lab1	10.014s	151.436m
APPLICATION	CarMaker 10.2.1 - Car_Generic #1267 (win64-10.2.1)
COMPILED	fh@obelix.ipg 2021-12-14 11:20:55
 
SIM_START	StartAndBrake_SD2231_Lab1	2023-04-17 16:35:17
TIME	0.000
SIMULATE	StartAndBrake_SD2231_Lab1

TIME	10.000
SIM_END		StartAndBrake_SD2231_Lab1	9.999s	151.415m
APPLICATION	CarMaker 10.2.1 - Car_Generic #1267 (win64-10.2.1)
COMPILED	fh@obelix.ipg 2021-12-14 11:20:55
 
SIM_START	StartAndBrake_SD2231_Lab1	2023-04-17 16:39:00
TIME	0.000
SIMULATE	StartAndBrake_SD2231_Lab1

TIME	10.000
SIM_END		StartAndBrake_SD2231_Lab1	9.999s	151.415m
APPLICATION	CarMaker 10.2.1 - Car_Generic #1267 (win64-10.2.1)
COMPILED	fh@obelix.ipg 2021-12-14 11:20:55
 
SIM_START	StartAndBrake_SD2231_Lab1	2023-04-17 16:48:20
TIME	0.000
SIMULATE	StartAndBrake_SD2231_Lab1

TIME	10.000
SIM_END		StartAndBrake_SD2231_Lab1	9.999s	151.415m
APPLICATION	CarMaker 10.2.1 - Car_Generic #1267 (win64-10.2.1)
COMPILED	fh@obelix.ipg 2021-12-14 11:20:55
 
SIM_START	StartAndBrake_SD2231_Lab1	2023-04-17 16:49:57
TIME	0.000
SIMULATE	StartAndBrake_SD2231_Lab1

TIME	10.000
SIM_END		StartAndBrake_SD2231_Lab1	9.999s	151.415m
APPLICATION	CarMaker 10.2.1 - Car_Generic #1267 (win64-10.2.1)
COMPILED	fh@obelix.ipg 2021-12-14 11:20:55
 
SIM_START	StartAndBrake_SD2231_Lab1	2023-04-17 16:50:18
TIME	0.000
SIMULATE	StartAndBrake_SD2231_Lab1

TIME	10.000
SIM_END		StartAndBrake_SD2231_Lab1	9.999s	151.415m
APPLICATION	CarMaker 10.2.1 - Car_Generic #1267 (win64-10.2.1)
COMPILED	fh@obelix.ipg 2021-12-14 11:20:55
 
SIM_START	StartAndBrake_SD2231_Lab1	2023-04-17 16:51:15
TIME	0.000
SIMULATE	StartAndBrake_SD2231_Lab1

TIME	10.005
SIM_END		StartAndBrake_SD2231_Lab1	10.004s	151.432m
APPLICATION	CarMaker 10.2.1 - Car_Generic #1267 (win64-10.2.1)
COMPILED	fh@obelix.ipg 2021-12-14 11:20:55
 
SIM_START	StartAndBrake_SD2231_Lab1	2023-04-17 16:52:15
TIME	0.000
SIMULATE	StartAndBrake_SD2231_Lab1

TIME	10.017
SIM_END		StartAndBrake_SD2231_Lab1	10.016s	151.529m
APPLICATION	CarMaker 10.2.1 - Car_Generic #1267 (win64-10.2.1)
COMPILED	fh@obelix.ipg 2021-12-14 11:20:55
 
SIM_START	StartAndBrake_SD2231_Lab1	2023-04-17 16:55:45
TIME	0.000
SIMULATE	StartAndBrake_SD2231_Lab1

TIME	10.017
SIM_END		StartAndBrake_SD2231_Lab1	10.016s	151.529m
APPLICATION	CarMaker 10.2.1 - Car_Generic #1267 (win64-10.2.1)
COMPILED	fh@obelix.ipg 2021-12-14 11:20:55
 
SIM_START	StartAndBrake_SD2231_Lab1	2023-04-17 16:56:34
TIME	0.000
SIMULATE	StartAndBrake_SD2231_Lab1

TIME	10.013
SIM_END		StartAndBrake_SD2231_Lab1	10.012s	151.512m
APPLICATION	CarMaker 10.2.1 - Car_Generic #1267 (win64-10.2.1)
COMPILED	fh@obelix.ipg 2021-12-14 11:20:55
 
SIM_START	StartAndBrake_SD2231_Lab1	2023-04-17 16:57:39
TIME	0.000
SIMULATE	StartAndBrake_SD2231_Lab1

TIME	10.011
SIM_END		StartAndBrake_SD2231_Lab1	10.01s	151.512m
APPLICATION	CarMaker 10.2.1 - Car_Generic #1267 (win64-10.2.1)
COMPILED	fh@obelix.ipg 2021-12-14 11:20:55
 
SIM_START	StartAndBrake_SD2231_Lab1	2023-04-17 16:58:12
TIME	0.000
SIMULATE	StartAndBrake_SD2231_Lab1

TIME	10.011
SIM_END		StartAndBrake_SD2231_Lab1	10.01s	151.512m
APPLICATION	CarMaker 10.2.1 - Car_Generic #1267 (win64-10.2.1)
COMPILED	fh@obelix.ipg 2021-12-14 11:20:55
 
SIM_START	StartAndBrake_SD2231_Lab1	2023-04-17 16:58:52
TIME	0.000
SIMULATE	StartAndBrake_SD2231_Lab1

TIME	10.011
SIM_END		StartAndBrake_SD2231_Lab1	10.01s	151.52m
APPLICATION	CarMaker 10.2.1 - Car_Generic #1267 (win64-10.2.1)
COMPILED	fh@obelix.ipg 2021-12-14 11:20:55
 
SIM_START	StartAndBrake_SD2231_Lab1	2023-04-17 16:59:55
TIME	0.000
SIMULATE	StartAndBrake_SD2231_Lab1

TIME	10.011
SIM_END		StartAndBrake_SD2231_Lab1	10.01s	151.52m
APPLICATION	CarMaker 10.2.1 - Car_Generic #1267 (win64-10.2.1)
COMPILED	fh@obelix.ipg 2021-12-14 11:20:55
 
SIM_START	StartAndBrake_SD2231_Lab1	2023-04-17 17:02:25
TIME	0.000
SIMULATE	StartAndBrake_SD2231_Lab1

TIME	10.011
SIM_END		StartAndBrake_SD2231_Lab1	10.01s	151.52m
APPLICATION	CarMaker 10.2.1 - Car_Generic #1267 (win64-10.2.1)
COMPILED	fh@obelix.ipg 2021-12-14 11:20:55
 
SIM_START	StartAndBrake_SD2231_Lab1	2023-04-17 17:05:04
TIME	0.000
SIMULATE	StartAndBrake_SD2231_Lab1

TIME	10.010
SIM_END		StartAndBrake_SD2231_Lab1	10.009s	151.473m
APPLICATION	CarMaker 10.2.1 - Car_Generic #1267 (win64-10.2.1)
COMPILED	fh@obelix.ipg 2021-12-14 11:20:55
 
SIM_START	StartAndBrake_SD2231_Lab1	2023-04-17 17:08:33
TIME	0.000
SIMULATE	StartAndBrake_SD2231_Lab1

TIME	10.010
SIM_END		StartAndBrake_SD2231_Lab1	10.009s	151.473m
APPLICATION	CarMaker 10.2.1 - Car_Generic #1267 (win64-10.2.1)
COMPILED	fh@obelix.ipg 2021-12-14 11:20:55
 
SIM_START	StartAndBrake_SD2231_Lab1	2023-04-17 17:09:36
TIME	0.000
SIMULATE	StartAndBrake_SD2231_Lab1

TIME	10.010
SIM_END		StartAndBrake_SD2231_Lab1	10.009s	151.497m
APPLICATION	CarMaker 10.2.1 - Car_Generic #1267 (win64-10.2.1)
COMPILED	fh@obelix.ipg 2021-12-14 11:20:55
 
SIM_START	StartAndBrake_SD2231_Lab1	2023-04-17 17:11:14
TIME	0.000
SIMULATE	StartAndBrake_SD2231_Lab1

TIME	10.012
SIM_END		StartAndBrake_SD2231_Lab1	10.011s	151.508m
APPLICATION	CarMaker 10.2.1 - Car_Generic #1267 (win64-10.2.1)
COMPILED	fh@obelix.ipg 2021-12-14 11:20:55
 
SIM_START	StartAndBrake_SD2231_Lab1	2023-04-17 17:16:45
TIME	0.000
SIMULATE	StartAndBrake_SD2231_Lab1

TIME	10.013
SIM_END		StartAndBrake_SD2231_Lab1	10.012s	151.537m
APPLICATION	CarMaker 10.2.1 - Car_Generic #1267 (win64-10.2.1)
COMPILED	fh@obelix.ipg 2021-12-14 11:20:55
 
SIM_START	StartAndBrake_SD2231_Lab1	2023-04-17 17:21:03
TIME	0.000
SIMULATE	StartAndBrake_SD2231_Lab1

TIME	10.011
SIM_END		StartAndBrake_SD2231_Lab1	10.01s	151.486m
