APPLICATION	CarMaker 10.2.1 - Car_Generic #1267 (win64-10.2.1)
COMPILED	fh@obelix.ipg 2021-12-14 11:20:55
 
SIM_START	StartAndBrake_SD2231_Lab1	2023-04-13 16:53:47
TIME	0.000
SIMULATE	StartAndBrake_SD2231_Lab1

TIME	9.987
SIM_END		StartAndBrake_SD2231_Lab1	9.986s	151.54m
APPLICATION	CarMaker 10.2.1 - Car_Generic #1267 (win64-10.2.1)
COMPILED	fh@obelix.ipg 2021-12-14 11:20:55
 
SIM_START	StartAndBrake_SD2231_Lab1	2023-04-13 16:55:11
TIME	0.000
SIMULATE	StartAndBrake_SD2231_Lab1

TIME	9.984
SIM_END		StartAndBrake_SD2231_Lab1	9.983s	151.537m
APPLICATION	CarMaker 10.2.1 - Car_Generic #1267 (win64-10.2.1)
COMPILED	fh@obelix.ipg 2021-12-14 11:20:55
 
SIM_START	StartAndBrake_SD2231_Lab1	2023-04-13 16:55:54
TIME	0.000
SIMULATE	StartAndBrake_SD2231_Lab1

TIME	9.987
SIM_END		StartAndBrake_SD2231_Lab1	9.986s	151.577m
APPLICATION	CarMaker 10.2.1 - Car_Generic #1267 (win64-10.2.1)
COMPILED	fh@obelix.ipg 2021-12-14 11:20:55
 
SIM_START	StartAndBrake_SD2231_Lab1	2023-04-13 16:56:17
TIME	0.000
SIMULATE	StartAndBrake_SD2231_Lab1

TIME	9.993
SIM_END		StartAndBrake_SD2231_Lab1	9.992s	151.549m
APPLICATION	CarMaker 10.2.1 - Car_Generic #1267 (win64-10.2.1)
COMPILED	fh@obelix.ipg 2021-12-14 11:20:55
 
SIM_START	StartAndBrake_SD2231_Lab1	2023-04-13 16:56:51
TIME	0.000
SIMULATE	StartAndBrake_SD2231_Lab1

TIME	10.014
SIM_END		StartAndBrake_SD2231_Lab1	10.013s	151.606m
APPLICATION	CarMaker 10.2.1 - Car_Generic #1267 (win64-10.2.1)
COMPILED	fh@obelix.ipg 2021-12-14 11:20:55
 
SIM_START	StartAndBrake_SD2231_Lab1	2023-04-13 16:58:01
TIME	0.000
SIMULATE	StartAndBrake_SD2231_Lab1

TIME	10.014
SIM_END		StartAndBrake_SD2231_Lab1	10.013s	151.606m
APPLICATION	CarMaker 10.2.1 - Car_Generic #1267 (win64-10.2.1)
COMPILED	fh@obelix.ipg 2021-12-14 11:20:55
 
SIM_START	StartAndBrake_SD2231_Lab1	2023-04-13 16:58:19
TIME	0.000
SIMULATE	StartAndBrake_SD2231_Lab1

TIME	9.987
SIM_END		StartAndBrake_SD2231_Lab1	9.986s	151.54m
APPLICATION	CarMaker 10.2.1 - Car_Generic #1267 (win64-10.2.1)
COMPILED	fh@obelix.ipg 2021-12-14 11:20:55
 
SIM_START	StartAndBrake_SD2231_Lab1	2023-04-13 17:02:21
TIME	0.000
SIMULATE	StartAndBrake_SD2231_Lab1

TIME	9.987
SIM_END		StartAndBrake_SD2231_Lab1	9.986s	151.54m
APPLICATION	CarMaker 10.2.1 - Car_Generic #1267 (win64-10.2.1)
COMPILED	fh@obelix.ipg 2021-12-14 11:20:55
 
SIM_START	StartAndBrake_SD2231_Lab1	2023-04-13 17:02:36
TIME	0.000
SIMULATE	StartAndBrake_SD2231_Lab1

TIME	9.986
SIM_END		StartAndBrake_SD2231_Lab1	9.985s	151.526m
APPLICATION	CarMaker 10.2.1 - Car_Generic #1267 (win64-10.2.1)
COMPILED	fh@obelix.ipg 2021-12-14 11:20:55
 
SIM_START	StartAndBrake_SD2231_Lab1	2023-04-13 17:03:40
TIME	0.000
SIMULATE	StartAndBrake_SD2231_Lab1

TIME	9.986
SIM_END		StartAndBrake_SD2231_Lab1	9.985s	151.523m
APPLICATION	CarMaker 10.2.1 - Car_Generic #1267 (win64-10.2.1)
COMPILED	fh@obelix.ipg 2021-12-14 11:20:55
 
SIM_START	StartAndBrake_SD2231_Lab1	2023-04-13 17:04:17
TIME	0.000
SIMULATE	StartAndBrake_SD2231_Lab1

TIME	9.987
SIM_END		StartAndBrake_SD2231_Lab1	9.986s	151.521m
APPLICATION	CarMaker 10.2.1 - Car_Generic #1267 (win64-10.2.1)
COMPILED	fh@obelix.ipg 2021-12-14 11:20:55
 
SIM_START	StartAndBrake_SD2231_Lab1	2023-04-13 17:04:41
TIME	0.000
SIMULATE	StartAndBrake_SD2231_Lab1

TIME	9.986
SIM_END		StartAndBrake_SD2231_Lab1	9.985s	151.521m
APPLICATION	CarMaker 10.2.1 - Car_Generic #1267 (win64-10.2.1)
COMPILED	fh@obelix.ipg 2021-12-14 11:20:55
 
SIM_START	StartAndBrake_SD2231_Lab1	2023-04-13 17:06:36
TIME	0.000
SIMULATE	StartAndBrake_SD2231_Lab1

TIME	9.984
SIM_END		StartAndBrake_SD2231_Lab1	9.983s	151.518m
APPLICATION	CarMaker 10.2.1 - Car_Generic #1267 (win64-10.2.1)
COMPILED	fh@obelix.ipg 2021-12-14 11:20:55
 
SIM_START	StartAndBrake_SD2231_Lab1	2023-04-13 17:07:33
TIME	0.000
SIMULATE	StartAndBrake_SD2231_Lab1

TIME	10.005
SIM_END		StartAndBrake_SD2231_Lab1	10.004s	151.557m
APPLICATION	CarMaker 10.2.1 - Car_Generic #1267 (win64-10.2.1)
COMPILED	fh@obelix.ipg 2021-12-14 11:20:55
 
SIM_START	StartAndBrake_SD2231_Lab1	2023-04-13 17:11:55
TIME	0.000
SIMULATE	StartAndBrake_SD2231_Lab1

TIME	10.005
SIM_END		StartAndBrake_SD2231_Lab1	10.004s	151.557m
APPLICATION	CarMaker 10.2.1 - Car_Generic #1267 (win64-10.2.1)
COMPILED	fh@obelix.ipg 2021-12-14 11:20:55
 
SIM_START	StartAndBrake_SD2231_Lab1	2023-04-13 17:17:21
TIME	0.000
SIMULATE	StartAndBrake_SD2231_Lab1

TIME	10.005
SIM_END		StartAndBrake_SD2231_Lab1	10.004s	151.563m
APPLICATION	CarMaker 10.2.1 - Car_Generic #1267 (win64-10.2.1)
COMPILED	fh@obelix.ipg 2021-12-14 11:20:55
 
SIM_START	StartAndBrake_SD2231_Lab1	2023-04-13 17:24:37
TIME	0.000
SIMULATE	StartAndBrake_SD2231_Lab1

TIME	10.005
SIM_END		StartAndBrake_SD2231_Lab1	10.004s	151.563m
