APPLICATION	CarMaker 10.2.1 - Car_Generic #1267 (win64-10.2.1)
COMPILED	fh@obelix.ipg 2021-12-14 11:20:55
 
SIM_START	StartAndBrake_SD2231_Lab1	2023-04-17 11:01:11
TIME	0.000
SIMULATE	StartAndBrake_SD2231_Lab1

TIME	10.156
SIM_END		StartAndBrake_SD2231_Lab1	10.155s	150.997m
APPLICATION	CarMaker 10.2.1 - Car_Generic #1267 (win64-10.2.1)
COMPILED	fh@obelix.ipg 2021-12-14 11:20:55
 
SIM_START	StartAndBrake_SD2231_Lab1	2023-04-17 11:05:35
TIME	0.000
SIMULATE	StartAndBrake_SD2231_Lab1

TIME	41.003
SIM_END		StartAndBrake_SD2231_Lab1	41.002s	624.12m
APPLICATION	CarMaker 10.2.1 - Car_Generic #1267 (win64-10.2.1)
COMPILED	fh@obelix.ipg 2021-12-14 11:20:55
 
SIM_START	StartAndBrake_SD2231_Lab1	2023-04-17 11:13:06
TIME	0.000
SIMULATE	StartAndBrake_SD2231_Lab1

TIME	27.382
SIM_END		StartAndBrake_SD2231_Lab1	27.381s	522.63m
APPLICATION	CarMaker 10.2.1 - Car_Generic #1267 (win64-10.2.1)
COMPILED	fh@obelix.ipg 2021-12-14 11:20:55
 
SIM_START	StartAndBrake_SD2231_Lab1	2023-04-17 11:17:13
TIME	0.000
SIMULATE	StartAndBrake_SD2231_Lab1

TIME	10.156
SIM_END		StartAndBrake_SD2231_Lab1	10.155s	150.997m
APPLICATION	CarMaker 10.2.1 - Car_Generic #1267 (win64-10.2.1)
COMPILED	fh@obelix.ipg 2021-12-14 11:20:55
 
SIM_START	StartAndBrake_SD2231_Lab1	2023-04-17 11:26:43
TIME	0.000
SIMULATE	StartAndBrake_SD2231_Lab1

TIME	10.018
SIM_END		StartAndBrake_SD2231_Lab1	10.017s	151.766m
APPLICATION	CarMaker 10.2.1 - Car_Generic #1267 (win64-10.2.1)
COMPILED	fh@obelix.ipg 2021-12-14 11:20:55
 
SIM_START	StartAndBrake_SD2231_Lab1	2023-04-17 11:26:56
TIME	0.000
SIMULATE	StartAndBrake_SD2231_Lab1

TIME	10.009
SIM_END		StartAndBrake_SD2231_Lab1	10.008s	151.425m
APPLICATION	CarMaker 10.2.1 - Car_Generic #1267 (win64-10.2.1)
COMPILED	fh@obelix.ipg 2021-12-14 11:20:55
 
SIM_START	StartAndBrake_SD2231_Lab1	2023-04-17 11:30:55
TIME	0.000
SIMULATE	StartAndBrake_SD2231_Lab1

TIME	10.009
SIM_END		StartAndBrake_SD2231_Lab1	10.008s	151.425m
APPLICATION	CarMaker 10.2.1 - Car_Generic #1267 (win64-10.2.1)
COMPILED	fh@obelix.ipg 2021-12-14 11:20:55
 
SIM_START	StartAndBrake_SD2231_Lab1	2023-04-17 11:32:47
TIME	0.000
SIMULATE	StartAndBrake_SD2231_Lab1

TIME	10.018
SIM_END		StartAndBrake_SD2231_Lab1	10.017s	151.766m
APPLICATION	CarMaker 10.2.1 - Car_Generic #1267 (win64-10.2.1)
COMPILED	fh@obelix.ipg 2021-12-14 11:20:55
 
SIM_START	StartAndBrake_SD2231_Lab1	2023-04-17 11:33:32
TIME	0.000
SIMULATE	StartAndBrake_SD2231_Lab1

TIME	10.018
SIM_END		StartAndBrake_SD2231_Lab1	10.017s	151.766m
APPLICATION	CarMaker 10.2.1 - Car_Generic #1267 (win64-10.2.1)
COMPILED	fh@obelix.ipg 2021-12-14 11:20:55
 
SIM_START	StartAndBrake_SD2231_Lab1	2023-04-17 11:34:00
TIME	0.000
SIMULATE	StartAndBrake_SD2231_Lab1

TIME	10.018
SIM_END		StartAndBrake_SD2231_Lab1	10.017s	151.766m
APPLICATION	CarMaker 10.2.1 - Car_Generic #1267 (win64-10.2.1)
COMPILED	fh@obelix.ipg 2021-12-14 11:20:55
 
SIM_START	StartAndBrake_SD2231_Lab1	2023-04-17 11:34:25
TIME	0.000
SIMULATE	StartAndBrake_SD2231_Lab1

TIME	10.018
SIM_END		StartAndBrake_SD2231_Lab1	10.017s	151.766m
APPLICATION	CarMaker 10.2.1 - Car_Generic #1267 (win64-10.2.1)
COMPILED	fh@obelix.ipg 2021-12-14 11:20:55
 
SIM_START	StartAndBrake_SD2231_Lab1	2023-04-17 11:35:08
TIME	0.000
SIMULATE	StartAndBrake_SD2231_Lab1

TIME	10.009
SIM_END		StartAndBrake_SD2231_Lab1	10.008s	151.425m
APPLICATION	CarMaker 10.2.1 - Car_Generic #1267 (win64-10.2.1)
COMPILED	fh@obelix.ipg 2021-12-14 11:20:55
 
SIM_START	StartAndBrake_SD2231_Lab1	2023-04-17 11:36:10
TIME	0.000
SIMULATE	StartAndBrake_SD2231_Lab1

TIME	10.000
SIM_END		StartAndBrake_SD2231_Lab1	9.999s	151.414m
APPLICATION	CarMaker 10.2.1 - Car_Generic #1267 (win64-10.2.1)
COMPILED	fh@obelix.ipg 2021-12-14 11:20:55
 
SIM_START	StartAndBrake_SD2231_Lab1	2023-04-17 11:36:52
TIME	0.000
SIMULATE	StartAndBrake_SD2231_Lab1

TIME	10.018
SIM_END		StartAndBrake_SD2231_Lab1	10.017s	151.766m
APPLICATION	CarMaker 10.2.1 - Car_Generic #1267 (win64-10.2.1)
COMPILED	fh@obelix.ipg 2021-12-14 11:20:55
 
SIM_START	StartAndBrake_SD2231_Lab1	2023-04-17 11:38:41
TIME	0.000
SIMULATE	StartAndBrake_SD2231_Lab1

TIME	9.999
SIM_END		StartAndBrake_SD2231_Lab1	9.998s	151.434m
APPLICATION	CarMaker 10.2.1 - Car_Generic #1267 (win64-10.2.1)
COMPILED	fh@obelix.ipg 2021-12-14 11:20:55
 
SIM_START	StartAndBrake_SD2231_Lab1	2023-04-17 11:41:08
TIME	0.000
SIMULATE	StartAndBrake_SD2231_Lab1

TIME	9.999
SIM_END		StartAndBrake_SD2231_Lab1	9.998s	151.434m
APPLICATION	CarMaker 10.2.1 - Car_Generic #1267 (win64-10.2.1)
COMPILED	fh@obelix.ipg 2021-12-14 11:20:55
 
SIM_START	StartAndBrake_SD2231_Lab1	2023-04-17 11:42:21
TIME	0.000
SIMULATE	StartAndBrake_SD2231_Lab1

TIME	9.999
SIM_END		StartAndBrake_SD2231_Lab1	9.998s	151.434m
APPLICATION	CarMaker 10.2.1 - Car_Generic #1267 (win64-10.2.1)
COMPILED	fh@obelix.ipg 2021-12-14 11:20:55
 
SIM_START	StartAndBrake_SD2231_Lab1	2023-04-17 11:42:43
TIME	0.000
SIMULATE	StartAndBrake_SD2231_Lab1

TIME	9.999
SIM_END		StartAndBrake_SD2231_Lab1	9.998s	151.434m
APPLICATION	CarMaker 10.2.1 - Car_Generic #1267 (win64-10.2.1)
COMPILED	fh@obelix.ipg 2021-12-14 11:20:55
 
SIM_START	StartAndBrake_SD2231_Lab1	2023-04-17 11:44:15
TIME	0.000
SIMULATE	StartAndBrake_SD2231_Lab1

TIME	9.990
SIM_END		StartAndBrake_SD2231_Lab1	9.989s	151.422m
APPLICATION	CarMaker 10.2.1 - Car_Generic #1267 (win64-10.2.1)
COMPILED	fh@obelix.ipg 2021-12-14 11:20:55
 
SIM_START	StartAndBrake_SD2231_Lab1	2023-04-17 11:47:43
TIME	0.000
SIMULATE	StartAndBrake_SD2231_Lab1

TIME	9.999
SIM_END		StartAndBrake_SD2231_Lab1	9.998s	151.538m
APPLICATION	CarMaker 10.2.1 - Car_Generic #1267 (win64-10.2.1)
COMPILED	fh@obelix.ipg 2021-12-14 11:20:55
 
SIM_START	StartAndBrake_SD2231_Lab1	2023-04-17 11:50:39
TIME	0.000
SIMULATE	StartAndBrake_SD2231_Lab1

TIME	9.999
SIM_END		StartAndBrake_SD2231_Lab1	9.998s	151.538m
APPLICATION	CarMaker 10.2.1 - Car_Generic #1267 (win64-10.2.1)
COMPILED	fh@obelix.ipg 2021-12-14 11:20:55
 
SIM_START	StartAndBrake_SD2231_Lab1	2023-04-17 11:54:06
TIME	0.000
SIMULATE	StartAndBrake_SD2231_Lab1

TIME	10.102
SIM_END		StartAndBrake_SD2231_Lab1	10.101s	152.651m
APPLICATION	CarMaker 10.2.1 - Car_Generic #1267 (win64-10.2.1)
COMPILED	fh@obelix.ipg 2021-12-14 11:20:55
 
SIM_START	StartAndBrake_SD2231_Lab1	2023-04-17 11:55:47
TIME	0.000
SIMULATE	StartAndBrake_SD2231_Lab1

TIME	10.088
SIM_END		StartAndBrake_SD2231_Lab1	10.087s	152.497m
APPLICATION	CarMaker 10.2.1 - Car_Generic #1267 (win64-10.2.1)
COMPILED	fh@obelix.ipg 2021-12-14 11:20:55
 
SIM_START	StartAndBrake_SD2231_Lab1	2023-04-17 11:57:15
TIME	0.000
SIMULATE	StartAndBrake_SD2231_Lab1

TIME	10.097
SIM_END		StartAndBrake_SD2231_Lab1	10.096s	152.569m
APPLICATION	CarMaker 10.2.1 - Car_Generic #1267 (win64-10.2.1)
COMPILED	fh@obelix.ipg 2021-12-14 11:20:55
 
SIM_START	StartAndBrake_SD2231_Lab1	2023-04-17 11:58:08
TIME	0.000
SIMULATE	StartAndBrake_SD2231_Lab1

TIME	10.097
SIM_END		StartAndBrake_SD2231_Lab1	10.096s	152.57m
APPLICATION	CarMaker 10.2.1 - Car_Generic #1267 (win64-10.2.1)
COMPILED	fh@obelix.ipg 2021-12-14 11:20:55
 
SIM_START	StartAndBrake_SD2231_Lab1	2023-04-17 11:58:34
TIME	0.000
SIMULATE	StartAndBrake_SD2231_Lab1

TIME	10.088
SIM_END		StartAndBrake_SD2231_Lab1	10.087s	152.497m
APPLICATION	CarMaker 10.2.1 - Car_Generic #1267 (win64-10.2.1)
COMPILED	fh@obelix.ipg 2021-12-14 11:20:55
 
SIM_START	StartAndBrake_SD2231_Lab1	2023-04-17 11:59:42
TIME	0.000
SIMULATE	StartAndBrake_SD2231_Lab1

TIME	10.077
SIM_END		StartAndBrake_SD2231_Lab1	10.076s	152.363m
APPLICATION	CarMaker 10.2.1 - Car_Generic #1267 (win64-10.2.1)
COMPILED	fh@obelix.ipg 2021-12-14 11:20:55
 
SIM_START	StartAndBrake_SD2231_Lab1	2023-04-17 12:00:04
TIME	0.000
SIMULATE	StartAndBrake_SD2231_Lab1

TIME	10.077
SIM_END		StartAndBrake_SD2231_Lab1	10.076s	152.345m
APPLICATION	CarMaker 10.2.1 - Car_Generic #1267 (win64-10.2.1)
COMPILED	fh@obelix.ipg 2021-12-14 11:20:55
 
SIM_START	StartAndBrake_SD2231_Lab1	2023-04-17 12:01:02
TIME	0.000
SIMULATE	StartAndBrake_SD2231_Lab1

TIME	10.077
SIM_END		StartAndBrake_SD2231_Lab1	10.076s	152.341m
APPLICATION	CarMaker 10.2.1 - Car_Generic #1267 (win64-10.2.1)
COMPILED	fh@obelix.ipg 2021-12-14 11:20:55
 
SIM_START	StartAndBrake_SD2231_Lab1	2023-04-17 12:02:05
TIME	0.000
SIMULATE	StartAndBrake_SD2231_Lab1

TIME	10.077
SIM_END		StartAndBrake_SD2231_Lab1	10.076s	152.338m
APPLICATION	CarMaker 10.2.1 - Car_Generic #1267 (win64-10.2.1)
COMPILED	fh@obelix.ipg 2021-12-14 11:20:55
 
SIM_START	StartAndBrake_SD2231_Lab1	2023-04-17 12:02:41
TIME	0.000
SIMULATE	StartAndBrake_SD2231_Lab1

TIME	10.077
SIM_END		StartAndBrake_SD2231_Lab1	10.076s	152.338m
APPLICATION	CarMaker 10.2.1 - Car_Generic #1267 (win64-10.2.1)
COMPILED	fh@obelix.ipg 2021-12-14 11:20:55
 
SIM_START	StartAndBrake_SD2231_Lab1	2023-04-17 12:03:18
TIME	0.000
SIMULATE	StartAndBrake_SD2231_Lab1

TIME	10.077
SIM_END		StartAndBrake_SD2231_Lab1	10.076s	152.338m
APPLICATION	CarMaker 10.2.1 - Car_Generic #1267 (win64-10.2.1)
COMPILED	fh@obelix.ipg 2021-12-14 11:20:55
 
SIM_START	StartAndBrake_SD2231_Lab1	2023-04-17 12:04:24
TIME	0.000
SIMULATE	StartAndBrake_SD2231_Lab1

TIME	10.077
SIM_END		StartAndBrake_SD2231_Lab1	10.076s	152.363m
