APPLICATION	CarMaker 10.2.1 - Car_Generic #1267 (win64-10.2.1)
COMPILED	fh@obelix.ipg 2021-12-14 11:20:55
 
SIM_START	StartAndBrake_SD2231_Lab1	2023-04-18 11:00:00
TIME	0.000
SIMULATE	StartAndBrake_SD2231_Lab1

TIME	9.986
SIM_END		StartAndBrake_SD2231_Lab1	9.985s	151.372m
APPLICATION	CarMaker 10.2.1 - Car_Generic #1267 (win64-10.2.1)
COMPILED	fh@obelix.ipg 2021-12-14 11:20:55
 
SIM_START	StartAndBrake_SD2231_Lab1	2023-04-18 11:01:21
TIME	0.000
SIMULATE	StartAndBrake_SD2231_Lab1

TIME	9.986
SIM_END		StartAndBrake_SD2231_Lab1	9.985s	151.372m
APPLICATION	CarMaker 10.2.1 - Car_Generic #1267 (win64-10.2.1)
COMPILED	fh@obelix.ipg 2021-12-14 11:20:55
 
SIM_START	StartAndBrake_SD2231_Lab1	2023-04-18 11:01:42
TIME	0.000
SIMULATE	StartAndBrake_SD2231_Lab1

TIME	11.788
SIM_END		StartAndBrake_SD2231_Lab1	11.787s	163.319m
APPLICATION	CarMaker 10.2.1 - Car_Generic #1267 (win64-10.2.1)
COMPILED	fh@obelix.ipg 2021-12-14 11:20:55
 
SIM_START	StartAndBrake_SD2231_Lab1	2023-04-18 11:02:34
TIME	0.000
SIMULATE	StartAndBrake_SD2231_Lab1

TIME	24.443
SIM_END		StartAndBrake_SD2231_Lab1	24.442s	283.714m
APPLICATION	CarMaker 10.2.1 - Car_Generic #1267 (win64-10.2.1)
COMPILED	fh@obelix.ipg 2021-12-14 11:20:55
 
SIM_START	StartAndBrake_SD2231_Lab1	2023-04-18 11:03:55
TIME	0.000
SIMULATE	StartAndBrake_SD2231_Lab1

TIME	9.986
SIM_END		StartAndBrake_SD2231_Lab1	9.985s	151.372m
APPLICATION	CarMaker 10.2.1 - Car_Generic #1267 (win64-10.2.1)
COMPILED	fh@obelix.ipg 2021-12-14 11:20:55
 
SIM_START	StartAndBrake_SD2231_Lab1	2023-04-18 11:09:00
TIME	0.000
SIMULATE	StartAndBrake_SD2231_Lab1

TIME	15.587
SIM_END		StartAndBrake_SD2231_Lab1	15.586s	212.443m
APPLICATION	CarMaker 10.2.1 - Car_Generic #1267 (win64-10.2.1)
COMPILED	fh@obelix.ipg 2021-12-14 11:20:55
 
SIM_START	StartAndBrake_SD2231_Lab1	2023-04-18 11:10:13
TIME	0.000
SIMULATE	StartAndBrake_SD2231_Lab1

TIME	15.589
SIM_END		StartAndBrake_SD2231_Lab1	15.588s	212.472m
APPLICATION	CarMaker 10.2.1 - Car_Generic #1267 (win64-10.2.1)
COMPILED	fh@obelix.ipg 2021-12-14 11:20:55
 
SIM_START	StartAndBrake_SD2231_Lab1	2023-04-18 11:10:46
TIME	0.000
SIMULATE	StartAndBrake_SD2231_Lab1

TIME	9.989
SIM_END		StartAndBrake_SD2231_Lab1	9.988s	151.399m
APPLICATION	CarMaker 10.2.1 - Car_Generic #1267 (win64-10.2.1)
COMPILED	fh@obelix.ipg 2021-12-14 11:20:55
 
SIM_START	StartAndBrake_SD2231_Lab1	2023-04-18 11:12:01
TIME	0.000
SIMULATE	StartAndBrake_SD2231_Lab1

TIME	9.986
SIM_END		StartAndBrake_SD2231_Lab1	9.985s	151.372m
