APPLICATION	CarMaker 10.2.1 - Car_Generic #1267 (win64-10.2.1)
COMPILED	fh@obelix.ipg 2021-12-14 11:20:55
 
SIM_START	StartAndBrake_SD2231_Lab1	2023-04-05 08:49:47
TIME	0.000
SIMULATE	StartAndBrake_SD2231_Lab1

TIME	20.703
ERROR		Vehicle leaves road at about x=919.17, y=-4.50011 TireNo=1
SIM_ABORT	StartAndBrake_SD2231_Lab1	20.705s	915.189m
APPLICATION	CarMaker 10.2.1 - Car_Generic #1267 (win64-10.2.1)
COMPILED	fh@obelix.ipg 2021-12-14 11:20:55
 
SIM_START	StartAndBrake_SD2231_Lab1	2023-04-05 08:52:17
TIME	0.000
SIMULATE	StartAndBrake_SD2231_Lab1

TIME	41.003
SIM_END		StartAndBrake_SD2231_Lab1	41.002s	133.779m
APPLICATION	CarMaker 10.2.1 - Car_Generic #1267 (win64-10.2.1)
COMPILED	fh@obelix.ipg 2021-12-14 11:20:55
 
SIM_START	StartAndBrake_SD2231_Lab1	2023-04-05 08:52:43
TIME	0.000
SIMULATE	StartAndBrake_SD2231_Lab1

TIME	41.003
SIM_END		StartAndBrake_SD2231_Lab1	41.002s	133.779m
APPLICATION	CarMaker 10.2.1 - Car_Generic #1267 (win64-10.2.1)
COMPILED	fh@obelix.ipg 2021-12-14 11:20:55
 
SIM_START	StartAndBrake_SD2231_Lab1	2023-04-05 08:54:27
TIME	0.000
SIMULATE	StartAndBrake_SD2231_Lab1

TIME	41.003
SIM_END		StartAndBrake_SD2231_Lab1	41.002s	133.779m
APPLICATION	CarMaker 10.2.1 - Car_Generic #1267 (win64-10.2.1)
COMPILED	fh@obelix.ipg 2021-12-14 11:20:55
 
SIM_START	StartAndBrake_SD2231_Lab1	2023-04-05 08:57:08
TIME	0.000
SIMULATE	StartAndBrake_SD2231_Lab1

TIME	41.003
SIM_END		StartAndBrake_SD2231_Lab1	41.002s	133.779m
APPLICATION	CarMaker 10.2.1 - Car_Generic #1267 (win64-10.2.1)
COMPILED	fh@obelix.ipg 2021-12-14 11:20:55
 
SIM_START	StartAndBrake_SD2231_Lab1	2023-04-05 08:59:07
TIME	0.000
SIMULATE	StartAndBrake_SD2231_Lab1

TIME	41.003
SIM_END		StartAndBrake_SD2231_Lab1	41.002s	133.779m
APPLICATION	CarMaker 10.2.1 - Car_Generic #1267 (win64-10.2.1)
COMPILED	fh@obelix.ipg 2021-12-14 11:20:55
 
SIM_START	StartAndBrake_SD2231_Lab1	2023-04-05 09:00:53
TIME	0.000
SIMULATE	StartAndBrake_SD2231_Lab1

TIME	26.087
SIM_END		StartAndBrake_SD2231_Lab1	26.086s	1372.64m
APPLICATION	CarMaker 10.2.1 - Car_Generic #1267 (win64-10.2.1)
COMPILED	fh@obelix.ipg 2021-12-14 11:20:55
 
SIM_START	StartAndBrake_SD2231_Lab1	2023-04-05 09:02:25
TIME	0.000
SIMULATE	StartAndBrake_SD2231_Lab1

TIME	25.434
SIM_END		StartAndBrake_SD2231_Lab1	25.433s	1369.9m
APPLICATION	CarMaker 10.2.1 - Car_Generic #1267 (win64-10.2.1)
COMPILED	fh@obelix.ipg 2021-12-14 11:20:55
 
SIM_START	StartAndBrake_SD2231_Lab1	2023-04-05 09:02:52
TIME	0.000
SIMULATE	StartAndBrake_SD2231_Lab1

TIME	25.434
SIM_END		StartAndBrake_SD2231_Lab1	25.433s	1369.9m
APPLICATION	CarMaker 10.2.1 - Car_Generic #1267 (win64-10.2.1)
COMPILED	fh@obelix.ipg 2021-12-14 11:20:55
 
SIM_START	StartAndBrake_SD2231_Lab1	2023-04-05 09:03:46
TIME	0.000
SIMULATE	StartAndBrake_SD2231_Lab1

TIME	21.269
ERROR		Vehicle leaves road at about x=818.172, y=-4.50042 TireNo=1
SIM_ABORT	StartAndBrake_SD2231_Lab1	21.271s	814.154m
APPLICATION	CarMaker 10.2.1 - Car_Generic #1267 (win64-10.2.1)
COMPILED	fh@obelix.ipg 2021-12-14 11:20:55
 
SIM_START	StartAndBrake_SD2231_Lab1	2023-04-05 09:04:25
TIME	0.000
SIMULATE	StartAndBrake_SD2231_Lab1

TIME	21.269
ERROR		Vehicle leaves road at about x=818.172, y=-4.50042 TireNo=1
SIM_ABORT	StartAndBrake_SD2231_Lab1	21.271s	814.154m
APPLICATION	CarMaker 10.2.1 - Car_Generic #1267 (win64-10.2.1)
COMPILED	fh@obelix.ipg 2021-12-14 11:20:55
 
SIM_START	StartAndBrake_SD2231_Lab1	2023-04-05 09:04:52
TIME	0.000
SIMULATE	StartAndBrake_SD2231_Lab1

TIME	25.434
SIM_END		StartAndBrake_SD2231_Lab1	25.433s	1369.9m
APPLICATION	CarMaker 10.2.1 - Car_Generic #1267 (win64-10.2.1)
COMPILED	fh@obelix.ipg 2021-12-14 11:20:55
 
SIM_START	StartAndBrake_SD2231_Lab1	2023-04-05 09:14:59
TIME	0.000
SIMULATE	StartAndBrake_SD2231_Lab1

TIME	25.657
SIM_END		StartAndBrake_SD2231_Lab1	25.656s	1044.76m
APPLICATION	CarMaker 10.2.1 - Car_Generic #1267 (win64-10.2.1)
COMPILED	fh@obelix.ipg 2021-12-14 11:20:55
 
SIM_START	StartAndBrake_SD2231_Lab1	2023-04-05 09:15:52
TIME	0.000
SIMULATE	StartAndBrake_SD2231_Lab1

TIME	9.887
SIM_END		StartAndBrake_SD2231_Lab1	9.886s	144.928m
APPLICATION	CarMaker 10.2.1 - Car_Generic #1267 (win64-10.2.1)
COMPILED	fh@obelix.ipg 2021-12-14 11:20:55
 
SIM_START	StartAndBrake_SD2231_Lab1	2023-04-05 09:16:36
TIME	0.000
SIMULATE	StartAndBrake_SD2231_Lab1

TIME	10.709
SIM_END		StartAndBrake_SD2231_Lab1	10.708s	162.916m
APPLICATION	CarMaker 10.2.1 - Car_Generic #1267 (win64-10.2.1)
COMPILED	fh@obelix.ipg 2021-12-14 11:20:55
 
SIM_START	StartAndBrake_SD2231_Lab1	2023-04-05 09:18:11
TIME	0.000
SIMULATE	StartAndBrake_SD2231_Lab1

TIME	14.153
SIM_END		StartAndBrake_SD2231_Lab1	14.152s	230.63m
APPLICATION	CarMaker 10.2.1 - Car_Generic #1267 (win64-10.2.1)
COMPILED	fh@obelix.ipg 2021-12-14 11:20:55
 
SIM_START	StartAndBrake_SD2231_Lab1	2023-04-05 09:18:49
TIME	0.000
SIMULATE	StartAndBrake_SD2231_Lab1

TIME	14.153
SIM_END		StartAndBrake_SD2231_Lab1	14.152s	230.63m
APPLICATION	CarMaker 10.2.1 - Car_Generic #1267 (win64-10.2.1)
COMPILED	fh@obelix.ipg 2021-12-14 11:20:55
 
SIM_START	StartAndBrake_SD2231_Lab1	2023-04-05 09:19:29
TIME	0.000
SIMULATE	StartAndBrake_SD2231_Lab1

TIME	10.709
SIM_END		StartAndBrake_SD2231_Lab1	10.708s	162.916m
APPLICATION	CarMaker 10.2.1 - Car_Generic #1267 (win64-10.2.1)
COMPILED	fh@obelix.ipg 2021-12-14 11:20:55
 
SIM_START	StartAndBrake_SD2231_Lab1	2023-04-05 09:19:55
TIME	0.000
SIMULATE	StartAndBrake_SD2231_Lab1

TIME	10.709
SIM_END		StartAndBrake_SD2231_Lab1	10.708s	162.916m
APPLICATION	CarMaker 10.2.1 - Car_Generic #1267 (win64-10.2.1)
COMPILED	fh@obelix.ipg 2021-12-14 11:20:55
 
SIM_START	StartAndBrake_SD2231_Lab1	2023-04-05 09:21:48
TIME	0.000
SIMULATE	StartAndBrake_SD2231_Lab1

TIME	10.711
SIM_END		StartAndBrake_SD2231_Lab1	10.71s	162.177m
APPLICATION	CarMaker 10.2.1 - Car_Generic #1267 (win64-10.2.1)
COMPILED	fh@obelix.ipg 2021-12-14 11:20:55
 
SIM_START	StartAndBrake_SD2231_Lab1	2023-04-05 09:22:14
TIME	0.000
SIMULATE	StartAndBrake_SD2231_Lab1

TIME	10.703
SIM_END		StartAndBrake_SD2231_Lab1	10.702s	163.101m
APPLICATION	CarMaker 10.2.1 - Car_Generic #1267 (win64-10.2.1)
COMPILED	fh@obelix.ipg 2021-12-14 11:20:55
 
SIM_START	StartAndBrake_SD2231_Lab1	2023-04-05 09:22:50
TIME	0.000
SIMULATE	StartAndBrake_SD2231_Lab1

TIME	10.703
SIM_END		StartAndBrake_SD2231_Lab1	10.702s	163.101m
APPLICATION	CarMaker 10.2.1 - Car_Generic #1267 (win64-10.2.1)
COMPILED	fh@obelix.ipg 2021-12-14 11:20:55
 
SIM_START	StartAndBrake_SD2231_Lab1	2023-04-05 09:24:49
TIME	0.000
SIMULATE	StartAndBrake_SD2231_Lab1

TIME	10.707
SIM_END		StartAndBrake_SD2231_Lab1	10.706s	163.105m
APPLICATION	CarMaker 10.2.1 - Car_Generic #1267 (win64-10.2.1)
COMPILED	fh@obelix.ipg 2021-12-14 11:20:55
 
SIM_START	StartAndBrake_SD2231_Lab1	2023-04-05 09:25:38
TIME	0.000
SIMULATE	StartAndBrake_SD2231_Lab1

TIME	10.707
SIM_END		StartAndBrake_SD2231_Lab1	10.706s	163.105m
APPLICATION	CarMaker 10.2.1 - Car_Generic #1267 (win64-10.2.1)
COMPILED	fh@obelix.ipg 2021-12-14 11:20:55
 
SIM_START	StartAndBrake_SD2231_Lab1	2023-04-05 09:26:25
TIME	0.000
SIMULATE	StartAndBrake_SD2231_Lab1

TIME	10.707
SIM_END		StartAndBrake_SD2231_Lab1	10.706s	163.105m
APPLICATION	CarMaker 10.2.1 - Car_Generic #1267 (win64-10.2.1)
COMPILED	fh@obelix.ipg 2021-12-14 11:20:55
 
SIM_START	StartAndBrake_SD2231_Lab1	2023-04-05 09:26:50
TIME	0.000
SIMULATE	StartAndBrake_SD2231_Lab1

TIME	10.705
SIM_END		StartAndBrake_SD2231_Lab1	10.704s	163.233m
APPLICATION	CarMaker 10.2.1 - Car_Generic #1267 (win64-10.2.1)
COMPILED	fh@obelix.ipg 2021-12-14 11:20:55
 
SIM_START	StartAndBrake_SD2231_Lab1	2023-04-05 09:29:44
TIME	0.000
SIMULATE	StartAndBrake_SD2231_Lab1

TIME	10.703
SIM_END		StartAndBrake_SD2231_Lab1	10.702s	163.313m
APPLICATION	CarMaker 10.2.1 - Car_Generic #1267 (win64-10.2.1)
COMPILED	fh@obelix.ipg 2021-12-14 11:20:55
 
SIM_START	StartAndBrake_SD2231_Lab1	2023-04-05 09:30:14
TIME	0.000
SIMULATE	StartAndBrake_SD2231_Lab1

TIME	10.707
SIM_END		StartAndBrake_SD2231_Lab1	10.706s	163.19m
