APPLICATION	CarMaker 10.2.1 - Car_Generic #1267 (win64-10.2.1)
COMPILED	fh@obelix.ipg 2021-12-14 11:20:55
 
SIM_START	StartAndBrake_SD2231_Lab1	2023-04-12 22:49:03
TIME	0.000
SIMULATE	StartAndBrake_SD2231_Lab1

TIME	10.041
SIM_END		StartAndBrake_SD2231_Lab1	10.04s	139.968m
APPLICATION	CarMaker 10.2.1 - Car_Generic #1267 (win64-10.2.1)
COMPILED	fh@obelix.ipg 2021-12-14 11:20:55
 
SIM_START	StartAndBrake_SD2231_Lab1	2023-04-12 23:08:11
TIME	0.000
SIMULATE	StartAndBrake_SD2231_Lab1

TIME	10.050
SIM_END		StartAndBrake_SD2231_Lab1	10.049s	137.33m
APPLICATION	CarMaker 10.2.1 - Car_Generic #1267 (win64-10.2.1)
COMPILED	fh@obelix.ipg 2021-12-14 11:20:55
 
SIM_START	StartAndBrake_SD2231_Lab1	2023-04-12 23:11:51
TIME	0.000
SIMULATE	StartAndBrake_SD2231_Lab1

TIME	10.359
SIM_END		StartAndBrake_SD2231_Lab1	10.358s	154.11m
APPLICATION	CarMaker 10.2.1 - Car_Generic #1267 (win64-10.2.1)
COMPILED	fh@obelix.ipg 2021-12-14 11:20:55
 
SIM_START	StartAndBrake_SD2231_Lab1	2023-04-12 23:12:35
TIME	0.000
SIMULATE	StartAndBrake_SD2231_Lab1

TIME	10.363
SIM_END		StartAndBrake_SD2231_Lab1	10.362s	154.126m
APPLICATION	CarMaker 10.2.1 - Car_Generic #1267 (win64-10.2.1)
COMPILED	fh@obelix.ipg 2021-12-14 11:20:55
 
SIM_START	StartAndBrake_SD2231_Lab1	2023-04-12 23:13:54
TIME	0.000
SIMULATE	StartAndBrake_SD2231_Lab1

TIME	10.373
SIM_END		StartAndBrake_SD2231_Lab1	10.372s	154.122m
APPLICATION	CarMaker 10.2.1 - Car_Generic #1267 (win64-10.2.1)
COMPILED	fh@obelix.ipg 2021-12-14 11:20:55
 
SIM_START	StartAndBrake_SD2231_Lab1	2023-04-12 23:14:14
TIME	0.000
SIMULATE	StartAndBrake_SD2231_Lab1

TIME	10.351
SIM_END		StartAndBrake_SD2231_Lab1	10.35s	154.067m
APPLICATION	CarMaker 10.2.1 - Car_Generic #1267 (win64-10.2.1)
COMPILED	fh@obelix.ipg 2021-12-14 11:20:55
 
SIM_START	StartAndBrake_SD2231_Lab1	2023-04-12 23:14:45
TIME	0.000
SIMULATE	StartAndBrake_SD2231_Lab1

TIME	10.355
SIM_END		StartAndBrake_SD2231_Lab1	10.354s	154.044m
APPLICATION	CarMaker 10.2.1 - Car_Generic #1267 (win64-10.2.1)
COMPILED	fh@obelix.ipg 2021-12-14 11:20:55
 
SIM_START	StartAndBrake_SD2231_Lab1	2023-04-12 23:15:16
TIME	0.000
SIMULATE	StartAndBrake_SD2231_Lab1

TIME	10.355
SIM_END		StartAndBrake_SD2231_Lab1	10.354s	154.044m
APPLICATION	CarMaker 10.2.1 - Car_Generic #1267 (win64-10.2.1)
COMPILED	fh@obelix.ipg 2021-12-14 11:20:55
 
SIM_START	StartAndBrake_SD2231_Lab1	2023-04-12 23:15:57
TIME	0.000
SIMULATE	StartAndBrake_SD2231_Lab1

TIME	10.363
SIM_END		StartAndBrake_SD2231_Lab1	10.362s	154.115m
APPLICATION	CarMaker 10.2.1 - Car_Generic #1267 (win64-10.2.1)
COMPILED	fh@obelix.ipg 2021-12-14 11:20:55
 
SIM_START	StartAndBrake_SD2231_Lab1	2023-04-12 23:16:39
TIME	0.000
SIMULATE	StartAndBrake_SD2231_Lab1

TIME	10.363
SIM_END		StartAndBrake_SD2231_Lab1	10.362s	154.115m
APPLICATION	CarMaker 10.2.1 - Car_Generic #1267 (win64-10.2.1)
COMPILED	fh@obelix.ipg 2021-12-14 11:20:55
 
SIM_START	StartAndBrake_SD2231_Lab1	2023-04-12 23:17:02
TIME	0.000
SIMULATE	StartAndBrake_SD2231_Lab1

TIME	10.363
SIM_END		StartAndBrake_SD2231_Lab1	10.362s	154.115m
APPLICATION	CarMaker 10.2.1 - Car_Generic #1267 (win64-10.2.1)
COMPILED	fh@obelix.ipg 2021-12-14 11:20:55
 
SIM_START	StartAndBrake_SD2231_Lab1	2023-04-12 23:17:33
TIME	0.000
SIMULATE	StartAndBrake_SD2231_Lab1

TIME	10.363
SIM_END		StartAndBrake_SD2231_Lab1	10.362s	154.115m
APPLICATION	CarMaker 10.2.1 - Car_Generic #1267 (win64-10.2.1)
COMPILED	fh@obelix.ipg 2021-12-14 11:20:55
 
SIM_START	StartAndBrake_SD2231_Lab1	2023-04-12 23:18:00
TIME	0.000
SIMULATE	StartAndBrake_SD2231_Lab1

TIME	10.363
SIM_END		StartAndBrake_SD2231_Lab1	10.362s	154.115m
APPLICATION	CarMaker 10.2.1 - Car_Generic #1267 (win64-10.2.1)
COMPILED	fh@obelix.ipg 2021-12-14 11:20:55
 
SIM_START	StartAndBrake_SD2231_Lab1	2023-04-12 23:18:34
TIME	0.000
SIMULATE	StartAndBrake_SD2231_Lab1

TIME	10.363
SIM_END		StartAndBrake_SD2231_Lab1	10.362s	154.115m
APPLICATION	CarMaker 10.2.1 - Car_Generic #1267 (win64-10.2.1)
COMPILED	fh@obelix.ipg 2021-12-14 11:20:55
 
SIM_START	StartAndBrake_SD2231_Lab1	2023-04-12 23:19:03
TIME	0.000
SIMULATE	StartAndBrake_SD2231_Lab1

TIME	10.363
SIM_END		StartAndBrake_SD2231_Lab1	10.362s	154.115m
APPLICATION	CarMaker 10.2.1 - Car_Generic #1267 (win64-10.2.1)
COMPILED	fh@obelix.ipg 2021-12-14 11:20:55
 
SIM_START	StartAndBrake_SD2231_Lab1	2023-04-12 23:20:35
TIME	0.000
SIMULATE	StartAndBrake_SD2231_Lab1

TIME	10.355
SIM_END		StartAndBrake_SD2231_Lab1	10.354s	154.044m
APPLICATION	CarMaker 10.2.1 - Car_Generic #1267 (win64-10.2.1)
COMPILED	fh@obelix.ipg 2021-12-14 11:20:55
 
SIM_START	StartAndBrake_SD2231_Lab1	2023-04-12 23:21:19
TIME	0.000
SIMULATE	StartAndBrake_SD2231_Lab1

TIME	10.349
SIM_END		StartAndBrake_SD2231_Lab1	10.348s	154.106m
APPLICATION	CarMaker 10.2.1 - Car_Generic #1267 (win64-10.2.1)
COMPILED	fh@obelix.ipg 2021-12-14 11:20:55
 
SIM_START	StartAndBrake_SD2231_Lab1	2023-04-12 23:21:57
TIME	0.000
SIMULATE	StartAndBrake_SD2231_Lab1

TIME	10.349
SIM_END		StartAndBrake_SD2231_Lab1	10.348s	154.106m
APPLICATION	CarMaker 10.2.1 - Car_Generic #1267 (win64-10.2.1)
COMPILED	fh@obelix.ipg 2021-12-14 11:20:55
 
SIM_START	StartAndBrake_SD2231_Lab1	2023-04-12 23:22:45
TIME	0.000
SIMULATE	StartAndBrake_SD2231_Lab1

TIME	10.357
SIM_END		StartAndBrake_SD2231_Lab1	10.356s	154.128m
APPLICATION	CarMaker 10.2.1 - Car_Generic #1267 (win64-10.2.1)
COMPILED	fh@obelix.ipg 2021-12-14 11:20:55
 
SIM_START	StartAndBrake_SD2231_Lab1	2023-04-12 23:23:44
TIME	0.000
SIMULATE	StartAndBrake_SD2231_Lab1

TIME	10.427
SIM_END		StartAndBrake_SD2231_Lab1	10.426s	154.182m
APPLICATION	CarMaker 10.2.1 - Car_Generic #1267 (win64-10.2.1)
COMPILED	fh@obelix.ipg 2021-12-14 11:20:55
 
SIM_START	StartAndBrake_SD2231_Lab1	2023-04-12 23:24:16
TIME	0.000
SIMULATE	StartAndBrake_SD2231_Lab1

TIME	10.387
SIM_END		StartAndBrake_SD2231_Lab1	10.386s	154.147m
APPLICATION	CarMaker 10.2.1 - Car_Generic #1267 (win64-10.2.1)
COMPILED	fh@obelix.ipg 2021-12-14 11:20:55
 
SIM_START	StartAndBrake_SD2231_Lab1	2023-04-12 23:24:56
TIME	0.000
SIMULATE	StartAndBrake_SD2231_Lab1

TIME	10.411
SIM_END		StartAndBrake_SD2231_Lab1	10.41s	154.126m
APPLICATION	CarMaker 10.2.1 - Car_Generic #1267 (win64-10.2.1)
COMPILED	fh@obelix.ipg 2021-12-14 11:20:55
 
SIM_START	StartAndBrake_SD2231_Lab1	2023-04-12 23:25:45
TIME	0.000
SIMULATE	StartAndBrake_SD2231_Lab1

TIME	10.403
SIM_END		StartAndBrake_SD2231_Lab1	10.402s	154.049m
APPLICATION	CarMaker 10.2.1 - Car_Generic #1267 (win64-10.2.1)
COMPILED	fh@obelix.ipg 2021-12-14 11:20:55
 
SIM_START	StartAndBrake_SD2231_Lab1	2023-04-12 23:27:03
TIME	0.000
SIMULATE	StartAndBrake_SD2231_Lab1

TIME	10.375
SIM_END		StartAndBrake_SD2231_Lab1	10.374s	154.127m
APPLICATION	CarMaker 10.2.1 - Car_Generic #1267 (win64-10.2.1)
COMPILED	fh@obelix.ipg 2021-12-14 11:20:55
 
SIM_START	StartAndBrake_SD2231_Lab1	2023-04-12 23:27:35
TIME	0.000
SIMULATE	StartAndBrake_SD2231_Lab1

TIME	10.375
SIM_END		StartAndBrake_SD2231_Lab1	10.374s	154.127m
APPLICATION	CarMaker 10.2.1 - Car_Generic #1267 (win64-10.2.1)
COMPILED	fh@obelix.ipg 2021-12-14 11:20:55
 
SIM_START	StartAndBrake_SD2231_Lab1	2023-04-12 23:28:20
TIME	0.000
SIMULATE	StartAndBrake_SD2231_Lab1

TIME	10.359
SIM_END		StartAndBrake_SD2231_Lab1	10.358s	154.11m
APPLICATION	CarMaker 10.2.1 - Car_Generic #1267 (win64-10.2.1)
COMPILED	fh@obelix.ipg 2021-12-14 11:20:55
 
SIM_START	StartAndBrake_SD2231_Lab1	2023-04-13 00:11:44
TIME	0.000
SIMULATE	StartAndBrake_SD2231_Lab1

TIME	10.359
SIM_END		StartAndBrake_SD2231_Lab1	10.358s	154.11m
APPLICATION	CarMaker 10.2.1 - Car_Generic #1267 (win64-10.2.1)
COMPILED	fh@obelix.ipg 2021-12-14 11:20:55
 
SIM_START	StartAndBrake_SD2231_Lab1	2023-04-13 00:12:11
TIME	0.000
SIMULATE	StartAndBrake_SD2231_Lab1

TIME	10.357
SIM_END		StartAndBrake_SD2231_Lab1	10.356s	154.025m
APPLICATION	CarMaker 10.2.1 - Car_Generic #1267 (win64-10.2.1)
COMPILED	fh@obelix.ipg 2021-12-14 11:20:55
 
SIM_START	StartAndBrake_SD2231_Lab1	2023-04-13 00:12:42
TIME	0.000
SIMULATE	StartAndBrake_SD2231_Lab1

TIME	10.363
SIM_END		StartAndBrake_SD2231_Lab1	10.362s	154.122m
APPLICATION	CarMaker 10.2.1 - Car_Generic #1267 (win64-10.2.1)
COMPILED	fh@obelix.ipg 2021-12-14 11:20:55
 
SIM_START	StartAndBrake_SD2231_Lab1	2023-04-13 00:13:10
TIME	0.000
SIMULATE	StartAndBrake_SD2231_Lab1

TIME	10.361
SIM_END		StartAndBrake_SD2231_Lab1	10.36s	154.15m
APPLICATION	CarMaker 10.2.1 - Car_Generic #1267 (win64-10.2.1)
COMPILED	fh@obelix.ipg 2021-12-14 11:20:55
 
SIM_START	StartAndBrake_SD2231_Lab1	2023-04-13 00:13:44
TIME	0.000
SIMULATE	StartAndBrake_SD2231_Lab1

TIME	10.357
SIM_END		StartAndBrake_SD2231_Lab1	10.356s	154.028m
APPLICATION	CarMaker 10.2.1 - Car_Generic #1267 (win64-10.2.1)
COMPILED	fh@obelix.ipg 2021-12-14 11:20:55
 
SIM_START	StartAndBrake_SD2231_Lab1	2023-04-13 00:14:05
TIME	0.000
SIMULATE	StartAndBrake_SD2231_Lab1

TIME	10.375
SIM_END		StartAndBrake_SD2231_Lab1	10.374s	154.126m
APPLICATION	CarMaker 10.2.1 - Car_Generic #1267 (win64-10.2.1)
COMPILED	fh@obelix.ipg 2021-12-14 11:20:55
 
SIM_START	StartAndBrake_SD2231_Lab1	2023-04-13 00:15:14
TIME	0.000
SIMULATE	StartAndBrake_SD2231_Lab1

TIME	10.347
SIM_END		StartAndBrake_SD2231_Lab1	10.346s	154.026m
APPLICATION	CarMaker 10.2.1 - Car_Generic #1267 (win64-10.2.1)
COMPILED	fh@obelix.ipg 2021-12-14 11:20:55
 
SIM_START	StartAndBrake_SD2231_Lab1	2023-04-13 00:15:35
TIME	0.000
SIMULATE	StartAndBrake_SD2231_Lab1

TIME	10.383
SIM_END		StartAndBrake_SD2231_Lab1	10.382s	154.197m
APPLICATION	CarMaker 10.2.1 - Car_Generic #1267 (win64-10.2.1)
COMPILED	fh@obelix.ipg 2021-12-14 11:20:55
 
SIM_START	StartAndBrake_SD2231_Lab1	2023-04-13 00:19:39
TIME	0.000
SIMULATE	StartAndBrake_SD2231_Lab1

TIME	10.070
SIM_END		StartAndBrake_SD2231_Lab1	10.069s	136.717m
APPLICATION	CarMaker 10.2.1 - Car_Generic #1267 (win64-10.2.1)
COMPILED	fh@obelix.ipg 2021-12-14 11:20:55
 
SIM_START	StartAndBrake_SD2231_Lab1	2023-04-13 00:20:31
TIME	0.000
SIMULATE	StartAndBrake_SD2231_Lab1

TIME	10.070
SIM_END		StartAndBrake_SD2231_Lab1	10.069s	136.87m
APPLICATION	CarMaker 10.2.1 - Car_Generic #1267 (win64-10.2.1)
COMPILED	fh@obelix.ipg 2021-12-14 11:20:55
 
SIM_START	StartAndBrake_SD2231_Lab1	2023-04-13 00:22:42
TIME	0.000
SIMULATE	StartAndBrake_SD2231_Lab1

TIME	10.138
SIM_END		StartAndBrake_SD2231_Lab1	10.137s	140.126m
APPLICATION	CarMaker 10.2.1 - Car_Generic #1267 (win64-10.2.1)
COMPILED	fh@obelix.ipg 2021-12-14 11:20:55
 
SIM_START	StartAndBrake_SD2231_Lab1	2023-04-13 00:23:33
TIME	0.000
SIMULATE	StartAndBrake_SD2231_Lab1

TIME	20.127
SIM_END		StartAndBrake_SD2231_Lab1	20.126s	360.56m
APPLICATION	CarMaker 10.2.1 - Car_Generic #1267 (win64-10.2.1)
COMPILED	fh@obelix.ipg 2021-12-14 11:20:55
 
SIM_START	StartAndBrake_SD2231_Lab1	2023-04-13 00:24:53
TIME	0.000
SIMULATE	StartAndBrake_SD2231_Lab1

TIME	14.259
SIM_END		StartAndBrake_SD2231_Lab1	14.258s	231.116m
APPLICATION	CarMaker 10.2.1 - Car_Generic #1267 (win64-10.2.1)
COMPILED	fh@obelix.ipg 2021-12-14 11:20:55
 
SIM_START	StartAndBrake_SD2231_Lab1	2023-04-13 00:25:23
TIME	0.000
SIMULATE	StartAndBrake_SD2231_Lab1

TIME	14.259
SIM_END		StartAndBrake_SD2231_Lab1	14.258s	231.116m
APPLICATION	CarMaker 10.2.1 - Car_Generic #1267 (win64-10.2.1)
COMPILED	fh@obelix.ipg 2021-12-14 11:20:55
 
SIM_START	StartAndBrake_SD2231_Lab1	2023-04-13 00:26:14
TIME	0.000
SIMULATE	StartAndBrake_SD2231_Lab1

TIME	14.259
SIM_END		StartAndBrake_SD2231_Lab1	14.258s	231.116m
APPLICATION	CarMaker 10.2.1 - Car_Generic #1267 (win64-10.2.1)
COMPILED	fh@obelix.ipg 2021-12-14 11:20:55
 
SIM_START	StartAndBrake_SD2231_Lab1	2023-04-13 00:26:46
TIME	0.000
SIMULATE	StartAndBrake_SD2231_Lab1

TIME	10.951
SIM_END		StartAndBrake_SD2231_Lab1	10.95s	164.529m
APPLICATION	CarMaker 10.2.1 - Car_Generic #1267 (win64-10.2.1)
COMPILED	fh@obelix.ipg 2021-12-14 11:20:55
 
SIM_START	StartAndBrake_SD2231_Lab1	2023-04-13 00:27:22
TIME	0.000
SIMULATE	StartAndBrake_SD2231_Lab1

TIME	11.072
SIM_END		StartAndBrake_SD2231_Lab1	11.071s	129.524m
APPLICATION	CarMaker 10.2.1 - Car_Generic #1267 (win64-10.2.1)
COMPILED	fh@obelix.ipg 2021-12-14 11:20:55
 
SIM_START	StartAndBrake_SD2231_Lab1	2023-04-13 00:27:57
TIME	0.000
SIMULATE	StartAndBrake_SD2231_Lab1

TIME	14.788
SIM_END		StartAndBrake_SD2231_Lab1	14.787s	144.493m
