APPLICATION	CarMaker 10.2.1 - Car_Generic #1267 (win64-10.2.1)
COMPILED	fh@obelix.ipg 2021-12-14 11:20:55
 
SIM_START	StartAndBrake_SD2231_Lab1	2023-03-23 15:58:19
TIME	0.000
SIMULATE	StartAndBrake_SD2231_Lab1

TIME	9.887
SIM_END		StartAndBrake_SD2231_Lab1	9.886s	144.928m
APPLICATION	CarMaker 10.2.1 - Car_Generic #1267 (win64-10.2.1)
COMPILED	fh@obelix.ipg 2021-12-14 11:20:55
 
SIM_START	StartAndBrake_SD2231_Lab1	2023-03-23 15:58:46
TIME	0.000
SIMULATE	StartAndBrake_SD2231_Lab1

TIME	9.887
SIM_END		StartAndBrake_SD2231_Lab1	9.886s	144.928m
APPLICATION	CarMaker 10.2.1 - Car_Generic #1267 (win64-10.2.1)
COMPILED	fh@obelix.ipg 2021-12-14 11:20:55
 
SIM_START	StartAndBrake_SD2231_Lab1	2023-03-23 16:14:30
TIME	0.000
SIMULATE	StartAndBrake_SD2231_Lab1

TIME	9.887
SIM_END		StartAndBrake_SD2231_Lab1	9.886s	144.928m
APPLICATION	CarMaker 10.2.1 - Car_Generic #1267 (win64-10.2.1)
COMPILED	fh@obelix.ipg 2021-12-14 11:20:55
 
SIM_START	StartAndBrake_SD2231_Lab1	2023-03-23 16:17:04
TIME	0.000
SIMULATE	StartAndBrake_SD2231_Lab1

TIME	9.887
SIM_END		StartAndBrake_SD2231_Lab1	9.886s	144.928m
APPLICATION	CarMaker 10.2.1 - Car_Generic #1267 (win64-10.2.1)
COMPILED	fh@obelix.ipg 2021-12-14 11:20:55
 
SIM_START	StartAndBrake_SD2231_Lab1	2023-03-23 16:17:16
TIME	0.000
SIMULATE	StartAndBrake_SD2231_Lab1

TIME	9.887
SIM_END		StartAndBrake_SD2231_Lab1	9.886s	144.928m
APPLICATION	CarMaker 10.2.1 - Car_Generic #1267 (win64-10.2.1)
COMPILED	fh@obelix.ipg 2021-12-14 11:20:55
 
SIM_START	StartAndBrake_SD2231_Lab1	2023-03-23 16:18:19
TIME	0.000
SIMULATE	StartAndBrake_SD2231_Lab1

TIME	9.887
SIM_END		StartAndBrake_SD2231_Lab1	9.886s	144.928m
APPLICATION	CarMaker 10.2.1 - Car_Generic #1267 (win64-10.2.1)
COMPILED	fh@obelix.ipg 2021-12-14 11:20:55
 
SIM_START	StartAndBrake_SD2231_Lab1	2023-03-23 16:19:12
TIME	0.000
SIMULATE	StartAndBrake_SD2231_Lab1

TIME	9.887
SIM_END		StartAndBrake_SD2231_Lab1	9.886s	144.928m
APPLICATION	CarMaker 10.2.1 - Car_Generic #1267 (win64-10.2.1)
COMPILED	fh@obelix.ipg 2021-12-14 11:20:55
 
SIM_START	StartAndBrake_SD2231_Lab1	2023-03-23 16:20:06
TIME	0.000
SIMULATE	StartAndBrake_SD2231_Lab1

TIME	9.887
SIM_END		StartAndBrake_SD2231_Lab1	9.886s	144.928m
