APPLICATION	CarMaker 10.2.1 - Car_Generic #1267 (win64-10.2.1)
COMPILED	fh@obelix.ipg 2021-12-14 11:20:55
 
SIM_START	StartAndBrake_SD2231_Lab1	2023-04-05 09:36:20
TIME	0.000
SIMULATE	StartAndBrake_SD2231_Lab1

TIME	10.707
SIM_END		StartAndBrake_SD2231_Lab1	10.706s	163.19m
APPLICATION	CarMaker 10.2.1 - Car_Generic #1267 (win64-10.2.1)
COMPILED	fh@obelix.ipg 2021-12-14 11:20:55
 
SIM_START	StartAndBrake_SD2231_Lab1	2023-04-05 09:37:43
TIME	0.000
SIMULATE	StartAndBrake_SD2231_Lab1

TIME	9.743
SIM_END		StartAndBrake_SD2231_Lab1	9.742s	134.87m
APPLICATION	CarMaker 10.2.1 - Car_Generic #1267 (win64-10.2.1)
COMPILED	fh@obelix.ipg 2021-12-14 11:20:55
 
SIM_START	StartAndBrake_SD2231_Lab1	2023-04-05 09:39:02
TIME	0.000
SIMULATE	StartAndBrake_SD2231_Lab1

TIME	9.783
SIM_END		StartAndBrake_SD2231_Lab1	9.782s	135.043m
APPLICATION	CarMaker 10.2.1 - Car_Generic #1267 (win64-10.2.1)
COMPILED	fh@obelix.ipg 2021-12-14 11:20:55
 
SIM_START	StartAndBrake_SD2231_Lab1	2023-04-05 09:39:40
TIME	0.000
SIMULATE	StartAndBrake_SD2231_Lab1

TIME	9.763
SIM_END		StartAndBrake_SD2231_Lab1	9.762s	135.119m
APPLICATION	CarMaker 10.2.1 - Car_Generic #1267 (win64-10.2.1)
COMPILED	fh@obelix.ipg 2021-12-14 11:20:55
 
SIM_START	StartAndBrake_SD2231_Lab1	2023-04-05 09:40:12
TIME	0.000
SIMULATE	StartAndBrake_SD2231_Lab1

TIME	9.749
SIM_END		StartAndBrake_SD2231_Lab1	9.748s	134.984m
APPLICATION	CarMaker 10.2.1 - Car_Generic #1267 (win64-10.2.1)
COMPILED	fh@obelix.ipg 2021-12-14 11:20:55
 
SIM_START	StartAndBrake_SD2231_Lab1	2023-04-05 09:41:58
TIME	0.000
SIMULATE	StartAndBrake_SD2231_Lab1

TIME	9.741
SIM_END		StartAndBrake_SD2231_Lab1	9.74s	134.84m
APPLICATION	CarMaker 10.2.1 - Car_Generic #1267 (win64-10.2.1)
COMPILED	fh@obelix.ipg 2021-12-14 11:20:55
 
SIM_START	StartAndBrake_SD2231_Lab1	2023-04-05 09:47:02
TIME	0.000
SIMULATE	StartAndBrake_SD2231_Lab1

TIME	9.977
SIM_END		StartAndBrake_SD2231_Lab1	9.976s	139.986m
APPLICATION	CarMaker 10.2.1 - Car_Generic #1267 (win64-10.2.1)
COMPILED	fh@obelix.ipg 2021-12-14 11:20:55
 
SIM_START	StartAndBrake_SD2231_Lab1	2023-04-05 09:48:00
TIME	0.000
SIMULATE	StartAndBrake_SD2231_Lab1

TIME	9.977
SIM_END		StartAndBrake_SD2231_Lab1	9.976s	139.971m
APPLICATION	CarMaker 10.2.1 - Car_Generic #1267 (win64-10.2.1)
COMPILED	fh@obelix.ipg 2021-12-14 11:20:55
 
SIM_START	StartAndBrake_SD2231_Lab1	2023-04-05 09:55:00
TIME	0.000
SIMULATE	StartAndBrake_SD2231_Lab1

TIME	11.071
SIM_END		StartAndBrake_SD2231_Lab1	11.07s	170.613m
APPLICATION	CarMaker 10.2.1 - Car_Generic #1267 (win64-10.2.1)
COMPILED	fh@obelix.ipg 2021-12-14 11:20:55
 
SIM_START	StartAndBrake_SD2231_Lab1	2023-04-05 09:58:56
TIME	0.000
SIMULATE	StartAndBrake_SD2231_Lab1

TIME	11.045
SIM_END		StartAndBrake_SD2231_Lab1	11.044s	170.626m
